[2.734s] Invoking command in '/uolstore/home/users/fy22ayyy/ros2_ws/src/lab1': PS1=[COMP3631] Singularity> \w $ PYTHONPATH=/uolstore/home/users/fy22ayyy/ros2_ws/build/lab1/prefix_override:/uolstore/home/users/fy22ayyy/ros2_ws/install/lab1/lib/python3.10/site-packages:${PYTHONPATH} /usr/bin/python3 setup.py egg_info --egg-base ../../build/lab1 build --build-base /uolstore/home/users/fy22ayyy/ros2_ws/build/lab1/build install --record /uolstore/home/users/fy22ayyy/ros2_ws/build/lab1/install.log --single-version-externally-managed
[3.183s] running egg_info
[3.184s] writing ../../build/lab1/lab1.egg-info/PKG-INFO
[3.189s] writing dependency_links to ../../build/lab1/lab1.egg-info/dependency_links.txt
[3.194s] writing entry points to ../../build/lab1/lab1.egg-info/entry_points.txt
[3.198s] writing requirements to ../../build/lab1/lab1.egg-info/requires.txt
[3.201s] writing top-level names to ../../build/lab1/lab1.egg-info/top_level.txt
[3.207s] reading manifest file '../../build/lab1/lab1.egg-info/SOURCES.txt'
[3.213s] writing manifest file '../../build/lab1/lab1.egg-info/SOURCES.txt'
[3.215s] running build
[3.215s] running build_py
[3.216s] running install
[3.216s] running install_lib
[3.220s] running install_data
[3.220s] running install_egg_info
[3.222s] removing '/uolstore/home/users/fy22ayyy/ros2_ws/install/lab1/lib/python3.10/site-packages/lab1-0.0.0-py3.10.egg-info' (and everything under it)
[3.233s] Copying ../../build/lab1/lab1.egg-info to /uolstore/home/users/fy22ayyy/ros2_ws/install/lab1/lib/python3.10/site-packages/lab1-0.0.0-py3.10.egg-info
[3.282s] running install_scripts
[3.313s] Installing hello script to /uolstore/home/users/fy22ayyy/ros2_ws/install/lab1/lib/lab1
[3.314s] writing list of installed files to '/uolstore/home/users/fy22ayyy/ros2_ws/build/lab1/install.log'
[3.445s] Invoked command in '/uolstore/home/users/fy22ayyy/ros2_ws/src/lab1' returned '0': PS1=[COMP3631] Singularity> \w $ PYTHONPATH=/uolstore/home/users/fy22ayyy/ros2_ws/build/lab1/prefix_override:/uolstore/home/users/fy22ayyy/ros2_ws/install/lab1/lib/python3.10/site-packages:${PYTHONPATH} /usr/bin/python3 setup.py egg_info --egg-base ../../build/lab1 build --build-base /uolstore/home/users/fy22ayyy/ros2_ws/build/lab1/build install --record /uolstore/home/users/fy22ayyy/ros2_ws/build/lab1/install.log --single-version-externally-managed
