[3.999s] Invoking command in '/uolstore/home/users/fy22ayyy/ros2_ws/src/lab3': PS1=[COMP3631] Singularity> \w $ PYTHONPATH=/uolstore/home/users/fy22ayyy/ros2_ws/build/lab3/prefix_override:/uolstore/home/users/fy22ayyy/ros2_ws/install/lab3/lib/python3.10/site-packages:${PYTHONPATH} /usr/bin/python3 setup.py egg_info --egg-base ../../build/lab3 build --build-base /uolstore/home/users/fy22ayyy/ros2_ws/build/lab3/build install --record /uolstore/home/users/fy22ayyy/ros2_ws/build/lab3/install.log --single-version-externally-managed
[4.712s] running egg_info
[4.713s] writing ../../build/lab3/lab3.egg-info/PKG-INFO
[4.723s] writing dependency_links to ../../build/lab3/lab3.egg-info/dependency_links.txt
[4.727s] writing entry points to ../../build/lab3/lab3.egg-info/entry_points.txt
[4.733s] writing requirements to ../../build/lab3/lab3.egg-info/requires.txt
[4.736s] writing top-level names to ../../build/lab3/lab3.egg-info/top_level.txt
[4.747s] reading manifest file '../../build/lab3/lab3.egg-info/SOURCES.txt'
[4.757s] writing manifest file '../../build/lab3/lab3.egg-info/SOURCES.txt'
[4.760s] running build
[4.760s] running build_py
[4.762s] running install
[4.762s] running install_lib
[4.771s] running install_data
[4.774s] running install_egg_info
[4.788s] removing '/uolstore/home/users/fy22ayyy/ros2_ws/install/lab3/lib/python3.10/site-packages/lab3-0.0.0-py3.10.egg-info' (and everything under it)
[4.797s] Copying ../../build/lab3/lab3.egg-info to /uolstore/home/users/fy22ayyy/ros2_ws/install/lab3/lib/python3.10/site-packages/lab3-0.0.0-py3.10.egg-info
[4.879s] running install_scripts
[4.930s] Installing exercise1 script to /uolstore/home/users/fy22ayyy/ros2_ws/install/lab3/lib/lab3
[4.934s] Installing exercise2 script to /uolstore/home/users/fy22ayyy/ros2_ws/install/lab3/lib/lab3
[4.938s] Installing firstwalk script to /uolstore/home/users/fy22ayyy/ros2_ws/install/lab3/lib/lab3
[4.946s] writing list of installed files to '/uolstore/home/users/fy22ayyy/ros2_ws/build/lab3/install.log'
[5.533s] Invoked command in '/uolstore/home/users/fy22ayyy/ros2_ws/src/lab3' returned '0': PS1=[COMP3631] Singularity> \w $ PYTHONPATH=/uolstore/home/users/fy22ayyy/ros2_ws/build/lab3/prefix_override:/uolstore/home/users/fy22ayyy/ros2_ws/install/lab3/lib/python3.10/site-packages:${PYTHONPATH} /usr/bin/python3 setup.py egg_info --egg-base ../../build/lab3 build --build-base /uolstore/home/users/fy22ayyy/ros2_ws/build/lab3/build install --record /uolstore/home/users/fy22ayyy/ros2_ws/build/lab3/install.log --single-version-externally-managed
