[1.055s] Invoking command in '/uolstore/home/users/fy22ayyy/ros2_ws/src/lab1': PS1=[COMP3631] Singularity> \w $ PYTHONPATH=/uolstore/home/users/fy22ayyy/ros2_ws/build/lab1/prefix_override:/uolstore/home/users/fy22ayyy/ros2_ws/install/lab1/lib/python3.10/site-packages: /usr/bin/python3 setup.py egg_info --egg-base ../../build/lab1 build --build-base /uolstore/home/users/fy22ayyy/ros2_ws/build/lab1/build install --record /uolstore/home/users/fy22ayyy/ros2_ws/build/lab1/install.log --single-version-externally-managed
[1.248s] running egg_info
[1.248s] creating ../../build/lab1/lab1.egg-info
[1.249s] writing ../../build/lab1/lab1.egg-info/PKG-INFO
[1.253s] writing dependency_links to ../../build/lab1/lab1.egg-info/dependency_links.txt
[1.255s] writing entry points to ../../build/lab1/lab1.egg-info/entry_points.txt
[1.257s] writing requirements to ../../build/lab1/lab1.egg-info/requires.txt
[1.258s] writing top-level names to ../../build/lab1/lab1.egg-info/top_level.txt
[1.261s] writing manifest file '../../build/lab1/lab1.egg-info/SOURCES.txt'
[1.266s] reading manifest file '../../build/lab1/lab1.egg-info/SOURCES.txt'
[1.269s] writing manifest file '../../build/lab1/lab1.egg-info/SOURCES.txt'
[1.270s] running build
[1.270s] running build_py
[1.271s] creating /uolstore/home/users/fy22ayyy/ros2_ws/build/lab1/build
[1.271s] creating /uolstore/home/users/fy22ayyy/ros2_ws/build/lab1/build/lib
[1.272s] creating /uolstore/home/users/fy22ayyy/ros2_ws/build/lab1/build/lib/lab1
[1.274s] copying lab1/__init__.py -> /uolstore/home/users/fy22ayyy/ros2_ws/build/lab1/build/lib/lab1
[1.277s] copying lab1/hello.py -> /uolstore/home/users/fy22ayyy/ros2_ws/build/lab1/build/lib/lab1
[1.280s] running install
[1.280s] running install_lib
[1.284s] creating /uolstore/home/users/fy22ayyy/ros2_ws/install/lab1/lib/python3.10/site-packages/lab1
[1.285s] copying /uolstore/home/users/fy22ayyy/ros2_ws/build/lab1/build/lib/lab1/__init__.py -> /uolstore/home/users/fy22ayyy/ros2_ws/install/lab1/lib/python3.10/site-packages/lab1
[1.288s] copying /uolstore/home/users/fy22ayyy/ros2_ws/build/lab1/build/lib/lab1/hello.py -> /uolstore/home/users/fy22ayyy/ros2_ws/install/lab1/lib/python3.10/site-packages/lab1
[1.293s] byte-compiling /uolstore/home/users/fy22ayyy/ros2_ws/install/lab1/lib/python3.10/site-packages/lab1/__init__.py to __init__.cpython-310.pyc
[1.297s] byte-compiling /uolstore/home/users/fy22ayyy/ros2_ws/install/lab1/lib/python3.10/site-packages/lab1/hello.py to hello.cpython-310.pyc
[1.301s] running install_data
[1.302s] creating /uolstore/home/users/fy22ayyy/ros2_ws/install/lab1/share/ament_index
[1.303s] creating /uolstore/home/users/fy22ayyy/ros2_ws/install/lab1/share/ament_index/resource_index
[1.304s] creating /uolstore/home/users/fy22ayyy/ros2_ws/install/lab1/share/ament_index/resource_index/packages
[1.305s] copying resource/lab1 -> /uolstore/home/users/fy22ayyy/ros2_ws/install/lab1/share/ament_index/resource_index/packages
[1.308s] copying package.xml -> /uolstore/home/users/fy22ayyy/ros2_ws/install/lab1/share/lab1
[1.311s] running install_egg_info
[1.314s] Copying ../../build/lab1/lab1.egg-info to /uolstore/home/users/fy22ayyy/ros2_ws/install/lab1/lib/python3.10/site-packages/lab1-0.0.0-py3.10.egg-info
[1.351s] running install_scripts
[1.369s] Installing hello script to /uolstore/home/users/fy22ayyy/ros2_ws/install/lab1/lib/lab1
[1.372s] writing list of installed files to '/uolstore/home/users/fy22ayyy/ros2_ws/build/lab1/install.log'
[1.387s] Invoked command in '/uolstore/home/users/fy22ayyy/ros2_ws/src/lab1' returned '0': PS1=[COMP3631] Singularity> \w $ PYTHONPATH=/uolstore/home/users/fy22ayyy/ros2_ws/build/lab1/prefix_override:/uolstore/home/users/fy22ayyy/ros2_ws/install/lab1/lib/python3.10/site-packages: /usr/bin/python3 setup.py egg_info --egg-base ../../build/lab1 build --build-base /uolstore/home/users/fy22ayyy/ros2_ws/build/lab1/build install --record /uolstore/home/users/fy22ayyy/ros2_ws/build/lab1/install.log --single-version-externally-managed
