[0.981s] Invoking command in '/uolstore/home/users/fy22ayyy/ros2_ws/build/turtlebot3_fake_node': CMAKE_PREFIX_PATH=${CMAKE_PREFIX_PATH}:/uolstore/home/users/fy22ayyy/ros2_ws/install/lab4:/uolstore/home/users/fy22ayyy/ros2_ws/install/lab3:/uolstore/home/users/fy22ayyy/ros2_ws/install/lab2:/uolstore/home/users/fy22ayyy/ros2_ws/install/lab1:/opt/ros/humble PS1=[COMP3631] Singularity> \w $ /usr/bin/cmake --build /uolstore/home/users/fy22ayyy/ros2_ws/build/turtlebot3_fake_node -- -j16 -l16
[2.956s] [100%] Built target turtlebot3_fake_node
[2.957s] Invoked command in '/uolstore/home/users/fy22ayyy/ros2_ws/build/turtlebot3_fake_node' returned '0': CMAKE_PREFIX_PATH=${CMAKE_PREFIX_PATH}:/uolstore/home/users/fy22ayyy/ros2_ws/install/lab4:/uolstore/home/users/fy22ayyy/ros2_ws/install/lab3:/uolstore/home/users/fy22ayyy/ros2_ws/install/lab2:/uolstore/home/users/fy22ayyy/ros2_ws/install/lab1:/opt/ros/humble PS1=[COMP3631] Singularity> \w $ /usr/bin/cmake --build /uolstore/home/users/fy22ayyy/ros2_ws/build/turtlebot3_fake_node -- -j16 -l16
[3.634s] Invoking command in '/uolstore/home/users/fy22ayyy/ros2_ws/build/turtlebot3_fake_node': CMAKE_PREFIX_PATH=${CMAKE_PREFIX_PATH}:/uolstore/home/users/fy22ayyy/ros2_ws/install/lab4:/uolstore/home/users/fy22ayyy/ros2_ws/install/lab3:/uolstore/home/users/fy22ayyy/ros2_ws/install/lab2:/uolstore/home/users/fy22ayyy/ros2_ws/install/lab1:/opt/ros/humble PS1=[COMP3631] Singularity> \w $ /usr/bin/cmake --install /uolstore/home/users/fy22ayyy/ros2_ws/build/turtlebot3_fake_node
[3.656s] -- Install configuration: ""
[3.661s] -- Up-to-date: /uolstore/home/users/fy22ayyy/ros2_ws/install/turtlebot3_fake_node/lib/turtlebot3_fake_node/turtlebot3_fake_node
[3.667s] -- Up-to-date: /uolstore/home/users/fy22ayyy/ros2_ws/install/turtlebot3_fake_node/share/turtlebot3_fake_node/launch
[3.670s] -- Up-to-date: /uolstore/home/users/fy22ayyy/ros2_ws/install/turtlebot3_fake_node/share/turtlebot3_fake_node/launch/rviz2.launch.py
[3.673s] -- Up-to-date: /uolstore/home/users/fy22ayyy/ros2_ws/install/turtlebot3_fake_node/share/turtlebot3_fake_node/launch/turtlebot3_fake_node.launch.py
[3.674s] -- Up-to-date: /uolstore/home/users/fy22ayyy/ros2_ws/install/turtlebot3_fake_node/share/turtlebot3_fake_node/param
[3.677s] -- Up-to-date: /uolstore/home/users/fy22ayyy/ros2_ws/install/turtlebot3_fake_node/share/turtlebot3_fake_node/param/burger.yaml
[3.678s] -- Up-to-date: /uolstore/home/users/fy22ayyy/ros2_ws/install/turtlebot3_fake_node/share/turtlebot3_fake_node/param/waffle.yaml
[3.680s] -- Up-to-date: /uolstore/home/users/fy22ayyy/ros2_ws/install/turtlebot3_fake_node/share/turtlebot3_fake_node/param/waffle_pi.yaml
[3.681s] -- Up-to-date: /uolstore/home/users/fy22ayyy/ros2_ws/install/turtlebot3_fake_node/include/
[3.683s] -- Up-to-date: /uolstore/home/users/fy22ayyy/ros2_ws/install/turtlebot3_fake_node/include//turtlebot3_fake_node
[3.685s] -- Up-to-date: /uolstore/home/users/fy22ayyy/ros2_ws/install/turtlebot3_fake_node/include//turtlebot3_fake_node/turtlebot3_fake_node.hpp
[3.687s] -- Up-to-date: /uolstore/home/users/fy22ayyy/ros2_ws/install/turtlebot3_fake_node/share/ament_index/resource_index/package_run_dependencies/turtlebot3_fake_node
[3.687s] -- Up-to-date: /uolstore/home/users/fy22ayyy/ros2_ws/install/turtlebot3_fake_node/share/ament_index/resource_index/parent_prefix_path/turtlebot3_fake_node
[3.689s] -- Up-to-date: /uolstore/home/users/fy22ayyy/ros2_ws/install/turtlebot3_fake_node/share/turtlebot3_fake_node/environment/ament_prefix_path.sh
[3.691s] -- Up-to-date: /uolstore/home/users/fy22ayyy/ros2_ws/install/turtlebot3_fake_node/share/turtlebot3_fake_node/environment/ament_prefix_path.dsv
[3.693s] -- Up-to-date: /uolstore/home/users/fy22ayyy/ros2_ws/install/turtlebot3_fake_node/share/turtlebot3_fake_node/environment/path.sh
[3.695s] -- Up-to-date: /uolstore/home/users/fy22ayyy/ros2_ws/install/turtlebot3_fake_node/share/turtlebot3_fake_node/environment/path.dsv
[3.696s] -- Up-to-date: /uolstore/home/users/fy22ayyy/ros2_ws/install/turtlebot3_fake_node/share/turtlebot3_fake_node/local_setup.bash
[3.697s] -- Up-to-date: /uolstore/home/users/fy22ayyy/ros2_ws/install/turtlebot3_fake_node/share/turtlebot3_fake_node/local_setup.sh
[3.698s] -- Up-to-date: /uolstore/home/users/fy22ayyy/ros2_ws/install/turtlebot3_fake_node/share/turtlebot3_fake_node/local_setup.zsh
[3.700s] -- Up-to-date: /uolstore/home/users/fy22ayyy/ros2_ws/install/turtlebot3_fake_node/share/turtlebot3_fake_node/local_setup.dsv
[3.702s] -- Installing: /uolstore/home/users/fy22ayyy/ros2_ws/install/turtlebot3_fake_node/share/turtlebot3_fake_node/package.dsv
[3.714s] -- Up-to-date: /uolstore/home/users/fy22ayyy/ros2_ws/install/turtlebot3_fake_node/share/ament_index/resource_index/packages/turtlebot3_fake_node
[3.715s] -- Up-to-date: /uolstore/home/users/fy22ayyy/ros2_ws/install/turtlebot3_fake_node/share/turtlebot3_fake_node/cmake/ament_cmake_export_include_directories-extras.cmake
[3.716s] -- Up-to-date: /uolstore/home/users/fy22ayyy/ros2_ws/install/turtlebot3_fake_node/share/turtlebot3_fake_node/cmake/ament_cmake_export_dependencies-extras.cmake
[3.717s] -- Up-to-date: /uolstore/home/users/fy22ayyy/ros2_ws/install/turtlebot3_fake_node/share/turtlebot3_fake_node/cmake/turtlebot3_fake_nodeConfig.cmake
[3.718s] -- Up-to-date: /uolstore/home/users/fy22ayyy/ros2_ws/install/turtlebot3_fake_node/share/turtlebot3_fake_node/cmake/turtlebot3_fake_nodeConfig-version.cmake
[3.720s] -- Up-to-date: /uolstore/home/users/fy22ayyy/ros2_ws/install/turtlebot3_fake_node/share/turtlebot3_fake_node/package.xml
[3.726s] Invoked command in '/uolstore/home/users/fy22ayyy/ros2_ws/build/turtlebot3_fake_node' returned '0': CMAKE_PREFIX_PATH=${CMAKE_PREFIX_PATH}:/uolstore/home/users/fy22ayyy/ros2_ws/install/lab4:/uolstore/home/users/fy22ayyy/ros2_ws/install/lab3:/uolstore/home/users/fy22ayyy/ros2_ws/install/lab2:/uolstore/home/users/fy22ayyy/ros2_ws/install/lab1:/opt/ros/humble PS1=[COMP3631] Singularity> \w $ /usr/bin/cmake --install /uolstore/home/users/fy22ayyy/ros2_ws/build/turtlebot3_fake_node
