[0.270s] Invoking command in '/uolstore/home/users/fy22ayyy/ros2_ws/build/turtlebot3_simulations': AMENT_PREFIX_PATH=/uolstore/home/users/fy22ayyy/ros2_ws/install/turtlebot3_gazebo:/uolstore/home/users/fy22ayyy/ros2_ws/install/turtlebot3_fake_node CMAKE_PREFIX_PATH=/uolstore/home/users/fy22ayyy/ros2_ws/install/turtlebot3_gazebo:/uolstore/home/users/fy22ayyy/ros2_ws/install/turtlebot3_fake_node PS1=[COMP3631] Singularity> \w $ /usr/bin/cmake --build /uolstore/home/users/fy22ayyy/ros2_ws/build/turtlebot3_simulations -- -j16 -l16
[0.326s] Invoked command in '/uolstore/home/users/fy22ayyy/ros2_ws/build/turtlebot3_simulations' returned '0': AMENT_PREFIX_PATH=/uolstore/home/users/fy22ayyy/ros2_ws/install/turtlebot3_gazebo:/uolstore/home/users/fy22ayyy/ros2_ws/install/turtlebot3_fake_node CMAKE_PREFIX_PATH=/uolstore/home/users/fy22ayyy/ros2_ws/install/turtlebot3_gazebo:/uolstore/home/users/fy22ayyy/ros2_ws/install/turtlebot3_fake_node PS1=[COMP3631] Singularity> \w $ /usr/bin/cmake --build /uolstore/home/users/fy22ayyy/ros2_ws/build/turtlebot3_simulations -- -j16 -l16
[0.358s] Invoking command in '/uolstore/home/users/fy22ayyy/ros2_ws/build/turtlebot3_simulations': AMENT_PREFIX_PATH=/uolstore/home/users/fy22ayyy/ros2_ws/install/turtlebot3_gazebo:/uolstore/home/users/fy22ayyy/ros2_ws/install/turtlebot3_fake_node CMAKE_PREFIX_PATH=/uolstore/home/users/fy22ayyy/ros2_ws/install/turtlebot3_gazebo:/uolstore/home/users/fy22ayyy/ros2_ws/install/turtlebot3_fake_node PS1=[COMP3631] Singularity> \w $ /usr/bin/cmake --install /uolstore/home/users/fy22ayyy/ros2_ws/build/turtlebot3_simulations
[0.368s] -- Install configuration: ""
[0.370s] -- Up-to-date: /uolstore/home/users/fy22ayyy/ros2_ws/install/turtlebot3_simulations/share/ament_index/resource_index/package_run_dependencies/turtlebot3_simulations
[0.372s] -- Up-to-date: /uolstore/home/users/fy22ayyy/ros2_ws/install/turtlebot3_simulations/share/ament_index/resource_index/parent_prefix_path/turtlebot3_simulations
[0.373s] -- Up-to-date: /uolstore/home/users/fy22ayyy/ros2_ws/install/turtlebot3_simulations/share/turtlebot3_simulations/environment/ament_prefix_path.sh
[0.374s] -- Up-to-date: /uolstore/home/users/fy22ayyy/ros2_ws/install/turtlebot3_simulations/share/turtlebot3_simulations/environment/ament_prefix_path.dsv
[0.376s] -- Up-to-date: /uolstore/home/users/fy22ayyy/ros2_ws/install/turtlebot3_simulations/share/turtlebot3_simulations/environment/path.sh
[0.377s] -- Up-to-date: /uolstore/home/users/fy22ayyy/ros2_ws/install/turtlebot3_simulations/share/turtlebot3_simulations/environment/path.dsv
[0.378s] -- Up-to-date: /uolstore/home/users/fy22ayyy/ros2_ws/install/turtlebot3_simulations/share/turtlebot3_simulations/local_setup.bash
[0.380s] -- Up-to-date: /uolstore/home/users/fy22ayyy/ros2_ws/install/turtlebot3_simulations/share/turtlebot3_simulations/local_setup.sh
[0.381s] -- Up-to-date: /uolstore/home/users/fy22ayyy/ros2_ws/install/turtlebot3_simulations/share/turtlebot3_simulations/local_setup.zsh
[0.382s] -- Up-to-date: /uolstore/home/users/fy22ayyy/ros2_ws/install/turtlebot3_simulations/share/turtlebot3_simulations/local_setup.dsv
[0.384s] -- Installing: /uolstore/home/users/fy22ayyy/ros2_ws/install/turtlebot3_simulations/share/turtlebot3_simulations/package.dsv
[0.394s] -- Up-to-date: /uolstore/home/users/fy22ayyy/ros2_ws/install/turtlebot3_simulations/share/ament_index/resource_index/packages/turtlebot3_simulations
[0.395s] -- Up-to-date: /uolstore/home/users/fy22ayyy/ros2_ws/install/turtlebot3_simulations/share/turtlebot3_simulations/cmake/turtlebot3_simulationsConfig.cmake
[0.397s] -- Up-to-date: /uolstore/home/users/fy22ayyy/ros2_ws/install/turtlebot3_simulations/share/turtlebot3_simulations/cmake/turtlebot3_simulationsConfig-version.cmake
[0.398s] -- Up-to-date: /uolstore/home/users/fy22ayyy/ros2_ws/install/turtlebot3_simulations/share/turtlebot3_simulations/package.xml
[0.403s] Invoked command in '/uolstore/home/users/fy22ayyy/ros2_ws/build/turtlebot3_simulations' returned '0': AMENT_PREFIX_PATH=/uolstore/home/users/fy22ayyy/ros2_ws/install/turtlebot3_gazebo:/uolstore/home/users/fy22ayyy/ros2_ws/install/turtlebot3_fake_node CMAKE_PREFIX_PATH=/uolstore/home/users/fy22ayyy/ros2_ws/install/turtlebot3_gazebo:/uolstore/home/users/fy22ayyy/ros2_ws/install/turtlebot3_fake_node PS1=[COMP3631] Singularity> \w $ /usr/bin/cmake --install /uolstore/home/users/fy22ayyy/ros2_ws/build/turtlebot3_simulations
