[0.088s] Invoking command in '/uolstore/home/users/fy22ayyy/ros2_ws/build/turtlebot3_simulations': AMENT_PREFIX_PATH=/uolstore/home/users/fy22ayyy/ros2_ws/install/turtlebot3_gazebo:/uolstore/home/users/fy22ayyy/ros2_ws/install/turtlebot3_fake_node:${AMENT_PREFIX_PATH} CMAKE_PREFIX_PATH=/uolstore/home/users/fy22ayyy/ros2_ws/install/turtlebot3_gazebo:/uolstore/home/users/fy22ayyy/ros2_ws/install/turtlebot3_fake_node:/opt/ros/humble PS1=[COMP3631] Singularity> \w $ /usr/bin/cmake /uolstore/home/users/fy22ayyy/ros2_ws/src/turtlebot3_simulations/turtlebot3_simulations -DCMAKE_INSTALL_PREFIX=/uolstore/home/users/fy22ayyy/ros2_ws/install/turtlebot3_simulations
[0.189s] -- The C compiler identification is GNU 11.4.0
[0.275s] -- The CXX compiler identification is GNU 11.4.0
[0.294s] -- Detecting C compiler ABI info
[0.494s] -- Detecting C compiler ABI info - done
[0.507s] -- Check for working C compiler: /usr/bin/cc - skipped
[0.507s] -- Detecting C compile features
[0.508s] -- Detecting C compile features - done
[0.524s] -- Detecting CXX compiler ABI info
[0.718s] -- Detecting CXX compiler ABI info - done
[0.730s] -- Check for working CXX compiler: /usr/bin/c++ - skipped
[0.731s] -- Detecting CXX compile features
[0.731s] -- Detecting CXX compile features - done
[0.755s] -- Found ament_cmake: 1.3.7 (/opt/ros/humble/share/ament_cmake/cmake)
[0.918s] -- Found Python3: /usr/bin/python3.10 (found version "3.10.12") found components: Interpreter 
[1.301s] -- Configuring done
[1.396s] -- Generating done
[1.423s] -- Build files have been written to: /uolstore/home/users/fy22ayyy/ros2_ws/build/turtlebot3_simulations
[1.426s] Invoked command in '/uolstore/home/users/fy22ayyy/ros2_ws/build/turtlebot3_simulations' returned '0': AMENT_PREFIX_PATH=/uolstore/home/users/fy22ayyy/ros2_ws/install/turtlebot3_gazebo:/uolstore/home/users/fy22ayyy/ros2_ws/install/turtlebot3_fake_node:${AMENT_PREFIX_PATH} CMAKE_PREFIX_PATH=/uolstore/home/users/fy22ayyy/ros2_ws/install/turtlebot3_gazebo:/uolstore/home/users/fy22ayyy/ros2_ws/install/turtlebot3_fake_node:/opt/ros/humble PS1=[COMP3631] Singularity> \w $ /usr/bin/cmake /uolstore/home/users/fy22ayyy/ros2_ws/src/turtlebot3_simulations/turtlebot3_simulations -DCMAKE_INSTALL_PREFIX=/uolstore/home/users/fy22ayyy/ros2_ws/install/turtlebot3_simulations
[1.430s] Invoking command in '/uolstore/home/users/fy22ayyy/ros2_ws/build/turtlebot3_simulations': AMENT_PREFIX_PATH=/uolstore/home/users/fy22ayyy/ros2_ws/install/turtlebot3_gazebo:/uolstore/home/users/fy22ayyy/ros2_ws/install/turtlebot3_fake_node:${AMENT_PREFIX_PATH} CMAKE_PREFIX_PATH=/uolstore/home/users/fy22ayyy/ros2_ws/install/turtlebot3_gazebo:/uolstore/home/users/fy22ayyy/ros2_ws/install/turtlebot3_fake_node:/opt/ros/humble PS1=[COMP3631] Singularity> \w $ /usr/bin/cmake --build /uolstore/home/users/fy22ayyy/ros2_ws/build/turtlebot3_simulations -- -j16 -l16
[1.443s] gmake: Warning: File 'Makefile' has modification time 6.2 s in the future
[1.469s] gmake[1]: Warning: File 'CMakeFiles/Makefile2' has modification time 6.2 s in the future
[1.469s] gmake[1]: warning:  Clock skew detected.  Your build may be incomplete.
[1.476s] gmake: warning:  Clock skew detected.  Your build may be incomplete.
[1.477s] Invoked command in '/uolstore/home/users/fy22ayyy/ros2_ws/build/turtlebot3_simulations' returned '0': AMENT_PREFIX_PATH=/uolstore/home/users/fy22ayyy/ros2_ws/install/turtlebot3_gazebo:/uolstore/home/users/fy22ayyy/ros2_ws/install/turtlebot3_fake_node:${AMENT_PREFIX_PATH} CMAKE_PREFIX_PATH=/uolstore/home/users/fy22ayyy/ros2_ws/install/turtlebot3_gazebo:/uolstore/home/users/fy22ayyy/ros2_ws/install/turtlebot3_fake_node:/opt/ros/humble PS1=[COMP3631] Singularity> \w $ /usr/bin/cmake --build /uolstore/home/users/fy22ayyy/ros2_ws/build/turtlebot3_simulations -- -j16 -l16
[1.502s] Invoking command in '/uolstore/home/users/fy22ayyy/ros2_ws/build/turtlebot3_simulations': AMENT_PREFIX_PATH=/uolstore/home/users/fy22ayyy/ros2_ws/install/turtlebot3_gazebo:/uolstore/home/users/fy22ayyy/ros2_ws/install/turtlebot3_fake_node:${AMENT_PREFIX_PATH} CMAKE_PREFIX_PATH=/uolstore/home/users/fy22ayyy/ros2_ws/install/turtlebot3_gazebo:/uolstore/home/users/fy22ayyy/ros2_ws/install/turtlebot3_fake_node:/opt/ros/humble PS1=[COMP3631] Singularity> \w $ /usr/bin/cmake --install /uolstore/home/users/fy22ayyy/ros2_ws/build/turtlebot3_simulations
[1.510s] -- Install configuration: ""
[1.517s] -- Installing: /uolstore/home/users/fy22ayyy/ros2_ws/install/turtlebot3_simulations/share/ament_index/resource_index/package_run_dependencies/turtlebot3_simulations
[1.530s] -- Installing: /uolstore/home/users/fy22ayyy/ros2_ws/install/turtlebot3_simulations/share/ament_index/resource_index/parent_prefix_path/turtlebot3_simulations
[1.545s] -- Installing: /uolstore/home/users/fy22ayyy/ros2_ws/install/turtlebot3_simulations/share/turtlebot3_simulations/environment/ament_prefix_path.sh
[1.551s] -- Installing: /uolstore/home/users/fy22ayyy/ros2_ws/install/turtlebot3_simulations/share/turtlebot3_simulations/environment/ament_prefix_path.dsv
[1.559s] -- Installing: /uolstore/home/users/fy22ayyy/ros2_ws/install/turtlebot3_simulations/share/turtlebot3_simulations/environment/path.sh
[1.567s] -- Installing: /uolstore/home/users/fy22ayyy/ros2_ws/install/turtlebot3_simulations/share/turtlebot3_simulations/environment/path.dsv
[1.575s] -- Installing: /uolstore/home/users/fy22ayyy/ros2_ws/install/turtlebot3_simulations/share/turtlebot3_simulations/local_setup.bash
[1.584s] -- Installing: /uolstore/home/users/fy22ayyy/ros2_ws/install/turtlebot3_simulations/share/turtlebot3_simulations/local_setup.sh
[1.593s] -- Installing: /uolstore/home/users/fy22ayyy/ros2_ws/install/turtlebot3_simulations/share/turtlebot3_simulations/local_setup.zsh
[1.602s] -- Installing: /uolstore/home/users/fy22ayyy/ros2_ws/install/turtlebot3_simulations/share/turtlebot3_simulations/local_setup.dsv
[1.611s] -- Installing: /uolstore/home/users/fy22ayyy/ros2_ws/install/turtlebot3_simulations/share/turtlebot3_simulations/package.dsv
[1.622s] -- Installing: /uolstore/home/users/fy22ayyy/ros2_ws/install/turtlebot3_simulations/share/ament_index/resource_index/packages/turtlebot3_simulations
[1.632s] -- Installing: /uolstore/home/users/fy22ayyy/ros2_ws/install/turtlebot3_simulations/share/turtlebot3_simulations/cmake/turtlebot3_simulationsConfig.cmake
[1.640s] -- Installing: /uolstore/home/users/fy22ayyy/ros2_ws/install/turtlebot3_simulations/share/turtlebot3_simulations/cmake/turtlebot3_simulationsConfig-version.cmake
[1.649s] -- Installing: /uolstore/home/users/fy22ayyy/ros2_ws/install/turtlebot3_simulations/share/turtlebot3_simulations/package.xml
[1.660s] Invoked command in '/uolstore/home/users/fy22ayyy/ros2_ws/build/turtlebot3_simulations' returned '0': AMENT_PREFIX_PATH=/uolstore/home/users/fy22ayyy/ros2_ws/install/turtlebot3_gazebo:/uolstore/home/users/fy22ayyy/ros2_ws/install/turtlebot3_fake_node:${AMENT_PREFIX_PATH} CMAKE_PREFIX_PATH=/uolstore/home/users/fy22ayyy/ros2_ws/install/turtlebot3_gazebo:/uolstore/home/users/fy22ayyy/ros2_ws/install/turtlebot3_fake_node:/opt/ros/humble PS1=[COMP3631] Singularity> \w $ /usr/bin/cmake --install /uolstore/home/users/fy22ayyy/ros2_ws/build/turtlebot3_simulations
