[0.574s] Invoking command in '/uolstore/home/users/fy22ayyy/ros2_ws/build/turtlebot3_simulations': CMAKE_PREFIX_PATH=/uolstore/home/users/fy22ayyy/ros2_ws/install/turtlebot3_gazebo:/uolstore/home/users/fy22ayyy/ros2_ws/install/turtlebot3_fake_node:/uolstore/home/users/fy22ayyy/ros2_ws/install/turtlebot3_simulations:/uolstore/home/users/fy22ayyy/ros2_ws/install/lab3:/uolstore/home/users/fy22ayyy/ros2_ws/install/lab2:/uolstore/home/users/fy22ayyy/ros2_ws/install/lab1:/opt/ros/humble PS1=[COMP3631] Singularity> \w $ /usr/bin/cmake --build /uolstore/home/users/fy22ayyy/ros2_ws/build/turtlebot3_simulations -- -j16 -l16
[0.662s] Invoked command in '/uolstore/home/users/fy22ayyy/ros2_ws/build/turtlebot3_simulations' returned '0': CMAKE_PREFIX_PATH=/uolstore/home/users/fy22ayyy/ros2_ws/install/turtlebot3_gazebo:/uolstore/home/users/fy22ayyy/ros2_ws/install/turtlebot3_fake_node:/uolstore/home/users/fy22ayyy/ros2_ws/install/turtlebot3_simulations:/uolstore/home/users/fy22ayyy/ros2_ws/install/lab3:/uolstore/home/users/fy22ayyy/ros2_ws/install/lab2:/uolstore/home/users/fy22ayyy/ros2_ws/install/lab1:/opt/ros/humble PS1=[COMP3631] Singularity> \w $ /usr/bin/cmake --build /uolstore/home/users/fy22ayyy/ros2_ws/build/turtlebot3_simulations -- -j16 -l16
[0.703s] Invoking command in '/uolstore/home/users/fy22ayyy/ros2_ws/build/turtlebot3_simulations': CMAKE_PREFIX_PATH=/uolstore/home/users/fy22ayyy/ros2_ws/install/turtlebot3_gazebo:/uolstore/home/users/fy22ayyy/ros2_ws/install/turtlebot3_fake_node:/uolstore/home/users/fy22ayyy/ros2_ws/install/turtlebot3_simulations:/uolstore/home/users/fy22ayyy/ros2_ws/install/lab3:/uolstore/home/users/fy22ayyy/ros2_ws/install/lab2:/uolstore/home/users/fy22ayyy/ros2_ws/install/lab1:/opt/ros/humble PS1=[COMP3631] Singularity> \w $ /usr/bin/cmake --install /uolstore/home/users/fy22ayyy/ros2_ws/build/turtlebot3_simulations
[0.717s] -- Install configuration: ""
[0.718s] -- Up-to-date: /uolstore/home/users/fy22ayyy/ros2_ws/install/turtlebot3_simulations/share/ament_index/resource_index/package_run_dependencies/turtlebot3_simulations
[0.719s] -- Up-to-date: /uolstore/home/users/fy22ayyy/ros2_ws/install/turtlebot3_simulations/share/ament_index/resource_index/parent_prefix_path/turtlebot3_simulations
[0.720s] -- Up-to-date: /uolstore/home/users/fy22ayyy/ros2_ws/install/turtlebot3_simulations/share/turtlebot3_simulations/environment/ament_prefix_path.sh
[0.721s] -- Up-to-date: /uolstore/home/users/fy22ayyy/ros2_ws/install/turtlebot3_simulations/share/turtlebot3_simulations/environment/ament_prefix_path.dsv
[0.722s] -- Up-to-date: /uolstore/home/users/fy22ayyy/ros2_ws/install/turtlebot3_simulations/share/turtlebot3_simulations/environment/path.sh
[0.724s] -- Up-to-date: /uolstore/home/users/fy22ayyy/ros2_ws/install/turtlebot3_simulations/share/turtlebot3_simulations/environment/path.dsv
[0.725s] -- Up-to-date: /uolstore/home/users/fy22ayyy/ros2_ws/install/turtlebot3_simulations/share/turtlebot3_simulations/local_setup.bash
[0.726s] -- Up-to-date: /uolstore/home/users/fy22ayyy/ros2_ws/install/turtlebot3_simulations/share/turtlebot3_simulations/local_setup.sh
[0.728s] -- Up-to-date: /uolstore/home/users/fy22ayyy/ros2_ws/install/turtlebot3_simulations/share/turtlebot3_simulations/local_setup.zsh
[0.729s] -- Up-to-date: /uolstore/home/users/fy22ayyy/ros2_ws/install/turtlebot3_simulations/share/turtlebot3_simulations/local_setup.dsv
[0.730s] -- Installing: /uolstore/home/users/fy22ayyy/ros2_ws/install/turtlebot3_simulations/share/turtlebot3_simulations/package.dsv
[0.739s] -- Up-to-date: /uolstore/home/users/fy22ayyy/ros2_ws/install/turtlebot3_simulations/share/ament_index/resource_index/packages/turtlebot3_simulations
[0.740s] -- Up-to-date: /uolstore/home/users/fy22ayyy/ros2_ws/install/turtlebot3_simulations/share/turtlebot3_simulations/cmake/turtlebot3_simulationsConfig.cmake
[0.741s] -- Up-to-date: /uolstore/home/users/fy22ayyy/ros2_ws/install/turtlebot3_simulations/share/turtlebot3_simulations/cmake/turtlebot3_simulationsConfig-version.cmake
[0.742s] -- Up-to-date: /uolstore/home/users/fy22ayyy/ros2_ws/install/turtlebot3_simulations/share/turtlebot3_simulations/package.xml
[0.749s] Invoked command in '/uolstore/home/users/fy22ayyy/ros2_ws/build/turtlebot3_simulations' returned '0': CMAKE_PREFIX_PATH=/uolstore/home/users/fy22ayyy/ros2_ws/install/turtlebot3_gazebo:/uolstore/home/users/fy22ayyy/ros2_ws/install/turtlebot3_fake_node:/uolstore/home/users/fy22ayyy/ros2_ws/install/turtlebot3_simulations:/uolstore/home/users/fy22ayyy/ros2_ws/install/lab3:/uolstore/home/users/fy22ayyy/ros2_ws/install/lab2:/uolstore/home/users/fy22ayyy/ros2_ws/install/lab1:/opt/ros/humble PS1=[COMP3631] Singularity> \w $ /usr/bin/cmake --install /uolstore/home/users/fy22ayyy/ros2_ws/build/turtlebot3_simulations
