[1.920s] Invoking command in '/uolstore/home/users/fy22ayyy/ros2_ws/src/lab2': PS1=[COMP3631] Singularity> \w $ PYTHONPATH=/uolstore/home/users/fy22ayyy/ros2_ws/src/build/lab2/prefix_override:/uolstore/home/users/fy22ayyy/ros2_ws/src/install/lab2/lib/python3.10/site-packages:${PYTHONPATH} /usr/bin/python3 setup.py egg_info --egg-base ../build/lab2 build --build-base /uolstore/home/users/fy22ayyy/ros2_ws/src/build/lab2/build install --record /uolstore/home/users/fy22ayyy/ros2_ws/src/build/lab2/install.log --single-version-externally-managed
[2.241s] running egg_info
[2.241s] creating ../build/lab2/lab2.egg-info
[2.244s] writing ../build/lab2/lab2.egg-info/PKG-INFO
[2.251s] writing dependency_links to ../build/lab2/lab2.egg-info/dependency_links.txt
[2.254s] writing entry points to ../build/lab2/lab2.egg-info/entry_points.txt
[2.257s] writing requirements to ../build/lab2/lab2.egg-info/requires.txt
[2.260s] writing top-level names to ../build/lab2/lab2.egg-info/top_level.txt
[2.264s] writing manifest file '../build/lab2/lab2.egg-info/SOURCES.txt'
[2.274s] reading manifest file '../build/lab2/lab2.egg-info/SOURCES.txt'
[2.277s] writing manifest file '../build/lab2/lab2.egg-info/SOURCES.txt'
[2.280s] running build
[2.280s] running build_py
[2.281s] creating /uolstore/home/users/fy22ayyy/ros2_ws/src/build/lab2/build
[2.283s] creating /uolstore/home/users/fy22ayyy/ros2_ws/src/build/lab2/build/lib
[2.285s] creating /uolstore/home/users/fy22ayyy/ros2_ws/src/build/lab2/build/lib/lab2
[2.287s] copying lab2/__init__.py -> /uolstore/home/users/fy22ayyy/ros2_ws/src/build/lab2/build/lib/lab2
[2.292s] copying lab2/listener.py -> /uolstore/home/users/fy22ayyy/ros2_ws/src/build/lab2/build/lib/lab2
[2.300s] copying lab2/talker.py -> /uolstore/home/users/fy22ayyy/ros2_ws/src/build/lab2/build/lib/lab2
[2.307s] copying lab2/numeric_listener.py -> /uolstore/home/users/fy22ayyy/ros2_ws/src/build/lab2/build/lib/lab2
[2.313s] copying lab2/numeric_talker.py -> /uolstore/home/users/fy22ayyy/ros2_ws/src/build/lab2/build/lib/lab2
[2.321s] running install
[2.321s] running install_lib
[2.325s] creating /uolstore/home/users/fy22ayyy/ros2_ws/src/install/lab2/lib/python3.10/site-packages/lab2
[2.327s] copying /uolstore/home/users/fy22ayyy/ros2_ws/src/build/lab2/build/lib/lab2/__init__.py -> /uolstore/home/users/fy22ayyy/ros2_ws/src/install/lab2/lib/python3.10/site-packages/lab2
[2.334s] copying /uolstore/home/users/fy22ayyy/ros2_ws/src/build/lab2/build/lib/lab2/listener.py -> /uolstore/home/users/fy22ayyy/ros2_ws/src/install/lab2/lib/python3.10/site-packages/lab2
[2.345s] copying /uolstore/home/users/fy22ayyy/ros2_ws/src/build/lab2/build/lib/lab2/talker.py -> /uolstore/home/users/fy22ayyy/ros2_ws/src/install/lab2/lib/python3.10/site-packages/lab2
[2.353s] copying /uolstore/home/users/fy22ayyy/ros2_ws/src/build/lab2/build/lib/lab2/numeric_listener.py -> /uolstore/home/users/fy22ayyy/ros2_ws/src/install/lab2/lib/python3.10/site-packages/lab2
[2.360s] copying /uolstore/home/users/fy22ayyy/ros2_ws/src/build/lab2/build/lib/lab2/numeric_talker.py -> /uolstore/home/users/fy22ayyy/ros2_ws/src/install/lab2/lib/python3.10/site-packages/lab2
[2.369s] byte-compiling /uolstore/home/users/fy22ayyy/ros2_ws/src/install/lab2/lib/python3.10/site-packages/lab2/__init__.py to __init__.cpython-310.pyc
[2.382s] byte-compiling /uolstore/home/users/fy22ayyy/ros2_ws/src/install/lab2/lib/python3.10/site-packages/lab2/listener.py to listener.cpython-310.pyc
[2.394s] byte-compiling /uolstore/home/users/fy22ayyy/ros2_ws/src/install/lab2/lib/python3.10/site-packages/lab2/talker.py to talker.cpython-310.pyc
[2.404s] byte-compiling /uolstore/home/users/fy22ayyy/ros2_ws/src/install/lab2/lib/python3.10/site-packages/lab2/numeric_listener.py to numeric_listener.cpython-310.pyc
[2.411s] byte-compiling /uolstore/home/users/fy22ayyy/ros2_ws/src/install/lab2/lib/python3.10/site-packages/lab2/numeric_talker.py to numeric_talker.cpython-310.pyc
[2.420s] running install_data
[2.421s] creating /uolstore/home/users/fy22ayyy/ros2_ws/src/install/lab2/share/ament_index
[2.422s] creating /uolstore/home/users/fy22ayyy/ros2_ws/src/install/lab2/share/ament_index/resource_index
[2.425s] creating /uolstore/home/users/fy22ayyy/ros2_ws/src/install/lab2/share/ament_index/resource_index/packages
[2.428s] copying resource/lab2 -> /uolstore/home/users/fy22ayyy/ros2_ws/src/install/lab2/share/ament_index/resource_index/packages
[2.437s] copying package.xml -> /uolstore/home/users/fy22ayyy/ros2_ws/src/install/lab2/share/lab2
[2.443s] creating /uolstore/home/users/fy22ayyy/ros2_ws/src/install/lab2/share/lab2/launch
[2.447s] copying launch/chatter.py -> /uolstore/home/users/fy22ayyy/ros2_ws/src/install/lab2/share/lab2/launch
[2.454s] copying launch/numeric_chatter.py -> /uolstore/home/users/fy22ayyy/ros2_ws/src/install/lab2/share/lab2/launch
[2.458s] running install_egg_info
[2.461s] Copying ../build/lab2/lab2.egg-info to /uolstore/home/users/fy22ayyy/ros2_ws/src/install/lab2/lib/python3.10/site-packages/lab2-0.0.0-py3.10.egg-info
[2.516s] running install_scripts
[2.537s] Installing listener script to /uolstore/home/users/fy22ayyy/ros2_ws/src/install/lab2/lib/lab2
[2.541s] Installing numeric_listener script to /uolstore/home/users/fy22ayyy/ros2_ws/src/install/lab2/lib/lab2
[2.546s] Installing numeric_talker script to /uolstore/home/users/fy22ayyy/ros2_ws/src/install/lab2/lib/lab2
[2.550s] Installing talker script to /uolstore/home/users/fy22ayyy/ros2_ws/src/install/lab2/lib/lab2
[2.557s] writing list of installed files to '/uolstore/home/users/fy22ayyy/ros2_ws/src/build/lab2/install.log'
[2.594s] Invoked command in '/uolstore/home/users/fy22ayyy/ros2_ws/src/lab2' returned '0': PS1=[COMP3631] Singularity> \w $ PYTHONPATH=/uolstore/home/users/fy22ayyy/ros2_ws/src/build/lab2/prefix_override:/uolstore/home/users/fy22ayyy/ros2_ws/src/install/lab2/lib/python3.10/site-packages:${PYTHONPATH} /usr/bin/python3 setup.py egg_info --egg-base ../build/lab2 build --build-base /uolstore/home/users/fy22ayyy/ros2_ws/src/build/lab2/build install --record /uolstore/home/users/fy22ayyy/ros2_ws/src/build/lab2/install.log --single-version-externally-managed
