[1.296s] Invoking command in '/uolstore/home/users/fy22ayyy/ros2_ws/src/lab3': PS1=[COMP3631] Singularity> \w $ PYTHONPATH=/uolstore/home/users/fy22ayyy/ros2_ws/build/lab3/prefix_override:/uolstore/home/users/fy22ayyy/ros2_ws/install/lab3/lib/python3.10/site-packages: /usr/bin/python3 setup.py egg_info --egg-base ../../build/lab3 build --build-base /uolstore/home/users/fy22ayyy/ros2_ws/build/lab3/build install --record /uolstore/home/users/fy22ayyy/ros2_ws/build/lab3/install.log --single-version-externally-managed
[1.542s] running egg_info
[1.543s] writing ../../build/lab3/lab3.egg-info/PKG-INFO
[1.547s] writing dependency_links to ../../build/lab3/lab3.egg-info/dependency_links.txt
[1.549s] writing entry points to ../../build/lab3/lab3.egg-info/entry_points.txt
[1.551s] writing requirements to ../../build/lab3/lab3.egg-info/requires.txt
[1.553s] writing top-level names to ../../build/lab3/lab3.egg-info/top_level.txt
[1.562s] reading manifest file '../../build/lab3/lab3.egg-info/SOURCES.txt'
[1.568s] writing manifest file '../../build/lab3/lab3.egg-info/SOURCES.txt'
[1.570s] running build
[1.570s] running build_py
[1.574s] running install
[1.575s] running install_lib
[1.581s] running install_data
[1.585s] running install_egg_info
[1.587s] removing '/uolstore/home/users/fy22ayyy/ros2_ws/install/lab3/lib/python3.10/site-packages/lab3-0.0.0-py3.10.egg-info' (and everything under it)
[1.594s] Copying ../../build/lab3/lab3.egg-info to /uolstore/home/users/fy22ayyy/ros2_ws/install/lab3/lib/python3.10/site-packages/lab3-0.0.0-py3.10.egg-info
[1.644s] running install_scripts
[1.663s] Installing firstwalk script to /uolstore/home/users/fy22ayyy/ros2_ws/install/lab3/lib/lab3
[1.667s] writing list of installed files to '/uolstore/home/users/fy22ayyy/ros2_ws/build/lab3/install.log'
[1.820s] Invoked command in '/uolstore/home/users/fy22ayyy/ros2_ws/src/lab3' returned '0': PS1=[COMP3631] Singularity> \w $ PYTHONPATH=/uolstore/home/users/fy22ayyy/ros2_ws/build/lab3/prefix_override:/uolstore/home/users/fy22ayyy/ros2_ws/install/lab3/lib/python3.10/site-packages: /usr/bin/python3 setup.py egg_info --egg-base ../../build/lab3 build --build-base /uolstore/home/users/fy22ayyy/ros2_ws/build/lab3/build install --record /uolstore/home/users/fy22ayyy/ros2_ws/build/lab3/install.log --single-version-externally-managed
