[0.909s] Invoking command in '/uolstore/home/student_lnxhome01/fy22ayyy/ros2_ws/src/lab2': PS1=[COMP3631] Singularity> \w $ PYTHONPATH=/uolstore/home/student_lnxhome01/fy22ayyy/ros2_ws/build/lab2/prefix_override:/uolstore/home/student_lnxhome01/fy22ayyy/ros2_ws/install/lab2/lib/python3.10/site-packages: /usr/bin/python3 setup.py egg_info --egg-base ../../build/lab2 build --build-base /uolstore/home/student_lnxhome01/fy22ayyy/ros2_ws/build/lab2/build install --record /uolstore/home/student_lnxhome01/fy22ayyy/ros2_ws/build/lab2/install.log --single-version-externally-managed
[1.124s] running egg_info
[1.124s] writing ../../build/lab2/lab2.egg-info/PKG-INFO
[1.129s] writing dependency_links to ../../build/lab2/lab2.egg-info/dependency_links.txt
[1.133s] writing entry points to ../../build/lab2/lab2.egg-info/entry_points.txt
[1.136s] writing requirements to ../../build/lab2/lab2.egg-info/requires.txt
[1.139s] writing top-level names to ../../build/lab2/lab2.egg-info/top_level.txt
[1.147s] reading manifest file '../../build/lab2/lab2.egg-info/SOURCES.txt'
[1.152s] writing manifest file '../../build/lab2/lab2.egg-info/SOURCES.txt'
[1.155s] running build
[1.155s] running build_py
[1.159s] running install
[1.159s] running install_lib
[1.163s] running install_data
[1.167s] running install_egg_info
[1.169s] removing '/uolstore/home/student_lnxhome01/fy22ayyy/ros2_ws/install/lab2/lib/python3.10/site-packages/lab2-0.0.0-py3.10.egg-info' (and everything under it)
[1.178s] Copying ../../build/lab2/lab2.egg-info to /uolstore/home/student_lnxhome01/fy22ayyy/ros2_ws/install/lab2/lib/python3.10/site-packages/lab2-0.0.0-py3.10.egg-info
[1.221s] running install_scripts
[1.239s] Installing listener script to /uolstore/home/student_lnxhome01/fy22ayyy/ros2_ws/install/lab2/lib/lab2
[1.242s] Installing talker script to /uolstore/home/student_lnxhome01/fy22ayyy/ros2_ws/install/lab2/lib/lab2
[1.246s] writing list of installed files to '/uolstore/home/student_lnxhome01/fy22ayyy/ros2_ws/build/lab2/install.log'
[1.328s] Invoked command in '/uolstore/home/student_lnxhome01/fy22ayyy/ros2_ws/src/lab2' returned '0': PS1=[COMP3631] Singularity> \w $ PYTHONPATH=/uolstore/home/student_lnxhome01/fy22ayyy/ros2_ws/build/lab2/prefix_override:/uolstore/home/student_lnxhome01/fy22ayyy/ros2_ws/install/lab2/lib/python3.10/site-packages: /usr/bin/python3 setup.py egg_info --egg-base ../../build/lab2 build --build-base /uolstore/home/student_lnxhome01/fy22ayyy/ros2_ws/build/lab2/build install --record /uolstore/home/student_lnxhome01/fy22ayyy/ros2_ws/build/lab2/install.log --single-version-externally-managed
