[2.122s] Invoking command in '/uolstore/home/users/fy22ayyy/ros2_ws/src/lab1': PS1=[COMP3631] Singularity> \w $ PYTHONPATH=/uolstore/home/users/fy22ayyy/ros2_ws/build/lab1/prefix_override:/uolstore/home/users/fy22ayyy/ros2_ws/install/lab1/lib/python3.10/site-packages:${PYTHONPATH} /usr/bin/python3 setup.py egg_info --egg-base ../../build/lab1 build --build-base /uolstore/home/users/fy22ayyy/ros2_ws/build/lab1/build install --record /uolstore/home/users/fy22ayyy/ros2_ws/build/lab1/install.log --single-version-externally-managed
[2.460s] running egg_info
[2.461s] writing ../../build/lab1/lab1.egg-info/PKG-INFO
[2.466s] writing dependency_links to ../../build/lab1/lab1.egg-info/dependency_links.txt
[2.470s] writing entry points to ../../build/lab1/lab1.egg-info/entry_points.txt
[2.474s] writing requirements to ../../build/lab1/lab1.egg-info/requires.txt
[2.477s] writing top-level names to ../../build/lab1/lab1.egg-info/top_level.txt
[2.490s] reading manifest file '../../build/lab1/lab1.egg-info/SOURCES.txt'
[2.494s] writing manifest file '../../build/lab1/lab1.egg-info/SOURCES.txt'
[2.498s] running build
[2.499s] running build_py
[2.507s] running install
[2.507s] running install_lib
[2.519s] running install_data
[2.522s] running install_egg_info
[2.523s] removing '/uolstore/home/users/fy22ayyy/ros2_ws/install/lab1/lib/python3.10/site-packages/lab1-0.0.0-py3.10.egg-info' (and everything under it)
[2.537s] Copying ../../build/lab1/lab1.egg-info to /uolstore/home/users/fy22ayyy/ros2_ws/install/lab1/lib/python3.10/site-packages/lab1-0.0.0-py3.10.egg-info
[2.604s] running install_scripts
[2.624s] Installing hello script to /uolstore/home/users/fy22ayyy/ros2_ws/install/lab1/lib/lab1
[2.630s] writing list of installed files to '/uolstore/home/users/fy22ayyy/ros2_ws/build/lab1/install.log'
[2.651s] Invoked command in '/uolstore/home/users/fy22ayyy/ros2_ws/src/lab1' returned '0': PS1=[COMP3631] Singularity> \w $ PYTHONPATH=/uolstore/home/users/fy22ayyy/ros2_ws/build/lab1/prefix_override:/uolstore/home/users/fy22ayyy/ros2_ws/install/lab1/lib/python3.10/site-packages:${PYTHONPATH} /usr/bin/python3 setup.py egg_info --egg-base ../../build/lab1 build --build-base /uolstore/home/users/fy22ayyy/ros2_ws/build/lab1/build install --record /uolstore/home/users/fy22ayyy/ros2_ws/build/lab1/install.log --single-version-externally-managed
