[0.478s] Invoking command in '/uolstore/home/users/fy22ayyy/ros2_ws/src/build/turtlebot3_fake_node': CMAKE_PREFIX_PATH=/opt/ros/humble PS1=[COMP3631] Singularity> \w $ /usr/bin/cmake /uolstore/home/users/fy22ayyy/ros2_ws/src/turtlebot3_simulations/turtlebot3_fake_node -DCMAKE_INSTALL_PREFIX=/uolstore/home/users/fy22ayyy/ros2_ws/src/install/turtlebot3_fake_node
[1.243s] -- The C compiler identification is GNU 11.4.0
[1.243s] -- The CXX compiler identification is GNU 11.4.0
[1.243s] -- Detecting C compiler ABI info
[1.243s] -- Detecting C compiler ABI info - done
[1.243s] -- Check for working C compiler: /usr/bin/cc - skipped
[1.243s] -- Detecting C compile features
[1.244s] -- Detecting C compile features - done
[1.244s] -- Detecting CXX compiler ABI info
[1.349s] -- Detecting CXX compiler ABI info - done
[1.367s] -- Check for working CXX compiler: /usr/bin/c++ - skipped
[1.368s] -- Detecting CXX compile features
[1.368s] -- Detecting CXX compile features - done
[1.387s] -- Found ament_cmake: 1.3.7 (/opt/ros/humble/share/ament_cmake/cmake)
[1.669s] -- Found Python3: /usr/bin/python3.10 (found version "3.10.12") found components: Interpreter 
[1.850s] -- Found geometry_msgs: 4.2.3 (/opt/ros/humble/share/geometry_msgs/cmake)
[1.935s] -- Found rosidl_generator_c: 3.1.5 (/opt/ros/humble/share/rosidl_generator_c/cmake)
[1.944s] -- Found rosidl_adapter: 3.1.5 (/opt/ros/humble/share/rosidl_adapter/cmake)
[1.959s] -- Found rosidl_generator_cpp: 3.1.5 (/opt/ros/humble/share/rosidl_generator_cpp/cmake)
[1.978s] -- Using all available rosidl_typesupport_c: rosidl_typesupport_fastrtps_c;rosidl_typesupport_introspection_c
[2.006s] -- Using all available rosidl_typesupport_cpp: rosidl_typesupport_fastrtps_cpp;rosidl_typesupport_introspection_cpp
[2.131s] -- Found nav_msgs: 4.2.3 (/opt/ros/humble/share/nav_msgs/cmake)
[2.213s] -- Found rclcpp: 16.0.8 (/opt/ros/humble/share/rclcpp/cmake)
[2.328s] -- Found rmw_implementation_cmake: 6.1.1 (/opt/ros/humble/share/rmw_implementation_cmake/cmake)
[2.334s] -- Found rmw_fastrtps_cpp: 6.2.6 (/opt/ros/humble/share/rmw_fastrtps_cpp/cmake)
[2.477s] -- Found OpenSSL: /usr/lib/x86_64-linux-gnu/libcrypto.so (found version "3.0.2")  
[2.506s] -- Found FastRTPS: /opt/ros/humble/include  
[2.555s] -- Using RMW implementation 'rmw_fastrtps_cpp' as default
[2.588s] -- Looking for pthread.h
[2.858s] -- Looking for pthread.h - found
[2.865s] -- Performing Test CMAKE_HAVE_LIBC_PTHREAD
[3.180s] -- Performing Test CMAKE_HAVE_LIBC_PTHREAD - Success
[3.183s] -- Found Threads: TRUE  
[3.302s] -- Found sensor_msgs: 4.2.3 (/opt/ros/humble/share/sensor_msgs/cmake)
[3.379s] -- Found tf2: 0.25.5 (/opt/ros/humble/share/tf2/cmake)
[3.406s] -- Found tf2_msgs: 0.25.5 (/opt/ros/humble/share/tf2_msgs/cmake)
[3.546s] -- Found turtlebot3_msgs: 2.2.3 (/opt/ros/humble/share/turtlebot3_msgs/cmake)
[3.861s] -- Configuring done
[4.098s] -- Generating done
[4.136s] -- Build files have been written to: /uolstore/home/users/fy22ayyy/ros2_ws/src/build/turtlebot3_fake_node
[4.143s] Invoked command in '/uolstore/home/users/fy22ayyy/ros2_ws/src/build/turtlebot3_fake_node' returned '0': CMAKE_PREFIX_PATH=/opt/ros/humble PS1=[COMP3631] Singularity> \w $ /usr/bin/cmake /uolstore/home/users/fy22ayyy/ros2_ws/src/turtlebot3_simulations/turtlebot3_fake_node -DCMAKE_INSTALL_PREFIX=/uolstore/home/users/fy22ayyy/ros2_ws/src/install/turtlebot3_fake_node
[4.147s] Invoking command in '/uolstore/home/users/fy22ayyy/ros2_ws/src/build/turtlebot3_fake_node': CMAKE_PREFIX_PATH=/opt/ros/humble PS1=[COMP3631] Singularity> \w $ /usr/bin/cmake --build /uolstore/home/users/fy22ayyy/ros2_ws/src/build/turtlebot3_fake_node -- -j16 -l16
[4.160s] gmake: Warning: File 'Makefile' has modification time 6.2 s in the future
[4.201s] gmake[1]: Warning: File 'CMakeFiles/Makefile2' has modification time 6.2 s in the future
[4.208s] gmake[2]: Warning: File 'CMakeFiles/turtlebot3_fake_node.dir/flags.make' has modification time 6.1 s in the future
[4.220s] gmake[2]: warning:  Clock skew detected.  Your build may be incomplete.
[4.225s] gmake[2]: Warning: File 'CMakeFiles/turtlebot3_fake_node.dir/flags.make' has modification time 6.1 s in the future
[4.240s] [ 50%] [32mBuilding CXX object CMakeFiles/turtlebot3_fake_node.dir/src/turtlebot3_fake_node.cpp.o[0m
[13.083s] [100%] [32m[1mLinking CXX executable turtlebot3_fake_node[0m
[14.598s] gmake[2]: warning:  Clock skew detected.  Your build may be incomplete.
[14.640s] [100%] Built target turtlebot3_fake_node
[14.641s] gmake[1]: warning:  Clock skew detected.  Your build may be incomplete.
[14.657s] gmake: warning:  Clock skew detected.  Your build may be incomplete.
[14.658s] Invoked command in '/uolstore/home/users/fy22ayyy/ros2_ws/src/build/turtlebot3_fake_node' returned '0': CMAKE_PREFIX_PATH=/opt/ros/humble PS1=[COMP3631] Singularity> \w $ /usr/bin/cmake --build /uolstore/home/users/fy22ayyy/ros2_ws/src/build/turtlebot3_fake_node -- -j16 -l16
[14.706s] Invoking command in '/uolstore/home/users/fy22ayyy/ros2_ws/src/build/turtlebot3_fake_node': CMAKE_PREFIX_PATH=/opt/ros/humble PS1=[COMP3631] Singularity> \w $ /usr/bin/cmake --install /uolstore/home/users/fy22ayyy/ros2_ws/src/build/turtlebot3_fake_node
[14.716s] -- Install configuration: ""
[14.724s] -- Installing: /uolstore/home/users/fy22ayyy/ros2_ws/src/install/turtlebot3_fake_node/lib/turtlebot3_fake_node/turtlebot3_fake_node
[14.812s] -- Set runtime path of "/uolstore/home/users/fy22ayyy/ros2_ws/src/install/turtlebot3_fake_node/lib/turtlebot3_fake_node/turtlebot3_fake_node" to ""
[14.813s] -- Installing: /uolstore/home/users/fy22ayyy/ros2_ws/src/install/turtlebot3_fake_node/share/turtlebot3_fake_node/launch
[14.823s] -- Installing: /uolstore/home/users/fy22ayyy/ros2_ws/src/install/turtlebot3_fake_node/share/turtlebot3_fake_node/launch/rviz2.launch.py
[14.837s] -- Installing: /uolstore/home/users/fy22ayyy/ros2_ws/src/install/turtlebot3_fake_node/share/turtlebot3_fake_node/launch/turtlebot3_fake_node.launch.py
[14.850s] -- Installing: /uolstore/home/users/fy22ayyy/ros2_ws/src/install/turtlebot3_fake_node/share/turtlebot3_fake_node/param
[14.858s] -- Installing: /uolstore/home/users/fy22ayyy/ros2_ws/src/install/turtlebot3_fake_node/share/turtlebot3_fake_node/param/burger.yaml
[14.871s] -- Installing: /uolstore/home/users/fy22ayyy/ros2_ws/src/install/turtlebot3_fake_node/share/turtlebot3_fake_node/param/waffle.yaml
[14.914s] -- Installing: /uolstore/home/users/fy22ayyy/ros2_ws/src/install/turtlebot3_fake_node/share/turtlebot3_fake_node/param/waffle_pi.yaml
[14.943s] -- Installing: /uolstore/home/users/fy22ayyy/ros2_ws/src/install/turtlebot3_fake_node/include/
[14.955s] -- Installing: /uolstore/home/users/fy22ayyy/ros2_ws/src/install/turtlebot3_fake_node/include//turtlebot3_fake_node
[14.963s] -- Installing: /uolstore/home/users/fy22ayyy/ros2_ws/src/install/turtlebot3_fake_node/include//turtlebot3_fake_node/turtlebot3_fake_node.hpp
[15.038s] -- Installing: /uolstore/home/users/fy22ayyy/ros2_ws/src/install/turtlebot3_fake_node/share/ament_index/resource_index/package_run_dependencies/turtlebot3_fake_node
[15.058s] -- Installing: /uolstore/home/users/fy22ayyy/ros2_ws/src/install/turtlebot3_fake_node/share/ament_index/resource_index/parent_prefix_path/turtlebot3_fake_node
[15.075s] -- Installing: /uolstore/home/users/fy22ayyy/ros2_ws/src/install/turtlebot3_fake_node/share/turtlebot3_fake_node/environment/ament_prefix_path.sh
[15.086s] -- Installing: /uolstore/home/users/fy22ayyy/ros2_ws/src/install/turtlebot3_fake_node/share/turtlebot3_fake_node/environment/ament_prefix_path.dsv
[15.101s] -- Installing: /uolstore/home/users/fy22ayyy/ros2_ws/src/install/turtlebot3_fake_node/share/turtlebot3_fake_node/environment/path.sh
[15.125s] -- Installing: /uolstore/home/users/fy22ayyy/ros2_ws/src/install/turtlebot3_fake_node/share/turtlebot3_fake_node/environment/path.dsv
[15.157s] -- Installing: /uolstore/home/users/fy22ayyy/ros2_ws/src/install/turtlebot3_fake_node/share/turtlebot3_fake_node/local_setup.bash
[15.196s] -- Installing: /uolstore/home/users/fy22ayyy/ros2_ws/src/install/turtlebot3_fake_node/share/turtlebot3_fake_node/local_setup.sh
[15.215s] -- Installing: /uolstore/home/users/fy22ayyy/ros2_ws/src/install/turtlebot3_fake_node/share/turtlebot3_fake_node/local_setup.zsh
[15.230s] -- Installing: /uolstore/home/users/fy22ayyy/ros2_ws/src/install/turtlebot3_fake_node/share/turtlebot3_fake_node/local_setup.dsv
[15.251s] -- Installing: /uolstore/home/users/fy22ayyy/ros2_ws/src/install/turtlebot3_fake_node/share/turtlebot3_fake_node/package.dsv
[15.270s] -- Installing: /uolstore/home/users/fy22ayyy/ros2_ws/src/install/turtlebot3_fake_node/share/ament_index/resource_index/packages/turtlebot3_fake_node
[15.288s] -- Installing: /uolstore/home/users/fy22ayyy/ros2_ws/src/install/turtlebot3_fake_node/share/turtlebot3_fake_node/cmake/ament_cmake_export_include_directories-extras.cmake
[15.304s] -- Installing: /uolstore/home/users/fy22ayyy/ros2_ws/src/install/turtlebot3_fake_node/share/turtlebot3_fake_node/cmake/ament_cmake_export_dependencies-extras.cmake
[15.318s] -- Installing: /uolstore/home/users/fy22ayyy/ros2_ws/src/install/turtlebot3_fake_node/share/turtlebot3_fake_node/cmake/turtlebot3_fake_nodeConfig.cmake
[15.332s] -- Installing: /uolstore/home/users/fy22ayyy/ros2_ws/src/install/turtlebot3_fake_node/share/turtlebot3_fake_node/cmake/turtlebot3_fake_nodeConfig-version.cmake
[15.347s] -- Installing: /uolstore/home/users/fy22ayyy/ros2_ws/src/install/turtlebot3_fake_node/share/turtlebot3_fake_node/package.xml
[15.364s] Invoked command in '/uolstore/home/users/fy22ayyy/ros2_ws/src/build/turtlebot3_fake_node' returned '0': CMAKE_PREFIX_PATH=/opt/ros/humble PS1=[COMP3631] Singularity> \w $ /usr/bin/cmake --install /uolstore/home/users/fy22ayyy/ros2_ws/src/build/turtlebot3_fake_node
