[4.174s] Invoking command in '/uolstore/home/users/fy22ayyy/ros2_ws/src/lab2': PS1=[COMP3631] Singularity> \w $ PYTHONPATH=/uolstore/home/users/fy22ayyy/ros2_ws/build/lab2/prefix_override:/uolstore/home/users/fy22ayyy/ros2_ws/install/lab2/lib/python3.10/site-packages:${PYTHONPATH} /usr/bin/python3 setup.py egg_info --egg-base ../../build/lab2 build --build-base /uolstore/home/users/fy22ayyy/ros2_ws/build/lab2/build install --record /uolstore/home/users/fy22ayyy/ros2_ws/build/lab2/install.log --single-version-externally-managed
[4.878s] running egg_info
[4.880s] writing ../../build/lab2/lab2.egg-info/PKG-INFO
[4.889s] writing dependency_links to ../../build/lab2/lab2.egg-info/dependency_links.txt
[4.894s] writing entry points to ../../build/lab2/lab2.egg-info/entry_points.txt
[4.900s] writing requirements to ../../build/lab2/lab2.egg-info/requires.txt
[4.903s] writing top-level names to ../../build/lab2/lab2.egg-info/top_level.txt
[4.914s] reading manifest file '../../build/lab2/lab2.egg-info/SOURCES.txt'
[4.923s] writing manifest file '../../build/lab2/lab2.egg-info/SOURCES.txt'
[4.926s] running build
[4.926s] running build_py
[4.928s] running install
[4.928s] running install_lib
[4.938s] running install_data
[4.940s] running install_egg_info
[4.952s] removing '/uolstore/home/users/fy22ayyy/ros2_ws/install/lab2/lib/python3.10/site-packages/lab2-0.0.0-py3.10.egg-info' (and everything under it)
[4.962s] Copying ../../build/lab2/lab2.egg-info to /uolstore/home/users/fy22ayyy/ros2_ws/install/lab2/lib/python3.10/site-packages/lab2-0.0.0-py3.10.egg-info
[5.042s] running install_scripts
[5.093s] Installing listener script to /uolstore/home/users/fy22ayyy/ros2_ws/install/lab2/lib/lab2
[5.099s] Installing numeric_listener script to /uolstore/home/users/fy22ayyy/ros2_ws/install/lab2/lib/lab2
[5.103s] Installing numeric_talker script to /uolstore/home/users/fy22ayyy/ros2_ws/install/lab2/lib/lab2
[5.107s] Installing talker script to /uolstore/home/users/fy22ayyy/ros2_ws/install/lab2/lib/lab2
[5.113s] writing list of installed files to '/uolstore/home/users/fy22ayyy/ros2_ws/build/lab2/install.log'
[5.869s] Invoked command in '/uolstore/home/users/fy22ayyy/ros2_ws/src/lab2' returned '0': PS1=[COMP3631] Singularity> \w $ PYTHONPATH=/uolstore/home/users/fy22ayyy/ros2_ws/build/lab2/prefix_override:/uolstore/home/users/fy22ayyy/ros2_ws/install/lab2/lib/python3.10/site-packages:${PYTHONPATH} /usr/bin/python3 setup.py egg_info --egg-base ../../build/lab2 build --build-base /uolstore/home/users/fy22ayyy/ros2_ws/build/lab2/build install --record /uolstore/home/users/fy22ayyy/ros2_ws/build/lab2/install.log --single-version-externally-managed
