[1.342s] Invoking command in '/uolstore/home/users/fy22ayyy/ros2_ws/src/lab2': PS1=[COMP3631] Singularity> \w $ PYTHONPATH=/uolstore/home/users/fy22ayyy/ros2_ws/build/lab2/prefix_override:/uolstore/home/users/fy22ayyy/ros2_ws/install/lab2/lib/python3.10/site-packages:${PYTHONPATH} /usr/bin/python3 setup.py egg_info --egg-base ../../build/lab2 build --build-base /uolstore/home/users/fy22ayyy/ros2_ws/build/lab2/build install --record /uolstore/home/users/fy22ayyy/ros2_ws/build/lab2/install.log --single-version-externally-managed
[1.641s] running egg_info
[1.642s] writing ../../build/lab2/lab2.egg-info/PKG-INFO
[1.646s] writing dependency_links to ../../build/lab2/lab2.egg-info/dependency_links.txt
[1.649s] writing entry points to ../../build/lab2/lab2.egg-info/entry_points.txt
[1.652s] writing requirements to ../../build/lab2/lab2.egg-info/requires.txt
[1.655s] writing top-level names to ../../build/lab2/lab2.egg-info/top_level.txt
[1.661s] reading manifest file '../../build/lab2/lab2.egg-info/SOURCES.txt'
[1.665s] writing manifest file '../../build/lab2/lab2.egg-info/SOURCES.txt'
[1.667s] running build
[1.668s] running build_py
[1.668s] copying lab2/talker.py -> /uolstore/home/users/fy22ayyy/ros2_ws/build/lab2/build/lib/lab2
[1.674s] running install
[1.674s] running install_lib
[1.676s] copying /uolstore/home/users/fy22ayyy/ros2_ws/build/lab2/build/lib/lab2/talker.py -> /uolstore/home/users/fy22ayyy/ros2_ws/install/lab2/lib/python3.10/site-packages/lab2
[1.686s] byte-compiling /uolstore/home/users/fy22ayyy/ros2_ws/install/lab2/lib/python3.10/site-packages/lab2/talker.py to talker.cpython-310.pyc
[1.693s] running install_data
[1.694s] running install_egg_info
[1.696s] removing '/uolstore/home/users/fy22ayyy/ros2_ws/install/lab2/lib/python3.10/site-packages/lab2-0.0.0-py3.10.egg-info' (and everything under it)
[1.708s] Copying ../../build/lab2/lab2.egg-info to /uolstore/home/users/fy22ayyy/ros2_ws/install/lab2/lib/python3.10/site-packages/lab2-0.0.0-py3.10.egg-info
[1.758s] running install_scripts
[1.776s] Installing listener script to /uolstore/home/users/fy22ayyy/ros2_ws/install/lab2/lib/lab2
[1.779s] Installing talker script to /uolstore/home/users/fy22ayyy/ros2_ws/install/lab2/lib/lab2
[1.783s] writing list of installed files to '/uolstore/home/users/fy22ayyy/ros2_ws/build/lab2/install.log'
[1.874s] Invoked command in '/uolstore/home/users/fy22ayyy/ros2_ws/src/lab2' returned '0': PS1=[COMP3631] Singularity> \w $ PYTHONPATH=/uolstore/home/users/fy22ayyy/ros2_ws/build/lab2/prefix_override:/uolstore/home/users/fy22ayyy/ros2_ws/install/lab2/lib/python3.10/site-packages:${PYTHONPATH} /usr/bin/python3 setup.py egg_info --egg-base ../../build/lab2 build --build-base /uolstore/home/users/fy22ayyy/ros2_ws/build/lab2/build install --record /uolstore/home/users/fy22ayyy/ros2_ws/build/lab2/install.log --single-version-externally-managed
