[2.219s] DEBUG:colcon:Command line arguments: ['/usr/bin/colcon', 'build']
[2.219s] DEBUG:colcon:Parsed command line arguments: Namespace(log_base=None, log_level=None, verb_name='build', build_base='build', install_base='install', merge_install=False, symlink_install=False, test_result_base=None, continue_on_error=False, executor='parallel', parallel_workers=16, event_handlers=None, ignore_user_meta=False, metas=['./colcon.meta'], base_paths=['.'], packages_ignore=None, packages_ignore_regex=None, paths=None, packages_up_to=None, packages_up_to_regex=None, packages_above=None, packages_above_and_dependencies=None, packages_above_depth=None, packages_select_by_dep=None, packages_skip_by_dep=None, packages_skip_up_to=None, packages_select_build_failed=False, packages_skip_build_finished=False, packages_select_test_failures=False, packages_skip_test_passed=False, packages_select=None, packages_skip=None, packages_select_regex=None, packages_skip_regex=None, packages_start=None, packages_end=None, allow_overriding=[], cmake_args=None, cmake_target=None, cmake_target_skip_unavailable=False, cmake_clean_cache=False, cmake_clean_first=False, cmake_force_configure=False, ament_cmake_args=None, catkin_cmake_args=None, catkin_skip_building_tests=False, verb_parser=<colcon_defaults.argument_parser.defaults.DefaultArgumentsDecorator object at 0x7fe2a9a35cc0>, verb_extension=<colcon_core.verb.build.BuildVerb object at 0x7fe2a9cf1f90>, main=<bound method BuildVerb.main of <colcon_core.verb.build.BuildVerb object at 0x7fe2a9cf1f90>>)
[2.404s] Level 1:colcon.colcon_core.package_discovery:discover_packages(colcon_meta) check parameters
[2.405s] Level 1:colcon.colcon_core.package_discovery:discover_packages(recursive) check parameters
[2.405s] Level 1:colcon.colcon_core.package_discovery:discover_packages(ignore) check parameters
[2.405s] Level 1:colcon.colcon_core.package_discovery:discover_packages(path) check parameters
[2.405s] Level 1:colcon.colcon_core.package_discovery:discover_packages(colcon_meta) discover
[2.405s] Level 1:colcon.colcon_core.package_discovery:discover_packages(recursive) discover
[2.405s] INFO:colcon.colcon_core.package_discovery:Crawling recursively for packages in '/uolstore/home/users/fy22ayyy/ros2_ws'
[2.406s] Level 1:colcon.colcon_core.package_identification:_identify(.) by extensions ['ignore', 'ignore_ament_install']
[2.406s] Level 1:colcon.colcon_core.package_identification:_identify(.) by extension 'ignore'
[2.407s] Level 1:colcon.colcon_core.package_identification:_identify(.) by extension 'ignore_ament_install'
[2.408s] Level 1:colcon.colcon_core.package_identification:_identify(.) by extensions ['colcon_pkg']
[2.408s] Level 1:colcon.colcon_core.package_identification:_identify(.) by extension 'colcon_pkg'
[2.408s] Level 1:colcon.colcon_core.package_identification:_identify(.) by extensions ['colcon_meta']
[2.408s] Level 1:colcon.colcon_core.package_identification:_identify(.) by extension 'colcon_meta'
[2.409s] Level 1:colcon.colcon_core.package_identification:_identify(.) by extensions ['ros']
[2.409s] Level 1:colcon.colcon_core.package_identification:_identify(.) by extension 'ros'
[2.432s] Level 1:colcon.colcon_core.package_identification:_identify(.) by extensions ['cmake', 'python']
[2.432s] Level 1:colcon.colcon_core.package_identification:_identify(.) by extension 'cmake'
[2.432s] Level 1:colcon.colcon_core.package_identification:_identify(.) by extension 'python'
[2.432s] Level 1:colcon.colcon_core.package_identification:_identify(.) by extensions ['python_setup_py']
[2.432s] Level 1:colcon.colcon_core.package_identification:_identify(.) by extension 'python_setup_py'
[2.433s] Level 1:colcon.colcon_core.package_identification:_identify(build) by extensions ['ignore', 'ignore_ament_install']
[2.433s] Level 1:colcon.colcon_core.package_identification:_identify(build) by extension 'ignore'
[2.433s] Level 1:colcon.colcon_core.package_identification:_identify(build) ignored
[2.434s] Level 1:colcon.colcon_core.package_identification:_identify(install) by extensions ['ignore', 'ignore_ament_install']
[2.434s] Level 1:colcon.colcon_core.package_identification:_identify(install) by extension 'ignore'
[2.434s] Level 1:colcon.colcon_core.package_identification:_identify(install) ignored
[2.441s] Level 1:colcon.colcon_core.package_identification:_identify(log) by extensions ['ignore', 'ignore_ament_install']
[2.441s] Level 1:colcon.colcon_core.package_identification:_identify(log) by extension 'ignore'
[2.442s] Level 1:colcon.colcon_core.package_identification:_identify(log) ignored
[2.442s] Level 1:colcon.colcon_core.package_identification:_identify(src) by extensions ['ignore', 'ignore_ament_install']
[2.443s] Level 1:colcon.colcon_core.package_identification:_identify(src) by extension 'ignore'
[2.443s] Level 1:colcon.colcon_core.package_identification:_identify(src) by extension 'ignore_ament_install'
[2.445s] Level 1:colcon.colcon_core.package_identification:_identify(src) by extensions ['colcon_pkg']
[2.445s] Level 1:colcon.colcon_core.package_identification:_identify(src) by extension 'colcon_pkg'
[2.445s] Level 1:colcon.colcon_core.package_identification:_identify(src) by extensions ['colcon_meta']
[2.446s] Level 1:colcon.colcon_core.package_identification:_identify(src) by extension 'colcon_meta'
[2.446s] Level 1:colcon.colcon_core.package_identification:_identify(src) by extensions ['ros']
[2.446s] Level 1:colcon.colcon_core.package_identification:_identify(src) by extension 'ros'
[2.447s] Level 1:colcon.colcon_core.package_identification:_identify(src) by extensions ['cmake', 'python']
[2.447s] Level 1:colcon.colcon_core.package_identification:_identify(src) by extension 'cmake'
[2.447s] Level 1:colcon.colcon_core.package_identification:_identify(src) by extension 'python'
[2.448s] Level 1:colcon.colcon_core.package_identification:_identify(src) by extensions ['python_setup_py']
[2.449s] Level 1:colcon.colcon_core.package_identification:_identify(src) by extension 'python_setup_py'
[2.449s] Level 1:colcon.colcon_core.package_identification:_identify(src/build) by extensions ['ignore', 'ignore_ament_install']
[2.450s] Level 1:colcon.colcon_core.package_identification:_identify(src/build) by extension 'ignore'
[2.450s] Level 1:colcon.colcon_core.package_identification:_identify(src/build) ignored
[2.451s] Level 1:colcon.colcon_core.package_identification:_identify(src/install) by extensions ['ignore', 'ignore_ament_install']
[2.452s] Level 1:colcon.colcon_core.package_identification:_identify(src/install) by extension 'ignore'
[2.452s] Level 1:colcon.colcon_core.package_identification:_identify(src/install) ignored
[2.453s] Level 1:colcon.colcon_core.package_identification:_identify(src/lab1) by extensions ['ignore', 'ignore_ament_install']
[2.453s] Level 1:colcon.colcon_core.package_identification:_identify(src/lab1) by extension 'ignore'
[2.454s] Level 1:colcon.colcon_core.package_identification:_identify(src/lab1) by extension 'ignore_ament_install'
[2.455s] Level 1:colcon.colcon_core.package_identification:_identify(src/lab1) by extensions ['colcon_pkg']
[2.456s] Level 1:colcon.colcon_core.package_identification:_identify(src/lab1) by extension 'colcon_pkg'
[2.456s] Level 1:colcon.colcon_core.package_identification:_identify(src/lab1) by extensions ['colcon_meta']
[2.456s] Level 1:colcon.colcon_core.package_identification:_identify(src/lab1) by extension 'colcon_meta'
[2.457s] Level 1:colcon.colcon_core.package_identification:_identify(src/lab1) by extensions ['ros']
[2.457s] Level 1:colcon.colcon_core.package_identification:_identify(src/lab1) by extension 'ros'
[2.462s] DEBUG:colcon.colcon_core.package_identification:Package 'src/lab1' with type 'ros.ament_python' and name 'lab1'
[2.462s] Level 1:colcon.colcon_core.package_identification:_identify(src/lab2) by extensions ['ignore', 'ignore_ament_install']
[2.462s] Level 1:colcon.colcon_core.package_identification:_identify(src/lab2) by extension 'ignore'
[2.463s] Level 1:colcon.colcon_core.package_identification:_identify(src/lab2) by extension 'ignore_ament_install'
[2.464s] Level 1:colcon.colcon_core.package_identification:_identify(src/lab2) by extensions ['colcon_pkg']
[2.465s] Level 1:colcon.colcon_core.package_identification:_identify(src/lab2) by extension 'colcon_pkg'
[2.465s] Level 1:colcon.colcon_core.package_identification:_identify(src/lab2) by extensions ['colcon_meta']
[2.466s] Level 1:colcon.colcon_core.package_identification:_identify(src/lab2) by extension 'colcon_meta'
[2.466s] Level 1:colcon.colcon_core.package_identification:_identify(src/lab2) by extensions ['ros']
[2.466s] Level 1:colcon.colcon_core.package_identification:_identify(src/lab2) by extension 'ros'
[2.469s] DEBUG:colcon.colcon_core.package_identification:Package 'src/lab2' with type 'ros.ament_python' and name 'lab2'
[2.469s] Level 1:colcon.colcon_core.package_identification:_identify(src/lab3) by extensions ['ignore', 'ignore_ament_install']
[2.470s] Level 1:colcon.colcon_core.package_identification:_identify(src/lab3) by extension 'ignore'
[2.471s] Level 1:colcon.colcon_core.package_identification:_identify(src/lab3) by extension 'ignore_ament_install'
[2.472s] Level 1:colcon.colcon_core.package_identification:_identify(src/lab3) by extensions ['colcon_pkg']
[2.472s] Level 1:colcon.colcon_core.package_identification:_identify(src/lab3) by extension 'colcon_pkg'
[2.472s] Level 1:colcon.colcon_core.package_identification:_identify(src/lab3) by extensions ['colcon_meta']
[2.473s] Level 1:colcon.colcon_core.package_identification:_identify(src/lab3) by extension 'colcon_meta'
[2.473s] Level 1:colcon.colcon_core.package_identification:_identify(src/lab3) by extensions ['ros']
[2.473s] Level 1:colcon.colcon_core.package_identification:_identify(src/lab3) by extension 'ros'
[2.476s] DEBUG:colcon.colcon_core.package_identification:Package 'src/lab3' with type 'ros.ament_python' and name 'lab3'
[2.477s] Level 1:colcon.colcon_core.package_identification:_identify(src/lab4) by extensions ['ignore', 'ignore_ament_install']
[2.477s] Level 1:colcon.colcon_core.package_identification:_identify(src/lab4) by extension 'ignore'
[2.477s] Level 1:colcon.colcon_core.package_identification:_identify(src/lab4) by extension 'ignore_ament_install'
[2.478s] Level 1:colcon.colcon_core.package_identification:_identify(src/lab4) by extensions ['colcon_pkg']
[2.478s] Level 1:colcon.colcon_core.package_identification:_identify(src/lab4) by extension 'colcon_pkg'
[2.479s] Level 1:colcon.colcon_core.package_identification:_identify(src/lab4) by extensions ['colcon_meta']
[2.480s] Level 1:colcon.colcon_core.package_identification:_identify(src/lab4) by extension 'colcon_meta'
[2.480s] Level 1:colcon.colcon_core.package_identification:_identify(src/lab4) by extensions ['ros']
[2.480s] Level 1:colcon.colcon_core.package_identification:_identify(src/lab4) by extension 'ros'
[2.483s] DEBUG:colcon.colcon_core.package_identification:Package 'src/lab4' with type 'ros.ament_python' and name 'lab4'
[2.484s] Level 1:colcon.colcon_core.package_identification:_identify(src/log) by extensions ['ignore', 'ignore_ament_install']
[2.484s] Level 1:colcon.colcon_core.package_identification:_identify(src/log) by extension 'ignore'
[2.485s] Level 1:colcon.colcon_core.package_identification:_identify(src/log) ignored
[2.485s] Level 1:colcon.colcon_core.package_identification:_identify(src/turtlebot3_simulations) by extensions ['ignore', 'ignore_ament_install']
[2.486s] Level 1:colcon.colcon_core.package_identification:_identify(src/turtlebot3_simulations) by extension 'ignore'
[2.487s] Level 1:colcon.colcon_core.package_identification:_identify(src/turtlebot3_simulations) by extension 'ignore_ament_install'
[2.488s] Level 1:colcon.colcon_core.package_identification:_identify(src/turtlebot3_simulations) by extensions ['colcon_pkg']
[2.488s] Level 1:colcon.colcon_core.package_identification:_identify(src/turtlebot3_simulations) by extension 'colcon_pkg'
[2.488s] Level 1:colcon.colcon_core.package_identification:_identify(src/turtlebot3_simulations) by extensions ['colcon_meta']
[2.489s] Level 1:colcon.colcon_core.package_identification:_identify(src/turtlebot3_simulations) by extension 'colcon_meta'
[2.489s] Level 1:colcon.colcon_core.package_identification:_identify(src/turtlebot3_simulations) by extensions ['ros']
[2.489s] Level 1:colcon.colcon_core.package_identification:_identify(src/turtlebot3_simulations) by extension 'ros'
[2.491s] Level 1:colcon.colcon_core.package_identification:_identify(src/turtlebot3_simulations) by extensions ['cmake', 'python']
[2.491s] Level 1:colcon.colcon_core.package_identification:_identify(src/turtlebot3_simulations) by extension 'cmake'
[2.491s] Level 1:colcon.colcon_core.package_identification:_identify(src/turtlebot3_simulations) by extension 'python'
[2.492s] Level 1:colcon.colcon_core.package_identification:_identify(src/turtlebot3_simulations) by extensions ['python_setup_py']
[2.492s] Level 1:colcon.colcon_core.package_identification:_identify(src/turtlebot3_simulations) by extension 'python_setup_py'
[2.493s] Level 1:colcon.colcon_core.package_identification:_identify(src/turtlebot3_simulations/turtlebot3_fake_node) by extensions ['ignore', 'ignore_ament_install']
[2.494s] Level 1:colcon.colcon_core.package_identification:_identify(src/turtlebot3_simulations/turtlebot3_fake_node) by extension 'ignore'
[2.494s] Level 1:colcon.colcon_core.package_identification:_identify(src/turtlebot3_simulations/turtlebot3_fake_node) by extension 'ignore_ament_install'
[2.495s] Level 1:colcon.colcon_core.package_identification:_identify(src/turtlebot3_simulations/turtlebot3_fake_node) by extensions ['colcon_pkg']
[2.496s] Level 1:colcon.colcon_core.package_identification:_identify(src/turtlebot3_simulations/turtlebot3_fake_node) by extension 'colcon_pkg'
[2.496s] Level 1:colcon.colcon_core.package_identification:_identify(src/turtlebot3_simulations/turtlebot3_fake_node) by extensions ['colcon_meta']
[2.497s] Level 1:colcon.colcon_core.package_identification:_identify(src/turtlebot3_simulations/turtlebot3_fake_node) by extension 'colcon_meta'
[2.497s] Level 1:colcon.colcon_core.package_identification:_identify(src/turtlebot3_simulations/turtlebot3_fake_node) by extensions ['ros']
[2.497s] Level 1:colcon.colcon_core.package_identification:_identify(src/turtlebot3_simulations/turtlebot3_fake_node) by extension 'ros'
[2.500s] DEBUG:colcon.colcon_core.package_identification:Package 'src/turtlebot3_simulations/turtlebot3_fake_node' with type 'ros.ament_cmake' and name 'turtlebot3_fake_node'
[2.501s] Level 1:colcon.colcon_core.package_identification:_identify(src/turtlebot3_simulations/turtlebot3_gazebo) by extensions ['ignore', 'ignore_ament_install']
[2.501s] Level 1:colcon.colcon_core.package_identification:_identify(src/turtlebot3_simulations/turtlebot3_gazebo) by extension 'ignore'
[2.502s] Level 1:colcon.colcon_core.package_identification:_identify(src/turtlebot3_simulations/turtlebot3_gazebo) by extension 'ignore_ament_install'
[2.503s] Level 1:colcon.colcon_core.package_identification:_identify(src/turtlebot3_simulations/turtlebot3_gazebo) by extensions ['colcon_pkg']
[2.503s] Level 1:colcon.colcon_core.package_identification:_identify(src/turtlebot3_simulations/turtlebot3_gazebo) by extension 'colcon_pkg'
[2.504s] Level 1:colcon.colcon_core.package_identification:_identify(src/turtlebot3_simulations/turtlebot3_gazebo) by extensions ['colcon_meta']
[2.504s] Level 1:colcon.colcon_core.package_identification:_identify(src/turtlebot3_simulations/turtlebot3_gazebo) by extension 'colcon_meta'
[2.504s] Level 1:colcon.colcon_core.package_identification:_identify(src/turtlebot3_simulations/turtlebot3_gazebo) by extensions ['ros']
[2.504s] Level 1:colcon.colcon_core.package_identification:_identify(src/turtlebot3_simulations/turtlebot3_gazebo) by extension 'ros'
[2.509s] DEBUG:colcon.colcon_core.package_identification:Package 'src/turtlebot3_simulations/turtlebot3_gazebo' with type 'ros.ament_cmake' and name 'turtlebot3_gazebo'
[2.509s] Level 1:colcon.colcon_core.package_identification:_identify(src/turtlebot3_simulations/turtlebot3_simulations) by extensions ['ignore', 'ignore_ament_install']
[2.510s] Level 1:colcon.colcon_core.package_identification:_identify(src/turtlebot3_simulations/turtlebot3_simulations) by extension 'ignore'
[2.510s] Level 1:colcon.colcon_core.package_identification:_identify(src/turtlebot3_simulations/turtlebot3_simulations) by extension 'ignore_ament_install'
[2.512s] Level 1:colcon.colcon_core.package_identification:_identify(src/turtlebot3_simulations/turtlebot3_simulations) by extensions ['colcon_pkg']
[2.512s] Level 1:colcon.colcon_core.package_identification:_identify(src/turtlebot3_simulations/turtlebot3_simulations) by extension 'colcon_pkg'
[2.512s] Level 1:colcon.colcon_core.package_identification:_identify(src/turtlebot3_simulations/turtlebot3_simulations) by extensions ['colcon_meta']
[2.513s] Level 1:colcon.colcon_core.package_identification:_identify(src/turtlebot3_simulations/turtlebot3_simulations) by extension 'colcon_meta'
[2.513s] Level 1:colcon.colcon_core.package_identification:_identify(src/turtlebot3_simulations/turtlebot3_simulations) by extensions ['ros']
[2.513s] Level 1:colcon.colcon_core.package_identification:_identify(src/turtlebot3_simulations/turtlebot3_simulations) by extension 'ros'
[2.516s] DEBUG:colcon.colcon_core.package_identification:Package 'src/turtlebot3_simulations/turtlebot3_simulations' with type 'ros.ament_cmake' and name 'turtlebot3_simulations'
[2.516s] Level 1:colcon.colcon_core.package_discovery:discover_packages(recursive) using defaults
[2.517s] Level 1:colcon.colcon_core.package_discovery:discover_packages(ignore) discover
[2.517s] Level 1:colcon.colcon_core.package_discovery:discover_packages(ignore) using defaults
[2.517s] Level 1:colcon.colcon_core.package_discovery:discover_packages(path) discover
[2.517s] Level 1:colcon.colcon_core.package_discovery:discover_packages(path) using defaults
[2.857s] Level 1:colcon.colcon_core.package_discovery:discover_packages(prefix_path) check parameters
[2.857s] Level 1:colcon.colcon_core.package_discovery:discover_packages(prefix_path) discover
[2.866s] Level 1:colcon.colcon_core.package_discovery:discover_packages(prefix_path) using defaults
[2.883s] Level 5:colcon.colcon_core.verb:set package 'lab1' build argument 'cmake_args' from command line to 'None'
[2.883s] Level 5:colcon.colcon_core.verb:set package 'lab1' build argument 'cmake_target' from command line to 'None'
[2.883s] Level 5:colcon.colcon_core.verb:set package 'lab1' build argument 'cmake_target_skip_unavailable' from command line to 'False'
[2.884s] Level 5:colcon.colcon_core.verb:set package 'lab1' build argument 'cmake_clean_cache' from command line to 'False'
[2.884s] Level 5:colcon.colcon_core.verb:set package 'lab1' build argument 'cmake_clean_first' from command line to 'False'
[2.884s] Level 5:colcon.colcon_core.verb:set package 'lab1' build argument 'cmake_force_configure' from command line to 'False'
[2.884s] Level 5:colcon.colcon_core.verb:set package 'lab1' build argument 'ament_cmake_args' from command line to 'None'
[2.884s] Level 5:colcon.colcon_core.verb:set package 'lab1' build argument 'catkin_cmake_args' from command line to 'None'
[2.884s] Level 5:colcon.colcon_core.verb:set package 'lab1' build argument 'catkin_skip_building_tests' from command line to 'False'
[2.884s] DEBUG:colcon.colcon_core.verb:Building package 'lab1' with the following arguments: {'ament_cmake_args': None, 'build_base': '/uolstore/home/users/fy22ayyy/ros2_ws/build/lab1', 'catkin_cmake_args': None, 'catkin_skip_building_tests': False, 'cmake_args': None, 'cmake_clean_cache': False, 'cmake_clean_first': False, 'cmake_force_configure': False, 'cmake_target': None, 'cmake_target_skip_unavailable': False, 'install_base': '/uolstore/home/users/fy22ayyy/ros2_ws/install/lab1', 'merge_install': False, 'path': '/uolstore/home/users/fy22ayyy/ros2_ws/src/lab1', 'symlink_install': False, 'test_result_base': None}
[2.892s] Level 5:colcon.colcon_core.verb:set package 'lab2' build argument 'cmake_args' from command line to 'None'
[2.892s] Level 5:colcon.colcon_core.verb:set package 'lab2' build argument 'cmake_target' from command line to 'None'
[2.892s] Level 5:colcon.colcon_core.verb:set package 'lab2' build argument 'cmake_target_skip_unavailable' from command line to 'False'
[2.893s] Level 5:colcon.colcon_core.verb:set package 'lab2' build argument 'cmake_clean_cache' from command line to 'False'
[2.893s] Level 5:colcon.colcon_core.verb:set package 'lab2' build argument 'cmake_clean_first' from command line to 'False'
[2.893s] Level 5:colcon.colcon_core.verb:set package 'lab2' build argument 'cmake_force_configure' from command line to 'False'
[2.893s] Level 5:colcon.colcon_core.verb:set package 'lab2' build argument 'ament_cmake_args' from command line to 'None'
[2.893s] Level 5:colcon.colcon_core.verb:set package 'lab2' build argument 'catkin_cmake_args' from command line to 'None'
[2.893s] Level 5:colcon.colcon_core.verb:set package 'lab2' build argument 'catkin_skip_building_tests' from command line to 'False'
[2.893s] DEBUG:colcon.colcon_core.verb:Building package 'lab2' with the following arguments: {'ament_cmake_args': None, 'build_base': '/uolstore/home/users/fy22ayyy/ros2_ws/build/lab2', 'catkin_cmake_args': None, 'catkin_skip_building_tests': False, 'cmake_args': None, 'cmake_clean_cache': False, 'cmake_clean_first': False, 'cmake_force_configure': False, 'cmake_target': None, 'cmake_target_skip_unavailable': False, 'install_base': '/uolstore/home/users/fy22ayyy/ros2_ws/install/lab2', 'merge_install': False, 'path': '/uolstore/home/users/fy22ayyy/ros2_ws/src/lab2', 'symlink_install': False, 'test_result_base': None}
[2.901s] Level 5:colcon.colcon_core.verb:set package 'lab3' build argument 'cmake_args' from command line to 'None'
[2.901s] Level 5:colcon.colcon_core.verb:set package 'lab3' build argument 'cmake_target' from command line to 'None'
[2.901s] Level 5:colcon.colcon_core.verb:set package 'lab3' build argument 'cmake_target_skip_unavailable' from command line to 'False'
[2.901s] Level 5:colcon.colcon_core.verb:set package 'lab3' build argument 'cmake_clean_cache' from command line to 'False'
[2.901s] Level 5:colcon.colcon_core.verb:set package 'lab3' build argument 'cmake_clean_first' from command line to 'False'
[2.902s] Level 5:colcon.colcon_core.verb:set package 'lab3' build argument 'cmake_force_configure' from command line to 'False'
[2.902s] Level 5:colcon.colcon_core.verb:set package 'lab3' build argument 'ament_cmake_args' from command line to 'None'
[2.902s] Level 5:colcon.colcon_core.verb:set package 'lab3' build argument 'catkin_cmake_args' from command line to 'None'
[2.902s] Level 5:colcon.colcon_core.verb:set package 'lab3' build argument 'catkin_skip_building_tests' from command line to 'False'
[2.902s] DEBUG:colcon.colcon_core.verb:Building package 'lab3' with the following arguments: {'ament_cmake_args': None, 'build_base': '/uolstore/home/users/fy22ayyy/ros2_ws/build/lab3', 'catkin_cmake_args': None, 'catkin_skip_building_tests': False, 'cmake_args': None, 'cmake_clean_cache': False, 'cmake_clean_first': False, 'cmake_force_configure': False, 'cmake_target': None, 'cmake_target_skip_unavailable': False, 'install_base': '/uolstore/home/users/fy22ayyy/ros2_ws/install/lab3', 'merge_install': False, 'path': '/uolstore/home/users/fy22ayyy/ros2_ws/src/lab3', 'symlink_install': False, 'test_result_base': None}
[2.910s] Level 5:colcon.colcon_core.verb:set package 'lab4' build argument 'cmake_args' from command line to 'None'
[2.910s] Level 5:colcon.colcon_core.verb:set package 'lab4' build argument 'cmake_target' from command line to 'None'
[2.910s] Level 5:colcon.colcon_core.verb:set package 'lab4' build argument 'cmake_target_skip_unavailable' from command line to 'False'
[2.910s] Level 5:colcon.colcon_core.verb:set package 'lab4' build argument 'cmake_clean_cache' from command line to 'False'
[2.910s] Level 5:colcon.colcon_core.verb:set package 'lab4' build argument 'cmake_clean_first' from command line to 'False'
[2.910s] Level 5:colcon.colcon_core.verb:set package 'lab4' build argument 'cmake_force_configure' from command line to 'False'
[2.910s] Level 5:colcon.colcon_core.verb:set package 'lab4' build argument 'ament_cmake_args' from command line to 'None'
[2.910s] Level 5:colcon.colcon_core.verb:set package 'lab4' build argument 'catkin_cmake_args' from command line to 'None'
[2.910s] Level 5:colcon.colcon_core.verb:set package 'lab4' build argument 'catkin_skip_building_tests' from command line to 'False'
[2.910s] DEBUG:colcon.colcon_core.verb:Building package 'lab4' with the following arguments: {'ament_cmake_args': None, 'build_base': '/uolstore/home/users/fy22ayyy/ros2_ws/build/lab4', 'catkin_cmake_args': None, 'catkin_skip_building_tests': False, 'cmake_args': None, 'cmake_clean_cache': False, 'cmake_clean_first': False, 'cmake_force_configure': False, 'cmake_target': None, 'cmake_target_skip_unavailable': False, 'install_base': '/uolstore/home/users/fy22ayyy/ros2_ws/install/lab4', 'merge_install': False, 'path': '/uolstore/home/users/fy22ayyy/ros2_ws/src/lab4', 'symlink_install': False, 'test_result_base': None}
[2.919s] Level 5:colcon.colcon_core.verb:set package 'turtlebot3_fake_node' build argument 'cmake_args' from command line to 'None'
[2.919s] Level 5:colcon.colcon_core.verb:set package 'turtlebot3_fake_node' build argument 'cmake_target' from command line to 'None'
[2.919s] Level 5:colcon.colcon_core.verb:set package 'turtlebot3_fake_node' build argument 'cmake_target_skip_unavailable' from command line to 'False'
[2.920s] Level 5:colcon.colcon_core.verb:set package 'turtlebot3_fake_node' build argument 'cmake_clean_cache' from command line to 'False'
[2.920s] Level 5:colcon.colcon_core.verb:set package 'turtlebot3_fake_node' build argument 'cmake_clean_first' from command line to 'False'
[2.920s] Level 5:colcon.colcon_core.verb:set package 'turtlebot3_fake_node' build argument 'cmake_force_configure' from command line to 'False'
[2.920s] Level 5:colcon.colcon_core.verb:set package 'turtlebot3_fake_node' build argument 'ament_cmake_args' from command line to 'None'
[2.920s] Level 5:colcon.colcon_core.verb:set package 'turtlebot3_fake_node' build argument 'catkin_cmake_args' from command line to 'None'
[2.920s] Level 5:colcon.colcon_core.verb:set package 'turtlebot3_fake_node' build argument 'catkin_skip_building_tests' from command line to 'False'
[2.920s] DEBUG:colcon.colcon_core.verb:Building package 'turtlebot3_fake_node' with the following arguments: {'ament_cmake_args': None, 'build_base': '/uolstore/home/users/fy22ayyy/ros2_ws/build/turtlebot3_fake_node', 'catkin_cmake_args': None, 'catkin_skip_building_tests': False, 'cmake_args': None, 'cmake_clean_cache': False, 'cmake_clean_first': False, 'cmake_force_configure': False, 'cmake_target': None, 'cmake_target_skip_unavailable': False, 'install_base': '/uolstore/home/users/fy22ayyy/ros2_ws/install/turtlebot3_fake_node', 'merge_install': False, 'path': '/uolstore/home/users/fy22ayyy/ros2_ws/src/turtlebot3_simulations/turtlebot3_fake_node', 'symlink_install': False, 'test_result_base': None}
[2.928s] Level 5:colcon.colcon_core.verb:set package 'turtlebot3_gazebo' build argument 'cmake_args' from command line to 'None'
[2.928s] Level 5:colcon.colcon_core.verb:set package 'turtlebot3_gazebo' build argument 'cmake_target' from command line to 'None'
[2.928s] Level 5:colcon.colcon_core.verb:set package 'turtlebot3_gazebo' build argument 'cmake_target_skip_unavailable' from command line to 'False'
[2.928s] Level 5:colcon.colcon_core.verb:set package 'turtlebot3_gazebo' build argument 'cmake_clean_cache' from command line to 'False'
[2.928s] Level 5:colcon.colcon_core.verb:set package 'turtlebot3_gazebo' build argument 'cmake_clean_first' from command line to 'False'
[2.928s] Level 5:colcon.colcon_core.verb:set package 'turtlebot3_gazebo' build argument 'cmake_force_configure' from command line to 'False'
[2.928s] Level 5:colcon.colcon_core.verb:set package 'turtlebot3_gazebo' build argument 'ament_cmake_args' from command line to 'None'
[2.928s] Level 5:colcon.colcon_core.verb:set package 'turtlebot3_gazebo' build argument 'catkin_cmake_args' from command line to 'None'
[2.928s] Level 5:colcon.colcon_core.verb:set package 'turtlebot3_gazebo' build argument 'catkin_skip_building_tests' from command line to 'False'
[2.929s] DEBUG:colcon.colcon_core.verb:Building package 'turtlebot3_gazebo' with the following arguments: {'ament_cmake_args': None, 'build_base': '/uolstore/home/users/fy22ayyy/ros2_ws/build/turtlebot3_gazebo', 'catkin_cmake_args': None, 'catkin_skip_building_tests': False, 'cmake_args': None, 'cmake_clean_cache': False, 'cmake_clean_first': False, 'cmake_force_configure': False, 'cmake_target': None, 'cmake_target_skip_unavailable': False, 'install_base': '/uolstore/home/users/fy22ayyy/ros2_ws/install/turtlebot3_gazebo', 'merge_install': False, 'path': '/uolstore/home/users/fy22ayyy/ros2_ws/src/turtlebot3_simulations/turtlebot3_gazebo', 'symlink_install': False, 'test_result_base': None}
[2.936s] Level 5:colcon.colcon_core.verb:set package 'turtlebot3_simulations' build argument 'cmake_args' from command line to 'None'
[2.936s] Level 5:colcon.colcon_core.verb:set package 'turtlebot3_simulations' build argument 'cmake_target' from command line to 'None'
[2.937s] Level 5:colcon.colcon_core.verb:set package 'turtlebot3_simulations' build argument 'cmake_target_skip_unavailable' from command line to 'False'
[2.937s] Level 5:colcon.colcon_core.verb:set package 'turtlebot3_simulations' build argument 'cmake_clean_cache' from command line to 'False'
[2.937s] Level 5:colcon.colcon_core.verb:set package 'turtlebot3_simulations' build argument 'cmake_clean_first' from command line to 'False'
[2.937s] Level 5:colcon.colcon_core.verb:set package 'turtlebot3_simulations' build argument 'cmake_force_configure' from command line to 'False'
[2.937s] Level 5:colcon.colcon_core.verb:set package 'turtlebot3_simulations' build argument 'ament_cmake_args' from command line to 'None'
[2.937s] Level 5:colcon.colcon_core.verb:set package 'turtlebot3_simulations' build argument 'catkin_cmake_args' from command line to 'None'
[2.937s] Level 5:colcon.colcon_core.verb:set package 'turtlebot3_simulations' build argument 'catkin_skip_building_tests' from command line to 'False'
[2.937s] DEBUG:colcon.colcon_core.verb:Building package 'turtlebot3_simulations' with the following arguments: {'ament_cmake_args': None, 'build_base': '/uolstore/home/users/fy22ayyy/ros2_ws/build/turtlebot3_simulations', 'catkin_cmake_args': None, 'catkin_skip_building_tests': False, 'cmake_args': None, 'cmake_clean_cache': False, 'cmake_clean_first': False, 'cmake_force_configure': False, 'cmake_target': None, 'cmake_target_skip_unavailable': False, 'install_base': '/uolstore/home/users/fy22ayyy/ros2_ws/install/turtlebot3_simulations', 'merge_install': False, 'path': '/uolstore/home/users/fy22ayyy/ros2_ws/src/turtlebot3_simulations/turtlebot3_simulations', 'symlink_install': False, 'test_result_base': None}
[2.945s] INFO:colcon.colcon_core.executor:Executing jobs using 'parallel' executor
[2.953s] DEBUG:colcon.colcon_parallel_executor.executor.parallel:run_until_complete
[2.953s] INFO:colcon.colcon_ros.task.ament_cmake.build:Building ROS package in '/uolstore/home/users/fy22ayyy/ros2_ws/src/turtlebot3_simulations/turtlebot3_fake_node' with build type 'ament_cmake'
[2.954s] INFO:colcon.colcon_cmake.task.cmake.build:Building CMake package in '/uolstore/home/users/fy22ayyy/ros2_ws/src/turtlebot3_simulations/turtlebot3_fake_node'
[2.965s] INFO:colcon.colcon_core.plugin_system:Skipping extension 'colcon_core.shell.bat': Not used on non-Windows systems
[2.965s] INFO:colcon.colcon_core.shell:Skip shell extension 'powershell' for command environment: Not usable outside of PowerShell
[2.966s] DEBUG:colcon.colcon_core.shell:Skip shell extension 'dsv' for command environment
[3.011s] INFO:colcon.colcon_ros.task.ament_cmake.build:Building ROS package in '/uolstore/home/users/fy22ayyy/ros2_ws/src/turtlebot3_simulations/turtlebot3_gazebo' with build type 'ament_cmake'
[3.012s] INFO:colcon.colcon_cmake.task.cmake.build:Building CMake package in '/uolstore/home/users/fy22ayyy/ros2_ws/src/turtlebot3_simulations/turtlebot3_gazebo'
[3.021s] INFO:colcon.colcon_core.shell:Skip shell extension 'powershell' for command environment: Not usable outside of PowerShell
[3.021s] DEBUG:colcon.colcon_core.shell:Skip shell extension 'dsv' for command environment
[3.034s] INFO:colcon.colcon_ros.task.ament_python.build:Building ROS package in '/uolstore/home/users/fy22ayyy/ros2_ws/src/lab1' with build type 'ament_python'
[3.034s] Level 1:colcon.colcon_core.shell:create_environment_hook('lab1', 'ament_prefix_path')
[3.043s] INFO:colcon.colcon_core.shell:Creating environment hook '/uolstore/home/users/fy22ayyy/ros2_ws/install/lab1/share/lab1/hook/ament_prefix_path.ps1'
[3.047s] INFO:colcon.colcon_core.shell:Creating environment descriptor '/uolstore/home/users/fy22ayyy/ros2_ws/install/lab1/share/lab1/hook/ament_prefix_path.dsv'
[3.051s] INFO:colcon.colcon_core.shell:Creating environment hook '/uolstore/home/users/fy22ayyy/ros2_ws/install/lab1/share/lab1/hook/ament_prefix_path.sh'
[3.064s] INFO:colcon.colcon_core.shell:Skip shell extension 'powershell' for command environment: Not usable outside of PowerShell
[3.064s] DEBUG:colcon.colcon_core.shell:Skip shell extension 'dsv' for command environment
[3.077s] INFO:colcon.colcon_ros.task.ament_python.build:Building ROS package in '/uolstore/home/users/fy22ayyy/ros2_ws/src/lab2' with build type 'ament_python'
[3.077s] Level 1:colcon.colcon_core.shell:create_environment_hook('lab2', 'ament_prefix_path')
[3.086s] INFO:colcon.colcon_core.shell:Creating environment hook '/uolstore/home/users/fy22ayyy/ros2_ws/install/lab2/share/lab2/hook/ament_prefix_path.ps1'
[3.089s] INFO:colcon.colcon_core.shell:Creating environment descriptor '/uolstore/home/users/fy22ayyy/ros2_ws/install/lab2/share/lab2/hook/ament_prefix_path.dsv'
[3.093s] INFO:colcon.colcon_core.shell:Creating environment hook '/uolstore/home/users/fy22ayyy/ros2_ws/install/lab2/share/lab2/hook/ament_prefix_path.sh'
[3.105s] INFO:colcon.colcon_core.shell:Skip shell extension 'powershell' for command environment: Not usable outside of PowerShell
[3.105s] DEBUG:colcon.colcon_core.shell:Skip shell extension 'dsv' for command environment
[3.117s] INFO:colcon.colcon_ros.task.ament_python.build:Building ROS package in '/uolstore/home/users/fy22ayyy/ros2_ws/src/lab3' with build type 'ament_python'
[3.117s] Level 1:colcon.colcon_core.shell:create_environment_hook('lab3', 'ament_prefix_path')
[3.126s] INFO:colcon.colcon_core.shell:Creating environment hook '/uolstore/home/users/fy22ayyy/ros2_ws/install/lab3/share/lab3/hook/ament_prefix_path.ps1'
[3.130s] INFO:colcon.colcon_core.shell:Creating environment descriptor '/uolstore/home/users/fy22ayyy/ros2_ws/install/lab3/share/lab3/hook/ament_prefix_path.dsv'
[3.133s] INFO:colcon.colcon_core.shell:Creating environment hook '/uolstore/home/users/fy22ayyy/ros2_ws/install/lab3/share/lab3/hook/ament_prefix_path.sh'
[3.145s] INFO:colcon.colcon_core.shell:Skip shell extension 'powershell' for command environment: Not usable outside of PowerShell
[3.145s] DEBUG:colcon.colcon_core.shell:Skip shell extension 'dsv' for command environment
[3.158s] INFO:colcon.colcon_ros.task.ament_python.build:Building ROS package in '/uolstore/home/users/fy22ayyy/ros2_ws/src/lab4' with build type 'ament_python'
[3.158s] Level 1:colcon.colcon_core.shell:create_environment_hook('lab4', 'ament_prefix_path')
[3.168s] INFO:colcon.colcon_core.shell:Creating environment hook '/uolstore/home/users/fy22ayyy/ros2_ws/install/lab4/share/lab4/hook/ament_prefix_path.ps1'
[3.176s] INFO:colcon.colcon_core.shell:Creating environment descriptor '/uolstore/home/users/fy22ayyy/ros2_ws/install/lab4/share/lab4/hook/ament_prefix_path.dsv'
[3.179s] INFO:colcon.colcon_core.shell:Creating environment hook '/uolstore/home/users/fy22ayyy/ros2_ws/install/lab4/share/lab4/hook/ament_prefix_path.sh'
[3.190s] INFO:colcon.colcon_core.shell:Skip shell extension 'powershell' for command environment: Not usable outside of PowerShell
[3.190s] DEBUG:colcon.colcon_core.shell:Skip shell extension 'dsv' for command environment
[3.240s] DEBUG:colcon.colcon_core.event_handler.log_command:Invoking command in '/uolstore/home/users/fy22ayyy/ros2_ws/build/turtlebot3_fake_node': PS1=[COMP3631] Singularity> \w $ /usr/bin/cmake --build /uolstore/home/users/fy22ayyy/ros2_ws/build/turtlebot3_fake_node -- -j16 -l16
[3.258s] DEBUG:colcon.colcon_core.event_handler.log_command:Invoking command in '/uolstore/home/users/fy22ayyy/ros2_ws/build/turtlebot3_gazebo': PS1=[COMP3631] Singularity> \w $ /usr/bin/cmake --build /uolstore/home/users/fy22ayyy/ros2_ws/build/turtlebot3_gazebo -- -j16 -l16
[3.473s] INFO:colcon.colcon_core.task.python.build:Building Python package in '/uolstore/home/users/fy22ayyy/ros2_ws/src/lab1'
[3.481s] INFO:colcon.colcon_core.shell:Skip shell extension 'powershell' for command environment: Not usable outside of PowerShell
[3.481s] DEBUG:colcon.colcon_core.shell:Skip shell extension 'dsv' for command environment
[3.705s] INFO:colcon.colcon_core.task.python.build:Building Python package in '/uolstore/home/users/fy22ayyy/ros2_ws/src/lab2'
[3.714s] INFO:colcon.colcon_core.shell:Skip shell extension 'powershell' for command environment: Not usable outside of PowerShell
[3.714s] DEBUG:colcon.colcon_core.shell:Skip shell extension 'dsv' for command environment
[3.941s] INFO:colcon.colcon_core.task.python.build:Building Python package in '/uolstore/home/users/fy22ayyy/ros2_ws/src/lab3'
[3.950s] INFO:colcon.colcon_core.shell:Skip shell extension 'powershell' for command environment: Not usable outside of PowerShell
[3.950s] DEBUG:colcon.colcon_core.shell:Skip shell extension 'dsv' for command environment
[4.188s] INFO:colcon.colcon_core.task.python.build:Building Python package in '/uolstore/home/users/fy22ayyy/ros2_ws/src/lab4'
[4.196s] INFO:colcon.colcon_core.shell:Skip shell extension 'powershell' for command environment: Not usable outside of PowerShell
[4.196s] DEBUG:colcon.colcon_core.shell:Skip shell extension 'dsv' for command environment
[4.782s] DEBUG:colcon.colcon_core.event_handler.log_command:Invoked command in '/uolstore/home/users/fy22ayyy/ros2_ws/build/turtlebot3_fake_node' returned '0': PS1=[COMP3631] Singularity> \w $ /usr/bin/cmake --build /uolstore/home/users/fy22ayyy/ros2_ws/build/turtlebot3_fake_node -- -j16 -l16
[4.839s] DEBUG:colcon.colcon_core.event_handler.log_command:Invoking command in '/uolstore/home/users/fy22ayyy/ros2_ws/build/turtlebot3_fake_node': PS1=[COMP3631] Singularity> \w $ /usr/bin/cmake --install /uolstore/home/users/fy22ayyy/ros2_ws/build/turtlebot3_fake_node
[4.861s] DEBUG:colcon.colcon_core.event_handler.log_command:Invoked command in '/uolstore/home/users/fy22ayyy/ros2_ws/build/turtlebot3_gazebo' returned '0': PS1=[COMP3631] Singularity> \w $ /usr/bin/cmake --build /uolstore/home/users/fy22ayyy/ros2_ws/build/turtlebot3_gazebo -- -j16 -l16
[4.903s] DEBUG:colcon.colcon_core.event_handler.log_command:Invoking command in '/uolstore/home/users/fy22ayyy/ros2_ws/build/turtlebot3_gazebo': PS1=[COMP3631] Singularity> \w $ /usr/bin/cmake --install /uolstore/home/users/fy22ayyy/ros2_ws/build/turtlebot3_gazebo
[4.921s] Level 1:colcon.colcon_core.environment:create_environment_scripts_only(turtlebot3_fake_node)
[4.923s] DEBUG:colcon.colcon_core.event_handler.log_command:Invoking command in '/uolstore/home/users/fy22ayyy/ros2_ws/src/lab1': PS1=[COMP3631] Singularity> \w $ PYTHONPATH=/uolstore/home/users/fy22ayyy/ros2_ws/build/lab1/prefix_override:/uolstore/home/users/fy22ayyy/ros2_ws/install/lab1/lib/python3.10/site-packages: /usr/bin/python3 setup.py egg_info --egg-base ../../build/lab1 build --build-base /uolstore/home/users/fy22ayyy/ros2_ws/build/lab1/build install --record /uolstore/home/users/fy22ayyy/ros2_ws/build/lab1/install.log --single-version-externally-managed
[4.931s] DEBUG:colcon.colcon_core.event_handler.log_command:Invoking command in '/uolstore/home/users/fy22ayyy/ros2_ws/src/lab4': PS1=[COMP3631] Singularity> \w $ PYTHONPATH=/uolstore/home/users/fy22ayyy/ros2_ws/build/lab4/prefix_override:/uolstore/home/users/fy22ayyy/ros2_ws/install/lab4/lib/python3.10/site-packages: /usr/bin/python3 setup.py egg_info --egg-base ../../build/lab4 build --build-base /uolstore/home/users/fy22ayyy/ros2_ws/build/lab4/build install --record /uolstore/home/users/fy22ayyy/ros2_ws/build/lab4/install.log --single-version-externally-managed
[4.931s] DEBUG:colcon.colcon_core.event_handler.log_command:Invoked command in '/uolstore/home/users/fy22ayyy/ros2_ws/build/turtlebot3_fake_node' returned '0': PS1=[COMP3631] Singularity> \w $ /usr/bin/cmake --install /uolstore/home/users/fy22ayyy/ros2_ws/build/turtlebot3_fake_node
[4.937s] Level 1:colcon.colcon_core.environment:checking '/uolstore/home/users/fy22ayyy/ros2_ws/install/turtlebot3_fake_node' for CMake module files
[4.944s] Level 1:colcon.colcon_core.environment:checking '/uolstore/home/users/fy22ayyy/ros2_ws/install/turtlebot3_fake_node' for CMake config files
[4.949s] Level 1:colcon.colcon_core.shell:create_environment_hook('turtlebot3_fake_node', 'cmake_prefix_path')
[4.960s] INFO:colcon.colcon_core.shell:Creating environment hook '/uolstore/home/users/fy22ayyy/ros2_ws/install/turtlebot3_fake_node/share/turtlebot3_fake_node/hook/cmake_prefix_path.ps1'
[4.963s] INFO:colcon.colcon_core.shell:Creating environment descriptor '/uolstore/home/users/fy22ayyy/ros2_ws/install/turtlebot3_fake_node/share/turtlebot3_fake_node/hook/cmake_prefix_path.dsv'
[4.967s] INFO:colcon.colcon_core.shell:Creating environment hook '/uolstore/home/users/fy22ayyy/ros2_ws/install/turtlebot3_fake_node/share/turtlebot3_fake_node/hook/cmake_prefix_path.sh'
[4.971s] Level 1:colcon.colcon_core.environment:checking '/uolstore/home/users/fy22ayyy/ros2_ws/install/turtlebot3_fake_node/lib'
[4.972s] Level 1:colcon.colcon_core.environment:checking '/uolstore/home/users/fy22ayyy/ros2_ws/install/turtlebot3_fake_node/bin'
[4.972s] Level 1:colcon.colcon_core.environment:checking '/uolstore/home/users/fy22ayyy/ros2_ws/install/turtlebot3_fake_node/lib/pkgconfig/turtlebot3_fake_node.pc'
[4.972s] Level 1:colcon.colcon_core.environment:checking '/uolstore/home/users/fy22ayyy/ros2_ws/install/turtlebot3_fake_node/lib/python3.10/site-packages'
[4.973s] Level 1:colcon.colcon_core.environment:checking '/uolstore/home/users/fy22ayyy/ros2_ws/install/turtlebot3_fake_node/bin'
[4.983s] INFO:colcon.colcon_core.shell:Creating package script '/uolstore/home/users/fy22ayyy/ros2_ws/install/turtlebot3_fake_node/share/turtlebot3_fake_node/package.ps1'
[4.987s] INFO:colcon.colcon_core.shell:Creating package descriptor '/uolstore/home/users/fy22ayyy/ros2_ws/install/turtlebot3_fake_node/share/turtlebot3_fake_node/package.dsv'
[4.990s] INFO:colcon.colcon_core.shell:Creating package script '/uolstore/home/users/fy22ayyy/ros2_ws/install/turtlebot3_fake_node/share/turtlebot3_fake_node/package.sh'
[4.994s] INFO:colcon.colcon_core.shell:Creating package script '/uolstore/home/users/fy22ayyy/ros2_ws/install/turtlebot3_fake_node/share/turtlebot3_fake_node/package.bash'
[4.998s] INFO:colcon.colcon_core.shell:Creating package script '/uolstore/home/users/fy22ayyy/ros2_ws/install/turtlebot3_fake_node/share/turtlebot3_fake_node/package.zsh'
[5.002s] Level 1:colcon.colcon_core.environment:create_file_with_runtime_dependencies(/uolstore/home/users/fy22ayyy/ros2_ws/install/turtlebot3_fake_node/share/colcon-core/packages/turtlebot3_fake_node)
[5.021s] DEBUG:colcon.colcon_core.event_handler.log_command:Invoking command in '/uolstore/home/users/fy22ayyy/ros2_ws/src/lab2': PS1=[COMP3631] Singularity> \w $ PYTHONPATH=/uolstore/home/users/fy22ayyy/ros2_ws/build/lab2/prefix_override:/uolstore/home/users/fy22ayyy/ros2_ws/install/lab2/lib/python3.10/site-packages: /usr/bin/python3 setup.py egg_info --egg-base ../../build/lab2 build --build-base /uolstore/home/users/fy22ayyy/ros2_ws/build/lab2/build install --record /uolstore/home/users/fy22ayyy/ros2_ws/build/lab2/install.log --single-version-externally-managed
[5.029s] DEBUG:colcon.colcon_core.event_handler.log_command:Invoking command in '/uolstore/home/users/fy22ayyy/ros2_ws/src/lab3': PS1=[COMP3631] Singularity> \w $ PYTHONPATH=/uolstore/home/users/fy22ayyy/ros2_ws/build/lab3/prefix_override:/uolstore/home/users/fy22ayyy/ros2_ws/install/lab3/lib/python3.10/site-packages: /usr/bin/python3 setup.py egg_info --egg-base ../../build/lab3 build --build-base /uolstore/home/users/fy22ayyy/ros2_ws/build/lab3/build install --record /uolstore/home/users/fy22ayyy/ros2_ws/build/lab3/install.log --single-version-externally-managed
[5.052s] Level 1:colcon.colcon_core.environment:create_environment_scripts_only(turtlebot3_fake_node)
[5.061s] Level 1:colcon.colcon_core.environment:checking '/uolstore/home/users/fy22ayyy/ros2_ws/install/turtlebot3_fake_node' for CMake module files
[5.064s] Level 1:colcon.colcon_core.environment:checking '/uolstore/home/users/fy22ayyy/ros2_ws/install/turtlebot3_fake_node' for CMake config files
[5.068s] Level 1:colcon.colcon_core.shell:create_environment_hook('turtlebot3_fake_node', 'cmake_prefix_path')
[5.079s] INFO:colcon.colcon_core.shell:Creating environment hook '/uolstore/home/users/fy22ayyy/ros2_ws/install/turtlebot3_fake_node/share/turtlebot3_fake_node/hook/cmake_prefix_path.ps1'
[5.082s] INFO:colcon.colcon_core.shell:Creating environment descriptor '/uolstore/home/users/fy22ayyy/ros2_ws/install/turtlebot3_fake_node/share/turtlebot3_fake_node/hook/cmake_prefix_path.dsv'
[5.085s] INFO:colcon.colcon_core.shell:Creating environment hook '/uolstore/home/users/fy22ayyy/ros2_ws/install/turtlebot3_fake_node/share/turtlebot3_fake_node/hook/cmake_prefix_path.sh'
[5.089s] Level 1:colcon.colcon_core.environment:checking '/uolstore/home/users/fy22ayyy/ros2_ws/install/turtlebot3_fake_node/lib'
[5.090s] Level 1:colcon.colcon_core.environment:checking '/uolstore/home/users/fy22ayyy/ros2_ws/install/turtlebot3_fake_node/bin'
[5.090s] Level 1:colcon.colcon_core.environment:checking '/uolstore/home/users/fy22ayyy/ros2_ws/install/turtlebot3_fake_node/lib/pkgconfig/turtlebot3_fake_node.pc'
[5.090s] Level 1:colcon.colcon_core.environment:checking '/uolstore/home/users/fy22ayyy/ros2_ws/install/turtlebot3_fake_node/lib/python3.10/site-packages'
[5.090s] Level 1:colcon.colcon_core.environment:checking '/uolstore/home/users/fy22ayyy/ros2_ws/install/turtlebot3_fake_node/bin'
[5.105s] INFO:colcon.colcon_core.shell:Creating package script '/uolstore/home/users/fy22ayyy/ros2_ws/install/turtlebot3_fake_node/share/turtlebot3_fake_node/package.ps1'
[5.108s] INFO:colcon.colcon_core.shell:Creating package descriptor '/uolstore/home/users/fy22ayyy/ros2_ws/install/turtlebot3_fake_node/share/turtlebot3_fake_node/package.dsv'
[5.111s] INFO:colcon.colcon_core.shell:Creating package script '/uolstore/home/users/fy22ayyy/ros2_ws/install/turtlebot3_fake_node/share/turtlebot3_fake_node/package.sh'
[5.115s] INFO:colcon.colcon_core.shell:Creating package script '/uolstore/home/users/fy22ayyy/ros2_ws/install/turtlebot3_fake_node/share/turtlebot3_fake_node/package.bash'
[5.118s] INFO:colcon.colcon_core.shell:Creating package script '/uolstore/home/users/fy22ayyy/ros2_ws/install/turtlebot3_fake_node/share/turtlebot3_fake_node/package.zsh'
[5.121s] Level 1:colcon.colcon_core.environment:create_file_with_runtime_dependencies(/uolstore/home/users/fy22ayyy/ros2_ws/install/turtlebot3_fake_node/share/colcon-core/packages/turtlebot3_fake_node)
[5.344s] DEBUG:colcon.colcon_core.event_handler.log_command:Invoked command in '/uolstore/home/users/fy22ayyy/ros2_ws/src/lab1' returned '0': PS1=[COMP3631] Singularity> \w $ PYTHONPATH=/uolstore/home/users/fy22ayyy/ros2_ws/build/lab1/prefix_override:/uolstore/home/users/fy22ayyy/ros2_ws/install/lab1/lib/python3.10/site-packages: /usr/bin/python3 setup.py egg_info --egg-base ../../build/lab1 build --build-base /uolstore/home/users/fy22ayyy/ros2_ws/build/lab1/build install --record /uolstore/home/users/fy22ayyy/ros2_ws/build/lab1/install.log --single-version-externally-managed
[5.354s] Level 1:colcon.colcon_core.environment:checking '/uolstore/home/users/fy22ayyy/ros2_ws/install/lab1' for CMake module files
[5.365s] Level 1:colcon.colcon_core.environment:checking '/uolstore/home/users/fy22ayyy/ros2_ws/install/lab1' for CMake config files
[5.376s] Level 1:colcon.colcon_core.environment:checking '/uolstore/home/users/fy22ayyy/ros2_ws/install/lab1/lib'
[5.377s] Level 1:colcon.colcon_core.environment:checking '/uolstore/home/users/fy22ayyy/ros2_ws/install/lab1/bin'
[5.377s] Level 1:colcon.colcon_core.environment:checking '/uolstore/home/users/fy22ayyy/ros2_ws/install/lab1/lib/pkgconfig/lab1.pc'
[5.378s] Level 1:colcon.colcon_core.environment:checking '/uolstore/home/users/fy22ayyy/ros2_ws/install/lab1/lib/python3.10/site-packages'
[5.378s] Level 1:colcon.colcon_core.shell:create_environment_hook('lab1', 'pythonpath')
[5.389s] INFO:colcon.colcon_core.shell:Creating environment hook '/uolstore/home/users/fy22ayyy/ros2_ws/install/lab1/share/lab1/hook/pythonpath.ps1'
[5.394s] INFO:colcon.colcon_core.shell:Creating environment descriptor '/uolstore/home/users/fy22ayyy/ros2_ws/install/lab1/share/lab1/hook/pythonpath.dsv'
[5.398s] INFO:colcon.colcon_core.shell:Creating environment hook '/uolstore/home/users/fy22ayyy/ros2_ws/install/lab1/share/lab1/hook/pythonpath.sh'
[5.402s] Level 1:colcon.colcon_core.environment:checking '/uolstore/home/users/fy22ayyy/ros2_ws/install/lab1/bin'
[5.402s] Level 1:colcon.colcon_core.environment:create_environment_scripts_only(lab1)
[5.414s] INFO:colcon.colcon_core.shell:Creating package script '/uolstore/home/users/fy22ayyy/ros2_ws/install/lab1/share/lab1/package.ps1'
[5.417s] INFO:colcon.colcon_core.shell:Creating package descriptor '/uolstore/home/users/fy22ayyy/ros2_ws/install/lab1/share/lab1/package.dsv'
[5.421s] INFO:colcon.colcon_core.shell:Creating package script '/uolstore/home/users/fy22ayyy/ros2_ws/install/lab1/share/lab1/package.sh'
[5.424s] INFO:colcon.colcon_core.shell:Creating package script '/uolstore/home/users/fy22ayyy/ros2_ws/install/lab1/share/lab1/package.bash'
[5.428s] INFO:colcon.colcon_core.shell:Creating package script '/uolstore/home/users/fy22ayyy/ros2_ws/install/lab1/share/lab1/package.zsh'
[5.431s] Level 1:colcon.colcon_core.environment:create_file_with_runtime_dependencies(/uolstore/home/users/fy22ayyy/ros2_ws/install/lab1/share/colcon-core/packages/lab1)
[5.443s] Level 1:colcon.colcon_core.environment:checking '/uolstore/home/users/fy22ayyy/ros2_ws/install/lab4' for CMake module files
[5.444s] DEBUG:colcon.colcon_core.event_handler.log_command:Invoked command in '/uolstore/home/users/fy22ayyy/ros2_ws/src/lab4' returned '0': PS1=[COMP3631] Singularity> \w $ PYTHONPATH=/uolstore/home/users/fy22ayyy/ros2_ws/build/lab4/prefix_override:/uolstore/home/users/fy22ayyy/ros2_ws/install/lab4/lib/python3.10/site-packages: /usr/bin/python3 setup.py egg_info --egg-base ../../build/lab4 build --build-base /uolstore/home/users/fy22ayyy/ros2_ws/build/lab4/build install --record /uolstore/home/users/fy22ayyy/ros2_ws/build/lab4/install.log --single-version-externally-managed
[5.451s] Level 1:colcon.colcon_core.environment:checking '/uolstore/home/users/fy22ayyy/ros2_ws/install/lab4' for CMake config files
[5.466s] Level 1:colcon.colcon_core.environment:checking '/uolstore/home/users/fy22ayyy/ros2_ws/install/lab4/lib'
[5.466s] Level 1:colcon.colcon_core.environment:checking '/uolstore/home/users/fy22ayyy/ros2_ws/install/lab4/bin'
[5.466s] Level 1:colcon.colcon_core.environment:checking '/uolstore/home/users/fy22ayyy/ros2_ws/install/lab4/lib/pkgconfig/lab4.pc'
[5.467s] Level 1:colcon.colcon_core.environment:checking '/uolstore/home/users/fy22ayyy/ros2_ws/install/lab4/lib/python3.10/site-packages'
[5.467s] Level 1:colcon.colcon_core.shell:create_environment_hook('lab4', 'pythonpath')
[5.477s] INFO:colcon.colcon_core.shell:Creating environment hook '/uolstore/home/users/fy22ayyy/ros2_ws/install/lab4/share/lab4/hook/pythonpath.ps1'
[5.480s] INFO:colcon.colcon_core.shell:Creating environment descriptor '/uolstore/home/users/fy22ayyy/ros2_ws/install/lab4/share/lab4/hook/pythonpath.dsv'
[5.484s] INFO:colcon.colcon_core.shell:Creating environment hook '/uolstore/home/users/fy22ayyy/ros2_ws/install/lab4/share/lab4/hook/pythonpath.sh'
[5.488s] Level 1:colcon.colcon_core.environment:checking '/uolstore/home/users/fy22ayyy/ros2_ws/install/lab4/bin'
[5.488s] Level 1:colcon.colcon_core.environment:create_environment_scripts_only(lab4)
[5.497s] INFO:colcon.colcon_core.shell:Creating package script '/uolstore/home/users/fy22ayyy/ros2_ws/install/lab4/share/lab4/package.ps1'
[5.500s] INFO:colcon.colcon_core.shell:Creating package descriptor '/uolstore/home/users/fy22ayyy/ros2_ws/install/lab4/share/lab4/package.dsv'
[5.504s] INFO:colcon.colcon_core.shell:Creating package script '/uolstore/home/users/fy22ayyy/ros2_ws/install/lab4/share/lab4/package.sh'
[5.507s] INFO:colcon.colcon_core.shell:Creating package script '/uolstore/home/users/fy22ayyy/ros2_ws/install/lab4/share/lab4/package.bash'
[5.511s] INFO:colcon.colcon_core.shell:Creating package script '/uolstore/home/users/fy22ayyy/ros2_ws/install/lab4/share/lab4/package.zsh'
[5.514s] Level 1:colcon.colcon_core.environment:create_file_with_runtime_dependencies(/uolstore/home/users/fy22ayyy/ros2_ws/install/lab4/share/colcon-core/packages/lab4)
[5.524s] DEBUG:colcon.colcon_core.event_handler.log_command:Invoked command in '/uolstore/home/users/fy22ayyy/ros2_ws/src/lab3' returned '0': PS1=[COMP3631] Singularity> \w $ PYTHONPATH=/uolstore/home/users/fy22ayyy/ros2_ws/build/lab3/prefix_override:/uolstore/home/users/fy22ayyy/ros2_ws/install/lab3/lib/python3.10/site-packages: /usr/bin/python3 setup.py egg_info --egg-base ../../build/lab3 build --build-base /uolstore/home/users/fy22ayyy/ros2_ws/build/lab3/build install --record /uolstore/home/users/fy22ayyy/ros2_ws/build/lab3/install.log --single-version-externally-managed
[5.528s] Level 1:colcon.colcon_core.environment:checking '/uolstore/home/users/fy22ayyy/ros2_ws/install/lab3' for CMake module files
[5.537s] Level 1:colcon.colcon_core.environment:checking '/uolstore/home/users/fy22ayyy/ros2_ws/install/lab3' for CMake config files
[5.546s] Level 1:colcon.colcon_core.environment:checking '/uolstore/home/users/fy22ayyy/ros2_ws/install/lab3/lib'
[5.546s] Level 1:colcon.colcon_core.environment:checking '/uolstore/home/users/fy22ayyy/ros2_ws/install/lab3/bin'
[5.546s] Level 1:colcon.colcon_core.environment:checking '/uolstore/home/users/fy22ayyy/ros2_ws/install/lab3/lib/pkgconfig/lab3.pc'
[5.547s] Level 1:colcon.colcon_core.environment:checking '/uolstore/home/users/fy22ayyy/ros2_ws/install/lab3/lib/python3.10/site-packages'
[5.547s] Level 1:colcon.colcon_core.shell:create_environment_hook('lab3', 'pythonpath')
[5.557s] INFO:colcon.colcon_core.shell:Creating environment hook '/uolstore/home/users/fy22ayyy/ros2_ws/install/lab3/share/lab3/hook/pythonpath.ps1'
[5.561s] INFO:colcon.colcon_core.shell:Creating environment descriptor '/uolstore/home/users/fy22ayyy/ros2_ws/install/lab3/share/lab3/hook/pythonpath.dsv'
[5.565s] INFO:colcon.colcon_core.shell:Creating environment hook '/uolstore/home/users/fy22ayyy/ros2_ws/install/lab3/share/lab3/hook/pythonpath.sh'
[5.569s] Level 1:colcon.colcon_core.environment:checking '/uolstore/home/users/fy22ayyy/ros2_ws/install/lab3/bin'
[5.569s] Level 1:colcon.colcon_core.environment:create_environment_scripts_only(lab3)
[5.579s] INFO:colcon.colcon_core.shell:Creating package script '/uolstore/home/users/fy22ayyy/ros2_ws/install/lab3/share/lab3/package.ps1'
[5.582s] INFO:colcon.colcon_core.shell:Creating package descriptor '/uolstore/home/users/fy22ayyy/ros2_ws/install/lab3/share/lab3/package.dsv'
[5.585s] INFO:colcon.colcon_core.shell:Creating package script '/uolstore/home/users/fy22ayyy/ros2_ws/install/lab3/share/lab3/package.sh'
[5.589s] INFO:colcon.colcon_core.shell:Creating package script '/uolstore/home/users/fy22ayyy/ros2_ws/install/lab3/share/lab3/package.bash'
[5.592s] INFO:colcon.colcon_core.shell:Creating package script '/uolstore/home/users/fy22ayyy/ros2_ws/install/lab3/share/lab3/package.zsh'
[5.596s] Level 1:colcon.colcon_core.environment:create_file_with_runtime_dependencies(/uolstore/home/users/fy22ayyy/ros2_ws/install/lab3/share/colcon-core/packages/lab3)
[5.608s] Level 1:colcon.colcon_core.environment:checking '/uolstore/home/users/fy22ayyy/ros2_ws/install/lab2' for CMake module files
[5.609s] DEBUG:colcon.colcon_core.event_handler.log_command:Invoked command in '/uolstore/home/users/fy22ayyy/ros2_ws/src/lab2' returned '0': PS1=[COMP3631] Singularity> \w $ PYTHONPATH=/uolstore/home/users/fy22ayyy/ros2_ws/build/lab2/prefix_override:/uolstore/home/users/fy22ayyy/ros2_ws/install/lab2/lib/python3.10/site-packages: /usr/bin/python3 setup.py egg_info --egg-base ../../build/lab2 build --build-base /uolstore/home/users/fy22ayyy/ros2_ws/build/lab2/build install --record /uolstore/home/users/fy22ayyy/ros2_ws/build/lab2/install.log --single-version-externally-managed
[5.617s] Level 1:colcon.colcon_core.environment:checking '/uolstore/home/users/fy22ayyy/ros2_ws/install/lab2' for CMake config files
[5.628s] Level 1:colcon.colcon_core.environment:checking '/uolstore/home/users/fy22ayyy/ros2_ws/install/lab2/lib'
[5.628s] Level 1:colcon.colcon_core.environment:checking '/uolstore/home/users/fy22ayyy/ros2_ws/install/lab2/bin'
[5.628s] Level 1:colcon.colcon_core.environment:checking '/uolstore/home/users/fy22ayyy/ros2_ws/install/lab2/lib/pkgconfig/lab2.pc'
[5.629s] Level 1:colcon.colcon_core.environment:checking '/uolstore/home/users/fy22ayyy/ros2_ws/install/lab2/lib/python3.10/site-packages'
[5.629s] Level 1:colcon.colcon_core.shell:create_environment_hook('lab2', 'pythonpath')
[5.638s] INFO:colcon.colcon_core.shell:Creating environment hook '/uolstore/home/users/fy22ayyy/ros2_ws/install/lab2/share/lab2/hook/pythonpath.ps1'
[5.642s] INFO:colcon.colcon_core.shell:Creating environment descriptor '/uolstore/home/users/fy22ayyy/ros2_ws/install/lab2/share/lab2/hook/pythonpath.dsv'
[5.645s] INFO:colcon.colcon_core.shell:Creating environment hook '/uolstore/home/users/fy22ayyy/ros2_ws/install/lab2/share/lab2/hook/pythonpath.sh'
[5.649s] Level 1:colcon.colcon_core.environment:checking '/uolstore/home/users/fy22ayyy/ros2_ws/install/lab2/bin'
[5.650s] Level 1:colcon.colcon_core.environment:create_environment_scripts_only(lab2)
[5.659s] INFO:colcon.colcon_core.shell:Creating package script '/uolstore/home/users/fy22ayyy/ros2_ws/install/lab2/share/lab2/package.ps1'
[5.663s] INFO:colcon.colcon_core.shell:Creating package descriptor '/uolstore/home/users/fy22ayyy/ros2_ws/install/lab2/share/lab2/package.dsv'
[5.666s] INFO:colcon.colcon_core.shell:Creating package script '/uolstore/home/users/fy22ayyy/ros2_ws/install/lab2/share/lab2/package.sh'
[5.669s] INFO:colcon.colcon_core.shell:Creating package script '/uolstore/home/users/fy22ayyy/ros2_ws/install/lab2/share/lab2/package.bash'
[5.672s] INFO:colcon.colcon_core.shell:Creating package script '/uolstore/home/users/fy22ayyy/ros2_ws/install/lab2/share/lab2/package.zsh'
[5.676s] Level 1:colcon.colcon_core.environment:create_file_with_runtime_dependencies(/uolstore/home/users/fy22ayyy/ros2_ws/install/lab2/share/colcon-core/packages/lab2)
[5.679s] Level 1:colcon.colcon_core.environment:create_environment_scripts_only(turtlebot3_gazebo)
[5.685s] DEBUG:colcon.colcon_core.event_handler.log_command:Invoked command in '/uolstore/home/users/fy22ayyy/ros2_ws/build/turtlebot3_gazebo' returned '0': PS1=[COMP3631] Singularity> \w $ /usr/bin/cmake --install /uolstore/home/users/fy22ayyy/ros2_ws/build/turtlebot3_gazebo
[5.689s] Level 1:colcon.colcon_core.environment:checking '/uolstore/home/users/fy22ayyy/ros2_ws/install/turtlebot3_gazebo' for CMake module files
[5.696s] Level 1:colcon.colcon_core.environment:checking '/uolstore/home/users/fy22ayyy/ros2_ws/install/turtlebot3_gazebo' for CMake config files
[5.783s] Level 1:colcon.colcon_core.shell:create_environment_hook('turtlebot3_gazebo', 'cmake_prefix_path')
[5.793s] INFO:colcon.colcon_core.shell:Creating environment hook '/uolstore/home/users/fy22ayyy/ros2_ws/install/turtlebot3_gazebo/share/turtlebot3_gazebo/hook/cmake_prefix_path.ps1'
[5.796s] INFO:colcon.colcon_core.shell:Creating environment descriptor '/uolstore/home/users/fy22ayyy/ros2_ws/install/turtlebot3_gazebo/share/turtlebot3_gazebo/hook/cmake_prefix_path.dsv'
[5.799s] INFO:colcon.colcon_core.shell:Creating environment hook '/uolstore/home/users/fy22ayyy/ros2_ws/install/turtlebot3_gazebo/share/turtlebot3_gazebo/hook/cmake_prefix_path.sh'
[5.804s] Level 1:colcon.colcon_core.environment:checking '/uolstore/home/users/fy22ayyy/ros2_ws/install/turtlebot3_gazebo/lib'
[5.804s] Level 1:colcon.colcon_core.environment:checking '/uolstore/home/users/fy22ayyy/ros2_ws/install/turtlebot3_gazebo/bin'
[5.804s] Level 1:colcon.colcon_core.environment:checking '/uolstore/home/users/fy22ayyy/ros2_ws/install/turtlebot3_gazebo/lib/pkgconfig/turtlebot3_gazebo.pc'
[5.805s] Level 1:colcon.colcon_core.environment:checking '/uolstore/home/users/fy22ayyy/ros2_ws/install/turtlebot3_gazebo/lib/python3.10/site-packages'
[5.806s] Level 1:colcon.colcon_core.environment:checking '/uolstore/home/users/fy22ayyy/ros2_ws/install/turtlebot3_gazebo/bin'
[5.816s] INFO:colcon.colcon_core.shell:Creating package script '/uolstore/home/users/fy22ayyy/ros2_ws/install/turtlebot3_gazebo/share/turtlebot3_gazebo/package.ps1'
[5.819s] INFO:colcon.colcon_core.shell:Creating package descriptor '/uolstore/home/users/fy22ayyy/ros2_ws/install/turtlebot3_gazebo/share/turtlebot3_gazebo/package.dsv'
[5.823s] INFO:colcon.colcon_core.shell:Creating package script '/uolstore/home/users/fy22ayyy/ros2_ws/install/turtlebot3_gazebo/share/turtlebot3_gazebo/package.sh'
[5.826s] INFO:colcon.colcon_core.shell:Creating package script '/uolstore/home/users/fy22ayyy/ros2_ws/install/turtlebot3_gazebo/share/turtlebot3_gazebo/package.bash'
[5.831s] INFO:colcon.colcon_core.shell:Creating package script '/uolstore/home/users/fy22ayyy/ros2_ws/install/turtlebot3_gazebo/share/turtlebot3_gazebo/package.zsh'
[5.835s] Level 1:colcon.colcon_core.environment:create_file_with_runtime_dependencies(/uolstore/home/users/fy22ayyy/ros2_ws/install/turtlebot3_gazebo/share/colcon-core/packages/turtlebot3_gazebo)
[5.886s] Level 1:colcon.colcon_core.environment:create_environment_scripts_only(turtlebot3_gazebo)
[5.896s] Level 1:colcon.colcon_core.environment:checking '/uolstore/home/users/fy22ayyy/ros2_ws/install/turtlebot3_gazebo' for CMake module files
[5.898s] Level 1:colcon.colcon_core.environment:checking '/uolstore/home/users/fy22ayyy/ros2_ws/install/turtlebot3_gazebo' for CMake config files
[5.950s] Level 1:colcon.colcon_core.shell:create_environment_hook('turtlebot3_gazebo', 'cmake_prefix_path')
[5.959s] INFO:colcon.colcon_core.shell:Creating environment hook '/uolstore/home/users/fy22ayyy/ros2_ws/install/turtlebot3_gazebo/share/turtlebot3_gazebo/hook/cmake_prefix_path.ps1'
[5.963s] INFO:colcon.colcon_core.shell:Creating environment descriptor '/uolstore/home/users/fy22ayyy/ros2_ws/install/turtlebot3_gazebo/share/turtlebot3_gazebo/hook/cmake_prefix_path.dsv'
[5.966s] INFO:colcon.colcon_core.shell:Creating environment hook '/uolstore/home/users/fy22ayyy/ros2_ws/install/turtlebot3_gazebo/share/turtlebot3_gazebo/hook/cmake_prefix_path.sh'
[5.970s] Level 1:colcon.colcon_core.environment:checking '/uolstore/home/users/fy22ayyy/ros2_ws/install/turtlebot3_gazebo/lib'
[5.971s] Level 1:colcon.colcon_core.environment:checking '/uolstore/home/users/fy22ayyy/ros2_ws/install/turtlebot3_gazebo/bin'
[5.971s] Level 1:colcon.colcon_core.environment:checking '/uolstore/home/users/fy22ayyy/ros2_ws/install/turtlebot3_gazebo/lib/pkgconfig/turtlebot3_gazebo.pc'
[5.971s] Level 1:colcon.colcon_core.environment:checking '/uolstore/home/users/fy22ayyy/ros2_ws/install/turtlebot3_gazebo/lib/python3.10/site-packages'
[5.971s] Level 1:colcon.colcon_core.environment:checking '/uolstore/home/users/fy22ayyy/ros2_ws/install/turtlebot3_gazebo/bin'
[5.980s] INFO:colcon.colcon_core.shell:Creating package script '/uolstore/home/users/fy22ayyy/ros2_ws/install/turtlebot3_gazebo/share/turtlebot3_gazebo/package.ps1'
[5.984s] INFO:colcon.colcon_core.shell:Creating package descriptor '/uolstore/home/users/fy22ayyy/ros2_ws/install/turtlebot3_gazebo/share/turtlebot3_gazebo/package.dsv'
[5.987s] INFO:colcon.colcon_core.shell:Creating package script '/uolstore/home/users/fy22ayyy/ros2_ws/install/turtlebot3_gazebo/share/turtlebot3_gazebo/package.sh'
[5.990s] INFO:colcon.colcon_core.shell:Creating package script '/uolstore/home/users/fy22ayyy/ros2_ws/install/turtlebot3_gazebo/share/turtlebot3_gazebo/package.bash'
[5.993s] INFO:colcon.colcon_core.shell:Creating package script '/uolstore/home/users/fy22ayyy/ros2_ws/install/turtlebot3_gazebo/share/turtlebot3_gazebo/package.zsh'
[5.996s] Level 1:colcon.colcon_core.environment:create_file_with_runtime_dependencies(/uolstore/home/users/fy22ayyy/ros2_ws/install/turtlebot3_gazebo/share/colcon-core/packages/turtlebot3_gazebo)
[5.999s] INFO:colcon.colcon_ros.task.ament_cmake.build:Building ROS package in '/uolstore/home/users/fy22ayyy/ros2_ws/src/turtlebot3_simulations/turtlebot3_simulations' with build type 'ament_cmake'
[6.000s] INFO:colcon.colcon_cmake.task.cmake.build:Building CMake package in '/uolstore/home/users/fy22ayyy/ros2_ws/src/turtlebot3_simulations/turtlebot3_simulations'
[6.010s] INFO:colcon.colcon_core.shell:Skip shell extension 'powershell' for command environment: Not usable outside of PowerShell
[6.010s] DEBUG:colcon.colcon_core.shell:Skip shell extension 'dsv' for command environment
[6.062s] DEBUG:colcon.colcon_core.event_handler.log_command:Invoking command in '/uolstore/home/users/fy22ayyy/ros2_ws/build/turtlebot3_simulations': AMENT_PREFIX_PATH=/uolstore/home/users/fy22ayyy/ros2_ws/install/turtlebot3_gazebo:/uolstore/home/users/fy22ayyy/ros2_ws/install/turtlebot3_fake_node CMAKE_PREFIX_PATH=/uolstore/home/users/fy22ayyy/ros2_ws/install/turtlebot3_gazebo:/uolstore/home/users/fy22ayyy/ros2_ws/install/turtlebot3_fake_node PS1=[COMP3631] Singularity> \w $ /usr/bin/cmake --build /uolstore/home/users/fy22ayyy/ros2_ws/build/turtlebot3_simulations -- -j16 -l16
[6.119s] DEBUG:colcon.colcon_core.event_handler.log_command:Invoked command in '/uolstore/home/users/fy22ayyy/ros2_ws/build/turtlebot3_simulations' returned '0': AMENT_PREFIX_PATH=/uolstore/home/users/fy22ayyy/ros2_ws/install/turtlebot3_gazebo:/uolstore/home/users/fy22ayyy/ros2_ws/install/turtlebot3_fake_node CMAKE_PREFIX_PATH=/uolstore/home/users/fy22ayyy/ros2_ws/install/turtlebot3_gazebo:/uolstore/home/users/fy22ayyy/ros2_ws/install/turtlebot3_fake_node PS1=[COMP3631] Singularity> \w $ /usr/bin/cmake --build /uolstore/home/users/fy22ayyy/ros2_ws/build/turtlebot3_simulations -- -j16 -l16
[6.143s] DEBUG:colcon.colcon_core.event_handler.log_command:Invoking command in '/uolstore/home/users/fy22ayyy/ros2_ws/build/turtlebot3_simulations': AMENT_PREFIX_PATH=/uolstore/home/users/fy22ayyy/ros2_ws/install/turtlebot3_gazebo:/uolstore/home/users/fy22ayyy/ros2_ws/install/turtlebot3_fake_node CMAKE_PREFIX_PATH=/uolstore/home/users/fy22ayyy/ros2_ws/install/turtlebot3_gazebo:/uolstore/home/users/fy22ayyy/ros2_ws/install/turtlebot3_fake_node PS1=[COMP3631] Singularity> \w $ /usr/bin/cmake --install /uolstore/home/users/fy22ayyy/ros2_ws/build/turtlebot3_simulations
[6.186s] Level 1:colcon.colcon_core.environment:create_environment_scripts_only(turtlebot3_simulations)
[6.186s] DEBUG:colcon.colcon_core.event_handler.log_command:Invoked command in '/uolstore/home/users/fy22ayyy/ros2_ws/build/turtlebot3_simulations' returned '0': AMENT_PREFIX_PATH=/uolstore/home/users/fy22ayyy/ros2_ws/install/turtlebot3_gazebo:/uolstore/home/users/fy22ayyy/ros2_ws/install/turtlebot3_fake_node CMAKE_PREFIX_PATH=/uolstore/home/users/fy22ayyy/ros2_ws/install/turtlebot3_gazebo:/uolstore/home/users/fy22ayyy/ros2_ws/install/turtlebot3_fake_node PS1=[COMP3631] Singularity> \w $ /usr/bin/cmake --install /uolstore/home/users/fy22ayyy/ros2_ws/build/turtlebot3_simulations
[6.196s] Level 1:colcon.colcon_core.environment:checking '/uolstore/home/users/fy22ayyy/ros2_ws/install/turtlebot3_simulations' for CMake module files
[6.201s] Level 1:colcon.colcon_core.environment:checking '/uolstore/home/users/fy22ayyy/ros2_ws/install/turtlebot3_simulations' for CMake config files
[6.206s] Level 1:colcon.colcon_core.shell:create_environment_hook('turtlebot3_simulations', 'cmake_prefix_path')
[6.215s] INFO:colcon.colcon_core.shell:Creating environment hook '/uolstore/home/users/fy22ayyy/ros2_ws/install/turtlebot3_simulations/share/turtlebot3_simulations/hook/cmake_prefix_path.ps1'
[6.219s] INFO:colcon.colcon_core.shell:Creating environment descriptor '/uolstore/home/users/fy22ayyy/ros2_ws/install/turtlebot3_simulations/share/turtlebot3_simulations/hook/cmake_prefix_path.dsv'
[6.222s] INFO:colcon.colcon_core.shell:Creating environment hook '/uolstore/home/users/fy22ayyy/ros2_ws/install/turtlebot3_simulations/share/turtlebot3_simulations/hook/cmake_prefix_path.sh'
[6.226s] Level 1:colcon.colcon_core.environment:checking '/uolstore/home/users/fy22ayyy/ros2_ws/install/turtlebot3_simulations/bin'
[6.226s] Level 1:colcon.colcon_core.environment:checking '/uolstore/home/users/fy22ayyy/ros2_ws/install/turtlebot3_simulations/lib/pkgconfig/turtlebot3_simulations.pc'
[6.227s] Level 1:colcon.colcon_core.environment:checking '/uolstore/home/users/fy22ayyy/ros2_ws/install/turtlebot3_simulations/lib/python3.10/site-packages'
[6.227s] Level 1:colcon.colcon_core.environment:checking '/uolstore/home/users/fy22ayyy/ros2_ws/install/turtlebot3_simulations/bin'
[6.238s] INFO:colcon.colcon_core.shell:Creating package script '/uolstore/home/users/fy22ayyy/ros2_ws/install/turtlebot3_simulations/share/turtlebot3_simulations/package.ps1'
[6.241s] INFO:colcon.colcon_core.shell:Creating package descriptor '/uolstore/home/users/fy22ayyy/ros2_ws/install/turtlebot3_simulations/share/turtlebot3_simulations/package.dsv'
[6.244s] INFO:colcon.colcon_core.shell:Creating package script '/uolstore/home/users/fy22ayyy/ros2_ws/install/turtlebot3_simulations/share/turtlebot3_simulations/package.sh'
[6.248s] INFO:colcon.colcon_core.shell:Creating package script '/uolstore/home/users/fy22ayyy/ros2_ws/install/turtlebot3_simulations/share/turtlebot3_simulations/package.bash'
[6.251s] INFO:colcon.colcon_core.shell:Creating package script '/uolstore/home/users/fy22ayyy/ros2_ws/install/turtlebot3_simulations/share/turtlebot3_simulations/package.zsh'
[6.254s] Level 1:colcon.colcon_core.environment:create_file_with_runtime_dependencies(/uolstore/home/users/fy22ayyy/ros2_ws/install/turtlebot3_simulations/share/colcon-core/packages/turtlebot3_simulations)
[6.287s] Level 1:colcon.colcon_core.environment:create_environment_scripts_only(turtlebot3_simulations)
[6.296s] Level 1:colcon.colcon_core.environment:checking '/uolstore/home/users/fy22ayyy/ros2_ws/install/turtlebot3_simulations' for CMake module files
[6.297s] Level 1:colcon.colcon_core.environment:checking '/uolstore/home/users/fy22ayyy/ros2_ws/install/turtlebot3_simulations' for CMake config files
[6.301s] Level 1:colcon.colcon_core.shell:create_environment_hook('turtlebot3_simulations', 'cmake_prefix_path')
[6.310s] INFO:colcon.colcon_core.shell:Creating environment hook '/uolstore/home/users/fy22ayyy/ros2_ws/install/turtlebot3_simulations/share/turtlebot3_simulations/hook/cmake_prefix_path.ps1'
[6.313s] INFO:colcon.colcon_core.shell:Creating environment descriptor '/uolstore/home/users/fy22ayyy/ros2_ws/install/turtlebot3_simulations/share/turtlebot3_simulations/hook/cmake_prefix_path.dsv'
[6.316s] INFO:colcon.colcon_core.shell:Creating environment hook '/uolstore/home/users/fy22ayyy/ros2_ws/install/turtlebot3_simulations/share/turtlebot3_simulations/hook/cmake_prefix_path.sh'
[6.320s] Level 1:colcon.colcon_core.environment:checking '/uolstore/home/users/fy22ayyy/ros2_ws/install/turtlebot3_simulations/bin'
[6.320s] Level 1:colcon.colcon_core.environment:checking '/uolstore/home/users/fy22ayyy/ros2_ws/install/turtlebot3_simulations/lib/pkgconfig/turtlebot3_simulations.pc'
[6.321s] Level 1:colcon.colcon_core.environment:checking '/uolstore/home/users/fy22ayyy/ros2_ws/install/turtlebot3_simulations/lib/python3.10/site-packages'
[6.321s] Level 1:colcon.colcon_core.environment:checking '/uolstore/home/users/fy22ayyy/ros2_ws/install/turtlebot3_simulations/bin'
[6.336s] INFO:colcon.colcon_core.shell:Creating package script '/uolstore/home/users/fy22ayyy/ros2_ws/install/turtlebot3_simulations/share/turtlebot3_simulations/package.ps1'
[6.392s] INFO:colcon.colcon_core.shell:Creating package descriptor '/uolstore/home/users/fy22ayyy/ros2_ws/install/turtlebot3_simulations/share/turtlebot3_simulations/package.dsv'
[6.395s] INFO:colcon.colcon_core.shell:Creating package script '/uolstore/home/users/fy22ayyy/ros2_ws/install/turtlebot3_simulations/share/turtlebot3_simulations/package.sh'
[6.399s] INFO:colcon.colcon_core.shell:Creating package script '/uolstore/home/users/fy22ayyy/ros2_ws/install/turtlebot3_simulations/share/turtlebot3_simulations/package.bash'
[6.402s] INFO:colcon.colcon_core.shell:Creating package script '/uolstore/home/users/fy22ayyy/ros2_ws/install/turtlebot3_simulations/share/turtlebot3_simulations/package.zsh'
[6.405s] Level 1:colcon.colcon_core.environment:create_file_with_runtime_dependencies(/uolstore/home/users/fy22ayyy/ros2_ws/install/turtlebot3_simulations/share/colcon-core/packages/turtlebot3_simulations)
[6.408s] DEBUG:colcon.colcon_parallel_executor.executor.parallel:closing loop
[6.409s] DEBUG:colcon.colcon_parallel_executor.executor.parallel:loop closed
[6.409s] DEBUG:colcon.colcon_parallel_executor.executor.parallel:run_until_complete finished with '0'
[6.409s] DEBUG:colcon.colcon_core.event_reactor:joining thread
[6.580s] INFO:colcon.colcon_core.plugin_system:Skipping extension 'colcon_notification.desktop_notification.notify_send': Could not find 'notify-send'
[6.580s] INFO:colcon.colcon_core.plugin_system:Skipping extension 'colcon_notification.desktop_notification.terminal_notifier': Not used on non-Darwin systems
[6.580s] INFO:colcon.colcon_core.plugin_system:Skipping extension 'colcon_notification.desktop_notification.win32': Not used on non-Windows systems
[6.580s] INFO:colcon.colcon_notification.desktop_notification:Sending desktop notification using 'notify2'
[6.596s] DEBUG:colcon.colcon_core.event_reactor:joined thread
[6.606s] INFO:colcon.colcon_core.shell:Creating prefix script '/uolstore/home/users/fy22ayyy/ros2_ws/install/local_setup.ps1'
[6.610s] INFO:colcon.colcon_core.shell:Creating prefix util module '/uolstore/home/users/fy22ayyy/ros2_ws/install/_local_setup_util_ps1.py'
[6.615s] INFO:colcon.colcon_core.shell:Creating prefix chain script '/uolstore/home/users/fy22ayyy/ros2_ws/install/setup.ps1'
[6.628s] INFO:colcon.colcon_core.shell:Creating prefix script '/uolstore/home/users/fy22ayyy/ros2_ws/install/local_setup.sh'
[6.632s] INFO:colcon.colcon_core.shell:Creating prefix util module '/uolstore/home/users/fy22ayyy/ros2_ws/install/_local_setup_util_sh.py'
[6.636s] INFO:colcon.colcon_core.shell:Creating prefix chain script '/uolstore/home/users/fy22ayyy/ros2_ws/install/setup.sh'
[6.649s] INFO:colcon.colcon_core.shell:Creating prefix script '/uolstore/home/users/fy22ayyy/ros2_ws/install/local_setup.bash'
[6.653s] INFO:colcon.colcon_core.shell:Creating prefix chain script '/uolstore/home/users/fy22ayyy/ros2_ws/install/setup.bash'
[6.665s] INFO:colcon.colcon_core.shell:Creating prefix script '/uolstore/home/users/fy22ayyy/ros2_ws/install/local_setup.zsh'
[6.668s] INFO:colcon.colcon_core.shell:Creating prefix chain script '/uolstore/home/users/fy22ayyy/ros2_ws/install/setup.zsh'
