[0.945s] Invoking command in '/uolstore/home/student_lnxhome01/fy22ayyy/ros2_ws/src/lab1': PS1=[COMP3631] Singularity> \w $ PYTHONPATH=/uolstore/home/student_lnxhome01/fy22ayyy/ros2_ws/build/lab1/prefix_override:/uolstore/home/student_lnxhome01/fy22ayyy/ros2_ws/install/lab1/lib/python3.10/site-packages: /usr/bin/python3 setup.py egg_info --egg-base ../../build/lab1 build --build-base /uolstore/home/student_lnxhome01/fy22ayyy/ros2_ws/build/lab1/build install --record /uolstore/home/student_lnxhome01/fy22ayyy/ros2_ws/build/lab1/install.log --single-version-externally-managed
[1.166s] running egg_info
[1.167s] writing ../../build/lab1/lab1.egg-info/PKG-INFO
[1.171s] writing dependency_links to ../../build/lab1/lab1.egg-info/dependency_links.txt
[1.176s] writing entry points to ../../build/lab1/lab1.egg-info/entry_points.txt
[1.179s] writing requirements to ../../build/lab1/lab1.egg-info/requires.txt
[1.183s] writing top-level names to ../../build/lab1/lab1.egg-info/top_level.txt
[1.190s] reading manifest file '../../build/lab1/lab1.egg-info/SOURCES.txt'
[1.195s] writing manifest file '../../build/lab1/lab1.egg-info/SOURCES.txt'
[1.197s] running build
[1.197s] running build_py
[1.198s] running install
[1.199s] running install_lib
[1.201s] running install_data
[1.201s] running install_egg_info
[1.202s] removing '/uolstore/home/student_lnxhome01/fy22ayyy/ros2_ws/install/lab1/lib/python3.10/site-packages/lab1-0.0.0-py3.10.egg-info' (and everything under it)
[1.213s] Copying ../../build/lab1/lab1.egg-info to /uolstore/home/student_lnxhome01/fy22ayyy/ros2_ws/install/lab1/lib/python3.10/site-packages/lab1-0.0.0-py3.10.egg-info
[1.257s] running install_scripts
[1.276s] Installing hello script to /uolstore/home/student_lnxhome01/fy22ayyy/ros2_ws/install/lab1/lib/lab1
[1.279s] writing list of installed files to '/uolstore/home/student_lnxhome01/fy22ayyy/ros2_ws/build/lab1/install.log'
[1.299s] Invoked command in '/uolstore/home/student_lnxhome01/fy22ayyy/ros2_ws/src/lab1' returned '0': PS1=[COMP3631] Singularity> \w $ PYTHONPATH=/uolstore/home/student_lnxhome01/fy22ayyy/ros2_ws/build/lab1/prefix_override:/uolstore/home/student_lnxhome01/fy22ayyy/ros2_ws/install/lab1/lib/python3.10/site-packages: /usr/bin/python3 setup.py egg_info --egg-base ../../build/lab1 build --build-base /uolstore/home/student_lnxhome01/fy22ayyy/ros2_ws/build/lab1/build install --record /uolstore/home/student_lnxhome01/fy22ayyy/ros2_ws/build/lab1/install.log --single-version-externally-managed
