[1.944s] Invoking command in '/uolstore/home/users/fy22ayyy/ros2_ws/src/lab2': PS1=[COMP3631] Singularity> \w $ PYTHONPATH=/uolstore/home/users/fy22ayyy/ros2_ws/build/lab2/prefix_override:/uolstore/home/users/fy22ayyy/ros2_ws/install/lab2/lib/python3.10/site-packages: /usr/bin/python3 setup.py egg_info --egg-base ../../build/lab2 build --build-base /uolstore/home/users/fy22ayyy/ros2_ws/build/lab2/build install --record /uolstore/home/users/fy22ayyy/ros2_ws/build/lab2/install.log --single-version-externally-managed
[2.201s] running egg_info
[2.202s] writing ../../build/lab2/lab2.egg-info/PKG-INFO
[2.207s] writing dependency_links to ../../build/lab2/lab2.egg-info/dependency_links.txt
[2.212s] writing entry points to ../../build/lab2/lab2.egg-info/entry_points.txt
[2.216s] writing requirements to ../../build/lab2/lab2.egg-info/requires.txt
[2.220s] writing top-level names to ../../build/lab2/lab2.egg-info/top_level.txt
[2.234s] reading manifest file '../../build/lab2/lab2.egg-info/SOURCES.txt'
[2.241s] writing manifest file '../../build/lab2/lab2.egg-info/SOURCES.txt'
[2.243s] running build
[2.243s] running build_py
[2.245s] running install
[2.245s] running install_lib
[2.251s] running install_data
[2.252s] running install_egg_info
[2.254s] removing '/uolstore/home/users/fy22ayyy/ros2_ws/install/lab2/lib/python3.10/site-packages/lab2-0.0.0-py3.10.egg-info' (and everything under it)
[2.266s] Copying ../../build/lab2/lab2.egg-info to /uolstore/home/users/fy22ayyy/ros2_ws/install/lab2/lib/python3.10/site-packages/lab2-0.0.0-py3.10.egg-info
[2.329s] running install_scripts
[2.349s] Installing listener script to /uolstore/home/users/fy22ayyy/ros2_ws/install/lab2/lib/lab2
[2.353s] Installing numeric_listener script to /uolstore/home/users/fy22ayyy/ros2_ws/install/lab2/lib/lab2
[2.367s] Installing numeric_talker script to /uolstore/home/users/fy22ayyy/ros2_ws/install/lab2/lib/lab2
[2.367s] Installing talker script to /uolstore/home/users/fy22ayyy/ros2_ws/install/lab2/lib/lab2
[2.368s] writing list of installed files to '/uolstore/home/users/fy22ayyy/ros2_ws/build/lab2/install.log'
[2.532s] Invoked command in '/uolstore/home/users/fy22ayyy/ros2_ws/src/lab2' returned '0': PS1=[COMP3631] Singularity> \w $ PYTHONPATH=/uolstore/home/users/fy22ayyy/ros2_ws/build/lab2/prefix_override:/uolstore/home/users/fy22ayyy/ros2_ws/install/lab2/lib/python3.10/site-packages: /usr/bin/python3 setup.py egg_info --egg-base ../../build/lab2 build --build-base /uolstore/home/users/fy22ayyy/ros2_ws/build/lab2/build install --record /uolstore/home/users/fy22ayyy/ros2_ws/build/lab2/install.log --single-version-externally-managed
