[0.754s] DEBUG:colcon:Command line arguments: ['/usr/bin/colcon', 'build']
[0.754s] DEBUG:colcon:Parsed command line arguments: Namespace(log_base=None, log_level=None, verb_name='build', build_base='build', install_base='install', merge_install=False, symlink_install=False, test_result_base=None, continue_on_error=False, executor='parallel', parallel_workers=16, event_handlers=None, ignore_user_meta=False, metas=['./colcon.meta'], base_paths=['.'], packages_ignore=None, packages_ignore_regex=None, paths=None, packages_up_to=None, packages_up_to_regex=None, packages_above=None, packages_above_and_dependencies=None, packages_above_depth=None, packages_select_by_dep=None, packages_skip_by_dep=None, packages_skip_up_to=None, packages_select_build_failed=False, packages_skip_build_finished=False, packages_select_test_failures=False, packages_skip_test_passed=False, packages_select=None, packages_skip=None, packages_select_regex=None, packages_skip_regex=None, packages_start=None, packages_end=None, allow_overriding=[], cmake_args=None, cmake_target=None, cmake_target_skip_unavailable=False, cmake_clean_cache=False, cmake_clean_first=False, cmake_force_configure=False, ament_cmake_args=None, catkin_cmake_args=None, catkin_skip_building_tests=False, verb_parser=<colcon_defaults.argument_parser.defaults.DefaultArgumentsDecorator object at 0x7fd467dddb40>, verb_extension=<colcon_core.verb.build.BuildVerb object at 0x7fd46809a8c0>, main=<bound method BuildVerb.main of <colcon_core.verb.build.BuildVerb object at 0x7fd46809a8c0>>)
[0.803s] Level 1:colcon.colcon_core.package_discovery:discover_packages(colcon_meta) check parameters
[0.803s] Level 1:colcon.colcon_core.package_discovery:discover_packages(recursive) check parameters
[0.804s] Level 1:colcon.colcon_core.package_discovery:discover_packages(ignore) check parameters
[0.804s] Level 1:colcon.colcon_core.package_discovery:discover_packages(path) check parameters
[0.804s] Level 1:colcon.colcon_core.package_discovery:discover_packages(colcon_meta) discover
[0.804s] Level 1:colcon.colcon_core.package_discovery:discover_packages(recursive) discover
[0.804s] INFO:colcon.colcon_core.package_discovery:Crawling recursively for packages in '/uolstore/home/student_lnxhome01/fy22ayyy/ros2_ws'
[0.804s] Level 1:colcon.colcon_core.package_identification:_identify(.) by extensions ['ignore', 'ignore_ament_install']
[0.805s] Level 1:colcon.colcon_core.package_identification:_identify(.) by extension 'ignore'
[0.805s] Level 1:colcon.colcon_core.package_identification:_identify(.) by extension 'ignore_ament_install'
[0.805s] Level 1:colcon.colcon_core.package_identification:_identify(.) by extensions ['colcon_pkg']
[0.805s] Level 1:colcon.colcon_core.package_identification:_identify(.) by extension 'colcon_pkg'
[0.805s] Level 1:colcon.colcon_core.package_identification:_identify(.) by extensions ['colcon_meta']
[0.805s] Level 1:colcon.colcon_core.package_identification:_identify(.) by extension 'colcon_meta'
[0.805s] Level 1:colcon.colcon_core.package_identification:_identify(.) by extensions ['ros']
[0.805s] Level 1:colcon.colcon_core.package_identification:_identify(.) by extension 'ros'
[0.817s] Level 1:colcon.colcon_core.package_identification:_identify(.) by extensions ['cmake', 'python']
[0.817s] Level 1:colcon.colcon_core.package_identification:_identify(.) by extension 'cmake'
[0.817s] Level 1:colcon.colcon_core.package_identification:_identify(.) by extension 'python'
[0.818s] Level 1:colcon.colcon_core.package_identification:_identify(.) by extensions ['python_setup_py']
[0.818s] Level 1:colcon.colcon_core.package_identification:_identify(.) by extension 'python_setup_py'
[0.819s] Level 1:colcon.colcon_core.package_identification:_identify(build) by extensions ['ignore', 'ignore_ament_install']
[0.819s] Level 1:colcon.colcon_core.package_identification:_identify(build) by extension 'ignore'
[0.819s] Level 1:colcon.colcon_core.package_identification:_identify(build) ignored
[0.820s] Level 1:colcon.colcon_core.package_identification:_identify(install) by extensions ['ignore', 'ignore_ament_install']
[0.820s] Level 1:colcon.colcon_core.package_identification:_identify(install) by extension 'ignore'
[0.820s] Level 1:colcon.colcon_core.package_identification:_identify(install) ignored
[0.821s] Level 1:colcon.colcon_core.package_identification:_identify(log) by extensions ['ignore', 'ignore_ament_install']
[0.821s] Level 1:colcon.colcon_core.package_identification:_identify(log) by extension 'ignore'
[0.822s] Level 1:colcon.colcon_core.package_identification:_identify(log) ignored
[0.822s] Level 1:colcon.colcon_core.package_identification:_identify(src) by extensions ['ignore', 'ignore_ament_install']
[0.823s] Level 1:colcon.colcon_core.package_identification:_identify(src) by extension 'ignore'
[0.823s] Level 1:colcon.colcon_core.package_identification:_identify(src) by extension 'ignore_ament_install'
[0.823s] Level 1:colcon.colcon_core.package_identification:_identify(src) by extensions ['colcon_pkg']
[0.823s] Level 1:colcon.colcon_core.package_identification:_identify(src) by extension 'colcon_pkg'
[0.823s] Level 1:colcon.colcon_core.package_identification:_identify(src) by extensions ['colcon_meta']
[0.823s] Level 1:colcon.colcon_core.package_identification:_identify(src) by extension 'colcon_meta'
[0.823s] Level 1:colcon.colcon_core.package_identification:_identify(src) by extensions ['ros']
[0.823s] Level 1:colcon.colcon_core.package_identification:_identify(src) by extension 'ros'
[0.823s] Level 1:colcon.colcon_core.package_identification:_identify(src) by extensions ['cmake', 'python']
[0.823s] Level 1:colcon.colcon_core.package_identification:_identify(src) by extension 'cmake'
[0.823s] Level 1:colcon.colcon_core.package_identification:_identify(src) by extension 'python'
[0.823s] Level 1:colcon.colcon_core.package_identification:_identify(src) by extensions ['python_setup_py']
[0.824s] Level 1:colcon.colcon_core.package_identification:_identify(src) by extension 'python_setup_py'
[0.824s] Level 1:colcon.colcon_core.package_identification:_identify(src/lab1) by extensions ['ignore', 'ignore_ament_install']
[0.824s] Level 1:colcon.colcon_core.package_identification:_identify(src/lab1) by extension 'ignore'
[0.824s] Level 1:colcon.colcon_core.package_identification:_identify(src/lab1) by extension 'ignore_ament_install'
[0.824s] Level 1:colcon.colcon_core.package_identification:_identify(src/lab1) by extensions ['colcon_pkg']
[0.824s] Level 1:colcon.colcon_core.package_identification:_identify(src/lab1) by extension 'colcon_pkg'
[0.825s] Level 1:colcon.colcon_core.package_identification:_identify(src/lab1) by extensions ['colcon_meta']
[0.825s] Level 1:colcon.colcon_core.package_identification:_identify(src/lab1) by extension 'colcon_meta'
[0.825s] Level 1:colcon.colcon_core.package_identification:_identify(src/lab1) by extensions ['ros']
[0.825s] Level 1:colcon.colcon_core.package_identification:_identify(src/lab1) by extension 'ros'
[0.828s] DEBUG:colcon.colcon_core.package_identification:Package 'src/lab1' with type 'ros.ament_python' and name 'lab1'
[0.829s] Level 1:colcon.colcon_core.package_identification:_identify(src/lab2) by extensions ['ignore', 'ignore_ament_install']
[0.829s] Level 1:colcon.colcon_core.package_identification:_identify(src/lab2) by extension 'ignore'
[0.829s] Level 1:colcon.colcon_core.package_identification:_identify(src/lab2) by extension 'ignore_ament_install'
[0.829s] Level 1:colcon.colcon_core.package_identification:_identify(src/lab2) by extensions ['colcon_pkg']
[0.829s] Level 1:colcon.colcon_core.package_identification:_identify(src/lab2) by extension 'colcon_pkg'
[0.829s] Level 1:colcon.colcon_core.package_identification:_identify(src/lab2) by extensions ['colcon_meta']
[0.829s] Level 1:colcon.colcon_core.package_identification:_identify(src/lab2) by extension 'colcon_meta'
[0.829s] Level 1:colcon.colcon_core.package_identification:_identify(src/lab2) by extensions ['ros']
[0.830s] Level 1:colcon.colcon_core.package_identification:_identify(src/lab2) by extension 'ros'
[0.831s] DEBUG:colcon.colcon_core.package_identification:Package 'src/lab2' with type 'ros.ament_python' and name 'lab2'
[0.831s] Level 1:colcon.colcon_core.package_discovery:discover_packages(recursive) using defaults
[0.832s] Level 1:colcon.colcon_core.package_discovery:discover_packages(ignore) discover
[0.832s] Level 1:colcon.colcon_core.package_discovery:discover_packages(ignore) using defaults
[0.832s] Level 1:colcon.colcon_core.package_discovery:discover_packages(path) discover
[0.832s] Level 1:colcon.colcon_core.package_discovery:discover_packages(path) using defaults
[0.901s] Level 1:colcon.colcon_core.package_discovery:discover_packages(prefix_path) check parameters
[0.901s] Level 1:colcon.colcon_core.package_discovery:discover_packages(prefix_path) discover
[0.911s] Level 1:colcon.colcon_core.package_discovery:discover_packages(prefix_path) using defaults
[0.929s] Level 5:colcon.colcon_core.verb:set package 'lab1' build argument 'cmake_args' from command line to 'None'
[0.929s] Level 5:colcon.colcon_core.verb:set package 'lab1' build argument 'cmake_target' from command line to 'None'
[0.929s] Level 5:colcon.colcon_core.verb:set package 'lab1' build argument 'cmake_target_skip_unavailable' from command line to 'False'
[0.929s] Level 5:colcon.colcon_core.verb:set package 'lab1' build argument 'cmake_clean_cache' from command line to 'False'
[0.930s] Level 5:colcon.colcon_core.verb:set package 'lab1' build argument 'cmake_clean_first' from command line to 'False'
[0.930s] Level 5:colcon.colcon_core.verb:set package 'lab1' build argument 'cmake_force_configure' from command line to 'False'
[0.930s] Level 5:colcon.colcon_core.verb:set package 'lab1' build argument 'ament_cmake_args' from command line to 'None'
[0.930s] Level 5:colcon.colcon_core.verb:set package 'lab1' build argument 'catkin_cmake_args' from command line to 'None'
[0.930s] Level 5:colcon.colcon_core.verb:set package 'lab1' build argument 'catkin_skip_building_tests' from command line to 'False'
[0.930s] DEBUG:colcon.colcon_core.verb:Building package 'lab1' with the following arguments: {'ament_cmake_args': None, 'build_base': '/uolstore/home/student_lnxhome01/fy22ayyy/ros2_ws/build/lab1', 'catkin_cmake_args': None, 'catkin_skip_building_tests': False, 'cmake_args': None, 'cmake_clean_cache': False, 'cmake_clean_first': False, 'cmake_force_configure': False, 'cmake_target': None, 'cmake_target_skip_unavailable': False, 'install_base': '/uolstore/home/student_lnxhome01/fy22ayyy/ros2_ws/install/lab1', 'merge_install': False, 'path': '/uolstore/home/student_lnxhome01/fy22ayyy/ros2_ws/src/lab1', 'symlink_install': False, 'test_result_base': None}
[0.940s] Level 5:colcon.colcon_core.verb:set package 'lab2' build argument 'cmake_args' from command line to 'None'
[0.940s] Level 5:colcon.colcon_core.verb:set package 'lab2' build argument 'cmake_target' from command line to 'None'
[0.940s] Level 5:colcon.colcon_core.verb:set package 'lab2' build argument 'cmake_target_skip_unavailable' from command line to 'False'
[0.940s] Level 5:colcon.colcon_core.verb:set package 'lab2' build argument 'cmake_clean_cache' from command line to 'False'
[0.941s] Level 5:colcon.colcon_core.verb:set package 'lab2' build argument 'cmake_clean_first' from command line to 'False'
[0.941s] Level 5:colcon.colcon_core.verb:set package 'lab2' build argument 'cmake_force_configure' from command line to 'False'
[0.941s] Level 5:colcon.colcon_core.verb:set package 'lab2' build argument 'ament_cmake_args' from command line to 'None'
[0.941s] Level 5:colcon.colcon_core.verb:set package 'lab2' build argument 'catkin_cmake_args' from command line to 'None'
[0.941s] Level 5:colcon.colcon_core.verb:set package 'lab2' build argument 'catkin_skip_building_tests' from command line to 'False'
[0.941s] DEBUG:colcon.colcon_core.verb:Building package 'lab2' with the following arguments: {'ament_cmake_args': None, 'build_base': '/uolstore/home/student_lnxhome01/fy22ayyy/ros2_ws/build/lab2', 'catkin_cmake_args': None, 'catkin_skip_building_tests': False, 'cmake_args': None, 'cmake_clean_cache': False, 'cmake_clean_first': False, 'cmake_force_configure': False, 'cmake_target': None, 'cmake_target_skip_unavailable': False, 'install_base': '/uolstore/home/student_lnxhome01/fy22ayyy/ros2_ws/install/lab2', 'merge_install': False, 'path': '/uolstore/home/student_lnxhome01/fy22ayyy/ros2_ws/src/lab2', 'symlink_install': False, 'test_result_base': None}
[0.949s] INFO:colcon.colcon_core.executor:Executing jobs using 'parallel' executor
[0.957s] DEBUG:colcon.colcon_parallel_executor.executor.parallel:run_until_complete
[0.958s] INFO:colcon.colcon_ros.task.ament_python.build:Building ROS package in '/uolstore/home/student_lnxhome01/fy22ayyy/ros2_ws/src/lab1' with build type 'ament_python'
[0.958s] Level 1:colcon.colcon_core.shell:create_environment_hook('lab1', 'ament_prefix_path')
[0.970s] INFO:colcon.colcon_core.plugin_system:Skipping extension 'colcon_core.shell.bat': Not used on non-Windows systems
[0.970s] INFO:colcon.colcon_core.shell:Creating environment hook '/uolstore/home/student_lnxhome01/fy22ayyy/ros2_ws/install/lab1/share/lab1/hook/ament_prefix_path.ps1'
[0.974s] INFO:colcon.colcon_core.shell:Creating environment descriptor '/uolstore/home/student_lnxhome01/fy22ayyy/ros2_ws/install/lab1/share/lab1/hook/ament_prefix_path.dsv'
[0.977s] INFO:colcon.colcon_core.shell:Creating environment hook '/uolstore/home/student_lnxhome01/fy22ayyy/ros2_ws/install/lab1/share/lab1/hook/ament_prefix_path.sh'
[0.988s] INFO:colcon.colcon_core.shell:Skip shell extension 'powershell' for command environment: Not usable outside of PowerShell
[0.988s] DEBUG:colcon.colcon_core.shell:Skip shell extension 'dsv' for command environment
[1.001s] INFO:colcon.colcon_ros.task.ament_python.build:Building ROS package in '/uolstore/home/student_lnxhome01/fy22ayyy/ros2_ws/src/lab2' with build type 'ament_python'
[1.001s] Level 1:colcon.colcon_core.shell:create_environment_hook('lab2', 'ament_prefix_path')
[1.010s] INFO:colcon.colcon_core.shell:Creating environment hook '/uolstore/home/student_lnxhome01/fy22ayyy/ros2_ws/install/lab2/share/lab2/hook/ament_prefix_path.ps1'
[1.013s] INFO:colcon.colcon_core.shell:Creating environment descriptor '/uolstore/home/student_lnxhome01/fy22ayyy/ros2_ws/install/lab2/share/lab2/hook/ament_prefix_path.dsv'
[1.016s] INFO:colcon.colcon_core.shell:Creating environment hook '/uolstore/home/student_lnxhome01/fy22ayyy/ros2_ws/install/lab2/share/lab2/hook/ament_prefix_path.sh'
[1.027s] INFO:colcon.colcon_core.shell:Skip shell extension 'powershell' for command environment: Not usable outside of PowerShell
[1.027s] DEBUG:colcon.colcon_core.shell:Skip shell extension 'dsv' for command environment
[1.246s] INFO:colcon.colcon_core.task.python.build:Building Python package in '/uolstore/home/student_lnxhome01/fy22ayyy/ros2_ws/src/lab1'
[1.255s] INFO:colcon.colcon_core.shell:Skip shell extension 'powershell' for command environment: Not usable outside of PowerShell
[1.255s] DEBUG:colcon.colcon_core.shell:Skip shell extension 'dsv' for command environment
[1.472s] INFO:colcon.colcon_core.task.python.build:Building Python package in '/uolstore/home/student_lnxhome01/fy22ayyy/ros2_ws/src/lab2'
[1.481s] INFO:colcon.colcon_core.shell:Skip shell extension 'powershell' for command environment: Not usable outside of PowerShell
[1.481s] DEBUG:colcon.colcon_core.shell:Skip shell extension 'dsv' for command environment
[1.904s] DEBUG:colcon.colcon_core.event_handler.log_command:Invoking command in '/uolstore/home/student_lnxhome01/fy22ayyy/ros2_ws/src/lab1': PS1=[COMP3631] Singularity> \w $ PYTHONPATH=/uolstore/home/student_lnxhome01/fy22ayyy/ros2_ws/build/lab1/prefix_override:/uolstore/home/student_lnxhome01/fy22ayyy/ros2_ws/install/lab1/lib/python3.10/site-packages: /usr/bin/python3 setup.py egg_info --egg-base ../../build/lab1 build --build-base /uolstore/home/student_lnxhome01/fy22ayyy/ros2_ws/build/lab1/build install --record /uolstore/home/student_lnxhome01/fy22ayyy/ros2_ws/build/lab1/install.log --single-version-externally-managed
[1.910s] DEBUG:colcon.colcon_core.event_handler.log_command:Invoking command in '/uolstore/home/student_lnxhome01/fy22ayyy/ros2_ws/src/lab2': PS1=[COMP3631] Singularity> \w $ PYTHONPATH=/uolstore/home/student_lnxhome01/fy22ayyy/ros2_ws/build/lab2/prefix_override:/uolstore/home/student_lnxhome01/fy22ayyy/ros2_ws/install/lab2/lib/python3.10/site-packages: /usr/bin/python3 setup.py egg_info --egg-base ../../build/lab2 build --build-base /uolstore/home/student_lnxhome01/fy22ayyy/ros2_ws/build/lab2/build install --record /uolstore/home/student_lnxhome01/fy22ayyy/ros2_ws/build/lab2/install.log --single-version-externally-managed
[2.258s] DEBUG:colcon.colcon_core.event_handler.log_command:Invoked command in '/uolstore/home/student_lnxhome01/fy22ayyy/ros2_ws/src/lab1' returned '0': PS1=[COMP3631] Singularity> \w $ PYTHONPATH=/uolstore/home/student_lnxhome01/fy22ayyy/ros2_ws/build/lab1/prefix_override:/uolstore/home/student_lnxhome01/fy22ayyy/ros2_ws/install/lab1/lib/python3.10/site-packages: /usr/bin/python3 setup.py egg_info --egg-base ../../build/lab1 build --build-base /uolstore/home/student_lnxhome01/fy22ayyy/ros2_ws/build/lab1/build install --record /uolstore/home/student_lnxhome01/fy22ayyy/ros2_ws/build/lab1/install.log --single-version-externally-managed
[2.272s] Level 1:colcon.colcon_core.environment:checking '/uolstore/home/student_lnxhome01/fy22ayyy/ros2_ws/install/lab1' for CMake module files
[2.273s] Level 1:colcon.colcon_core.environment:checking '/uolstore/home/student_lnxhome01/fy22ayyy/ros2_ws/install/lab1' for CMake config files
[2.280s] Level 1:colcon.colcon_core.environment:checking '/uolstore/home/student_lnxhome01/fy22ayyy/ros2_ws/install/lab1/lib'
[2.280s] Level 1:colcon.colcon_core.environment:checking '/uolstore/home/student_lnxhome01/fy22ayyy/ros2_ws/install/lab1/bin'
[2.281s] Level 1:colcon.colcon_core.environment:checking '/uolstore/home/student_lnxhome01/fy22ayyy/ros2_ws/install/lab1/lib/pkgconfig/lab1.pc'
[2.281s] Level 1:colcon.colcon_core.environment:checking '/uolstore/home/student_lnxhome01/fy22ayyy/ros2_ws/install/lab1/lib/python3.10/site-packages'
[2.281s] Level 1:colcon.colcon_core.shell:create_environment_hook('lab1', 'pythonpath')
[2.290s] INFO:colcon.colcon_core.shell:Creating environment hook '/uolstore/home/student_lnxhome01/fy22ayyy/ros2_ws/install/lab1/share/lab1/hook/pythonpath.ps1'
[2.293s] INFO:colcon.colcon_core.shell:Creating environment descriptor '/uolstore/home/student_lnxhome01/fy22ayyy/ros2_ws/install/lab1/share/lab1/hook/pythonpath.dsv'
[2.296s] INFO:colcon.colcon_core.shell:Creating environment hook '/uolstore/home/student_lnxhome01/fy22ayyy/ros2_ws/install/lab1/share/lab1/hook/pythonpath.sh'
[2.299s] Level 1:colcon.colcon_core.environment:checking '/uolstore/home/student_lnxhome01/fy22ayyy/ros2_ws/install/lab1/bin'
[2.299s] Level 1:colcon.colcon_core.environment:create_environment_scripts_only(lab1)
[2.308s] INFO:colcon.colcon_core.shell:Creating package script '/uolstore/home/student_lnxhome01/fy22ayyy/ros2_ws/install/lab1/share/lab1/package.ps1'
[2.311s] INFO:colcon.colcon_core.shell:Creating package descriptor '/uolstore/home/student_lnxhome01/fy22ayyy/ros2_ws/install/lab1/share/lab1/package.dsv'
[2.314s] INFO:colcon.colcon_core.shell:Creating package script '/uolstore/home/student_lnxhome01/fy22ayyy/ros2_ws/install/lab1/share/lab1/package.sh'
[2.317s] INFO:colcon.colcon_core.shell:Creating package script '/uolstore/home/student_lnxhome01/fy22ayyy/ros2_ws/install/lab1/share/lab1/package.bash'
[2.320s] INFO:colcon.colcon_core.shell:Creating package script '/uolstore/home/student_lnxhome01/fy22ayyy/ros2_ws/install/lab1/share/lab1/package.zsh'
[2.324s] Level 1:colcon.colcon_core.environment:create_file_with_runtime_dependencies(/uolstore/home/student_lnxhome01/fy22ayyy/ros2_ws/install/lab1/share/colcon-core/packages/lab1)
[2.330s] DEBUG:colcon.colcon_core.event_handler.log_command:Invoked command in '/uolstore/home/student_lnxhome01/fy22ayyy/ros2_ws/src/lab2' returned '0': PS1=[COMP3631] Singularity> \w $ PYTHONPATH=/uolstore/home/student_lnxhome01/fy22ayyy/ros2_ws/build/lab2/prefix_override:/uolstore/home/student_lnxhome01/fy22ayyy/ros2_ws/install/lab2/lib/python3.10/site-packages: /usr/bin/python3 setup.py egg_info --egg-base ../../build/lab2 build --build-base /uolstore/home/student_lnxhome01/fy22ayyy/ros2_ws/build/lab2/build install --record /uolstore/home/student_lnxhome01/fy22ayyy/ros2_ws/build/lab2/install.log --single-version-externally-managed
[2.335s] Level 1:colcon.colcon_core.environment:checking '/uolstore/home/student_lnxhome01/fy22ayyy/ros2_ws/install/lab2' for CMake module files
[2.336s] Level 1:colcon.colcon_core.environment:checking '/uolstore/home/student_lnxhome01/fy22ayyy/ros2_ws/install/lab2' for CMake config files
[2.343s] Level 1:colcon.colcon_core.environment:checking '/uolstore/home/student_lnxhome01/fy22ayyy/ros2_ws/install/lab2/lib'
[2.344s] Level 1:colcon.colcon_core.environment:checking '/uolstore/home/student_lnxhome01/fy22ayyy/ros2_ws/install/lab2/bin'
[2.344s] Level 1:colcon.colcon_core.environment:checking '/uolstore/home/student_lnxhome01/fy22ayyy/ros2_ws/install/lab2/lib/pkgconfig/lab2.pc'
[2.344s] Level 1:colcon.colcon_core.environment:checking '/uolstore/home/student_lnxhome01/fy22ayyy/ros2_ws/install/lab2/lib/python3.10/site-packages'
[2.344s] Level 1:colcon.colcon_core.shell:create_environment_hook('lab2', 'pythonpath')
[2.353s] INFO:colcon.colcon_core.shell:Creating environment hook '/uolstore/home/student_lnxhome01/fy22ayyy/ros2_ws/install/lab2/share/lab2/hook/pythonpath.ps1'
[2.356s] INFO:colcon.colcon_core.shell:Creating environment descriptor '/uolstore/home/student_lnxhome01/fy22ayyy/ros2_ws/install/lab2/share/lab2/hook/pythonpath.dsv'
[2.359s] INFO:colcon.colcon_core.shell:Creating environment hook '/uolstore/home/student_lnxhome01/fy22ayyy/ros2_ws/install/lab2/share/lab2/hook/pythonpath.sh'
[2.362s] Level 1:colcon.colcon_core.environment:checking '/uolstore/home/student_lnxhome01/fy22ayyy/ros2_ws/install/lab2/bin'
[2.362s] Level 1:colcon.colcon_core.environment:create_environment_scripts_only(lab2)
[2.372s] INFO:colcon.colcon_core.shell:Creating package script '/uolstore/home/student_lnxhome01/fy22ayyy/ros2_ws/install/lab2/share/lab2/package.ps1'
[2.375s] INFO:colcon.colcon_core.shell:Creating package descriptor '/uolstore/home/student_lnxhome01/fy22ayyy/ros2_ws/install/lab2/share/lab2/package.dsv'
[2.379s] INFO:colcon.colcon_core.shell:Creating package script '/uolstore/home/student_lnxhome01/fy22ayyy/ros2_ws/install/lab2/share/lab2/package.sh'
[2.382s] INFO:colcon.colcon_core.shell:Creating package script '/uolstore/home/student_lnxhome01/fy22ayyy/ros2_ws/install/lab2/share/lab2/package.bash'
[2.386s] INFO:colcon.colcon_core.shell:Creating package script '/uolstore/home/student_lnxhome01/fy22ayyy/ros2_ws/install/lab2/share/lab2/package.zsh'
[2.389s] Level 1:colcon.colcon_core.environment:create_file_with_runtime_dependencies(/uolstore/home/student_lnxhome01/fy22ayyy/ros2_ws/install/lab2/share/colcon-core/packages/lab2)
[2.391s] DEBUG:colcon.colcon_parallel_executor.executor.parallel:closing loop
[2.391s] DEBUG:colcon.colcon_parallel_executor.executor.parallel:loop closed
[2.392s] DEBUG:colcon.colcon_parallel_executor.executor.parallel:run_until_complete finished with '0'
[2.392s] DEBUG:colcon.colcon_core.event_reactor:joining thread
[2.421s] INFO:colcon.colcon_core.plugin_system:Skipping extension 'colcon_notification.desktop_notification.notify_send': Could not find 'notify-send'
[2.421s] INFO:colcon.colcon_core.plugin_system:Skipping extension 'colcon_notification.desktop_notification.terminal_notifier': Not used on non-Darwin systems
[2.421s] INFO:colcon.colcon_core.plugin_system:Skipping extension 'colcon_notification.desktop_notification.win32': Not used on non-Windows systems
[2.422s] INFO:colcon.colcon_notification.desktop_notification:Sending desktop notification using 'notify2'
[2.429s] DEBUG:colcon.colcon_core.event_reactor:joined thread
[2.438s] INFO:colcon.colcon_core.shell:Creating prefix script '/uolstore/home/student_lnxhome01/fy22ayyy/ros2_ws/install/local_setup.ps1'
[2.441s] INFO:colcon.colcon_core.shell:Creating prefix util module '/uolstore/home/student_lnxhome01/fy22ayyy/ros2_ws/install/_local_setup_util_ps1.py'
[2.445s] INFO:colcon.colcon_core.shell:Creating prefix chain script '/uolstore/home/student_lnxhome01/fy22ayyy/ros2_ws/install/setup.ps1'
[2.459s] INFO:colcon.colcon_core.shell:Creating prefix script '/uolstore/home/student_lnxhome01/fy22ayyy/ros2_ws/install/local_setup.sh'
[2.462s] INFO:colcon.colcon_core.shell:Creating prefix util module '/uolstore/home/student_lnxhome01/fy22ayyy/ros2_ws/install/_local_setup_util_sh.py'
[2.466s] INFO:colcon.colcon_core.shell:Creating prefix chain script '/uolstore/home/student_lnxhome01/fy22ayyy/ros2_ws/install/setup.sh'
[2.477s] INFO:colcon.colcon_core.shell:Creating prefix script '/uolstore/home/student_lnxhome01/fy22ayyy/ros2_ws/install/local_setup.bash'
[2.480s] INFO:colcon.colcon_core.shell:Creating prefix chain script '/uolstore/home/student_lnxhome01/fy22ayyy/ros2_ws/install/setup.bash'
[2.492s] INFO:colcon.colcon_core.shell:Creating prefix script '/uolstore/home/student_lnxhome01/fy22ayyy/ros2_ws/install/local_setup.zsh'
[2.494s] INFO:colcon.colcon_core.shell:Creating prefix chain script '/uolstore/home/student_lnxhome01/fy22ayyy/ros2_ws/install/setup.zsh'
