[1.390s] Invoking command in '/uolstore/home/users/fy22ayyy/ros2_ws/src/lab2': PS1=[COMP3631] Singularity> \w $ PYTHONPATH=/uolstore/home/users/fy22ayyy/ros2_ws/build/lab2/prefix_override:/uolstore/home/users/fy22ayyy/ros2_ws/install/lab2/lib/python3.10/site-packages:${PYTHONPATH} /usr/bin/python3 setup.py egg_info --egg-base ../../build/lab2 build --build-base /uolstore/home/users/fy22ayyy/ros2_ws/build/lab2/build install --record /uolstore/home/users/fy22ayyy/ros2_ws/build/lab2/install.log --single-version-externally-managed
[1.670s] running egg_info
[1.671s] writing ../../build/lab2/lab2.egg-info/PKG-INFO
[1.678s] writing dependency_links to ../../build/lab2/lab2.egg-info/dependency_links.txt
[1.683s] writing entry points to ../../build/lab2/lab2.egg-info/entry_points.txt
[1.691s] writing requirements to ../../build/lab2/lab2.egg-info/requires.txt
[1.695s] writing top-level names to ../../build/lab2/lab2.egg-info/top_level.txt
[1.705s] reading manifest file '../../build/lab2/lab2.egg-info/SOURCES.txt'
[1.707s] writing manifest file '../../build/lab2/lab2.egg-info/SOURCES.txt'
[1.710s] running build
[1.710s] running build_py
[1.712s] copying lab2/numeric_talker.py -> /uolstore/home/users/fy22ayyy/ros2_ws/build/lab2/build/lib/lab2
[1.718s] running install
[1.719s] running install_lib
[1.723s] copying /uolstore/home/users/fy22ayyy/ros2_ws/build/lab2/build/lib/lab2/numeric_talker.py -> /uolstore/home/users/fy22ayyy/ros2_ws/install/lab2/lib/python3.10/site-packages/lab2
[1.731s] byte-compiling /uolstore/home/users/fy22ayyy/ros2_ws/install/lab2/lib/python3.10/site-packages/lab2/numeric_talker.py to numeric_talker.cpython-310.pyc
[1.740s] running install_data
[1.742s] running install_egg_info
[1.747s] removing '/uolstore/home/users/fy22ayyy/ros2_ws/install/lab2/lib/python3.10/site-packages/lab2-0.0.0-py3.10.egg-info' (and everything under it)
[1.758s] Copying ../../build/lab2/lab2.egg-info to /uolstore/home/users/fy22ayyy/ros2_ws/install/lab2/lib/python3.10/site-packages/lab2-0.0.0-py3.10.egg-info
[1.820s] running install_scripts
[1.840s] Installing listener script to /uolstore/home/users/fy22ayyy/ros2_ws/install/lab2/lib/lab2
[1.847s] Installing numeric_talker script to /uolstore/home/users/fy22ayyy/ros2_ws/install/lab2/lib/lab2
[1.852s] Installing talker script to /uolstore/home/users/fy22ayyy/ros2_ws/install/lab2/lib/lab2
[1.857s] writing list of installed files to '/uolstore/home/users/fy22ayyy/ros2_ws/build/lab2/install.log'
[1.987s] Invoked command in '/uolstore/home/users/fy22ayyy/ros2_ws/src/lab2' returned '0': PS1=[COMP3631] Singularity> \w $ PYTHONPATH=/uolstore/home/users/fy22ayyy/ros2_ws/build/lab2/prefix_override:/uolstore/home/users/fy22ayyy/ros2_ws/install/lab2/lib/python3.10/site-packages:${PYTHONPATH} /usr/bin/python3 setup.py egg_info --egg-base ../../build/lab2 build --build-base /uolstore/home/users/fy22ayyy/ros2_ws/build/lab2/build install --record /uolstore/home/users/fy22ayyy/ros2_ws/build/lab2/install.log --single-version-externally-managed
