[33mCMake Warning (dev) at /usr/share/cmake-3.22/Modules/FindPackageHandleStandardArgs.cmake:438 (message):
  The package name passed to `find_package_handle_standard_args` (PkgConfig)
  does not match the name of the calling package (gazebo).  This can lead to
  problems in calling code that expects `find_package` result variables
  (e.g., `_FOUND`) to follow a certain pattern.
Call Stack (most recent call first):
  /usr/share/cmake-3.22/Modules/FindPkgConfig.cmake:99 (find_package_handle_standard_args)
  /usr/lib/x86_64-linux-gnu/cmake/gazebo/gazebo-config.cmake:72 (include)
  CMakeLists.txt:23 (find_package)
This warning is for project developers.  Use -Wno-dev to suppress it.
[0m
gmake: Warning: File 'Makefile' has modification time 6.1 s in the future
gmake[1]: Warning: File 'CMakeFiles/Makefile2' has modification time 6.2 s in the future
gmake[2]: Warning: File 'CMakeFiles/obstacle1.dir/flags.make' has modification time 6 s in the future
gmake[2]: Warning: File 'CMakeFiles/turtlebot3_drive.dir/flags.make' has modification time 5.9 s in the future
gmake[2]: Warning: File 'CMakeFiles/obstacles.dir/flags.make' has modification time 6.1 s in the future
gmake[2]: Warning: File 'CMakeFiles/obstacle2.dir/flags.make' has modification time 6 s in the future
gmake[2]: warning:  Clock skew detected.  Your build may be incomplete.
gmake[2]: warning:  Clock skew detected.  Your build may be incomplete.
gmake[2]: warning:  Clock skew detected.  Your build may be incomplete.
gmake[2]: warning:  Clock skew detected.  Your build may be incomplete.
gmake[2]: Warning: File 'CMakeFiles/obstacle1.dir/flags.make' has modification time 6 s in the future
gmake[2]: Warning: File 'CMakeFiles/turtlebot3_drive.dir/flags.make' has modification time 5.9 s in the future
gmake[2]: Warning: File 'CMakeFiles/obstacle2.dir/flags.make' has modification time 6 s in the future
gmake[2]: Warning: File 'CMakeFiles/obstacles.dir/flags.make' has modification time 6.1 s in the future
gmake[2]: warning:  Clock skew detected.  Your build may be incomplete.
gmake[2]: warning:  Clock skew detected.  Your build may be incomplete.
gmake[2]: warning:  Clock skew detected.  Your build may be incomplete.
gmake[2]: warning:  Clock skew detected.  Your build may be incomplete.
gmake[1]: warning:  Clock skew detected.  Your build may be incomplete.
gmake: warning:  Clock skew detected.  Your build may be incomplete.
