[0.616s] Invoking command in '/uolstore/home/users/fy22ayyy/ros2_ws/build/turtlebot3_gazebo': CMAKE_PREFIX_PATH=${CMAKE_PREFIX_PATH}:/uolstore/home/users/fy22ayyy/ros2_ws/install/lab3:/uolstore/home/users/fy22ayyy/ros2_ws/install/lab2:/uolstore/home/users/fy22ayyy/ros2_ws/install/lab1:/opt/ros/humble PS1=[COMP3631] Singularity> \w $ /usr/bin/cmake --build /uolstore/home/users/fy22ayyy/ros2_ws/build/turtlebot3_gazebo -- -j16 -l16
[1.717s] [ 25%] Built target turtlebot3_drive
[1.717s] [ 50%] Built target obstacle1
[1.717s] [100%] Built target obstacle2
[1.717s] [100%] Built target obstacles
[1.722s] Invoked command in '/uolstore/home/users/fy22ayyy/ros2_ws/build/turtlebot3_gazebo' returned '0': CMAKE_PREFIX_PATH=${CMAKE_PREFIX_PATH}:/uolstore/home/users/fy22ayyy/ros2_ws/install/lab3:/uolstore/home/users/fy22ayyy/ros2_ws/install/lab2:/uolstore/home/users/fy22ayyy/ros2_ws/install/lab1:/opt/ros/humble PS1=[COMP3631] Singularity> \w $ /usr/bin/cmake --build /uolstore/home/users/fy22ayyy/ros2_ws/build/turtlebot3_gazebo -- -j16 -l16
[2.309s] Invoking command in '/uolstore/home/users/fy22ayyy/ros2_ws/build/turtlebot3_gazebo': CMAKE_PREFIX_PATH=${CMAKE_PREFIX_PATH}:/uolstore/home/users/fy22ayyy/ros2_ws/install/lab3:/uolstore/home/users/fy22ayyy/ros2_ws/install/lab2:/uolstore/home/users/fy22ayyy/ros2_ws/install/lab1:/opt/ros/humble PS1=[COMP3631] Singularity> \w $ /usr/bin/cmake --install /uolstore/home/users/fy22ayyy/ros2_ws/build/turtlebot3_gazebo
[2.321s] -- Install configuration: ""
[2.326s] -- Up-to-date: /uolstore/home/users/fy22ayyy/ros2_ws/install/turtlebot3_gazebo/lib/turtlebot3_gazebo/turtlebot3_drive
[2.330s] -- Up-to-date: /uolstore/home/users/fy22ayyy/ros2_ws/install/turtlebot3_gazebo/share/turtlebot3_gazebo//launch
[2.333s] -- Up-to-date: /uolstore/home/users/fy22ayyy/ros2_ws/install/turtlebot3_gazebo/share/turtlebot3_gazebo//launch/empty_world.launch.py
[2.334s] -- Up-to-date: /uolstore/home/users/fy22ayyy/ros2_ws/install/turtlebot3_gazebo/share/turtlebot3_gazebo//launch/robot_state_publisher.launch.py
[2.337s] -- Up-to-date: /uolstore/home/users/fy22ayyy/ros2_ws/install/turtlebot3_gazebo/share/turtlebot3_gazebo//launch/spawn_turtlebot3.launch.py
[2.338s] -- Up-to-date: /uolstore/home/users/fy22ayyy/ros2_ws/install/turtlebot3_gazebo/share/turtlebot3_gazebo//launch/turtlebot3_dqn_stage1.launch.py
[2.340s] -- Up-to-date: /uolstore/home/users/fy22ayyy/ros2_ws/install/turtlebot3_gazebo/share/turtlebot3_gazebo//launch/turtlebot3_dqn_stage2.launch.py
[2.341s] -- Up-to-date: /uolstore/home/users/fy22ayyy/ros2_ws/install/turtlebot3_gazebo/share/turtlebot3_gazebo//launch/turtlebot3_dqn_stage3.launch.py
[2.342s] -- Up-to-date: /uolstore/home/users/fy22ayyy/ros2_ws/install/turtlebot3_gazebo/share/turtlebot3_gazebo//launch/turtlebot3_dqn_stage4.launch.py
[2.344s] -- Up-to-date: /uolstore/home/users/fy22ayyy/ros2_ws/install/turtlebot3_gazebo/share/turtlebot3_gazebo//launch/turtlebot3_house.launch.py
[2.345s] -- Up-to-date: /uolstore/home/users/fy22ayyy/ros2_ws/install/turtlebot3_gazebo/share/turtlebot3_gazebo//launch/turtlebot3_panorama.launch.py
[2.346s] -- Up-to-date: /uolstore/home/users/fy22ayyy/ros2_ws/install/turtlebot3_gazebo/share/turtlebot3_gazebo//launch/turtlebot3_rgb_world.launch.py
[2.349s] -- Up-to-date: /uolstore/home/users/fy22ayyy/ros2_ws/install/turtlebot3_gazebo/share/turtlebot3_gazebo//launch/turtlebot3_space.launch.py
[2.350s] -- Up-to-date: /uolstore/home/users/fy22ayyy/ros2_ws/install/turtlebot3_gazebo/share/turtlebot3_gazebo//launch/turtlebot3_world.launch.py
[2.350s] -- Up-to-date: /uolstore/home/users/fy22ayyy/ros2_ws/install/turtlebot3_gazebo/share/turtlebot3_gazebo//models
[2.353s] -- Up-to-date: /uolstore/home/users/fy22ayyy/ros2_ws/install/turtlebot3_gazebo/share/turtlebot3_gazebo//models/brick_box_3x1x3
[2.355s] -- Up-to-date: /uolstore/home/users/fy22ayyy/ros2_ws/install/turtlebot3_gazebo/share/turtlebot3_gazebo//models/brick_box_3x1x3/materials
[2.357s] -- Up-to-date: /uolstore/home/users/fy22ayyy/ros2_ws/install/turtlebot3_gazebo/share/turtlebot3_gazebo//models/brick_box_3x1x3/materials/scripts
[2.359s] -- Up-to-date: /uolstore/home/users/fy22ayyy/ros2_ws/install/turtlebot3_gazebo/share/turtlebot3_gazebo//models/brick_box_3x1x3/materials/scripts/brick_box.material
[2.361s] -- Up-to-date: /uolstore/home/users/fy22ayyy/ros2_ws/install/turtlebot3_gazebo/share/turtlebot3_gazebo//models/brick_box_3x1x3/materials/textures
[2.363s] -- Up-to-date: /uolstore/home/users/fy22ayyy/ros2_ws/install/turtlebot3_gazebo/share/turtlebot3_gazebo//models/brick_box_3x1x3/materials/textures/simple_box.png
[2.365s] -- Up-to-date: /uolstore/home/users/fy22ayyy/ros2_ws/install/turtlebot3_gazebo/share/turtlebot3_gazebo//models/brick_box_3x1x3/meshes
[2.368s] -- Up-to-date: /uolstore/home/users/fy22ayyy/ros2_ws/install/turtlebot3_gazebo/share/turtlebot3_gazebo//models/brick_box_3x1x3/meshes/simple_box.dae
[2.369s] -- Up-to-date: /uolstore/home/users/fy22ayyy/ros2_ws/install/turtlebot3_gazebo/share/turtlebot3_gazebo//models/brick_box_3x1x3/model-1_3.sdf
[2.370s] -- Up-to-date: /uolstore/home/users/fy22ayyy/ros2_ws/install/turtlebot3_gazebo/share/turtlebot3_gazebo//models/brick_box_3x1x3/model-1_4.sdf
[2.371s] -- Up-to-date: /uolstore/home/users/fy22ayyy/ros2_ws/install/turtlebot3_gazebo/share/turtlebot3_gazebo//models/brick_box_3x1x3/model.config
[2.372s] -- Up-to-date: /uolstore/home/users/fy22ayyy/ros2_ws/install/turtlebot3_gazebo/share/turtlebot3_gazebo//models/brick_box_3x1x3/model.sdf
[2.373s] -- Up-to-date: /uolstore/home/users/fy22ayyy/ros2_ws/install/turtlebot3_gazebo/share/turtlebot3_gazebo//models/green_image
[2.376s] -- Up-to-date: /uolstore/home/users/fy22ayyy/ros2_ws/install/turtlebot3_gazebo/share/turtlebot3_gazebo//models/green_image/materials
[2.378s] -- Up-to-date: /uolstore/home/users/fy22ayyy/ros2_ws/install/turtlebot3_gazebo/share/turtlebot3_gazebo//models/green_image/materials/scripts
[2.380s] -- Up-to-date: /uolstore/home/users/fy22ayyy/ros2_ws/install/turtlebot3_gazebo/share/turtlebot3_gazebo//models/green_image/materials/scripts/green_image.material
[2.382s] -- Up-to-date: /uolstore/home/users/fy22ayyy/ros2_ws/install/turtlebot3_gazebo/share/turtlebot3_gazebo//models/green_image/materials/textures
[2.384s] -- Up-to-date: /uolstore/home/users/fy22ayyy/ros2_ws/install/turtlebot3_gazebo/share/turtlebot3_gazebo//models/green_image/materials/textures/green_image.jpg
[2.385s] -- Up-to-date: /uolstore/home/users/fy22ayyy/ros2_ws/install/turtlebot3_gazebo/share/turtlebot3_gazebo//models/green_image/model.config
[2.386s] -- Up-to-date: /uolstore/home/users/fy22ayyy/ros2_ws/install/turtlebot3_gazebo/share/turtlebot3_gazebo//models/green_image/model.sdf
[2.387s] -- Up-to-date: /uolstore/home/users/fy22ayyy/ros2_ws/install/turtlebot3_gazebo/share/turtlebot3_gazebo//models/grey_wall_medium
[2.389s] -- Up-to-date: /uolstore/home/users/fy22ayyy/ros2_ws/install/turtlebot3_gazebo/share/turtlebot3_gazebo//models/grey_wall_medium/materials
[2.391s] -- Up-to-date: /uolstore/home/users/fy22ayyy/ros2_ws/install/turtlebot3_gazebo/share/turtlebot3_gazebo//models/grey_wall_medium/materials/scripts
[2.394s] -- Up-to-date: /uolstore/home/users/fy22ayyy/ros2_ws/install/turtlebot3_gazebo/share/turtlebot3_gazebo//models/grey_wall_medium/materials/scripts/grey_wall.material
[2.395s] -- Up-to-date: /uolstore/home/users/fy22ayyy/ros2_ws/install/turtlebot3_gazebo/share/turtlebot3_gazebo//models/grey_wall_medium/materials/textures
[2.398s] -- Up-to-date: /uolstore/home/users/fy22ayyy/ros2_ws/install/turtlebot3_gazebo/share/turtlebot3_gazebo//models/grey_wall_medium/materials/textures/dull_gray.png
[2.400s] -- Up-to-date: /uolstore/home/users/fy22ayyy/ros2_ws/install/turtlebot3_gazebo/share/turtlebot3_gazebo//models/grey_wall_medium/model-1_3.sdf
[2.400s] -- Up-to-date: /uolstore/home/users/fy22ayyy/ros2_ws/install/turtlebot3_gazebo/share/turtlebot3_gazebo//models/grey_wall_medium/model-1_4.sdf
[2.402s] -- Up-to-date: /uolstore/home/users/fy22ayyy/ros2_ws/install/turtlebot3_gazebo/share/turtlebot3_gazebo//models/grey_wall_medium/model.config
[2.404s] -- Up-to-date: /uolstore/home/users/fy22ayyy/ros2_ws/install/turtlebot3_gazebo/share/turtlebot3_gazebo//models/grey_wall_medium/model.sdf
[2.404s] -- Up-to-date: /uolstore/home/users/fy22ayyy/ros2_ws/install/turtlebot3_gazebo/share/turtlebot3_gazebo//models/grey_wall_micro
[2.407s] -- Up-to-date: /uolstore/home/users/fy22ayyy/ros2_ws/install/turtlebot3_gazebo/share/turtlebot3_gazebo//models/grey_wall_micro/materials
[2.409s] -- Up-to-date: /uolstore/home/users/fy22ayyy/ros2_ws/install/turtlebot3_gazebo/share/turtlebot3_gazebo//models/grey_wall_micro/materials/scripts
[2.411s] -- Up-to-date: /uolstore/home/users/fy22ayyy/ros2_ws/install/turtlebot3_gazebo/share/turtlebot3_gazebo//models/grey_wall_micro/materials/scripts/grey_wall.material
[2.412s] -- Up-to-date: /uolstore/home/users/fy22ayyy/ros2_ws/install/turtlebot3_gazebo/share/turtlebot3_gazebo//models/grey_wall_micro/materials/textures
[2.415s] -- Up-to-date: /uolstore/home/users/fy22ayyy/ros2_ws/install/turtlebot3_gazebo/share/turtlebot3_gazebo//models/grey_wall_micro/materials/textures/dull_gray.png
[2.416s] -- Up-to-date: /uolstore/home/users/fy22ayyy/ros2_ws/install/turtlebot3_gazebo/share/turtlebot3_gazebo//models/grey_wall_micro/model-1_3.sdf
[2.418s] -- Up-to-date: /uolstore/home/users/fy22ayyy/ros2_ws/install/turtlebot3_gazebo/share/turtlebot3_gazebo//models/grey_wall_micro/model-1_4.sdf
[2.420s] -- Up-to-date: /uolstore/home/users/fy22ayyy/ros2_ws/install/turtlebot3_gazebo/share/turtlebot3_gazebo//models/grey_wall_micro/model.config
[2.421s] -- Up-to-date: /uolstore/home/users/fy22ayyy/ros2_ws/install/turtlebot3_gazebo/share/turtlebot3_gazebo//models/grey_wall_micro/model.sdf
[2.422s] -- Up-to-date: /uolstore/home/users/fy22ayyy/ros2_ws/install/turtlebot3_gazebo/share/turtlebot3_gazebo//models/grey_wall_small
[2.424s] -- Up-to-date: /uolstore/home/users/fy22ayyy/ros2_ws/install/turtlebot3_gazebo/share/turtlebot3_gazebo//models/grey_wall_small/materials
[2.427s] -- Up-to-date: /uolstore/home/users/fy22ayyy/ros2_ws/install/turtlebot3_gazebo/share/turtlebot3_gazebo//models/grey_wall_small/materials/scripts
[2.429s] -- Up-to-date: /uolstore/home/users/fy22ayyy/ros2_ws/install/turtlebot3_gazebo/share/turtlebot3_gazebo//models/grey_wall_small/materials/scripts/grey_wall.material
[2.430s] -- Up-to-date: /uolstore/home/users/fy22ayyy/ros2_ws/install/turtlebot3_gazebo/share/turtlebot3_gazebo//models/grey_wall_small/materials/textures
[2.432s] -- Up-to-date: /uolstore/home/users/fy22ayyy/ros2_ws/install/turtlebot3_gazebo/share/turtlebot3_gazebo//models/grey_wall_small/materials/textures/dull_gray.png
[2.433s] -- Up-to-date: /uolstore/home/users/fy22ayyy/ros2_ws/install/turtlebot3_gazebo/share/turtlebot3_gazebo//models/grey_wall_small/model-1_3.sdf
[2.435s] -- Up-to-date: /uolstore/home/users/fy22ayyy/ros2_ws/install/turtlebot3_gazebo/share/turtlebot3_gazebo//models/grey_wall_small/model-1_4.sdf
[2.436s] -- Up-to-date: /uolstore/home/users/fy22ayyy/ros2_ws/install/turtlebot3_gazebo/share/turtlebot3_gazebo//models/grey_wall_small/model.config
[2.438s] -- Up-to-date: /uolstore/home/users/fy22ayyy/ros2_ws/install/turtlebot3_gazebo/share/turtlebot3_gazebo//models/grey_wall_small/model.sdf
[2.438s] -- Up-to-date: /uolstore/home/users/fy22ayyy/ros2_ws/install/turtlebot3_gazebo/share/turtlebot3_gazebo//models/grey_wall_smaller
[2.441s] -- Up-to-date: /uolstore/home/users/fy22ayyy/ros2_ws/install/turtlebot3_gazebo/share/turtlebot3_gazebo//models/grey_wall_smaller/materials
[2.443s] -- Up-to-date: /uolstore/home/users/fy22ayyy/ros2_ws/install/turtlebot3_gazebo/share/turtlebot3_gazebo//models/grey_wall_smaller/materials/scripts
[2.445s] -- Up-to-date: /uolstore/home/users/fy22ayyy/ros2_ws/install/turtlebot3_gazebo/share/turtlebot3_gazebo//models/grey_wall_smaller/materials/scripts/grey_wall.material
[2.447s] -- Up-to-date: /uolstore/home/users/fy22ayyy/ros2_ws/install/turtlebot3_gazebo/share/turtlebot3_gazebo//models/grey_wall_smaller/materials/textures
[2.449s] -- Up-to-date: /uolstore/home/users/fy22ayyy/ros2_ws/install/turtlebot3_gazebo/share/turtlebot3_gazebo//models/grey_wall_smaller/materials/textures/dull_gray.png
[2.450s] -- Up-to-date: /uolstore/home/users/fy22ayyy/ros2_ws/install/turtlebot3_gazebo/share/turtlebot3_gazebo//models/grey_wall_smaller/model-1_3.sdf
[2.452s] -- Up-to-date: /uolstore/home/users/fy22ayyy/ros2_ws/install/turtlebot3_gazebo/share/turtlebot3_gazebo//models/grey_wall_smaller/model-1_4.sdf
[2.454s] -- Up-to-date: /uolstore/home/users/fy22ayyy/ros2_ws/install/turtlebot3_gazebo/share/turtlebot3_gazebo//models/grey_wall_smaller/model.config
[2.455s] -- Up-to-date: /uolstore/home/users/fy22ayyy/ros2_ws/install/turtlebot3_gazebo/share/turtlebot3_gazebo//models/grey_wall_smaller/model.sdf
[2.456s] -- Up-to-date: /uolstore/home/users/fy22ayyy/ros2_ws/install/turtlebot3_gazebo/share/turtlebot3_gazebo//models/grey_wall_tinier
[2.459s] -- Up-to-date: /uolstore/home/users/fy22ayyy/ros2_ws/install/turtlebot3_gazebo/share/turtlebot3_gazebo//models/grey_wall_tinier/materials
[2.461s] -- Up-to-date: /uolstore/home/users/fy22ayyy/ros2_ws/install/turtlebot3_gazebo/share/turtlebot3_gazebo//models/grey_wall_tinier/materials/scripts
[2.463s] -- Up-to-date: /uolstore/home/users/fy22ayyy/ros2_ws/install/turtlebot3_gazebo/share/turtlebot3_gazebo//models/grey_wall_tinier/materials/scripts/grey_wall.material
[2.465s] -- Up-to-date: /uolstore/home/users/fy22ayyy/ros2_ws/install/turtlebot3_gazebo/share/turtlebot3_gazebo//models/grey_wall_tinier/materials/textures
[2.467s] -- Up-to-date: /uolstore/home/users/fy22ayyy/ros2_ws/install/turtlebot3_gazebo/share/turtlebot3_gazebo//models/grey_wall_tinier/materials/textures/dull_gray.png
[2.469s] -- Up-to-date: /uolstore/home/users/fy22ayyy/ros2_ws/install/turtlebot3_gazebo/share/turtlebot3_gazebo//models/grey_wall_tinier/model-1_3.sdf
[2.470s] -- Up-to-date: /uolstore/home/users/fy22ayyy/ros2_ws/install/turtlebot3_gazebo/share/turtlebot3_gazebo//models/grey_wall_tinier/model-1_4.sdf
[2.471s] -- Up-to-date: /uolstore/home/users/fy22ayyy/ros2_ws/install/turtlebot3_gazebo/share/turtlebot3_gazebo//models/grey_wall_tinier/model.config
[2.473s] -- Up-to-date: /uolstore/home/users/fy22ayyy/ros2_ws/install/turtlebot3_gazebo/share/turtlebot3_gazebo//models/grey_wall_tinier/model.sdf
[2.474s] -- Up-to-date: /uolstore/home/users/fy22ayyy/ros2_ws/install/turtlebot3_gazebo/share/turtlebot3_gazebo//models/grey_wall_tiny
[2.476s] -- Up-to-date: /uolstore/home/users/fy22ayyy/ros2_ws/install/turtlebot3_gazebo/share/turtlebot3_gazebo//models/grey_wall_tiny/materials
[2.479s] -- Up-to-date: /uolstore/home/users/fy22ayyy/ros2_ws/install/turtlebot3_gazebo/share/turtlebot3_gazebo//models/grey_wall_tiny/materials/scripts
[2.481s] -- Up-to-date: /uolstore/home/users/fy22ayyy/ros2_ws/install/turtlebot3_gazebo/share/turtlebot3_gazebo//models/grey_wall_tiny/materials/scripts/grey_wall.material
[2.482s] -- Up-to-date: /uolstore/home/users/fy22ayyy/ros2_ws/install/turtlebot3_gazebo/share/turtlebot3_gazebo//models/grey_wall_tiny/materials/textures
[2.484s] -- Up-to-date: /uolstore/home/users/fy22ayyy/ros2_ws/install/turtlebot3_gazebo/share/turtlebot3_gazebo//models/grey_wall_tiny/materials/textures/dull_gray.png
[2.486s] -- Up-to-date: /uolstore/home/users/fy22ayyy/ros2_ws/install/turtlebot3_gazebo/share/turtlebot3_gazebo//models/grey_wall_tiny/model-1_3.sdf
[2.487s] -- Up-to-date: /uolstore/home/users/fy22ayyy/ros2_ws/install/turtlebot3_gazebo/share/turtlebot3_gazebo//models/grey_wall_tiny/model-1_4.sdf
[2.489s] -- Up-to-date: /uolstore/home/users/fy22ayyy/ros2_ws/install/turtlebot3_gazebo/share/turtlebot3_gazebo//models/grey_wall_tiny/model.config
[2.490s] -- Up-to-date: /uolstore/home/users/fy22ayyy/ros2_ws/install/turtlebot3_gazebo/share/turtlebot3_gazebo//models/grey_wall_tiny/model.sdf
[2.491s] -- Up-to-date: /uolstore/home/users/fy22ayyy/ros2_ws/install/turtlebot3_gazebo/share/turtlebot3_gazebo//models/my_grey_wall
[2.494s] -- Up-to-date: /uolstore/home/users/fy22ayyy/ros2_ws/install/turtlebot3_gazebo/share/turtlebot3_gazebo//models/my_grey_wall/materials
[2.495s] -- Up-to-date: /uolstore/home/users/fy22ayyy/ros2_ws/install/turtlebot3_gazebo/share/turtlebot3_gazebo//models/my_grey_wall/materials/scripts
[2.498s] -- Up-to-date: /uolstore/home/users/fy22ayyy/ros2_ws/install/turtlebot3_gazebo/share/turtlebot3_gazebo//models/my_grey_wall/materials/scripts/brick_box.material
[2.499s] -- Up-to-date: /uolstore/home/users/fy22ayyy/ros2_ws/install/turtlebot3_gazebo/share/turtlebot3_gazebo//models/my_grey_wall/materials/scripts/my_grey_wall.material
[2.502s] -- Up-to-date: /uolstore/home/users/fy22ayyy/ros2_ws/install/turtlebot3_gazebo/share/turtlebot3_gazebo//models/my_grey_wall/materials/scripts/space_box.material
[2.502s] -- Up-to-date: /uolstore/home/users/fy22ayyy/ros2_ws/install/turtlebot3_gazebo/share/turtlebot3_gazebo//models/my_grey_wall/materials/textures
[2.504s] -- Up-to-date: /uolstore/home/users/fy22ayyy/ros2_ws/install/turtlebot3_gazebo/share/turtlebot3_gazebo//models/my_grey_wall/materials/textures/Untitled.jpg
[2.506s] -- Up-to-date: /uolstore/home/users/fy22ayyy/ros2_ws/install/turtlebot3_gazebo/share/turtlebot3_gazebo//models/my_grey_wall/materials/textures/simple_box.jpg
[2.507s] -- Up-to-date: /uolstore/home/users/fy22ayyy/ros2_ws/install/turtlebot3_gazebo/share/turtlebot3_gazebo//models/my_grey_wall/materials/textures/simple_box.png
[2.509s] -- Up-to-date: /uolstore/home/users/fy22ayyy/ros2_ws/install/turtlebot3_gazebo/share/turtlebot3_gazebo//models/my_grey_wall/materials/textures/simple_box.png.old
[2.511s] -- Up-to-date: /uolstore/home/users/fy22ayyy/ros2_ws/install/turtlebot3_gazebo/share/turtlebot3_gazebo//models/my_grey_wall/materials/textures/simple_box1.png
[2.512s] -- Up-to-date: /uolstore/home/users/fy22ayyy/ros2_ws/install/turtlebot3_gazebo/share/turtlebot3_gazebo//models/my_grey_wall/materials/textures/simple_box2.png
[2.513s] -- Up-to-date: /uolstore/home/users/fy22ayyy/ros2_ws/install/turtlebot3_gazebo/share/turtlebot3_gazebo//models/my_grey_wall/materials/textures/spacecraftwall.jpeg
[2.515s] -- Up-to-date: /uolstore/home/users/fy22ayyy/ros2_ws/install/turtlebot3_gazebo/share/turtlebot3_gazebo//models/my_grey_wall/materials/textures/texture.jpg
[2.516s] -- Up-to-date: /uolstore/home/users/fy22ayyy/ros2_ws/install/turtlebot3_gazebo/share/turtlebot3_gazebo//models/my_grey_wall/meshes
[2.519s] -- Up-to-date: /uolstore/home/users/fy22ayyy/ros2_ws/install/turtlebot3_gazebo/share/turtlebot3_gazebo//models/my_grey_wall/meshes/simple_box.dae
[2.520s] -- Up-to-date: /uolstore/home/users/fy22ayyy/ros2_ws/install/turtlebot3_gazebo/share/turtlebot3_gazebo//models/my_grey_wall/model-1_3.sdf
[2.522s] -- Up-to-date: /uolstore/home/users/fy22ayyy/ros2_ws/install/turtlebot3_gazebo/share/turtlebot3_gazebo//models/my_grey_wall/model-1_4.sdf
[2.524s] -- Up-to-date: /uolstore/home/users/fy22ayyy/ros2_ws/install/turtlebot3_gazebo/share/turtlebot3_gazebo//models/my_grey_wall/model.config
[2.525s] -- Up-to-date: /uolstore/home/users/fy22ayyy/ros2_ws/install/turtlebot3_gazebo/share/turtlebot3_gazebo//models/my_grey_wall/model.sdf
[2.527s] -- Up-to-date: /uolstore/home/users/fy22ayyy/ros2_ws/install/turtlebot3_gazebo/share/turtlebot3_gazebo//models/panoframe
[2.528s] -- Up-to-date: /uolstore/home/users/fy22ayyy/ros2_ws/install/turtlebot3_gazebo/share/turtlebot3_gazebo//models/panoframe/materials
[2.530s] -- Up-to-date: /uolstore/home/users/fy22ayyy/ros2_ws/install/turtlebot3_gazebo/share/turtlebot3_gazebo//models/panoframe/materials/scripts
[2.533s] -- Up-to-date: /uolstore/home/users/fy22ayyy/ros2_ws/install/turtlebot3_gazebo/share/turtlebot3_gazebo//models/panoframe/materials/scripts/repeated.material
[2.534s] -- Up-to-date: /uolstore/home/users/fy22ayyy/ros2_ws/install/turtlebot3_gazebo/share/turtlebot3_gazebo//models/panoframe/materials/textures
[2.537s] -- Up-to-date: /uolstore/home/users/fy22ayyy/ros2_ws/install/turtlebot3_gazebo/share/turtlebot3_gazebo//models/panoframe/materials/textures/scene.jpg
[2.538s] -- Up-to-date: /uolstore/home/users/fy22ayyy/ros2_ws/install/turtlebot3_gazebo/share/turtlebot3_gazebo//models/panoframe/model.config
[2.539s] -- Up-to-date: /uolstore/home/users/fy22ayyy/ros2_ws/install/turtlebot3_gazebo/share/turtlebot3_gazebo//models/panoframe/model.sdf
[2.540s] -- Up-to-date: /uolstore/home/users/fy22ayyy/ros2_ws/install/turtlebot3_gazebo/share/turtlebot3_gazebo//models/panorama
[2.542s] -- Up-to-date: /uolstore/home/users/fy22ayyy/ros2_ws/install/turtlebot3_gazebo/share/turtlebot3_gazebo//models/panorama/materials
[2.545s] -- Up-to-date: /uolstore/home/users/fy22ayyy/ros2_ws/install/turtlebot3_gazebo/share/turtlebot3_gazebo//models/panorama/materials/scripts
[2.547s] -- Up-to-date: /uolstore/home/users/fy22ayyy/ros2_ws/install/turtlebot3_gazebo/share/turtlebot3_gazebo//models/panorama/materials/scripts/repeated.material
[2.548s] -- Up-to-date: /uolstore/home/users/fy22ayyy/ros2_ws/install/turtlebot3_gazebo/share/turtlebot3_gazebo//models/panorama/materials/textures
[2.550s] -- Up-to-date: /uolstore/home/users/fy22ayyy/ros2_ws/install/turtlebot3_gazebo/share/turtlebot3_gazebo//models/panorama/materials/textures/2.jpg
[2.552s] -- Up-to-date: /uolstore/home/users/fy22ayyy/ros2_ws/install/turtlebot3_gazebo/share/turtlebot3_gazebo//models/panorama/materials/textures/scene.jpg
[2.553s] -- Up-to-date: /uolstore/home/users/fy22ayyy/ros2_ws/install/turtlebot3_gazebo/share/turtlebot3_gazebo//models/panorama/materials/textures/scene_old.jpg
[2.554s] -- Up-to-date: /uolstore/home/users/fy22ayyy/ros2_ws/install/turtlebot3_gazebo/share/turtlebot3_gazebo//models/panorama/model.config
[2.556s] -- Up-to-date: /uolstore/home/users/fy22ayyy/ros2_ws/install/turtlebot3_gazebo/share/turtlebot3_gazebo//models/panorama/model.sdf
[2.557s] -- Up-to-date: /uolstore/home/users/fy22ayyy/ros2_ws/install/turtlebot3_gazebo/share/turtlebot3_gazebo//models/poster
[2.559s] -- Up-to-date: /uolstore/home/users/fy22ayyy/ros2_ws/install/turtlebot3_gazebo/share/turtlebot3_gazebo//models/poster/materials
[2.561s] -- Up-to-date: /uolstore/home/users/fy22ayyy/ros2_ws/install/turtlebot3_gazebo/share/turtlebot3_gazebo//models/poster/materials/scripts
[2.563s] -- Up-to-date: /uolstore/home/users/fy22ayyy/ros2_ws/install/turtlebot3_gazebo/share/turtlebot3_gazebo//models/poster/materials/scripts/repeated.material
[2.565s] -- Up-to-date: /uolstore/home/users/fy22ayyy/ros2_ws/install/turtlebot3_gazebo/share/turtlebot3_gazebo//models/poster/materials/textures
[2.567s] -- Up-to-date: /uolstore/home/users/fy22ayyy/ros2_ws/install/turtlebot3_gazebo/share/turtlebot3_gazebo//models/poster/materials/textures/poster.png
[2.569s] -- Up-to-date: /uolstore/home/users/fy22ayyy/ros2_ws/install/turtlebot3_gazebo/share/turtlebot3_gazebo//models/poster/model.config
[2.570s] -- Up-to-date: /uolstore/home/users/fy22ayyy/ros2_ws/install/turtlebot3_gazebo/share/turtlebot3_gazebo//models/poster/model.sdf
[2.571s] -- Up-to-date: /uolstore/home/users/fy22ayyy/ros2_ws/install/turtlebot3_gazebo/share/turtlebot3_gazebo//models/red_image
[2.574s] -- Up-to-date: /uolstore/home/users/fy22ayyy/ros2_ws/install/turtlebot3_gazebo/share/turtlebot3_gazebo//models/red_image/materials
[2.576s] -- Up-to-date: /uolstore/home/users/fy22ayyy/ros2_ws/install/turtlebot3_gazebo/share/turtlebot3_gazebo//models/red_image/materials/scripts
[2.578s] -- Up-to-date: /uolstore/home/users/fy22ayyy/ros2_ws/install/turtlebot3_gazebo/share/turtlebot3_gazebo//models/red_image/materials/scripts/red_image.material
[2.579s] -- Up-to-date: /uolstore/home/users/fy22ayyy/ros2_ws/install/turtlebot3_gazebo/share/turtlebot3_gazebo//models/red_image/materials/textures
[2.582s] -- Up-to-date: /uolstore/home/users/fy22ayyy/ros2_ws/install/turtlebot3_gazebo/share/turtlebot3_gazebo//models/red_image/materials/textures/red_image.jpg
[2.583s] -- Up-to-date: /uolstore/home/users/fy22ayyy/ros2_ws/install/turtlebot3_gazebo/share/turtlebot3_gazebo//models/red_image/model.config
[2.585s] -- Up-to-date: /uolstore/home/users/fy22ayyy/ros2_ws/install/turtlebot3_gazebo/share/turtlebot3_gazebo//models/red_image/model.sdf
[2.586s] -- Up-to-date: /uolstore/home/users/fy22ayyy/ros2_ws/install/turtlebot3_gazebo/share/turtlebot3_gazebo//models/red_image/red_image
[2.588s] -- Up-to-date: /uolstore/home/users/fy22ayyy/ros2_ws/install/turtlebot3_gazebo/share/turtlebot3_gazebo//models/red_image/red_image/materials
[2.590s] -- Up-to-date: /uolstore/home/users/fy22ayyy/ros2_ws/install/turtlebot3_gazebo/share/turtlebot3_gazebo//models/red_image/red_image/materials/scripts
[2.593s] -- Up-to-date: /uolstore/home/users/fy22ayyy/ros2_ws/install/turtlebot3_gazebo/share/turtlebot3_gazebo//models/red_image/red_image/materials/scripts/red_image.material
[2.594s] -- Up-to-date: /uolstore/home/users/fy22ayyy/ros2_ws/install/turtlebot3_gazebo/share/turtlebot3_gazebo//models/red_image/red_image/materials/textures
[2.596s] -- Up-to-date: /uolstore/home/users/fy22ayyy/ros2_ws/install/turtlebot3_gazebo/share/turtlebot3_gazebo//models/red_image/red_image/materials/textures/red_image.jpg
[2.598s] -- Up-to-date: /uolstore/home/users/fy22ayyy/ros2_ws/install/turtlebot3_gazebo/share/turtlebot3_gazebo//models/red_image/red_image/model.config
[2.599s] -- Up-to-date: /uolstore/home/users/fy22ayyy/ros2_ws/install/turtlebot3_gazebo/share/turtlebot3_gazebo//models/red_image/red_image/model.sdf
[2.600s] -- Up-to-date: /uolstore/home/users/fy22ayyy/ros2_ws/install/turtlebot3_gazebo/share/turtlebot3_gazebo//models/space_box_3x1x3
[2.602s] -- Up-to-date: /uolstore/home/users/fy22ayyy/ros2_ws/install/turtlebot3_gazebo/share/turtlebot3_gazebo//models/space_box_3x1x3/materials
[2.604s] -- Up-to-date: /uolstore/home/users/fy22ayyy/ros2_ws/install/turtlebot3_gazebo/share/turtlebot3_gazebo//models/space_box_3x1x3/materials/scripts
[2.606s] -- Up-to-date: /uolstore/home/users/fy22ayyy/ros2_ws/install/turtlebot3_gazebo/share/turtlebot3_gazebo//models/space_box_3x1x3/materials/scripts/brick_box.material
[2.607s] -- Up-to-date: /uolstore/home/users/fy22ayyy/ros2_ws/install/turtlebot3_gazebo/share/turtlebot3_gazebo//models/space_box_3x1x3/materials/scripts/space_box.material
[2.609s] -- Up-to-date: /uolstore/home/users/fy22ayyy/ros2_ws/install/turtlebot3_gazebo/share/turtlebot3_gazebo//models/space_box_3x1x3/materials/textures
[2.611s] -- Up-to-date: /uolstore/home/users/fy22ayyy/ros2_ws/install/turtlebot3_gazebo/share/turtlebot3_gazebo//models/space_box_3x1x3/materials/textures/Untitled.jpg
[2.613s] -- Up-to-date: /uolstore/home/users/fy22ayyy/ros2_ws/install/turtlebot3_gazebo/share/turtlebot3_gazebo//models/space_box_3x1x3/materials/textures/simple_box.jpg
[2.614s] -- Up-to-date: /uolstore/home/users/fy22ayyy/ros2_ws/install/turtlebot3_gazebo/share/turtlebot3_gazebo//models/space_box_3x1x3/materials/textures/simple_box.png
[2.615s] -- Up-to-date: /uolstore/home/users/fy22ayyy/ros2_ws/install/turtlebot3_gazebo/share/turtlebot3_gazebo//models/space_box_3x1x3/materials/textures/simple_box.png.old
[2.617s] -- Up-to-date: /uolstore/home/users/fy22ayyy/ros2_ws/install/turtlebot3_gazebo/share/turtlebot3_gazebo//models/space_box_3x1x3/materials/textures/simple_box1.png
[2.618s] -- Up-to-date: /uolstore/home/users/fy22ayyy/ros2_ws/install/turtlebot3_gazebo/share/turtlebot3_gazebo//models/space_box_3x1x3/materials/textures/simple_box2.png
[2.620s] -- Up-to-date: /uolstore/home/users/fy22ayyy/ros2_ws/install/turtlebot3_gazebo/share/turtlebot3_gazebo//models/space_box_3x1x3/materials/textures/spacecraftwall.jpeg
[2.621s] -- Up-to-date: /uolstore/home/users/fy22ayyy/ros2_ws/install/turtlebot3_gazebo/share/turtlebot3_gazebo//models/space_box_3x1x3/materials/textures/texture.jpg
[2.623s] -- Up-to-date: /uolstore/home/users/fy22ayyy/ros2_ws/install/turtlebot3_gazebo/share/turtlebot3_gazebo//models/space_box_3x1x3/meshes
[2.625s] -- Up-to-date: /uolstore/home/users/fy22ayyy/ros2_ws/install/turtlebot3_gazebo/share/turtlebot3_gazebo//models/space_box_3x1x3/meshes/simple_box.dae
[2.627s] -- Up-to-date: /uolstore/home/users/fy22ayyy/ros2_ws/install/turtlebot3_gazebo/share/turtlebot3_gazebo//models/space_box_3x1x3/model-1_3.sdf
[2.627s] -- Up-to-date: /uolstore/home/users/fy22ayyy/ros2_ws/install/turtlebot3_gazebo/share/turtlebot3_gazebo//models/space_box_3x1x3/model-1_4.sdf
[2.629s] -- Up-to-date: /uolstore/home/users/fy22ayyy/ros2_ws/install/turtlebot3_gazebo/share/turtlebot3_gazebo//models/space_box_3x1x3/model.config
[2.631s] -- Up-to-date: /uolstore/home/users/fy22ayyy/ros2_ws/install/turtlebot3_gazebo/share/turtlebot3_gazebo//models/space_box_3x1x3/model.sdf
[2.631s] -- Up-to-date: /uolstore/home/users/fy22ayyy/ros2_ws/install/turtlebot3_gazebo/share/turtlebot3_gazebo//models/turtlebot3_burger
[2.634s] -- Up-to-date: /uolstore/home/users/fy22ayyy/ros2_ws/install/turtlebot3_gazebo/share/turtlebot3_gazebo//models/turtlebot3_burger/meshes
[2.636s] -- Up-to-date: /uolstore/home/users/fy22ayyy/ros2_ws/install/turtlebot3_gazebo/share/turtlebot3_gazebo//models/turtlebot3_burger/meshes/bases
[2.639s] -- Up-to-date: /uolstore/home/users/fy22ayyy/ros2_ws/install/turtlebot3_gazebo/share/turtlebot3_gazebo//models/turtlebot3_burger/meshes/bases/burger_base.stl
[2.640s] -- Up-to-date: /uolstore/home/users/fy22ayyy/ros2_ws/install/turtlebot3_gazebo/share/turtlebot3_gazebo//models/turtlebot3_burger/meshes/bases/waffle_base.stl
[2.642s] -- Up-to-date: /uolstore/home/users/fy22ayyy/ros2_ws/install/turtlebot3_gazebo/share/turtlebot3_gazebo//models/turtlebot3_burger/meshes/bases/waffle_base_for_open_manipulator.stl
[2.643s] -- Up-to-date: /uolstore/home/users/fy22ayyy/ros2_ws/install/turtlebot3_gazebo/share/turtlebot3_gazebo//models/turtlebot3_burger/meshes/bases/waffle_pi_base.stl
[2.644s] -- Up-to-date: /uolstore/home/users/fy22ayyy/ros2_ws/install/turtlebot3_gazebo/share/turtlebot3_gazebo//models/turtlebot3_burger/meshes/bases/waffle_pi_base_for_open_manipulator.stl
[2.646s] -- Up-to-date: /uolstore/home/users/fy22ayyy/ros2_ws/install/turtlebot3_gazebo/share/turtlebot3_gazebo//models/turtlebot3_burger/meshes/burger_base.dae
[2.648s] -- Up-to-date: /uolstore/home/users/fy22ayyy/ros2_ws/install/turtlebot3_gazebo/share/turtlebot3_gazebo//models/turtlebot3_burger/meshes/lds.dae
[2.649s] -- Up-to-date: /uolstore/home/users/fy22ayyy/ros2_ws/install/turtlebot3_gazebo/share/turtlebot3_gazebo//models/turtlebot3_burger/meshes/sensors
[2.651s] -- Up-to-date: /uolstore/home/users/fy22ayyy/ros2_ws/install/turtlebot3_gazebo/share/turtlebot3_gazebo//models/turtlebot3_burger/meshes/sensors/astra.dae
[2.652s] -- Up-to-date: /uolstore/home/users/fy22ayyy/ros2_ws/install/turtlebot3_gazebo/share/turtlebot3_gazebo//models/turtlebot3_burger/meshes/sensors/astra.jpg
[2.654s] -- Up-to-date: /uolstore/home/users/fy22ayyy/ros2_ws/install/turtlebot3_gazebo/share/turtlebot3_gazebo//models/turtlebot3_burger/meshes/sensors/lds.stl
[2.656s] -- Up-to-date: /uolstore/home/users/fy22ayyy/ros2_ws/install/turtlebot3_gazebo/share/turtlebot3_gazebo//models/turtlebot3_burger/meshes/sensors/r200.dae
[2.657s] -- Up-to-date: /uolstore/home/users/fy22ayyy/ros2_ws/install/turtlebot3_gazebo/share/turtlebot3_gazebo//models/turtlebot3_burger/meshes/sensors/r200.jpg
[2.659s] -- Up-to-date: /uolstore/home/users/fy22ayyy/ros2_ws/install/turtlebot3_gazebo/share/turtlebot3_gazebo//models/turtlebot3_burger/meshes/tire.dae
[2.660s] -- Up-to-date: /uolstore/home/users/fy22ayyy/ros2_ws/install/turtlebot3_gazebo/share/turtlebot3_gazebo//models/turtlebot3_burger/meshes/wheels
[2.662s] -- Up-to-date: /uolstore/home/users/fy22ayyy/ros2_ws/install/turtlebot3_gazebo/share/turtlebot3_gazebo//models/turtlebot3_burger/meshes/wheels/left_tire.stl
[2.663s] -- Up-to-date: /uolstore/home/users/fy22ayyy/ros2_ws/install/turtlebot3_gazebo/share/turtlebot3_gazebo//models/turtlebot3_burger/meshes/wheels/right_tire.stl
[2.665s] -- Up-to-date: /uolstore/home/users/fy22ayyy/ros2_ws/install/turtlebot3_gazebo/share/turtlebot3_gazebo//models/turtlebot3_burger/model-1_4.sdf
[2.666s] -- Up-to-date: /uolstore/home/users/fy22ayyy/ros2_ws/install/turtlebot3_gazebo/share/turtlebot3_gazebo//models/turtlebot3_burger/model.config
[2.668s] -- Up-to-date: /uolstore/home/users/fy22ayyy/ros2_ws/install/turtlebot3_gazebo/share/turtlebot3_gazebo//models/turtlebot3_burger/model.sdf
[2.669s] -- Up-to-date: /uolstore/home/users/fy22ayyy/ros2_ws/install/turtlebot3_gazebo/share/turtlebot3_gazebo//models/turtlebot3_common
[2.682s] -- Up-to-date: /uolstore/home/users/fy22ayyy/ros2_ws/install/turtlebot3_gazebo/share/turtlebot3_gazebo//models/turtlebot3_common/meshes
[2.682s] -- Up-to-date: /uolstore/home/users/fy22ayyy/ros2_ws/install/turtlebot3_gazebo/share/turtlebot3_gazebo//models/turtlebot3_common/meshes/burger_base.dae
[2.683s] -- Up-to-date: /uolstore/home/users/fy22ayyy/ros2_ws/install/turtlebot3_gazebo/share/turtlebot3_gazebo//models/turtlebot3_common/meshes/lds.dae
[2.683s] -- Up-to-date: /uolstore/home/users/fy22ayyy/ros2_ws/install/turtlebot3_gazebo/share/turtlebot3_gazebo//models/turtlebot3_common/meshes/r200.dae
[2.683s] -- Up-to-date: /uolstore/home/users/fy22ayyy/ros2_ws/install/turtlebot3_gazebo/share/turtlebot3_gazebo//models/turtlebot3_common/meshes/tire.dae
[2.683s] -- Up-to-date: /uolstore/home/users/fy22ayyy/ros2_ws/install/turtlebot3_gazebo/share/turtlebot3_gazebo//models/turtlebot3_common/meshes/waffle_base.dae
[2.683s] -- Up-to-date: /uolstore/home/users/fy22ayyy/ros2_ws/install/turtlebot3_gazebo/share/turtlebot3_gazebo//models/turtlebot3_common/meshes/waffle_pi_base.dae
[2.684s] -- Up-to-date: /uolstore/home/users/fy22ayyy/ros2_ws/install/turtlebot3_gazebo/share/turtlebot3_gazebo//models/turtlebot3_common/model.config
[2.684s] -- Up-to-date: /uolstore/home/users/fy22ayyy/ros2_ws/install/turtlebot3_gazebo/share/turtlebot3_gazebo//models/turtlebot3_dqn_world
[2.685s] -- Up-to-date: /uolstore/home/users/fy22ayyy/ros2_ws/install/turtlebot3_gazebo/share/turtlebot3_gazebo//models/turtlebot3_dqn_world/goal_box
[2.688s] -- Up-to-date: /uolstore/home/users/fy22ayyy/ros2_ws/install/turtlebot3_gazebo/share/turtlebot3_gazebo//models/turtlebot3_dqn_world/goal_box/model.config
[2.689s] -- Up-to-date: /uolstore/home/users/fy22ayyy/ros2_ws/install/turtlebot3_gazebo/share/turtlebot3_gazebo//models/turtlebot3_dqn_world/goal_box/model.sdf
[2.690s] -- Up-to-date: /uolstore/home/users/fy22ayyy/ros2_ws/install/turtlebot3_gazebo/share/turtlebot3_gazebo//models/turtlebot3_dqn_world/inner_walls
[2.692s] -- Up-to-date: /uolstore/home/users/fy22ayyy/ros2_ws/install/turtlebot3_gazebo/share/turtlebot3_gazebo//models/turtlebot3_dqn_world/inner_walls/model.config
[2.694s] -- Up-to-date: /uolstore/home/users/fy22ayyy/ros2_ws/install/turtlebot3_gazebo/share/turtlebot3_gazebo//models/turtlebot3_dqn_world/inner_walls/model.sdf
[2.696s] -- Up-to-date: /uolstore/home/users/fy22ayyy/ros2_ws/install/turtlebot3_gazebo/share/turtlebot3_gazebo//models/turtlebot3_dqn_world/model.config
[2.699s] -- Up-to-date: /uolstore/home/users/fy22ayyy/ros2_ws/install/turtlebot3_gazebo/share/turtlebot3_gazebo//models/turtlebot3_dqn_world/model.sdf
[2.700s] -- Up-to-date: /uolstore/home/users/fy22ayyy/ros2_ws/install/turtlebot3_gazebo/share/turtlebot3_gazebo//models/turtlebot3_dqn_world/obstacle1
[2.701s] -- Up-to-date: /uolstore/home/users/fy22ayyy/ros2_ws/install/turtlebot3_gazebo/share/turtlebot3_gazebo//models/turtlebot3_dqn_world/obstacle1/model.config
[2.703s] -- Up-to-date: /uolstore/home/users/fy22ayyy/ros2_ws/install/turtlebot3_gazebo/share/turtlebot3_gazebo//models/turtlebot3_dqn_world/obstacle1/model.sdf
[2.704s] -- Up-to-date: /uolstore/home/users/fy22ayyy/ros2_ws/install/turtlebot3_gazebo/share/turtlebot3_gazebo//models/turtlebot3_dqn_world/obstacle2
[2.706s] -- Up-to-date: /uolstore/home/users/fy22ayyy/ros2_ws/install/turtlebot3_gazebo/share/turtlebot3_gazebo//models/turtlebot3_dqn_world/obstacle2/model.config
[2.708s] -- Up-to-date: /uolstore/home/users/fy22ayyy/ros2_ws/install/turtlebot3_gazebo/share/turtlebot3_gazebo//models/turtlebot3_dqn_world/obstacle2/model.sdf
[2.709s] -- Up-to-date: /uolstore/home/users/fy22ayyy/ros2_ws/install/turtlebot3_gazebo/share/turtlebot3_gazebo//models/turtlebot3_dqn_world/obstacle_plugin
[2.711s] -- Up-to-date: /uolstore/home/users/fy22ayyy/ros2_ws/install/turtlebot3_gazebo/share/turtlebot3_gazebo//models/turtlebot3_dqn_world/obstacle_plugin/CMakeLists.txt
[2.712s] -- Up-to-date: /uolstore/home/users/fy22ayyy/ros2_ws/install/turtlebot3_gazebo/share/turtlebot3_gazebo//models/turtlebot3_dqn_world/obstacle_plugin/obstacle1.cc
[2.713s] -- Up-to-date: /uolstore/home/users/fy22ayyy/ros2_ws/install/turtlebot3_gazebo/share/turtlebot3_gazebo//models/turtlebot3_dqn_world/obstacle_plugin/obstacle2.cc
[2.714s] -- Up-to-date: /uolstore/home/users/fy22ayyy/ros2_ws/install/turtlebot3_gazebo/share/turtlebot3_gazebo//models/turtlebot3_dqn_world/obstacle_plugin/obstacles.cc
[2.719s] -- Up-to-date: /uolstore/home/users/fy22ayyy/ros2_ws/install/turtlebot3_gazebo/share/turtlebot3_gazebo//models/turtlebot3_dqn_world/obstacles
[2.719s] -- Up-to-date: /uolstore/home/users/fy22ayyy/ros2_ws/install/turtlebot3_gazebo/share/turtlebot3_gazebo//models/turtlebot3_dqn_world/obstacles/model.config
[2.720s] -- Up-to-date: /uolstore/home/users/fy22ayyy/ros2_ws/install/turtlebot3_gazebo/share/turtlebot3_gazebo//models/turtlebot3_dqn_world/obstacles/model.sdf
[2.720s] -- Up-to-date: /uolstore/home/users/fy22ayyy/ros2_ws/install/turtlebot3_gazebo/share/turtlebot3_gazebo//models/turtlebot3_house
[2.722s] -- Up-to-date: /uolstore/home/users/fy22ayyy/ros2_ws/install/turtlebot3_gazebo/share/turtlebot3_gazebo//models/turtlebot3_house/model.config
[2.724s] -- Up-to-date: /uolstore/home/users/fy22ayyy/ros2_ws/install/turtlebot3_gazebo/share/turtlebot3_gazebo//models/turtlebot3_house/model.sdf
[2.725s] -- Up-to-date: /uolstore/home/users/fy22ayyy/ros2_ws/install/turtlebot3_gazebo/share/turtlebot3_gazebo//models/turtlebot3_waffle
[2.727s] -- Up-to-date: /uolstore/home/users/fy22ayyy/ros2_ws/install/turtlebot3_gazebo/share/turtlebot3_gazebo//models/turtlebot3_waffle/model-1_4.sdf
[2.728s] -- Up-to-date: /uolstore/home/users/fy22ayyy/ros2_ws/install/turtlebot3_gazebo/share/turtlebot3_gazebo//models/turtlebot3_waffle/model.config
[2.729s] -- Up-to-date: /uolstore/home/users/fy22ayyy/ros2_ws/install/turtlebot3_gazebo/share/turtlebot3_gazebo//models/turtlebot3_waffle/model.sdf
[2.730s] -- Up-to-date: /uolstore/home/users/fy22ayyy/ros2_ws/install/turtlebot3_gazebo/share/turtlebot3_gazebo//models/turtlebot3_waffle_pi
[2.732s] -- Up-to-date: /uolstore/home/users/fy22ayyy/ros2_ws/install/turtlebot3_gazebo/share/turtlebot3_gazebo//models/turtlebot3_waffle_pi/model-1_4_.sdf
[2.734s] -- Up-to-date: /uolstore/home/users/fy22ayyy/ros2_ws/install/turtlebot3_gazebo/share/turtlebot3_gazebo//models/turtlebot3_waffle_pi/model.config
[2.735s] -- Up-to-date: /uolstore/home/users/fy22ayyy/ros2_ws/install/turtlebot3_gazebo/share/turtlebot3_gazebo//models/turtlebot3_waffle_pi/model.sdf
[2.735s] -- Up-to-date: /uolstore/home/users/fy22ayyy/ros2_ws/install/turtlebot3_gazebo/share/turtlebot3_gazebo//models/turtlebot3_world
[2.737s] -- Up-to-date: /uolstore/home/users/fy22ayyy/ros2_ws/install/turtlebot3_gazebo/share/turtlebot3_gazebo//models/turtlebot3_world/meshes
[2.740s] -- Up-to-date: /uolstore/home/users/fy22ayyy/ros2_ws/install/turtlebot3_gazebo/share/turtlebot3_gazebo//models/turtlebot3_world/meshes/hexagon.dae
[2.741s] -- Up-to-date: /uolstore/home/users/fy22ayyy/ros2_ws/install/turtlebot3_gazebo/share/turtlebot3_gazebo//models/turtlebot3_world/meshes/wall.dae
[2.743s] -- Up-to-date: /uolstore/home/users/fy22ayyy/ros2_ws/install/turtlebot3_gazebo/share/turtlebot3_gazebo//models/turtlebot3_world/model-1_4.sdf
[2.744s] -- Up-to-date: /uolstore/home/users/fy22ayyy/ros2_ws/install/turtlebot3_gazebo/share/turtlebot3_gazebo//models/turtlebot3_world/model.config
[2.746s] -- Up-to-date: /uolstore/home/users/fy22ayyy/ros2_ws/install/turtlebot3_gazebo/share/turtlebot3_gazebo//models/turtlebot3_world/model.sdf
[2.747s] -- Up-to-date: /uolstore/home/users/fy22ayyy/ros2_ws/install/turtlebot3_gazebo/share/turtlebot3_gazebo//models/window1
[2.748s] -- Up-to-date: /uolstore/home/users/fy22ayyy/ros2_ws/install/turtlebot3_gazebo/share/turtlebot3_gazebo//models/window1/materials
[2.750s] -- Up-to-date: /uolstore/home/users/fy22ayyy/ros2_ws/install/turtlebot3_gazebo/share/turtlebot3_gazebo//models/window1/materials/scripts
[2.752s] -- Up-to-date: /uolstore/home/users/fy22ayyy/ros2_ws/install/turtlebot3_gazebo/share/turtlebot3_gazebo//models/window1/materials/scripts/repeated.material
[2.754s] -- Up-to-date: /uolstore/home/users/fy22ayyy/ros2_ws/install/turtlebot3_gazebo/share/turtlebot3_gazebo//models/window1/materials/textures
[2.756s] -- Up-to-date: /uolstore/home/users/fy22ayyy/ros2_ws/install/turtlebot3_gazebo/share/turtlebot3_gazebo//models/window1/materials/textures/1.jpg
[2.757s] -- Up-to-date: /uolstore/home/users/fy22ayyy/ros2_ws/install/turtlebot3_gazebo/share/turtlebot3_gazebo//models/window1/materials/textures/2.jpg
[2.759s] -- Up-to-date: /uolstore/home/users/fy22ayyy/ros2_ws/install/turtlebot3_gazebo/share/turtlebot3_gazebo//models/window1/materials/textures/3.jpg
[2.760s] -- Up-to-date: /uolstore/home/users/fy22ayyy/ros2_ws/install/turtlebot3_gazebo/share/turtlebot3_gazebo//models/window1/model.config
[2.761s] -- Up-to-date: /uolstore/home/users/fy22ayyy/ros2_ws/install/turtlebot3_gazebo/share/turtlebot3_gazebo//models/window1/model.sdf
[2.762s] -- Up-to-date: /uolstore/home/users/fy22ayyy/ros2_ws/install/turtlebot3_gazebo/share/turtlebot3_gazebo//models/window2
[2.764s] -- Up-to-date: /uolstore/home/users/fy22ayyy/ros2_ws/install/turtlebot3_gazebo/share/turtlebot3_gazebo//models/window2/materials
[2.767s] -- Up-to-date: /uolstore/home/users/fy22ayyy/ros2_ws/install/turtlebot3_gazebo/share/turtlebot3_gazebo//models/window2/materials/scripts
[2.769s] -- Up-to-date: /uolstore/home/users/fy22ayyy/ros2_ws/install/turtlebot3_gazebo/share/turtlebot3_gazebo//models/window2/materials/scripts/repeated.material
[2.771s] -- Up-to-date: /uolstore/home/users/fy22ayyy/ros2_ws/install/turtlebot3_gazebo/share/turtlebot3_gazebo//models/window2/materials/textures
[2.773s] -- Up-to-date: /uolstore/home/users/fy22ayyy/ros2_ws/install/turtlebot3_gazebo/share/turtlebot3_gazebo//models/window2/materials/textures/1.jpg
[2.774s] -- Up-to-date: /uolstore/home/users/fy22ayyy/ros2_ws/install/turtlebot3_gazebo/share/turtlebot3_gazebo//models/window2/materials/textures/2.jpg
[2.776s] -- Up-to-date: /uolstore/home/users/fy22ayyy/ros2_ws/install/turtlebot3_gazebo/share/turtlebot3_gazebo//models/window2/materials/textures/3.jpg
[2.777s] -- Up-to-date: /uolstore/home/users/fy22ayyy/ros2_ws/install/turtlebot3_gazebo/share/turtlebot3_gazebo//models/window2/model.config
[2.778s] -- Up-to-date: /uolstore/home/users/fy22ayyy/ros2_ws/install/turtlebot3_gazebo/share/turtlebot3_gazebo//models/window2/model.sdf
[2.779s] -- Up-to-date: /uolstore/home/users/fy22ayyy/ros2_ws/install/turtlebot3_gazebo/share/turtlebot3_gazebo//models/window3
[2.781s] -- Up-to-date: /uolstore/home/users/fy22ayyy/ros2_ws/install/turtlebot3_gazebo/share/turtlebot3_gazebo//models/window3/materials
[2.783s] -- Up-to-date: /uolstore/home/users/fy22ayyy/ros2_ws/install/turtlebot3_gazebo/share/turtlebot3_gazebo//models/window3/materials/scripts
[2.786s] -- Up-to-date: /uolstore/home/users/fy22ayyy/ros2_ws/install/turtlebot3_gazebo/share/turtlebot3_gazebo//models/window3/materials/scripts/repeated.material
[2.787s] -- Up-to-date: /uolstore/home/users/fy22ayyy/ros2_ws/install/turtlebot3_gazebo/share/turtlebot3_gazebo//models/window3/materials/textures
[2.789s] -- Up-to-date: /uolstore/home/users/fy22ayyy/ros2_ws/install/turtlebot3_gazebo/share/turtlebot3_gazebo//models/window3/materials/textures/1.jpg
[2.790s] -- Up-to-date: /uolstore/home/users/fy22ayyy/ros2_ws/install/turtlebot3_gazebo/share/turtlebot3_gazebo//models/window3/materials/textures/2.jpg
[2.792s] -- Up-to-date: /uolstore/home/users/fy22ayyy/ros2_ws/install/turtlebot3_gazebo/share/turtlebot3_gazebo//models/window3/materials/textures/3.jpg
[2.794s] -- Up-to-date: /uolstore/home/users/fy22ayyy/ros2_ws/install/turtlebot3_gazebo/share/turtlebot3_gazebo//models/window3/model.config
[2.795s] -- Up-to-date: /uolstore/home/users/fy22ayyy/ros2_ws/install/turtlebot3_gazebo/share/turtlebot3_gazebo//models/window3/model.sdf
[2.796s] -- Up-to-date: /uolstore/home/users/fy22ayyy/ros2_ws/install/turtlebot3_gazebo/share/turtlebot3_gazebo//rviz
[2.799s] -- Up-to-date: /uolstore/home/users/fy22ayyy/ros2_ws/install/turtlebot3_gazebo/share/turtlebot3_gazebo//rviz/tb3_gazebo.rviz
[2.800s] -- Up-to-date: /uolstore/home/users/fy22ayyy/ros2_ws/install/turtlebot3_gazebo/share/turtlebot3_gazebo//urdf
[2.802s] -- Up-to-date: /uolstore/home/users/fy22ayyy/ros2_ws/install/turtlebot3_gazebo/share/turtlebot3_gazebo//urdf/common_properties.urdf
[2.803s] -- Up-to-date: /uolstore/home/users/fy22ayyy/ros2_ws/install/turtlebot3_gazebo/share/turtlebot3_gazebo//urdf/turtlebot3_burger.urdf
[2.805s] -- Up-to-date: /uolstore/home/users/fy22ayyy/ros2_ws/install/turtlebot3_gazebo/share/turtlebot3_gazebo//urdf/turtlebot3_waffle.urdf
[2.806s] -- Up-to-date: /uolstore/home/users/fy22ayyy/ros2_ws/install/turtlebot3_gazebo/share/turtlebot3_gazebo//urdf/turtlebot3_waffle_pi.urdf
[2.807s] -- Up-to-date: /uolstore/home/users/fy22ayyy/ros2_ws/install/turtlebot3_gazebo/share/turtlebot3_gazebo//worlds
[2.809s] -- Up-to-date: /uolstore/home/users/fy22ayyy/ros2_ws/install/turtlebot3_gazebo/share/turtlebot3_gazebo//worlds/empty_world.world
[2.811s] -- Up-to-date: /uolstore/home/users/fy22ayyy/ros2_ws/install/turtlebot3_gazebo/share/turtlebot3_gazebo//worlds/rgb.world
[2.812s] -- Up-to-date: /uolstore/home/users/fy22ayyy/ros2_ws/install/turtlebot3_gazebo/share/turtlebot3_gazebo//worlds/turtlebot3_dqn_stage1.world
[2.813s] -- Up-to-date: /uolstore/home/users/fy22ayyy/ros2_ws/install/turtlebot3_gazebo/share/turtlebot3_gazebo//worlds/turtlebot3_dqn_stage2.world
[2.815s] -- Up-to-date: /uolstore/home/users/fy22ayyy/ros2_ws/install/turtlebot3_gazebo/share/turtlebot3_gazebo//worlds/turtlebot3_dqn_stage3.world
[2.815s] -- Up-to-date: /uolstore/home/users/fy22ayyy/ros2_ws/install/turtlebot3_gazebo/share/turtlebot3_gazebo//worlds/turtlebot3_dqn_stage4.world
[2.827s] -- Up-to-date: /uolstore/home/users/fy22ayyy/ros2_ws/install/turtlebot3_gazebo/share/turtlebot3_gazebo//worlds/turtlebot3_house.world
[2.828s] -- Up-to-date: /uolstore/home/users/fy22ayyy/ros2_ws/install/turtlebot3_gazebo/share/turtlebot3_gazebo//worlds/turtlebot3_panorama
[2.828s] -- Up-to-date: /uolstore/home/users/fy22ayyy/ros2_ws/install/turtlebot3_gazebo/share/turtlebot3_gazebo//worlds/turtlebot3_panorama/turtlebot3_panorama.world
[2.828s] -- Up-to-date: /uolstore/home/users/fy22ayyy/ros2_ws/install/turtlebot3_gazebo/share/turtlebot3_gazebo//worlds/turtlebot3_space
[2.828s] -- Up-to-date: /uolstore/home/users/fy22ayyy/ros2_ws/install/turtlebot3_gazebo/share/turtlebot3_gazebo//worlds/turtlebot3_space/turtlebot3_space.world
[2.828s] -- Up-to-date: /uolstore/home/users/fy22ayyy/ros2_ws/install/turtlebot3_gazebo/share/turtlebot3_gazebo//worlds/turtlebot3_world.world
[2.828s] -- Up-to-date: /uolstore/home/users/fy22ayyy/ros2_ws/install/turtlebot3_gazebo/include/
[2.829s] -- Up-to-date: /uolstore/home/users/fy22ayyy/ros2_ws/install/turtlebot3_gazebo/include//turtlebot3_gazebo
[2.831s] -- Up-to-date: /uolstore/home/users/fy22ayyy/ros2_ws/install/turtlebot3_gazebo/include//turtlebot3_gazebo/turtlebot3_drive.hpp
[2.832s] -- Up-to-date: /uolstore/home/users/fy22ayyy/ros2_ws/install/turtlebot3_gazebo/share/ament_index/resource_index/package_run_dependencies/turtlebot3_gazebo
[2.834s] -- Up-to-date: /uolstore/home/users/fy22ayyy/ros2_ws/install/turtlebot3_gazebo/share/ament_index/resource_index/parent_prefix_path/turtlebot3_gazebo
[2.835s] -- Up-to-date: /uolstore/home/users/fy22ayyy/ros2_ws/install/turtlebot3_gazebo/share/turtlebot3_gazebo/environment/ament_prefix_path.sh
[2.836s] -- Up-to-date: /uolstore/home/users/fy22ayyy/ros2_ws/install/turtlebot3_gazebo/share/turtlebot3_gazebo/environment/ament_prefix_path.dsv
[2.837s] -- Up-to-date: /uolstore/home/users/fy22ayyy/ros2_ws/install/turtlebot3_gazebo/share/turtlebot3_gazebo/environment/path.sh
[2.837s] -- Up-to-date: /uolstore/home/users/fy22ayyy/ros2_ws/install/turtlebot3_gazebo/share/turtlebot3_gazebo/environment/path.dsv
[2.839s] -- Up-to-date: /uolstore/home/users/fy22ayyy/ros2_ws/install/turtlebot3_gazebo/share/turtlebot3_gazebo/local_setup.bash
[2.839s] -- Up-to-date: /uolstore/home/users/fy22ayyy/ros2_ws/install/turtlebot3_gazebo/share/turtlebot3_gazebo/local_setup.sh
[2.840s] -- Up-to-date: /uolstore/home/users/fy22ayyy/ros2_ws/install/turtlebot3_gazebo/share/turtlebot3_gazebo/local_setup.zsh
[2.841s] -- Up-to-date: /uolstore/home/users/fy22ayyy/ros2_ws/install/turtlebot3_gazebo/share/turtlebot3_gazebo/local_setup.dsv
[2.852s] -- Installing: /uolstore/home/users/fy22ayyy/ros2_ws/install/turtlebot3_gazebo/share/turtlebot3_gazebo/package.dsv
[2.853s] -- Up-to-date: /uolstore/home/users/fy22ayyy/ros2_ws/install/turtlebot3_gazebo/share/ament_index/resource_index/packages/turtlebot3_gazebo
[2.854s] -- Up-to-date: /uolstore/home/users/fy22ayyy/ros2_ws/install/turtlebot3_gazebo/share/turtlebot3_gazebo/cmake/ament_cmake_export_include_directories-extras.cmake
[2.855s] -- Up-to-date: /uolstore/home/users/fy22ayyy/ros2_ws/install/turtlebot3_gazebo/share/turtlebot3_gazebo/cmake/ament_cmake_export_dependencies-extras.cmake
[2.856s] -- Up-to-date: /uolstore/home/users/fy22ayyy/ros2_ws/install/turtlebot3_gazebo/share/turtlebot3_gazebo/cmake/turtlebot3_gazeboConfig.cmake
[2.857s] -- Up-to-date: /uolstore/home/users/fy22ayyy/ros2_ws/install/turtlebot3_gazebo/share/turtlebot3_gazebo/cmake/turtlebot3_gazeboConfig-version.cmake
[2.858s] -- Up-to-date: /uolstore/home/users/fy22ayyy/ros2_ws/install/turtlebot3_gazebo/share/turtlebot3_gazebo/package.xml
[2.864s] Invoked command in '/uolstore/home/users/fy22ayyy/ros2_ws/build/turtlebot3_gazebo' returned '0': CMAKE_PREFIX_PATH=${CMAKE_PREFIX_PATH}:/uolstore/home/users/fy22ayyy/ros2_ws/install/lab3:/uolstore/home/users/fy22ayyy/ros2_ws/install/lab2:/uolstore/home/users/fy22ayyy/ros2_ws/install/lab1:/opt/ros/humble PS1=[COMP3631] Singularity> \w $ /usr/bin/cmake --install /uolstore/home/users/fy22ayyy/ros2_ws/build/turtlebot3_gazebo
