[2.150s] DEBUG:colcon:Command line arguments: ['/usr/bin/colcon', 'build']
[2.150s] DEBUG:colcon:Parsed command line arguments: Namespace(log_base=None, log_level=None, verb_name='build', build_base='build', install_base='install', merge_install=False, symlink_install=False, test_result_base=None, continue_on_error=False, executor='parallel', parallel_workers=16, event_handlers=None, ignore_user_meta=False, metas=['./colcon.meta'], base_paths=['.'], packages_ignore=None, packages_ignore_regex=None, paths=None, packages_up_to=None, packages_up_to_regex=None, packages_above=None, packages_above_and_dependencies=None, packages_above_depth=None, packages_select_by_dep=None, packages_skip_by_dep=None, packages_skip_up_to=None, packages_select_build_failed=False, packages_skip_build_finished=False, packages_select_test_failures=False, packages_skip_test_passed=False, packages_select=None, packages_skip=None, packages_select_regex=None, packages_skip_regex=None, packages_start=None, packages_end=None, allow_overriding=[], cmake_args=None, cmake_target=None, cmake_target_skip_unavailable=False, cmake_clean_cache=False, cmake_clean_first=False, cmake_force_configure=False, ament_cmake_args=None, catkin_cmake_args=None, catkin_skip_building_tests=False, verb_parser=<colcon_defaults.argument_parser.defaults.DefaultArgumentsDecorator object at 0x7f9b4b061de0>, verb_extension=<colcon_core.verb.build.BuildVerb object at 0x7f9b4b31df90>, main=<bound method BuildVerb.main of <colcon_core.verb.build.BuildVerb object at 0x7f9b4b31df90>>)
[2.346s] Level 1:colcon.colcon_core.package_discovery:discover_packages(colcon_meta) check parameters
[2.347s] Level 1:colcon.colcon_core.package_discovery:discover_packages(recursive) check parameters
[2.347s] Level 1:colcon.colcon_core.package_discovery:discover_packages(ignore) check parameters
[2.347s] Level 1:colcon.colcon_core.package_discovery:discover_packages(path) check parameters
[2.347s] Level 1:colcon.colcon_core.package_discovery:discover_packages(colcon_meta) discover
[2.347s] Level 1:colcon.colcon_core.package_discovery:discover_packages(recursive) discover
[2.347s] INFO:colcon.colcon_core.package_discovery:Crawling recursively for packages in '/uolstore/home/users/fy22ayyy/ros2_ws'
[2.348s] Level 1:colcon.colcon_core.package_identification:_identify(.) by extensions ['ignore', 'ignore_ament_install']
[2.348s] Level 1:colcon.colcon_core.package_identification:_identify(.) by extension 'ignore'
[2.348s] Level 1:colcon.colcon_core.package_identification:_identify(.) by extension 'ignore_ament_install'
[2.349s] Level 1:colcon.colcon_core.package_identification:_identify(.) by extensions ['colcon_pkg']
[2.349s] Level 1:colcon.colcon_core.package_identification:_identify(.) by extension 'colcon_pkg'
[2.349s] Level 1:colcon.colcon_core.package_identification:_identify(.) by extensions ['colcon_meta']
[2.349s] Level 1:colcon.colcon_core.package_identification:_identify(.) by extension 'colcon_meta'
[2.349s] Level 1:colcon.colcon_core.package_identification:_identify(.) by extensions ['ros']
[2.349s] Level 1:colcon.colcon_core.package_identification:_identify(.) by extension 'ros'
[2.374s] Level 1:colcon.colcon_core.package_identification:_identify(.) by extensions ['cmake', 'python']
[2.374s] Level 1:colcon.colcon_core.package_identification:_identify(.) by extension 'cmake'
[2.374s] Level 1:colcon.colcon_core.package_identification:_identify(.) by extension 'python'
[2.375s] Level 1:colcon.colcon_core.package_identification:_identify(.) by extensions ['python_setup_py']
[2.375s] Level 1:colcon.colcon_core.package_identification:_identify(.) by extension 'python_setup_py'
[2.376s] Level 1:colcon.colcon_core.package_identification:_identify(build) by extensions ['ignore', 'ignore_ament_install']
[2.376s] Level 1:colcon.colcon_core.package_identification:_identify(build) by extension 'ignore'
[2.376s] Level 1:colcon.colcon_core.package_identification:_identify(build) ignored
[2.377s] Level 1:colcon.colcon_core.package_identification:_identify(install) by extensions ['ignore', 'ignore_ament_install']
[2.377s] Level 1:colcon.colcon_core.package_identification:_identify(install) by extension 'ignore'
[2.377s] Level 1:colcon.colcon_core.package_identification:_identify(install) ignored
[2.379s] Level 1:colcon.colcon_core.package_identification:_identify(log) by extensions ['ignore', 'ignore_ament_install']
[2.379s] Level 1:colcon.colcon_core.package_identification:_identify(log) by extension 'ignore'
[2.379s] Level 1:colcon.colcon_core.package_identification:_identify(log) ignored
[2.380s] Level 1:colcon.colcon_core.package_identification:_identify(src) by extensions ['ignore', 'ignore_ament_install']
[2.380s] Level 1:colcon.colcon_core.package_identification:_identify(src) by extension 'ignore'
[2.380s] Level 1:colcon.colcon_core.package_identification:_identify(src) by extension 'ignore_ament_install'
[2.381s] Level 1:colcon.colcon_core.package_identification:_identify(src) by extensions ['colcon_pkg']
[2.381s] Level 1:colcon.colcon_core.package_identification:_identify(src) by extension 'colcon_pkg'
[2.381s] Level 1:colcon.colcon_core.package_identification:_identify(src) by extensions ['colcon_meta']
[2.381s] Level 1:colcon.colcon_core.package_identification:_identify(src) by extension 'colcon_meta'
[2.381s] Level 1:colcon.colcon_core.package_identification:_identify(src) by extensions ['ros']
[2.381s] Level 1:colcon.colcon_core.package_identification:_identify(src) by extension 'ros'
[2.382s] Level 1:colcon.colcon_core.package_identification:_identify(src) by extensions ['cmake', 'python']
[2.382s] Level 1:colcon.colcon_core.package_identification:_identify(src) by extension 'cmake'
[2.383s] Level 1:colcon.colcon_core.package_identification:_identify(src) by extension 'python'
[2.383s] Level 1:colcon.colcon_core.package_identification:_identify(src) by extensions ['python_setup_py']
[2.383s] Level 1:colcon.colcon_core.package_identification:_identify(src) by extension 'python_setup_py'
[2.384s] Level 1:colcon.colcon_core.package_identification:_identify(src/lab1) by extensions ['ignore', 'ignore_ament_install']
[2.384s] Level 1:colcon.colcon_core.package_identification:_identify(src/lab1) by extension 'ignore'
[2.385s] Level 1:colcon.colcon_core.package_identification:_identify(src/lab1) by extension 'ignore_ament_install'
[2.385s] Level 1:colcon.colcon_core.package_identification:_identify(src/lab1) by extensions ['colcon_pkg']
[2.385s] Level 1:colcon.colcon_core.package_identification:_identify(src/lab1) by extension 'colcon_pkg'
[2.386s] Level 1:colcon.colcon_core.package_identification:_identify(src/lab1) by extensions ['colcon_meta']
[2.386s] Level 1:colcon.colcon_core.package_identification:_identify(src/lab1) by extension 'colcon_meta'
[2.386s] Level 1:colcon.colcon_core.package_identification:_identify(src/lab1) by extensions ['ros']
[2.386s] Level 1:colcon.colcon_core.package_identification:_identify(src/lab1) by extension 'ros'
[2.390s] DEBUG:colcon.colcon_core.package_identification:Package 'src/lab1' with type 'ros.ament_python' and name 'lab1'
[2.390s] Level 1:colcon.colcon_core.package_discovery:discover_packages(recursive) using defaults
[2.390s] Level 1:colcon.colcon_core.package_discovery:discover_packages(ignore) discover
[2.390s] Level 1:colcon.colcon_core.package_discovery:discover_packages(ignore) using defaults
[2.390s] Level 1:colcon.colcon_core.package_discovery:discover_packages(path) discover
[2.390s] Level 1:colcon.colcon_core.package_discovery:discover_packages(path) using defaults
[2.532s] Level 1:colcon.colcon_core.package_discovery:discover_packages(prefix_path) check parameters
[2.532s] Level 1:colcon.colcon_core.package_discovery:discover_packages(prefix_path) discover
[2.542s] Level 1:colcon.colcon_core.package_discovery:discover_packages(prefix_path) using defaults
[2.558s] Level 5:colcon.colcon_core.verb:set package 'lab1' build argument 'cmake_args' from command line to 'None'
[2.558s] Level 5:colcon.colcon_core.verb:set package 'lab1' build argument 'cmake_target' from command line to 'None'
[2.558s] Level 5:colcon.colcon_core.verb:set package 'lab1' build argument 'cmake_target_skip_unavailable' from command line to 'False'
[2.558s] Level 5:colcon.colcon_core.verb:set package 'lab1' build argument 'cmake_clean_cache' from command line to 'False'
[2.558s] Level 5:colcon.colcon_core.verb:set package 'lab1' build argument 'cmake_clean_first' from command line to 'False'
[2.558s] Level 5:colcon.colcon_core.verb:set package 'lab1' build argument 'cmake_force_configure' from command line to 'False'
[2.558s] Level 5:colcon.colcon_core.verb:set package 'lab1' build argument 'ament_cmake_args' from command line to 'None'
[2.558s] Level 5:colcon.colcon_core.verb:set package 'lab1' build argument 'catkin_cmake_args' from command line to 'None'
[2.558s] Level 5:colcon.colcon_core.verb:set package 'lab1' build argument 'catkin_skip_building_tests' from command line to 'False'
[2.558s] DEBUG:colcon.colcon_core.verb:Building package 'lab1' with the following arguments: {'ament_cmake_args': None, 'build_base': '/uolstore/home/users/fy22ayyy/ros2_ws/build/lab1', 'catkin_cmake_args': None, 'catkin_skip_building_tests': False, 'cmake_args': None, 'cmake_clean_cache': False, 'cmake_clean_first': False, 'cmake_force_configure': False, 'cmake_target': None, 'cmake_target_skip_unavailable': False, 'install_base': '/uolstore/home/users/fy22ayyy/ros2_ws/install/lab1', 'merge_install': False, 'path': '/uolstore/home/users/fy22ayyy/ros2_ws/src/lab1', 'symlink_install': False, 'test_result_base': None}
[2.566s] INFO:colcon.colcon_core.executor:Executing jobs using 'parallel' executor
[2.574s] DEBUG:colcon.colcon_parallel_executor.executor.parallel:run_until_complete
[2.574s] INFO:colcon.colcon_ros.task.ament_python.build:Building ROS package in '/uolstore/home/users/fy22ayyy/ros2_ws/src/lab1' with build type 'ament_python'
[2.574s] Level 1:colcon.colcon_core.shell:create_environment_hook('lab1', 'ament_prefix_path')
[2.585s] INFO:colcon.colcon_core.plugin_system:Skipping extension 'colcon_core.shell.bat': Not used on non-Windows systems
[2.586s] INFO:colcon.colcon_core.shell:Creating environment hook '/uolstore/home/users/fy22ayyy/ros2_ws/install/lab1/share/lab1/hook/ament_prefix_path.ps1'
[2.592s] INFO:colcon.colcon_core.shell:Creating environment descriptor '/uolstore/home/users/fy22ayyy/ros2_ws/install/lab1/share/lab1/hook/ament_prefix_path.dsv'
[2.595s] INFO:colcon.colcon_core.shell:Creating environment hook '/uolstore/home/users/fy22ayyy/ros2_ws/install/lab1/share/lab1/hook/ament_prefix_path.sh'
[2.605s] INFO:colcon.colcon_core.shell:Skip shell extension 'powershell' for command environment: Not usable outside of PowerShell
[2.605s] DEBUG:colcon.colcon_core.shell:Skip shell extension 'dsv' for command environment
[2.892s] INFO:colcon.colcon_core.task.python.build:Building Python package in '/uolstore/home/users/fy22ayyy/ros2_ws/src/lab1'
[2.900s] INFO:colcon.colcon_core.shell:Skip shell extension 'powershell' for command environment: Not usable outside of PowerShell
[2.900s] DEBUG:colcon.colcon_core.shell:Skip shell extension 'dsv' for command environment
[3.629s] DEBUG:colcon.colcon_core.event_handler.log_command:Invoking command in '/uolstore/home/users/fy22ayyy/ros2_ws/src/lab1': PS1=[COMP3631] Singularity> \w $ PYTHONPATH=/uolstore/home/users/fy22ayyy/ros2_ws/build/lab1/prefix_override:/uolstore/home/users/fy22ayyy/ros2_ws/install/lab1/lib/python3.10/site-packages: /usr/bin/python3 setup.py egg_info --egg-base ../../build/lab1 build --build-base /uolstore/home/users/fy22ayyy/ros2_ws/build/lab1/build install --record /uolstore/home/users/fy22ayyy/ros2_ws/build/lab1/install.log --single-version-externally-managed
[3.962s] DEBUG:colcon.colcon_core.event_handler.log_command:Invoked command in '/uolstore/home/users/fy22ayyy/ros2_ws/src/lab1' returned '0': PS1=[COMP3631] Singularity> \w $ PYTHONPATH=/uolstore/home/users/fy22ayyy/ros2_ws/build/lab1/prefix_override:/uolstore/home/users/fy22ayyy/ros2_ws/install/lab1/lib/python3.10/site-packages: /usr/bin/python3 setup.py egg_info --egg-base ../../build/lab1 build --build-base /uolstore/home/users/fy22ayyy/ros2_ws/build/lab1/build install --record /uolstore/home/users/fy22ayyy/ros2_ws/build/lab1/install.log --single-version-externally-managed
[3.975s] Level 1:colcon.colcon_core.environment:checking '/uolstore/home/users/fy22ayyy/ros2_ws/install/lab1' for CMake module files
[3.980s] Level 1:colcon.colcon_core.environment:checking '/uolstore/home/users/fy22ayyy/ros2_ws/install/lab1' for CMake config files
[3.989s] Level 1:colcon.colcon_core.environment:checking '/uolstore/home/users/fy22ayyy/ros2_ws/install/lab1/lib'
[3.990s] Level 1:colcon.colcon_core.environment:checking '/uolstore/home/users/fy22ayyy/ros2_ws/install/lab1/bin'
[3.990s] Level 1:colcon.colcon_core.environment:checking '/uolstore/home/users/fy22ayyy/ros2_ws/install/lab1/lib/pkgconfig/lab1.pc'
[3.990s] Level 1:colcon.colcon_core.environment:checking '/uolstore/home/users/fy22ayyy/ros2_ws/install/lab1/lib/python3.10/site-packages'
[3.990s] Level 1:colcon.colcon_core.shell:create_environment_hook('lab1', 'pythonpath')
[3.999s] INFO:colcon.colcon_core.shell:Creating environment hook '/uolstore/home/users/fy22ayyy/ros2_ws/install/lab1/share/lab1/hook/pythonpath.ps1'
[4.002s] INFO:colcon.colcon_core.shell:Creating environment descriptor '/uolstore/home/users/fy22ayyy/ros2_ws/install/lab1/share/lab1/hook/pythonpath.dsv'
[4.004s] INFO:colcon.colcon_core.shell:Creating environment hook '/uolstore/home/users/fy22ayyy/ros2_ws/install/lab1/share/lab1/hook/pythonpath.sh'
[4.006s] Level 1:colcon.colcon_core.environment:checking '/uolstore/home/users/fy22ayyy/ros2_ws/install/lab1/bin'
[4.006s] Level 1:colcon.colcon_core.environment:create_environment_scripts_only(lab1)
[4.015s] INFO:colcon.colcon_core.shell:Creating package script '/uolstore/home/users/fy22ayyy/ros2_ws/install/lab1/share/lab1/package.ps1'
[4.018s] INFO:colcon.colcon_core.shell:Creating package descriptor '/uolstore/home/users/fy22ayyy/ros2_ws/install/lab1/share/lab1/package.dsv'
[4.021s] INFO:colcon.colcon_core.shell:Creating package script '/uolstore/home/users/fy22ayyy/ros2_ws/install/lab1/share/lab1/package.sh'
[4.024s] INFO:colcon.colcon_core.shell:Creating package script '/uolstore/home/users/fy22ayyy/ros2_ws/install/lab1/share/lab1/package.bash'
[4.026s] INFO:colcon.colcon_core.shell:Creating package script '/uolstore/home/users/fy22ayyy/ros2_ws/install/lab1/share/lab1/package.zsh'
[4.029s] Level 1:colcon.colcon_core.environment:create_file_with_runtime_dependencies(/uolstore/home/users/fy22ayyy/ros2_ws/install/lab1/share/colcon-core/packages/lab1)
[4.032s] DEBUG:colcon.colcon_parallel_executor.executor.parallel:closing loop
[4.033s] DEBUG:colcon.colcon_parallel_executor.executor.parallel:loop closed
[4.033s] DEBUG:colcon.colcon_parallel_executor.executor.parallel:run_until_complete finished with '0'
[4.033s] DEBUG:colcon.colcon_core.event_reactor:joining thread
[4.282s] INFO:colcon.colcon_core.plugin_system:Skipping extension 'colcon_notification.desktop_notification.notify_send': Could not find 'notify-send'
[4.282s] INFO:colcon.colcon_core.plugin_system:Skipping extension 'colcon_notification.desktop_notification.terminal_notifier': Not used on non-Darwin systems
[4.282s] INFO:colcon.colcon_core.plugin_system:Skipping extension 'colcon_notification.desktop_notification.win32': Not used on non-Windows systems
[4.282s] INFO:colcon.colcon_notification.desktop_notification:Sending desktop notification using 'notify2'
[4.291s] DEBUG:colcon.colcon_core.event_reactor:joined thread
[4.301s] INFO:colcon.colcon_core.shell:Creating prefix script '/uolstore/home/users/fy22ayyy/ros2_ws/install/local_setup.ps1'
[4.304s] INFO:colcon.colcon_core.shell:Creating prefix util module '/uolstore/home/users/fy22ayyy/ros2_ws/install/_local_setup_util_ps1.py'
[4.307s] INFO:colcon.colcon_core.shell:Creating prefix chain script '/uolstore/home/users/fy22ayyy/ros2_ws/install/setup.ps1'
[4.319s] INFO:colcon.colcon_core.shell:Creating prefix script '/uolstore/home/users/fy22ayyy/ros2_ws/install/local_setup.sh'
[4.322s] INFO:colcon.colcon_core.shell:Creating prefix util module '/uolstore/home/users/fy22ayyy/ros2_ws/install/_local_setup_util_sh.py'
[4.325s] INFO:colcon.colcon_core.shell:Creating prefix chain script '/uolstore/home/users/fy22ayyy/ros2_ws/install/setup.sh'
[4.336s] INFO:colcon.colcon_core.shell:Creating prefix script '/uolstore/home/users/fy22ayyy/ros2_ws/install/local_setup.bash'
[4.338s] INFO:colcon.colcon_core.shell:Creating prefix chain script '/uolstore/home/users/fy22ayyy/ros2_ws/install/setup.bash'
[4.350s] INFO:colcon.colcon_core.shell:Creating prefix script '/uolstore/home/users/fy22ayyy/ros2_ws/install/local_setup.zsh'
[4.352s] INFO:colcon.colcon_core.shell:Creating prefix chain script '/uolstore/home/users/fy22ayyy/ros2_ws/install/setup.zsh'
