[ 25%] Built target turtlebot3_drive
[ 50%] Built target obstacle2
[100%] Built target obstacle1
[100%] Built target obstacles
-- Install configuration: ""
-- Up-to-date: /uolstore/home/users/fy22ayyy/ros2_ws/install/turtlebot3_gazebo/lib/turtlebot3_gazebo/turtlebot3_drive
-- Up-to-date: /uolstore/home/users/fy22ayyy/ros2_ws/install/turtlebot3_gazebo/share/turtlebot3_gazebo//launch
-- Up-to-date: /uolstore/home/users/fy22ayyy/ros2_ws/install/turtlebot3_gazebo/share/turtlebot3_gazebo//launch/empty_world.launch.py
-- Up-to-date: /uolstore/home/users/fy22ayyy/ros2_ws/install/turtlebot3_gazebo/share/turtlebot3_gazebo//launch/robot_state_publisher.launch.py
-- Up-to-date: /uolstore/home/users/fy22ayyy/ros2_ws/install/turtlebot3_gazebo/share/turtlebot3_gazebo//launch/spawn_turtlebot3.launch.py
-- Up-to-date: /uolstore/home/users/fy22ayyy/ros2_ws/install/turtlebot3_gazebo/share/turtlebot3_gazebo//launch/turtlebot3_dqn_stage1.launch.py
-- Up-to-date: /uolstore/home/users/fy22ayyy/ros2_ws/install/turtlebot3_gazebo/share/turtlebot3_gazebo//launch/turtlebot3_dqn_stage2.launch.py
-- Up-to-date: /uolstore/home/users/fy22ayyy/ros2_ws/install/turtlebot3_gazebo/share/turtlebot3_gazebo//launch/turtlebot3_dqn_stage3.launch.py
-- Up-to-date: /uolstore/home/users/fy22ayyy/ros2_ws/install/turtlebot3_gazebo/share/turtlebot3_gazebo//launch/turtlebot3_dqn_stage4.launch.py
-- Up-to-date: /uolstore/home/users/fy22ayyy/ros2_ws/install/turtlebot3_gazebo/share/turtlebot3_gazebo//launch/turtlebot3_house.launch.py
-- Up-to-date: /uolstore/home/users/fy22ayyy/ros2_ws/install/turtlebot3_gazebo/share/turtlebot3_gazebo//launch/turtlebot3_panorama.launch.py
-- Up-to-date: /uolstore/home/users/fy22ayyy/ros2_ws/install/turtlebot3_gazebo/share/turtlebot3_gazebo//launch/turtlebot3_rgb_world.launch.py
-- Up-to-date: /uolstore/home/users/fy22ayyy/ros2_ws/install/turtlebot3_gazebo/share/turtlebot3_gazebo//launch/turtlebot3_space.launch.py
-- Up-to-date: /uolstore/home/users/fy22ayyy/ros2_ws/install/turtlebot3_gazebo/share/turtlebot3_gazebo//launch/turtlebot3_world.launch.py
-- Up-to-date: /uolstore/home/users/fy22ayyy/ros2_ws/install/turtlebot3_gazebo/share/turtlebot3_gazebo//models
-- Up-to-date: /uolstore/home/users/fy22ayyy/ros2_ws/install/turtlebot3_gazebo/share/turtlebot3_gazebo//models/brick_box_3x1x3
-- Up-to-date: /uolstore/home/users/fy22ayyy/ros2_ws/install/turtlebot3_gazebo/share/turtlebot3_gazebo//models/brick_box_3x1x3/materials
-- Up-to-date: /uolstore/home/users/fy22ayyy/ros2_ws/install/turtlebot3_gazebo/share/turtlebot3_gazebo//models/brick_box_3x1x3/materials/scripts
-- Up-to-date: /uolstore/home/users/fy22ayyy/ros2_ws/install/turtlebot3_gazebo/share/turtlebot3_gazebo//models/brick_box_3x1x3/materials/scripts/brick_box.material
-- Up-to-date: /uolstore/home/users/fy22ayyy/ros2_ws/install/turtlebot3_gazebo/share/turtlebot3_gazebo//models/brick_box_3x1x3/materials/textures
-- Up-to-date: /uolstore/home/users/fy22ayyy/ros2_ws/install/turtlebot3_gazebo/share/turtlebot3_gazebo//models/brick_box_3x1x3/materials/textures/simple_box.png
-- Up-to-date: /uolstore/home/users/fy22ayyy/ros2_ws/install/turtlebot3_gazebo/share/turtlebot3_gazebo//models/brick_box_3x1x3/meshes
-- Up-to-date: /uolstore/home/users/fy22ayyy/ros2_ws/install/turtlebot3_gazebo/share/turtlebot3_gazebo//models/brick_box_3x1x3/meshes/simple_box.dae
-- Up-to-date: /uolstore/home/users/fy22ayyy/ros2_ws/install/turtlebot3_gazebo/share/turtlebot3_gazebo//models/brick_box_3x1x3/model-1_3.sdf
-- Up-to-date: /uolstore/home/users/fy22ayyy/ros2_ws/install/turtlebot3_gazebo/share/turtlebot3_gazebo//models/brick_box_3x1x3/model-1_4.sdf
-- Up-to-date: /uolstore/home/users/fy22ayyy/ros2_ws/install/turtlebot3_gazebo/share/turtlebot3_gazebo//models/brick_box_3x1x3/model.config
-- Up-to-date: /uolstore/home/users/fy22ayyy/ros2_ws/install/turtlebot3_gazebo/share/turtlebot3_gazebo//models/brick_box_3x1x3/model.sdf
-- Up-to-date: /uolstore/home/users/fy22ayyy/ros2_ws/install/turtlebot3_gazebo/share/turtlebot3_gazebo//models/green_image
-- Up-to-date: /uolstore/home/users/fy22ayyy/ros2_ws/install/turtlebot3_gazebo/share/turtlebot3_gazebo//models/green_image/materials
-- Up-to-date: /uolstore/home/users/fy22ayyy/ros2_ws/install/turtlebot3_gazebo/share/turtlebot3_gazebo//models/green_image/materials/scripts
-- Up-to-date: /uolstore/home/users/fy22ayyy/ros2_ws/install/turtlebot3_gazebo/share/turtlebot3_gazebo//models/green_image/materials/scripts/green_image.material
-- Up-to-date: /uolstore/home/users/fy22ayyy/ros2_ws/install/turtlebot3_gazebo/share/turtlebot3_gazebo//models/green_image/materials/textures
-- Up-to-date: /uolstore/home/users/fy22ayyy/ros2_ws/install/turtlebot3_gazebo/share/turtlebot3_gazebo//models/green_image/materials/textures/green_image.jpg
-- Up-to-date: /uolstore/home/users/fy22ayyy/ros2_ws/install/turtlebot3_gazebo/share/turtlebot3_gazebo//models/green_image/model.config
-- Up-to-date: /uolstore/home/users/fy22ayyy/ros2_ws/install/turtlebot3_gazebo/share/turtlebot3_gazebo//models/green_image/model.sdf
-- Up-to-date: /uolstore/home/users/fy22ayyy/ros2_ws/install/turtlebot3_gazebo/share/turtlebot3_gazebo//models/grey_wall_medium
-- Up-to-date: /uolstore/home/users/fy22ayyy/ros2_ws/install/turtlebot3_gazebo/share/turtlebot3_gazebo//models/grey_wall_medium/materials
-- Up-to-date: /uolstore/home/users/fy22ayyy/ros2_ws/install/turtlebot3_gazebo/share/turtlebot3_gazebo//models/grey_wall_medium/materials/scripts
-- Up-to-date: /uolstore/home/users/fy22ayyy/ros2_ws/install/turtlebot3_gazebo/share/turtlebot3_gazebo//models/grey_wall_medium/materials/scripts/grey_wall.material
-- Up-to-date: /uolstore/home/users/fy22ayyy/ros2_ws/install/turtlebot3_gazebo/share/turtlebot3_gazebo//models/grey_wall_medium/materials/textures
-- Up-to-date: /uolstore/home/users/fy22ayyy/ros2_ws/install/turtlebot3_gazebo/share/turtlebot3_gazebo//models/grey_wall_medium/materials/textures/dull_gray.png
-- Up-to-date: /uolstore/home/users/fy22ayyy/ros2_ws/install/turtlebot3_gazebo/share/turtlebot3_gazebo//models/grey_wall_medium/model-1_3.sdf
-- Up-to-date: /uolstore/home/users/fy22ayyy/ros2_ws/install/turtlebot3_gazebo/share/turtlebot3_gazebo//models/grey_wall_medium/model-1_4.sdf
-- Up-to-date: /uolstore/home/users/fy22ayyy/ros2_ws/install/turtlebot3_gazebo/share/turtlebot3_gazebo//models/grey_wall_medium/model.config
-- Up-to-date: /uolstore/home/users/fy22ayyy/ros2_ws/install/turtlebot3_gazebo/share/turtlebot3_gazebo//models/grey_wall_medium/model.sdf
-- Up-to-date: /uolstore/home/users/fy22ayyy/ros2_ws/install/turtlebot3_gazebo/share/turtlebot3_gazebo//models/grey_wall_micro
-- Up-to-date: /uolstore/home/users/fy22ayyy/ros2_ws/install/turtlebot3_gazebo/share/turtlebot3_gazebo//models/grey_wall_micro/materials
-- Up-to-date: /uolstore/home/users/fy22ayyy/ros2_ws/install/turtlebot3_gazebo/share/turtlebot3_gazebo//models/grey_wall_micro/materials/scripts
-- Up-to-date: /uolstore/home/users/fy22ayyy/ros2_ws/install/turtlebot3_gazebo/share/turtlebot3_gazebo//models/grey_wall_micro/materials/scripts/grey_wall.material
-- Up-to-date: /uolstore/home/users/fy22ayyy/ros2_ws/install/turtlebot3_gazebo/share/turtlebot3_gazebo//models/grey_wall_micro/materials/textures
-- Up-to-date: /uolstore/home/users/fy22ayyy/ros2_ws/install/turtlebot3_gazebo/share/turtlebot3_gazebo//models/grey_wall_micro/materials/textures/dull_gray.png
-- Up-to-date: /uolstore/home/users/fy22ayyy/ros2_ws/install/turtlebot3_gazebo/share/turtlebot3_gazebo//models/grey_wall_micro/model-1_3.sdf
-- Up-to-date: /uolstore/home/users/fy22ayyy/ros2_ws/install/turtlebot3_gazebo/share/turtlebot3_gazebo//models/grey_wall_micro/model-1_4.sdf
-- Up-to-date: /uolstore/home/users/fy22ayyy/ros2_ws/install/turtlebot3_gazebo/share/turtlebot3_gazebo//models/grey_wall_micro/model.config
-- Up-to-date: /uolstore/home/users/fy22ayyy/ros2_ws/install/turtlebot3_gazebo/share/turtlebot3_gazebo//models/grey_wall_micro/model.sdf
-- Up-to-date: /uolstore/home/users/fy22ayyy/ros2_ws/install/turtlebot3_gazebo/share/turtlebot3_gazebo//models/grey_wall_small
-- Up-to-date: /uolstore/home/users/fy22ayyy/ros2_ws/install/turtlebot3_gazebo/share/turtlebot3_gazebo//models/grey_wall_small/materials
-- Up-to-date: /uolstore/home/users/fy22ayyy/ros2_ws/install/turtlebot3_gazebo/share/turtlebot3_gazebo//models/grey_wall_small/materials/scripts
-- Up-to-date: /uolstore/home/users/fy22ayyy/ros2_ws/install/turtlebot3_gazebo/share/turtlebot3_gazebo//models/grey_wall_small/materials/scripts/grey_wall.material
-- Up-to-date: /uolstore/home/users/fy22ayyy/ros2_ws/install/turtlebot3_gazebo/share/turtlebot3_gazebo//models/grey_wall_small/materials/textures
-- Up-to-date: /uolstore/home/users/fy22ayyy/ros2_ws/install/turtlebot3_gazebo/share/turtlebot3_gazebo//models/grey_wall_small/materials/textures/dull_gray.png
-- Up-to-date: /uolstore/home/users/fy22ayyy/ros2_ws/install/turtlebot3_gazebo/share/turtlebot3_gazebo//models/grey_wall_small/model-1_3.sdf
-- Up-to-date: /uolstore/home/users/fy22ayyy/ros2_ws/install/turtlebot3_gazebo/share/turtlebot3_gazebo//models/grey_wall_small/model-1_4.sdf
-- Up-to-date: /uolstore/home/users/fy22ayyy/ros2_ws/install/turtlebot3_gazebo/share/turtlebot3_gazebo//models/grey_wall_small/model.config
-- Up-to-date: /uolstore/home/users/fy22ayyy/ros2_ws/install/turtlebot3_gazebo/share/turtlebot3_gazebo//models/grey_wall_small/model.sdf
-- Up-to-date: /uolstore/home/users/fy22ayyy/ros2_ws/install/turtlebot3_gazebo/share/turtlebot3_gazebo//models/grey_wall_smaller
-- Up-to-date: /uolstore/home/users/fy22ayyy/ros2_ws/install/turtlebot3_gazebo/share/turtlebot3_gazebo//models/grey_wall_smaller/materials
-- Up-to-date: /uolstore/home/users/fy22ayyy/ros2_ws/install/turtlebot3_gazebo/share/turtlebot3_gazebo//models/grey_wall_smaller/materials/scripts
-- Up-to-date: /uolstore/home/users/fy22ayyy/ros2_ws/install/turtlebot3_gazebo/share/turtlebot3_gazebo//models/grey_wall_smaller/materials/scripts/grey_wall.material
-- Up-to-date: /uolstore/home/users/fy22ayyy/ros2_ws/install/turtlebot3_gazebo/share/turtlebot3_gazebo//models/grey_wall_smaller/materials/textures
-- Up-to-date: /uolstore/home/users/fy22ayyy/ros2_ws/install/turtlebot3_gazebo/share/turtlebot3_gazebo//models/grey_wall_smaller/materials/textures/dull_gray.png
-- Up-to-date: /uolstore/home/users/fy22ayyy/ros2_ws/install/turtlebot3_gazebo/share/turtlebot3_gazebo//models/grey_wall_smaller/model-1_3.sdf
-- Up-to-date: /uolstore/home/users/fy22ayyy/ros2_ws/install/turtlebot3_gazebo/share/turtlebot3_gazebo//models/grey_wall_smaller/model-1_4.sdf
-- Up-to-date: /uolstore/home/users/fy22ayyy/ros2_ws/install/turtlebot3_gazebo/share/turtlebot3_gazebo//models/grey_wall_smaller/model.config
-- Up-to-date: /uolstore/home/users/fy22ayyy/ros2_ws/install/turtlebot3_gazebo/share/turtlebot3_gazebo//models/grey_wall_smaller/model.sdf
-- Up-to-date: /uolstore/home/users/fy22ayyy/ros2_ws/install/turtlebot3_gazebo/share/turtlebot3_gazebo//models/grey_wall_tinier
-- Up-to-date: /uolstore/home/users/fy22ayyy/ros2_ws/install/turtlebot3_gazebo/share/turtlebot3_gazebo//models/grey_wall_tinier/materials
-- Up-to-date: /uolstore/home/users/fy22ayyy/ros2_ws/install/turtlebot3_gazebo/share/turtlebot3_gazebo//models/grey_wall_tinier/materials/scripts
-- Up-to-date: /uolstore/home/users/fy22ayyy/ros2_ws/install/turtlebot3_gazebo/share/turtlebot3_gazebo//models/grey_wall_tinier/materials/scripts/grey_wall.material
-- Up-to-date: /uolstore/home/users/fy22ayyy/ros2_ws/install/turtlebot3_gazebo/share/turtlebot3_gazebo//models/grey_wall_tinier/materials/textures
-- Up-to-date: /uolstore/home/users/fy22ayyy/ros2_ws/install/turtlebot3_gazebo/share/turtlebot3_gazebo//models/grey_wall_tinier/materials/textures/dull_gray.png
-- Up-to-date: /uolstore/home/users/fy22ayyy/ros2_ws/install/turtlebot3_gazebo/share/turtlebot3_gazebo//models/grey_wall_tinier/model-1_3.sdf
-- Up-to-date: /uolstore/home/users/fy22ayyy/ros2_ws/install/turtlebot3_gazebo/share/turtlebot3_gazebo//models/grey_wall_tinier/model-1_4.sdf
-- Up-to-date: /uolstore/home/users/fy22ayyy/ros2_ws/install/turtlebot3_gazebo/share/turtlebot3_gazebo//models/grey_wall_tinier/model.config
-- Up-to-date: /uolstore/home/users/fy22ayyy/ros2_ws/install/turtlebot3_gazebo/share/turtlebot3_gazebo//models/grey_wall_tinier/model.sdf
-- Up-to-date: /uolstore/home/users/fy22ayyy/ros2_ws/install/turtlebot3_gazebo/share/turtlebot3_gazebo//models/grey_wall_tiny
-- Up-to-date: /uolstore/home/users/fy22ayyy/ros2_ws/install/turtlebot3_gazebo/share/turtlebot3_gazebo//models/grey_wall_tiny/materials
-- Up-to-date: /uolstore/home/users/fy22ayyy/ros2_ws/install/turtlebot3_gazebo/share/turtlebot3_gazebo//models/grey_wall_tiny/materials/scripts
-- Up-to-date: /uolstore/home/users/fy22ayyy/ros2_ws/install/turtlebot3_gazebo/share/turtlebot3_gazebo//models/grey_wall_tiny/materials/scripts/grey_wall.material
-- Up-to-date: /uolstore/home/users/fy22ayyy/ros2_ws/install/turtlebot3_gazebo/share/turtlebot3_gazebo//models/grey_wall_tiny/materials/textures
-- Up-to-date: /uolstore/home/users/fy22ayyy/ros2_ws/install/turtlebot3_gazebo/share/turtlebot3_gazebo//models/grey_wall_tiny/materials/textures/dull_gray.png
-- Up-to-date: /uolstore/home/users/fy22ayyy/ros2_ws/install/turtlebot3_gazebo/share/turtlebot3_gazebo//models/grey_wall_tiny/model-1_3.sdf
-- Up-to-date: /uolstore/home/users/fy22ayyy/ros2_ws/install/turtlebot3_gazebo/share/turtlebot3_gazebo//models/grey_wall_tiny/model-1_4.sdf
-- Up-to-date: /uolstore/home/users/fy22ayyy/ros2_ws/install/turtlebot3_gazebo/share/turtlebot3_gazebo//models/grey_wall_tiny/model.config
-- Up-to-date: /uolstore/home/users/fy22ayyy/ros2_ws/install/turtlebot3_gazebo/share/turtlebot3_gazebo//models/grey_wall_tiny/model.sdf
-- Up-to-date: /uolstore/home/users/fy22ayyy/ros2_ws/install/turtlebot3_gazebo/share/turtlebot3_gazebo//models/my_grey_wall
-- Up-to-date: /uolstore/home/users/fy22ayyy/ros2_ws/install/turtlebot3_gazebo/share/turtlebot3_gazebo//models/my_grey_wall/materials
-- Up-to-date: /uolstore/home/users/fy22ayyy/ros2_ws/install/turtlebot3_gazebo/share/turtlebot3_gazebo//models/my_grey_wall/materials/scripts
-- Up-to-date: /uolstore/home/users/fy22ayyy/ros2_ws/install/turtlebot3_gazebo/share/turtlebot3_gazebo//models/my_grey_wall/materials/scripts/brick_box.material
-- Up-to-date: /uolstore/home/users/fy22ayyy/ros2_ws/install/turtlebot3_gazebo/share/turtlebot3_gazebo//models/my_grey_wall/materials/scripts/my_grey_wall.material
-- Up-to-date: /uolstore/home/users/fy22ayyy/ros2_ws/install/turtlebot3_gazebo/share/turtlebot3_gazebo//models/my_grey_wall/materials/scripts/space_box.material
-- Up-to-date: /uolstore/home/users/fy22ayyy/ros2_ws/install/turtlebot3_gazebo/share/turtlebot3_gazebo//models/my_grey_wall/materials/textures
-- Up-to-date: /uolstore/home/users/fy22ayyy/ros2_ws/install/turtlebot3_gazebo/share/turtlebot3_gazebo//models/my_grey_wall/materials/textures/Untitled.jpg
-- Up-to-date: /uolstore/home/users/fy22ayyy/ros2_ws/install/turtlebot3_gazebo/share/turtlebot3_gazebo//models/my_grey_wall/materials/textures/simple_box.jpg
-- Up-to-date: /uolstore/home/users/fy22ayyy/ros2_ws/install/turtlebot3_gazebo/share/turtlebot3_gazebo//models/my_grey_wall/materials/textures/simple_box.png
-- Up-to-date: /uolstore/home/users/fy22ayyy/ros2_ws/install/turtlebot3_gazebo/share/turtlebot3_gazebo//models/my_grey_wall/materials/textures/simple_box.png.old
-- Up-to-date: /uolstore/home/users/fy22ayyy/ros2_ws/install/turtlebot3_gazebo/share/turtlebot3_gazebo//models/my_grey_wall/materials/textures/simple_box1.png
-- Up-to-date: /uolstore/home/users/fy22ayyy/ros2_ws/install/turtlebot3_gazebo/share/turtlebot3_gazebo//models/my_grey_wall/materials/textures/simple_box2.png
-- Up-to-date: /uolstore/home/users/fy22ayyy/ros2_ws/install/turtlebot3_gazebo/share/turtlebot3_gazebo//models/my_grey_wall/materials/textures/spacecraftwall.jpeg
-- Up-to-date: /uolstore/home/users/fy22ayyy/ros2_ws/install/turtlebot3_gazebo/share/turtlebot3_gazebo//models/my_grey_wall/materials/textures/texture.jpg
-- Up-to-date: /uolstore/home/users/fy22ayyy/ros2_ws/install/turtlebot3_gazebo/share/turtlebot3_gazebo//models/my_grey_wall/meshes
-- Up-to-date: /uolstore/home/users/fy22ayyy/ros2_ws/install/turtlebot3_gazebo/share/turtlebot3_gazebo//models/my_grey_wall/meshes/simple_box.dae
-- Up-to-date: /uolstore/home/users/fy22ayyy/ros2_ws/install/turtlebot3_gazebo/share/turtlebot3_gazebo//models/my_grey_wall/model-1_3.sdf
-- Up-to-date: /uolstore/home/users/fy22ayyy/ros2_ws/install/turtlebot3_gazebo/share/turtlebot3_gazebo//models/my_grey_wall/model-1_4.sdf
-- Up-to-date: /uolstore/home/users/fy22ayyy/ros2_ws/install/turtlebot3_gazebo/share/turtlebot3_gazebo//models/my_grey_wall/model.config
-- Up-to-date: /uolstore/home/users/fy22ayyy/ros2_ws/install/turtlebot3_gazebo/share/turtlebot3_gazebo//models/my_grey_wall/model.sdf
-- Up-to-date: /uolstore/home/users/fy22ayyy/ros2_ws/install/turtlebot3_gazebo/share/turtlebot3_gazebo//models/panoframe
-- Up-to-date: /uolstore/home/users/fy22ayyy/ros2_ws/install/turtlebot3_gazebo/share/turtlebot3_gazebo//models/panoframe/materials
-- Up-to-date: /uolstore/home/users/fy22ayyy/ros2_ws/install/turtlebot3_gazebo/share/turtlebot3_gazebo//models/panoframe/materials/scripts
-- Up-to-date: /uolstore/home/users/fy22ayyy/ros2_ws/install/turtlebot3_gazebo/share/turtlebot3_gazebo//models/panoframe/materials/scripts/repeated.material
-- Up-to-date: /uolstore/home/users/fy22ayyy/ros2_ws/install/turtlebot3_gazebo/share/turtlebot3_gazebo//models/panoframe/materials/textures
-- Up-to-date: /uolstore/home/users/fy22ayyy/ros2_ws/install/turtlebot3_gazebo/share/turtlebot3_gazebo//models/panoframe/materials/textures/scene.jpg
-- Up-to-date: /uolstore/home/users/fy22ayyy/ros2_ws/install/turtlebot3_gazebo/share/turtlebot3_gazebo//models/panoframe/model.config
-- Up-to-date: /uolstore/home/users/fy22ayyy/ros2_ws/install/turtlebot3_gazebo/share/turtlebot3_gazebo//models/panoframe/model.sdf
-- Up-to-date: /uolstore/home/users/fy22ayyy/ros2_ws/install/turtlebot3_gazebo/share/turtlebot3_gazebo//models/panorama
-- Up-to-date: /uolstore/home/users/fy22ayyy/ros2_ws/install/turtlebot3_gazebo/share/turtlebot3_gazebo//models/panorama/materials
-- Up-to-date: /uolstore/home/users/fy22ayyy/ros2_ws/install/turtlebot3_gazebo/share/turtlebot3_gazebo//models/panorama/materials/scripts
-- Up-to-date: /uolstore/home/users/fy22ayyy/ros2_ws/install/turtlebot3_gazebo/share/turtlebot3_gazebo//models/panorama/materials/scripts/repeated.material
-- Up-to-date: /uolstore/home/users/fy22ayyy/ros2_ws/install/turtlebot3_gazebo/share/turtlebot3_gazebo//models/panorama/materials/textures
-- Up-to-date: /uolstore/home/users/fy22ayyy/ros2_ws/install/turtlebot3_gazebo/share/turtlebot3_gazebo//models/panorama/materials/textures/2.jpg
-- Up-to-date: /uolstore/home/users/fy22ayyy/ros2_ws/install/turtlebot3_gazebo/share/turtlebot3_gazebo//models/panorama/materials/textures/scene.jpg
-- Up-to-date: /uolstore/home/users/fy22ayyy/ros2_ws/install/turtlebot3_gazebo/share/turtlebot3_gazebo//models/panorama/materials/textures/scene_old.jpg
-- Up-to-date: /uolstore/home/users/fy22ayyy/ros2_ws/install/turtlebot3_gazebo/share/turtlebot3_gazebo//models/panorama/model.config
-- Up-to-date: /uolstore/home/users/fy22ayyy/ros2_ws/install/turtlebot3_gazebo/share/turtlebot3_gazebo//models/panorama/model.sdf
-- Up-to-date: /uolstore/home/users/fy22ayyy/ros2_ws/install/turtlebot3_gazebo/share/turtlebot3_gazebo//models/poster
-- Up-to-date: /uolstore/home/users/fy22ayyy/ros2_ws/install/turtlebot3_gazebo/share/turtlebot3_gazebo//models/poster/materials
-- Up-to-date: /uolstore/home/users/fy22ayyy/ros2_ws/install/turtlebot3_gazebo/share/turtlebot3_gazebo//models/poster/materials/scripts
-- Up-to-date: /uolstore/home/users/fy22ayyy/ros2_ws/install/turtlebot3_gazebo/share/turtlebot3_gazebo//models/poster/materials/scripts/repeated.material
-- Up-to-date: /uolstore/home/users/fy22ayyy/ros2_ws/install/turtlebot3_gazebo/share/turtlebot3_gazebo//models/poster/materials/textures
-- Up-to-date: /uolstore/home/users/fy22ayyy/ros2_ws/install/turtlebot3_gazebo/share/turtlebot3_gazebo//models/poster/materials/textures/poster.png
-- Up-to-date: /uolstore/home/users/fy22ayyy/ros2_ws/install/turtlebot3_gazebo/share/turtlebot3_gazebo//models/poster/model.config
-- Up-to-date: /uolstore/home/users/fy22ayyy/ros2_ws/install/turtlebot3_gazebo/share/turtlebot3_gazebo//models/poster/model.sdf
-- Up-to-date: /uolstore/home/users/fy22ayyy/ros2_ws/install/turtlebot3_gazebo/share/turtlebot3_gazebo//models/red_image
-- Up-to-date: /uolstore/home/users/fy22ayyy/ros2_ws/install/turtlebot3_gazebo/share/turtlebot3_gazebo//models/red_image/materials
-- Up-to-date: /uolstore/home/users/fy22ayyy/ros2_ws/install/turtlebot3_gazebo/share/turtlebot3_gazebo//models/red_image/materials/scripts
-- Up-to-date: /uolstore/home/users/fy22ayyy/ros2_ws/install/turtlebot3_gazebo/share/turtlebot3_gazebo//models/red_image/materials/scripts/red_image.material
-- Up-to-date: /uolstore/home/users/fy22ayyy/ros2_ws/install/turtlebot3_gazebo/share/turtlebot3_gazebo//models/red_image/materials/textures
-- Up-to-date: /uolstore/home/users/fy22ayyy/ros2_ws/install/turtlebot3_gazebo/share/turtlebot3_gazebo//models/red_image/materials/textures/red_image.jpg
-- Up-to-date: /uolstore/home/users/fy22ayyy/ros2_ws/install/turtlebot3_gazebo/share/turtlebot3_gazebo//models/red_image/model.config
-- Up-to-date: /uolstore/home/users/fy22ayyy/ros2_ws/install/turtlebot3_gazebo/share/turtlebot3_gazebo//models/red_image/model.sdf
-- Up-to-date: /uolstore/home/users/fy22ayyy/ros2_ws/install/turtlebot3_gazebo/share/turtlebot3_gazebo//models/red_image/red_image
-- Up-to-date: /uolstore/home/users/fy22ayyy/ros2_ws/install/turtlebot3_gazebo/share/turtlebot3_gazebo//models/red_image/red_image/materials
-- Up-to-date: /uolstore/home/users/fy22ayyy/ros2_ws/install/turtlebot3_gazebo/share/turtlebot3_gazebo//models/red_image/red_image/materials/scripts
-- Up-to-date: /uolstore/home/users/fy22ayyy/ros2_ws/install/turtlebot3_gazebo/share/turtlebot3_gazebo//models/red_image/red_image/materials/scripts/red_image.material
-- Up-to-date: /uolstore/home/users/fy22ayyy/ros2_ws/install/turtlebot3_gazebo/share/turtlebot3_gazebo//models/red_image/red_image/materials/textures
-- Up-to-date: /uolstore/home/users/fy22ayyy/ros2_ws/install/turtlebot3_gazebo/share/turtlebot3_gazebo//models/red_image/red_image/materials/textures/red_image.jpg
-- Up-to-date: /uolstore/home/users/fy22ayyy/ros2_ws/install/turtlebot3_gazebo/share/turtlebot3_gazebo//models/red_image/red_image/model.config
-- Up-to-date: /uolstore/home/users/fy22ayyy/ros2_ws/install/turtlebot3_gazebo/share/turtlebot3_gazebo//models/red_image/red_image/model.sdf
-- Up-to-date: /uolstore/home/users/fy22ayyy/ros2_ws/install/turtlebot3_gazebo/share/turtlebot3_gazebo//models/space_box_3x1x3
-- Up-to-date: /uolstore/home/users/fy22ayyy/ros2_ws/install/turtlebot3_gazebo/share/turtlebot3_gazebo//models/space_box_3x1x3/materials
-- Up-to-date: /uolstore/home/users/fy22ayyy/ros2_ws/install/turtlebot3_gazebo/share/turtlebot3_gazebo//models/space_box_3x1x3/materials/scripts
-- Up-to-date: /uolstore/home/users/fy22ayyy/ros2_ws/install/turtlebot3_gazebo/share/turtlebot3_gazebo//models/space_box_3x1x3/materials/scripts/brick_box.material
-- Up-to-date: /uolstore/home/users/fy22ayyy/ros2_ws/install/turtlebot3_gazebo/share/turtlebot3_gazebo//models/space_box_3x1x3/materials/scripts/space_box.material
-- Up-to-date: /uolstore/home/users/fy22ayyy/ros2_ws/install/turtlebot3_gazebo/share/turtlebot3_gazebo//models/space_box_3x1x3/materials/textures
-- Up-to-date: /uolstore/home/users/fy22ayyy/ros2_ws/install/turtlebot3_gazebo/share/turtlebot3_gazebo//models/space_box_3x1x3/materials/textures/Untitled.jpg
-- Up-to-date: /uolstore/home/users/fy22ayyy/ros2_ws/install/turtlebot3_gazebo/share/turtlebot3_gazebo//models/space_box_3x1x3/materials/textures/simple_box.jpg
-- Up-to-date: /uolstore/home/users/fy22ayyy/ros2_ws/install/turtlebot3_gazebo/share/turtlebot3_gazebo//models/space_box_3x1x3/materials/textures/simple_box.png
-- Up-to-date: /uolstore/home/users/fy22ayyy/ros2_ws/install/turtlebot3_gazebo/share/turtlebot3_gazebo//models/space_box_3x1x3/materials/textures/simple_box.png.old
-- Up-to-date: /uolstore/home/users/fy22ayyy/ros2_ws/install/turtlebot3_gazebo/share/turtlebot3_gazebo//models/space_box_3x1x3/materials/textures/simple_box1.png
-- Up-to-date: /uolstore/home/users/fy22ayyy/ros2_ws/install/turtlebot3_gazebo/share/turtlebot3_gazebo//models/space_box_3x1x3/materials/textures/simple_box2.png
-- Up-to-date: /uolstore/home/users/fy22ayyy/ros2_ws/install/turtlebot3_gazebo/share/turtlebot3_gazebo//models/space_box_3x1x3/materials/textures/spacecraftwall.jpeg
-- Up-to-date: /uolstore/home/users/fy22ayyy/ros2_ws/install/turtlebot3_gazebo/share/turtlebot3_gazebo//models/space_box_3x1x3/materials/textures/texture.jpg
-- Up-to-date: /uolstore/home/users/fy22ayyy/ros2_ws/install/turtlebot3_gazebo/share/turtlebot3_gazebo//models/space_box_3x1x3/meshes
-- Up-to-date: /uolstore/home/users/fy22ayyy/ros2_ws/install/turtlebot3_gazebo/share/turtlebot3_gazebo//models/space_box_3x1x3/meshes/simple_box.dae
-- Up-to-date: /uolstore/home/users/fy22ayyy/ros2_ws/install/turtlebot3_gazebo/share/turtlebot3_gazebo//models/space_box_3x1x3/model-1_3.sdf
-- Up-to-date: /uolstore/home/users/fy22ayyy/ros2_ws/install/turtlebot3_gazebo/share/turtlebot3_gazebo//models/space_box_3x1x3/model-1_4.sdf
-- Up-to-date: /uolstore/home/users/fy22ayyy/ros2_ws/install/turtlebot3_gazebo/share/turtlebot3_gazebo//models/space_box_3x1x3/model.config
-- Up-to-date: /uolstore/home/users/fy22ayyy/ros2_ws/install/turtlebot3_gazebo/share/turtlebot3_gazebo//models/space_box_3x1x3/model.sdf
-- Up-to-date: /uolstore/home/users/fy22ayyy/ros2_ws/install/turtlebot3_gazebo/share/turtlebot3_gazebo//models/turtlebot3_burger
-- Up-to-date: /uolstore/home/users/fy22ayyy/ros2_ws/install/turtlebot3_gazebo/share/turtlebot3_gazebo//models/turtlebot3_burger/meshes
-- Up-to-date: /uolstore/home/users/fy22ayyy/ros2_ws/install/turtlebot3_gazebo/share/turtlebot3_gazebo//models/turtlebot3_burger/meshes/bases
-- Up-to-date: /uolstore/home/users/fy22ayyy/ros2_ws/install/turtlebot3_gazebo/share/turtlebot3_gazebo//models/turtlebot3_burger/meshes/bases/burger_base.stl
-- Up-to-date: /uolstore/home/users/fy22ayyy/ros2_ws/install/turtlebot3_gazebo/share/turtlebot3_gazebo//models/turtlebot3_burger/meshes/bases/waffle_base.stl
-- Up-to-date: /uolstore/home/users/fy22ayyy/ros2_ws/install/turtlebot3_gazebo/share/turtlebot3_gazebo//models/turtlebot3_burger/meshes/bases/waffle_base_for_open_manipulator.stl
-- Up-to-date: /uolstore/home/users/fy22ayyy/ros2_ws/install/turtlebot3_gazebo/share/turtlebot3_gazebo//models/turtlebot3_burger/meshes/bases/waffle_pi_base.stl
-- Up-to-date: /uolstore/home/users/fy22ayyy/ros2_ws/install/turtlebot3_gazebo/share/turtlebot3_gazebo//models/turtlebot3_burger/meshes/bases/waffle_pi_base_for_open_manipulator.stl
-- Up-to-date: /uolstore/home/users/fy22ayyy/ros2_ws/install/turtlebot3_gazebo/share/turtlebot3_gazebo//models/turtlebot3_burger/meshes/burger_base.dae
-- Up-to-date: /uolstore/home/users/fy22ayyy/ros2_ws/install/turtlebot3_gazebo/share/turtlebot3_gazebo//models/turtlebot3_burger/meshes/lds.dae
-- Up-to-date: /uolstore/home/users/fy22ayyy/ros2_ws/install/turtlebot3_gazebo/share/turtlebot3_gazebo//models/turtlebot3_burger/meshes/sensors
-- Up-to-date: /uolstore/home/users/fy22ayyy/ros2_ws/install/turtlebot3_gazebo/share/turtlebot3_gazebo//models/turtlebot3_burger/meshes/sensors/astra.dae
-- Up-to-date: /uolstore/home/users/fy22ayyy/ros2_ws/install/turtlebot3_gazebo/share/turtlebot3_gazebo//models/turtlebot3_burger/meshes/sensors/astra.jpg
-- Up-to-date: /uolstore/home/users/fy22ayyy/ros2_ws/install/turtlebot3_gazebo/share/turtlebot3_gazebo//models/turtlebot3_burger/meshes/sensors/lds.stl
-- Up-to-date: /uolstore/home/users/fy22ayyy/ros2_ws/install/turtlebot3_gazebo/share/turtlebot3_gazebo//models/turtlebot3_burger/meshes/sensors/r200.dae
-- Up-to-date: /uolstore/home/users/fy22ayyy/ros2_ws/install/turtlebot3_gazebo/share/turtlebot3_gazebo//models/turtlebot3_burger/meshes/sensors/r200.jpg
-- Up-to-date: /uolstore/home/users/fy22ayyy/ros2_ws/install/turtlebot3_gazebo/share/turtlebot3_gazebo//models/turtlebot3_burger/meshes/tire.dae
-- Up-to-date: /uolstore/home/users/fy22ayyy/ros2_ws/install/turtlebot3_gazebo/share/turtlebot3_gazebo//models/turtlebot3_burger/meshes/wheels
-- Up-to-date: /uolstore/home/users/fy22ayyy/ros2_ws/install/turtlebot3_gazebo/share/turtlebot3_gazebo//models/turtlebot3_burger/meshes/wheels/left_tire.stl
-- Up-to-date: /uolstore/home/users/fy22ayyy/ros2_ws/install/turtlebot3_gazebo/share/turtlebot3_gazebo//models/turtlebot3_burger/meshes/wheels/right_tire.stl
-- Up-to-date: /uolstore/home/users/fy22ayyy/ros2_ws/install/turtlebot3_gazebo/share/turtlebot3_gazebo//models/turtlebot3_burger/model-1_4.sdf
-- Up-to-date: /uolstore/home/users/fy22ayyy/ros2_ws/install/turtlebot3_gazebo/share/turtlebot3_gazebo//models/turtlebot3_burger/model.config
-- Up-to-date: /uolstore/home/users/fy22ayyy/ros2_ws/install/turtlebot3_gazebo/share/turtlebot3_gazebo//models/turtlebot3_burger/model.sdf
-- Up-to-date: /uolstore/home/users/fy22ayyy/ros2_ws/install/turtlebot3_gazebo/share/turtlebot3_gazebo//models/turtlebot3_common
-- Up-to-date: /uolstore/home/users/fy22ayyy/ros2_ws/install/turtlebot3_gazebo/share/turtlebot3_gazebo//models/turtlebot3_common/meshes
-- Up-to-date: /uolstore/home/users/fy22ayyy/ros2_ws/install/turtlebot3_gazebo/share/turtlebot3_gazebo//models/turtlebot3_common/meshes/burger_base.dae
-- Up-to-date: /uolstore/home/users/fy22ayyy/ros2_ws/install/turtlebot3_gazebo/share/turtlebot3_gazebo//models/turtlebot3_common/meshes/lds.dae
-- Up-to-date: /uolstore/home/users/fy22ayyy/ros2_ws/install/turtlebot3_gazebo/share/turtlebot3_gazebo//models/turtlebot3_common/meshes/r200.dae
-- Up-to-date: /uolstore/home/users/fy22ayyy/ros2_ws/install/turtlebot3_gazebo/share/turtlebot3_gazebo//models/turtlebot3_common/meshes/tire.dae
-- Up-to-date: /uolstore/home/users/fy22ayyy/ros2_ws/install/turtlebot3_gazebo/share/turtlebot3_gazebo//models/turtlebot3_common/meshes/waffle_base.dae
-- Up-to-date: /uolstore/home/users/fy22ayyy/ros2_ws/install/turtlebot3_gazebo/share/turtlebot3_gazebo//models/turtlebot3_common/meshes/waffle_pi_base.dae
-- Up-to-date: /uolstore/home/users/fy22ayyy/ros2_ws/install/turtlebot3_gazebo/share/turtlebot3_gazebo//models/turtlebot3_common/model.config
-- Up-to-date: /uolstore/home/users/fy22ayyy/ros2_ws/install/turtlebot3_gazebo/share/turtlebot3_gazebo//models/turtlebot3_dqn_world
-- Up-to-date: /uolstore/home/users/fy22ayyy/ros2_ws/install/turtlebot3_gazebo/share/turtlebot3_gazebo//models/turtlebot3_dqn_world/goal_box
-- Up-to-date: /uolstore/home/users/fy22ayyy/ros2_ws/install/turtlebot3_gazebo/share/turtlebot3_gazebo//models/turtlebot3_dqn_world/goal_box/model.config
-- Up-to-date: /uolstore/home/users/fy22ayyy/ros2_ws/install/turtlebot3_gazebo/share/turtlebot3_gazebo//models/turtlebot3_dqn_world/goal_box/model.sdf
-- Up-to-date: /uolstore/home/users/fy22ayyy/ros2_ws/install/turtlebot3_gazebo/share/turtlebot3_gazebo//models/turtlebot3_dqn_world/inner_walls
-- Up-to-date: /uolstore/home/users/fy22ayyy/ros2_ws/install/turtlebot3_gazebo/share/turtlebot3_gazebo//models/turtlebot3_dqn_world/inner_walls/model.config
-- Up-to-date: /uolstore/home/users/fy22ayyy/ros2_ws/install/turtlebot3_gazebo/share/turtlebot3_gazebo//models/turtlebot3_dqn_world/inner_walls/model.sdf
-- Up-to-date: /uolstore/home/users/fy22ayyy/ros2_ws/install/turtlebot3_gazebo/share/turtlebot3_gazebo//models/turtlebot3_dqn_world/model.config
-- Up-to-date: /uolstore/home/users/fy22ayyy/ros2_ws/install/turtlebot3_gazebo/share/turtlebot3_gazebo//models/turtlebot3_dqn_world/model.sdf
-- Up-to-date: /uolstore/home/users/fy22ayyy/ros2_ws/install/turtlebot3_gazebo/share/turtlebot3_gazebo//models/turtlebot3_dqn_world/obstacle1
-- Up-to-date: /uolstore/home/users/fy22ayyy/ros2_ws/install/turtlebot3_gazebo/share/turtlebot3_gazebo//models/turtlebot3_dqn_world/obstacle1/model.config
-- Up-to-date: /uolstore/home/users/fy22ayyy/ros2_ws/install/turtlebot3_gazebo/share/turtlebot3_gazebo//models/turtlebot3_dqn_world/obstacle1/model.sdf
-- Up-to-date: /uolstore/home/users/fy22ayyy/ros2_ws/install/turtlebot3_gazebo/share/turtlebot3_gazebo//models/turtlebot3_dqn_world/obstacle2
-- Up-to-date: /uolstore/home/users/fy22ayyy/ros2_ws/install/turtlebot3_gazebo/share/turtlebot3_gazebo//models/turtlebot3_dqn_world/obstacle2/model.config
-- Up-to-date: /uolstore/home/users/fy22ayyy/ros2_ws/install/turtlebot3_gazebo/share/turtlebot3_gazebo//models/turtlebot3_dqn_world/obstacle2/model.sdf
-- Up-to-date: /uolstore/home/users/fy22ayyy/ros2_ws/install/turtlebot3_gazebo/share/turtlebot3_gazebo//models/turtlebot3_dqn_world/obstacle_plugin
-- Up-to-date: /uolstore/home/users/fy22ayyy/ros2_ws/install/turtlebot3_gazebo/share/turtlebot3_gazebo//models/turtlebot3_dqn_world/obstacle_plugin/CMakeLists.txt
-- Up-to-date: /uolstore/home/users/fy22ayyy/ros2_ws/install/turtlebot3_gazebo/share/turtlebot3_gazebo//models/turtlebot3_dqn_world/obstacle_plugin/obstacle1.cc
-- Up-to-date: /uolstore/home/users/fy22ayyy/ros2_ws/install/turtlebot3_gazebo/share/turtlebot3_gazebo//models/turtlebot3_dqn_world/obstacle_plugin/obstacle2.cc
-- Up-to-date: /uolstore/home/users/fy22ayyy/ros2_ws/install/turtlebot3_gazebo/share/turtlebot3_gazebo//models/turtlebot3_dqn_world/obstacle_plugin/obstacles.cc
-- Up-to-date: /uolstore/home/users/fy22ayyy/ros2_ws/install/turtlebot3_gazebo/share/turtlebot3_gazebo//models/turtlebot3_dqn_world/obstacles
-- Up-to-date: /uolstore/home/users/fy22ayyy/ros2_ws/install/turtlebot3_gazebo/share/turtlebot3_gazebo//models/turtlebot3_dqn_world/obstacles/model.config
-- Up-to-date: /uolstore/home/users/fy22ayyy/ros2_ws/install/turtlebot3_gazebo/share/turtlebot3_gazebo//models/turtlebot3_dqn_world/obstacles/model.sdf
-- Up-to-date: /uolstore/home/users/fy22ayyy/ros2_ws/install/turtlebot3_gazebo/share/turtlebot3_gazebo//models/turtlebot3_house
-- Up-to-date: /uolstore/home/users/fy22ayyy/ros2_ws/install/turtlebot3_gazebo/share/turtlebot3_gazebo//models/turtlebot3_house/model.config
-- Up-to-date: /uolstore/home/users/fy22ayyy/ros2_ws/install/turtlebot3_gazebo/share/turtlebot3_gazebo//models/turtlebot3_house/model.sdf
-- Up-to-date: /uolstore/home/users/fy22ayyy/ros2_ws/install/turtlebot3_gazebo/share/turtlebot3_gazebo//models/turtlebot3_waffle
-- Up-to-date: /uolstore/home/users/fy22ayyy/ros2_ws/install/turtlebot3_gazebo/share/turtlebot3_gazebo//models/turtlebot3_waffle/model-1_4.sdf
-- Up-to-date: /uolstore/home/users/fy22ayyy/ros2_ws/install/turtlebot3_gazebo/share/turtlebot3_gazebo//models/turtlebot3_waffle/model.config
-- Up-to-date: /uolstore/home/users/fy22ayyy/ros2_ws/install/turtlebot3_gazebo/share/turtlebot3_gazebo//models/turtlebot3_waffle/model.sdf
-- Up-to-date: /uolstore/home/users/fy22ayyy/ros2_ws/install/turtlebot3_gazebo/share/turtlebot3_gazebo//models/turtlebot3_waffle_pi
-- Up-to-date: /uolstore/home/users/fy22ayyy/ros2_ws/install/turtlebot3_gazebo/share/turtlebot3_gazebo//models/turtlebot3_waffle_pi/model-1_4_.sdf
-- Up-to-date: /uolstore/home/users/fy22ayyy/ros2_ws/install/turtlebot3_gazebo/share/turtlebot3_gazebo//models/turtlebot3_waffle_pi/model.config
-- Up-to-date: /uolstore/home/users/fy22ayyy/ros2_ws/install/turtlebot3_gazebo/share/turtlebot3_gazebo//models/turtlebot3_waffle_pi/model.sdf
-- Up-to-date: /uolstore/home/users/fy22ayyy/ros2_ws/install/turtlebot3_gazebo/share/turtlebot3_gazebo//models/turtlebot3_world
-- Up-to-date: /uolstore/home/users/fy22ayyy/ros2_ws/install/turtlebot3_gazebo/share/turtlebot3_gazebo//models/turtlebot3_world/meshes
-- Up-to-date: /uolstore/home/users/fy22ayyy/ros2_ws/install/turtlebot3_gazebo/share/turtlebot3_gazebo//models/turtlebot3_world/meshes/hexagon.dae
-- Up-to-date: /uolstore/home/users/fy22ayyy/ros2_ws/install/turtlebot3_gazebo/share/turtlebot3_gazebo//models/turtlebot3_world/meshes/wall.dae
-- Up-to-date: /uolstore/home/users/fy22ayyy/ros2_ws/install/turtlebot3_gazebo/share/turtlebot3_gazebo//models/turtlebot3_world/model-1_4.sdf
-- Up-to-date: /uolstore/home/users/fy22ayyy/ros2_ws/install/turtlebot3_gazebo/share/turtlebot3_gazebo//models/turtlebot3_world/model.config
-- Up-to-date: /uolstore/home/users/fy22ayyy/ros2_ws/install/turtlebot3_gazebo/share/turtlebot3_gazebo//models/turtlebot3_world/model.sdf
-- Up-to-date: /uolstore/home/users/fy22ayyy/ros2_ws/install/turtlebot3_gazebo/share/turtlebot3_gazebo//models/window1
-- Up-to-date: /uolstore/home/users/fy22ayyy/ros2_ws/install/turtlebot3_gazebo/share/turtlebot3_gazebo//models/window1/materials
-- Up-to-date: /uolstore/home/users/fy22ayyy/ros2_ws/install/turtlebot3_gazebo/share/turtlebot3_gazebo//models/window1/materials/scripts
-- Up-to-date: /uolstore/home/users/fy22ayyy/ros2_ws/install/turtlebot3_gazebo/share/turtlebot3_gazebo//models/window1/materials/scripts/repeated.material
-- Up-to-date: /uolstore/home/users/fy22ayyy/ros2_ws/install/turtlebot3_gazebo/share/turtlebot3_gazebo//models/window1/materials/textures
-- Up-to-date: /uolstore/home/users/fy22ayyy/ros2_ws/install/turtlebot3_gazebo/share/turtlebot3_gazebo//models/window1/materials/textures/1.jpg
-- Up-to-date: /uolstore/home/users/fy22ayyy/ros2_ws/install/turtlebot3_gazebo/share/turtlebot3_gazebo//models/window1/materials/textures/2.jpg
-- Up-to-date: /uolstore/home/users/fy22ayyy/ros2_ws/install/turtlebot3_gazebo/share/turtlebot3_gazebo//models/window1/materials/textures/3.jpg
-- Up-to-date: /uolstore/home/users/fy22ayyy/ros2_ws/install/turtlebot3_gazebo/share/turtlebot3_gazebo//models/window1/model.config
-- Up-to-date: /uolstore/home/users/fy22ayyy/ros2_ws/install/turtlebot3_gazebo/share/turtlebot3_gazebo//models/window1/model.sdf
-- Up-to-date: /uolstore/home/users/fy22ayyy/ros2_ws/install/turtlebot3_gazebo/share/turtlebot3_gazebo//models/window2
-- Up-to-date: /uolstore/home/users/fy22ayyy/ros2_ws/install/turtlebot3_gazebo/share/turtlebot3_gazebo//models/window2/materials
-- Up-to-date: /uolstore/home/users/fy22ayyy/ros2_ws/install/turtlebot3_gazebo/share/turtlebot3_gazebo//models/window2/materials/scripts
-- Up-to-date: /uolstore/home/users/fy22ayyy/ros2_ws/install/turtlebot3_gazebo/share/turtlebot3_gazebo//models/window2/materials/scripts/repeated.material
-- Up-to-date: /uolstore/home/users/fy22ayyy/ros2_ws/install/turtlebot3_gazebo/share/turtlebot3_gazebo//models/window2/materials/textures
-- Up-to-date: /uolstore/home/users/fy22ayyy/ros2_ws/install/turtlebot3_gazebo/share/turtlebot3_gazebo//models/window2/materials/textures/1.jpg
-- Up-to-date: /uolstore/home/users/fy22ayyy/ros2_ws/install/turtlebot3_gazebo/share/turtlebot3_gazebo//models/window2/materials/textures/2.jpg
-- Up-to-date: /uolstore/home/users/fy22ayyy/ros2_ws/install/turtlebot3_gazebo/share/turtlebot3_gazebo//models/window2/materials/textures/3.jpg
-- Up-to-date: /uolstore/home/users/fy22ayyy/ros2_ws/install/turtlebot3_gazebo/share/turtlebot3_gazebo//models/window2/model.config
-- Up-to-date: /uolstore/home/users/fy22ayyy/ros2_ws/install/turtlebot3_gazebo/share/turtlebot3_gazebo//models/window2/model.sdf
-- Up-to-date: /uolstore/home/users/fy22ayyy/ros2_ws/install/turtlebot3_gazebo/share/turtlebot3_gazebo//models/window3
-- Up-to-date: /uolstore/home/users/fy22ayyy/ros2_ws/install/turtlebot3_gazebo/share/turtlebot3_gazebo//models/window3/materials
-- Up-to-date: /uolstore/home/users/fy22ayyy/ros2_ws/install/turtlebot3_gazebo/share/turtlebot3_gazebo//models/window3/materials/scripts
-- Up-to-date: /uolstore/home/users/fy22ayyy/ros2_ws/install/turtlebot3_gazebo/share/turtlebot3_gazebo//models/window3/materials/scripts/repeated.material
-- Up-to-date: /uolstore/home/users/fy22ayyy/ros2_ws/install/turtlebot3_gazebo/share/turtlebot3_gazebo//models/window3/materials/textures
-- Up-to-date: /uolstore/home/users/fy22ayyy/ros2_ws/install/turtlebot3_gazebo/share/turtlebot3_gazebo//models/window3/materials/textures/1.jpg
-- Up-to-date: /uolstore/home/users/fy22ayyy/ros2_ws/install/turtlebot3_gazebo/share/turtlebot3_gazebo//models/window3/materials/textures/2.jpg
-- Up-to-date: /uolstore/home/users/fy22ayyy/ros2_ws/install/turtlebot3_gazebo/share/turtlebot3_gazebo//models/window3/materials/textures/3.jpg
-- Up-to-date: /uolstore/home/users/fy22ayyy/ros2_ws/install/turtlebot3_gazebo/share/turtlebot3_gazebo//models/window3/model.config
-- Up-to-date: /uolstore/home/users/fy22ayyy/ros2_ws/install/turtlebot3_gazebo/share/turtlebot3_gazebo//models/window3/model.sdf
-- Up-to-date: /uolstore/home/users/fy22ayyy/ros2_ws/install/turtlebot3_gazebo/share/turtlebot3_gazebo//rviz
-- Up-to-date: /uolstore/home/users/fy22ayyy/ros2_ws/install/turtlebot3_gazebo/share/turtlebot3_gazebo//rviz/tb3_gazebo.rviz
-- Up-to-date: /uolstore/home/users/fy22ayyy/ros2_ws/install/turtlebot3_gazebo/share/turtlebot3_gazebo//urdf
-- Up-to-date: /uolstore/home/users/fy22ayyy/ros2_ws/install/turtlebot3_gazebo/share/turtlebot3_gazebo//urdf/common_properties.urdf
-- Up-to-date: /uolstore/home/users/fy22ayyy/ros2_ws/install/turtlebot3_gazebo/share/turtlebot3_gazebo//urdf/turtlebot3_burger.urdf
-- Up-to-date: /uolstore/home/users/fy22ayyy/ros2_ws/install/turtlebot3_gazebo/share/turtlebot3_gazebo//urdf/turtlebot3_waffle.urdf
-- Up-to-date: /uolstore/home/users/fy22ayyy/ros2_ws/install/turtlebot3_gazebo/share/turtlebot3_gazebo//urdf/turtlebot3_waffle_pi.urdf
-- Up-to-date: /uolstore/home/users/fy22ayyy/ros2_ws/install/turtlebot3_gazebo/share/turtlebot3_gazebo//worlds
-- Up-to-date: /uolstore/home/users/fy22ayyy/ros2_ws/install/turtlebot3_gazebo/share/turtlebot3_gazebo//worlds/empty_world.world
-- Up-to-date: /uolstore/home/users/fy22ayyy/ros2_ws/install/turtlebot3_gazebo/share/turtlebot3_gazebo//worlds/rgb.world
-- Up-to-date: /uolstore/home/users/fy22ayyy/ros2_ws/install/turtlebot3_gazebo/share/turtlebot3_gazebo//worlds/turtlebot3_dqn_stage1.world
-- Up-to-date: /uolstore/home/users/fy22ayyy/ros2_ws/install/turtlebot3_gazebo/share/turtlebot3_gazebo//worlds/turtlebot3_dqn_stage2.world
-- Up-to-date: /uolstore/home/users/fy22ayyy/ros2_ws/install/turtlebot3_gazebo/share/turtlebot3_gazebo//worlds/turtlebot3_dqn_stage3.world
-- Up-to-date: /uolstore/home/users/fy22ayyy/ros2_ws/install/turtlebot3_gazebo/share/turtlebot3_gazebo//worlds/turtlebot3_dqn_stage4.world
-- Up-to-date: /uolstore/home/users/fy22ayyy/ros2_ws/install/turtlebot3_gazebo/share/turtlebot3_gazebo//worlds/turtlebot3_house.world
-- Up-to-date: /uolstore/home/users/fy22ayyy/ros2_ws/install/turtlebot3_gazebo/share/turtlebot3_gazebo//worlds/turtlebot3_panorama
-- Up-to-date: /uolstore/home/users/fy22ayyy/ros2_ws/install/turtlebot3_gazebo/share/turtlebot3_gazebo//worlds/turtlebot3_panorama/turtlebot3_panorama.world
-- Up-to-date: /uolstore/home/users/fy22ayyy/ros2_ws/install/turtlebot3_gazebo/share/turtlebot3_gazebo//worlds/turtlebot3_space
-- Up-to-date: /uolstore/home/users/fy22ayyy/ros2_ws/install/turtlebot3_gazebo/share/turtlebot3_gazebo//worlds/turtlebot3_space/turtlebot3_space.world
-- Up-to-date: /uolstore/home/users/fy22ayyy/ros2_ws/install/turtlebot3_gazebo/share/turtlebot3_gazebo//worlds/turtlebot3_world.world
-- Up-to-date: /uolstore/home/users/fy22ayyy/ros2_ws/install/turtlebot3_gazebo/include/
-- Up-to-date: /uolstore/home/users/fy22ayyy/ros2_ws/install/turtlebot3_gazebo/include//turtlebot3_gazebo
-- Up-to-date: /uolstore/home/users/fy22ayyy/ros2_ws/install/turtlebot3_gazebo/include//turtlebot3_gazebo/turtlebot3_drive.hpp
-- Up-to-date: /uolstore/home/users/fy22ayyy/ros2_ws/install/turtlebot3_gazebo/share/ament_index/resource_index/package_run_dependencies/turtlebot3_gazebo
-- Up-to-date: /uolstore/home/users/fy22ayyy/ros2_ws/install/turtlebot3_gazebo/share/ament_index/resource_index/parent_prefix_path/turtlebot3_gazebo
-- Up-to-date: /uolstore/home/users/fy22ayyy/ros2_ws/install/turtlebot3_gazebo/share/turtlebot3_gazebo/environment/ament_prefix_path.sh
-- Up-to-date: /uolstore/home/users/fy22ayyy/ros2_ws/install/turtlebot3_gazebo/share/turtlebot3_gazebo/environment/ament_prefix_path.dsv
-- Up-to-date: /uolstore/home/users/fy22ayyy/ros2_ws/install/turtlebot3_gazebo/share/turtlebot3_gazebo/environment/path.sh
-- Up-to-date: /uolstore/home/users/fy22ayyy/ros2_ws/install/turtlebot3_gazebo/share/turtlebot3_gazebo/environment/path.dsv
-- Up-to-date: /uolstore/home/users/fy22ayyy/ros2_ws/install/turtlebot3_gazebo/share/turtlebot3_gazebo/local_setup.bash
-- Up-to-date: /uolstore/home/users/fy22ayyy/ros2_ws/install/turtlebot3_gazebo/share/turtlebot3_gazebo/local_setup.sh
-- Up-to-date: /uolstore/home/users/fy22ayyy/ros2_ws/install/turtlebot3_gazebo/share/turtlebot3_gazebo/local_setup.zsh
-- Up-to-date: /uolstore/home/users/fy22ayyy/ros2_ws/install/turtlebot3_gazebo/share/turtlebot3_gazebo/local_setup.dsv
-- Installing: /uolstore/home/users/fy22ayyy/ros2_ws/install/turtlebot3_gazebo/share/turtlebot3_gazebo/package.dsv
-- Up-to-date: /uolstore/home/users/fy22ayyy/ros2_ws/install/turtlebot3_gazebo/share/ament_index/resource_index/packages/turtlebot3_gazebo
-- Up-to-date: /uolstore/home/users/fy22ayyy/ros2_ws/install/turtlebot3_gazebo/share/turtlebot3_gazebo/cmake/ament_cmake_export_include_directories-extras.cmake
-- Up-to-date: /uolstore/home/users/fy22ayyy/ros2_ws/install/turtlebot3_gazebo/share/turtlebot3_gazebo/cmake/ament_cmake_export_dependencies-extras.cmake
-- Up-to-date: /uolstore/home/users/fy22ayyy/ros2_ws/install/turtlebot3_gazebo/share/turtlebot3_gazebo/cmake/turtlebot3_gazeboConfig.cmake
-- Up-to-date: /uolstore/home/users/fy22ayyy/ros2_ws/install/turtlebot3_gazebo/share/turtlebot3_gazebo/cmake/turtlebot3_gazeboConfig-version.cmake
-- Up-to-date: /uolstore/home/users/fy22ayyy/ros2_ws/install/turtlebot3_gazebo/share/turtlebot3_gazebo/package.xml
