[1.866s] DEBUG:colcon:Command line arguments: ['/usr/bin/colcon', 'build']
[1.866s] DEBUG:colcon:Parsed command line arguments: Namespace(log_base=None, log_level=None, verb_name='build', build_base='build', install_base='install', merge_install=False, symlink_install=False, test_result_base=None, continue_on_error=False, executor='parallel', parallel_workers=16, event_handlers=None, ignore_user_meta=False, metas=['./colcon.meta'], base_paths=['.'], packages_ignore=None, packages_ignore_regex=None, paths=None, packages_up_to=None, packages_up_to_regex=None, packages_above=None, packages_above_and_dependencies=None, packages_above_depth=None, packages_select_by_dep=None, packages_skip_by_dep=None, packages_skip_up_to=None, packages_select_build_failed=False, packages_skip_build_finished=False, packages_select_test_failures=False, packages_skip_test_passed=False, packages_select=None, packages_skip=None, packages_select_regex=None, packages_skip_regex=None, packages_start=None, packages_end=None, allow_overriding=[], cmake_args=None, cmake_target=None, cmake_target_skip_unavailable=False, cmake_clean_cache=False, cmake_clean_first=False, cmake_force_configure=False, ament_cmake_args=None, catkin_cmake_args=None, catkin_skip_building_tests=False, verb_parser=<colcon_defaults.argument_parser.defaults.DefaultArgumentsDecorator object at 0x7f37424fdde0>, verb_extension=<colcon_core.verb.build.BuildVerb object at 0x7f3742770220>, main=<bound method BuildVerb.main of <colcon_core.verb.build.BuildVerb object at 0x7f3742770220>>)
[1.931s] Level 1:colcon.colcon_core.package_discovery:discover_packages(colcon_meta) check parameters
[1.932s] Level 1:colcon.colcon_core.package_discovery:discover_packages(recursive) check parameters
[1.932s] Level 1:colcon.colcon_core.package_discovery:discover_packages(ignore) check parameters
[1.932s] Level 1:colcon.colcon_core.package_discovery:discover_packages(path) check parameters
[1.932s] Level 1:colcon.colcon_core.package_discovery:discover_packages(colcon_meta) discover
[1.932s] Level 1:colcon.colcon_core.package_discovery:discover_packages(recursive) discover
[1.932s] INFO:colcon.colcon_core.package_discovery:Crawling recursively for packages in '/uolstore/home/users/fy22ayyy/ros2_ws/src'
[1.933s] Level 1:colcon.colcon_core.package_identification:_identify(.) by extensions ['ignore', 'ignore_ament_install']
[1.933s] Level 1:colcon.colcon_core.package_identification:_identify(.) by extension 'ignore'
[1.933s] Level 1:colcon.colcon_core.package_identification:_identify(.) by extension 'ignore_ament_install'
[1.933s] Level 1:colcon.colcon_core.package_identification:_identify(.) by extensions ['colcon_pkg']
[1.933s] Level 1:colcon.colcon_core.package_identification:_identify(.) by extension 'colcon_pkg'
[1.934s] Level 1:colcon.colcon_core.package_identification:_identify(.) by extensions ['colcon_meta']
[1.934s] Level 1:colcon.colcon_core.package_identification:_identify(.) by extension 'colcon_meta'
[1.934s] Level 1:colcon.colcon_core.package_identification:_identify(.) by extensions ['ros']
[1.934s] Level 1:colcon.colcon_core.package_identification:_identify(.) by extension 'ros'
[1.944s] Level 1:colcon.colcon_core.package_identification:_identify(.) by extensions ['cmake', 'python']
[1.944s] Level 1:colcon.colcon_core.package_identification:_identify(.) by extension 'cmake'
[1.944s] Level 1:colcon.colcon_core.package_identification:_identify(.) by extension 'python'
[1.944s] Level 1:colcon.colcon_core.package_identification:_identify(.) by extensions ['python_setup_py']
[1.944s] Level 1:colcon.colcon_core.package_identification:_identify(.) by extension 'python_setup_py'
[1.946s] Level 1:colcon.colcon_core.package_identification:_identify(build) by extensions ['ignore', 'ignore_ament_install']
[1.946s] Level 1:colcon.colcon_core.package_identification:_identify(build) by extension 'ignore'
[1.946s] Level 1:colcon.colcon_core.package_identification:_identify(build) ignored
[1.948s] Level 1:colcon.colcon_core.package_identification:_identify(install) by extensions ['ignore', 'ignore_ament_install']
[1.948s] Level 1:colcon.colcon_core.package_identification:_identify(install) by extension 'ignore'
[1.949s] Level 1:colcon.colcon_core.package_identification:_identify(install) ignored
[1.949s] Level 1:colcon.colcon_core.package_identification:_identify(lab1) by extensions ['ignore', 'ignore_ament_install']
[1.950s] Level 1:colcon.colcon_core.package_identification:_identify(lab1) by extension 'ignore'
[1.950s] Level 1:colcon.colcon_core.package_identification:_identify(lab1) by extension 'ignore_ament_install'
[1.950s] Level 1:colcon.colcon_core.package_identification:_identify(lab1) by extensions ['colcon_pkg']
[1.950s] Level 1:colcon.colcon_core.package_identification:_identify(lab1) by extension 'colcon_pkg'
[1.950s] Level 1:colcon.colcon_core.package_identification:_identify(lab1) by extensions ['colcon_meta']
[1.950s] Level 1:colcon.colcon_core.package_identification:_identify(lab1) by extension 'colcon_meta'
[1.950s] Level 1:colcon.colcon_core.package_identification:_identify(lab1) by extensions ['ros']
[1.950s] Level 1:colcon.colcon_core.package_identification:_identify(lab1) by extension 'ros'
[1.954s] DEBUG:colcon.colcon_core.package_identification:Package 'lab1' with type 'ros.ament_python' and name 'lab1'
[1.955s] Level 1:colcon.colcon_core.package_identification:_identify(lab2) by extensions ['ignore', 'ignore_ament_install']
[1.955s] Level 1:colcon.colcon_core.package_identification:_identify(lab2) by extension 'ignore'
[1.955s] Level 1:colcon.colcon_core.package_identification:_identify(lab2) by extension 'ignore_ament_install'
[1.955s] Level 1:colcon.colcon_core.package_identification:_identify(lab2) by extensions ['colcon_pkg']
[1.955s] Level 1:colcon.colcon_core.package_identification:_identify(lab2) by extension 'colcon_pkg'
[1.955s] Level 1:colcon.colcon_core.package_identification:_identify(lab2) by extensions ['colcon_meta']
[1.955s] Level 1:colcon.colcon_core.package_identification:_identify(lab2) by extension 'colcon_meta'
[1.955s] Level 1:colcon.colcon_core.package_identification:_identify(lab2) by extensions ['ros']
[1.955s] Level 1:colcon.colcon_core.package_identification:_identify(lab2) by extension 'ros'
[1.957s] DEBUG:colcon.colcon_core.package_identification:Package 'lab2' with type 'ros.ament_python' and name 'lab2'
[1.957s] Level 1:colcon.colcon_core.package_identification:_identify(lab3) by extensions ['ignore', 'ignore_ament_install']
[1.958s] Level 1:colcon.colcon_core.package_identification:_identify(lab3) by extension 'ignore'
[1.958s] Level 1:colcon.colcon_core.package_identification:_identify(lab3) by extension 'ignore_ament_install'
[1.958s] Level 1:colcon.colcon_core.package_identification:_identify(lab3) by extensions ['colcon_pkg']
[1.958s] Level 1:colcon.colcon_core.package_identification:_identify(lab3) by extension 'colcon_pkg'
[1.958s] Level 1:colcon.colcon_core.package_identification:_identify(lab3) by extensions ['colcon_meta']
[1.958s] Level 1:colcon.colcon_core.package_identification:_identify(lab3) by extension 'colcon_meta'
[1.958s] Level 1:colcon.colcon_core.package_identification:_identify(lab3) by extensions ['ros']
[1.958s] Level 1:colcon.colcon_core.package_identification:_identify(lab3) by extension 'ros'
[1.960s] DEBUG:colcon.colcon_core.package_identification:Package 'lab3' with type 'ros.ament_python' and name 'lab3'
[1.962s] Level 1:colcon.colcon_core.package_identification:_identify(log) by extensions ['ignore', 'ignore_ament_install']
[1.962s] Level 1:colcon.colcon_core.package_identification:_identify(log) by extension 'ignore'
[1.962s] Level 1:colcon.colcon_core.package_identification:_identify(log) ignored
[1.963s] Level 1:colcon.colcon_core.package_identification:_identify(turtlebot3_simulations) by extensions ['ignore', 'ignore_ament_install']
[1.963s] Level 1:colcon.colcon_core.package_identification:_identify(turtlebot3_simulations) by extension 'ignore'
[1.963s] Level 1:colcon.colcon_core.package_identification:_identify(turtlebot3_simulations) by extension 'ignore_ament_install'
[1.963s] Level 1:colcon.colcon_core.package_identification:_identify(turtlebot3_simulations) by extensions ['colcon_pkg']
[1.964s] Level 1:colcon.colcon_core.package_identification:_identify(turtlebot3_simulations) by extension 'colcon_pkg'
[1.964s] Level 1:colcon.colcon_core.package_identification:_identify(turtlebot3_simulations) by extensions ['colcon_meta']
[1.964s] Level 1:colcon.colcon_core.package_identification:_identify(turtlebot3_simulations) by extension 'colcon_meta'
[1.964s] Level 1:colcon.colcon_core.package_identification:_identify(turtlebot3_simulations) by extensions ['ros']
[1.964s] Level 1:colcon.colcon_core.package_identification:_identify(turtlebot3_simulations) by extension 'ros'
[1.964s] Level 1:colcon.colcon_core.package_identification:_identify(turtlebot3_simulations) by extensions ['cmake', 'python']
[1.964s] Level 1:colcon.colcon_core.package_identification:_identify(turtlebot3_simulations) by extension 'cmake'
[1.964s] Level 1:colcon.colcon_core.package_identification:_identify(turtlebot3_simulations) by extension 'python'
[1.964s] Level 1:colcon.colcon_core.package_identification:_identify(turtlebot3_simulations) by extensions ['python_setup_py']
[1.964s] Level 1:colcon.colcon_core.package_identification:_identify(turtlebot3_simulations) by extension 'python_setup_py'
[1.965s] Level 1:colcon.colcon_core.package_identification:_identify(turtlebot3_simulations/turtlebot3_fake_node) by extensions ['ignore', 'ignore_ament_install']
[1.966s] Level 1:colcon.colcon_core.package_identification:_identify(turtlebot3_simulations/turtlebot3_fake_node) by extension 'ignore'
[1.966s] Level 1:colcon.colcon_core.package_identification:_identify(turtlebot3_simulations/turtlebot3_fake_node) by extension 'ignore_ament_install'
[1.966s] Level 1:colcon.colcon_core.package_identification:_identify(turtlebot3_simulations/turtlebot3_fake_node) by extensions ['colcon_pkg']
[1.966s] Level 1:colcon.colcon_core.package_identification:_identify(turtlebot3_simulations/turtlebot3_fake_node) by extension 'colcon_pkg'
[1.966s] Level 1:colcon.colcon_core.package_identification:_identify(turtlebot3_simulations/turtlebot3_fake_node) by extensions ['colcon_meta']
[1.966s] Level 1:colcon.colcon_core.package_identification:_identify(turtlebot3_simulations/turtlebot3_fake_node) by extension 'colcon_meta'
[1.966s] Level 1:colcon.colcon_core.package_identification:_identify(turtlebot3_simulations/turtlebot3_fake_node) by extensions ['ros']
[1.966s] Level 1:colcon.colcon_core.package_identification:_identify(turtlebot3_simulations/turtlebot3_fake_node) by extension 'ros'
[1.969s] DEBUG:colcon.colcon_core.package_identification:Package 'turtlebot3_simulations/turtlebot3_fake_node' with type 'ros.ament_cmake' and name 'turtlebot3_fake_node'
[1.969s] Level 1:colcon.colcon_core.package_identification:_identify(turtlebot3_simulations/turtlebot3_gazebo) by extensions ['ignore', 'ignore_ament_install']
[1.969s] Level 1:colcon.colcon_core.package_identification:_identify(turtlebot3_simulations/turtlebot3_gazebo) by extension 'ignore'
[1.969s] Level 1:colcon.colcon_core.package_identification:_identify(turtlebot3_simulations/turtlebot3_gazebo) by extension 'ignore_ament_install'
[1.969s] Level 1:colcon.colcon_core.package_identification:_identify(turtlebot3_simulations/turtlebot3_gazebo) by extensions ['colcon_pkg']
[1.969s] Level 1:colcon.colcon_core.package_identification:_identify(turtlebot3_simulations/turtlebot3_gazebo) by extension 'colcon_pkg'
[1.970s] Level 1:colcon.colcon_core.package_identification:_identify(turtlebot3_simulations/turtlebot3_gazebo) by extensions ['colcon_meta']
[1.970s] Level 1:colcon.colcon_core.package_identification:_identify(turtlebot3_simulations/turtlebot3_gazebo) by extension 'colcon_meta'
[1.970s] Level 1:colcon.colcon_core.package_identification:_identify(turtlebot3_simulations/turtlebot3_gazebo) by extensions ['ros']
[1.970s] Level 1:colcon.colcon_core.package_identification:_identify(turtlebot3_simulations/turtlebot3_gazebo) by extension 'ros'
[1.972s] DEBUG:colcon.colcon_core.package_identification:Package 'turtlebot3_simulations/turtlebot3_gazebo' with type 'ros.ament_cmake' and name 'turtlebot3_gazebo'
[1.973s] Level 1:colcon.colcon_core.package_identification:_identify(turtlebot3_simulations/turtlebot3_simulations) by extensions ['ignore', 'ignore_ament_install']
[1.973s] Level 1:colcon.colcon_core.package_identification:_identify(turtlebot3_simulations/turtlebot3_simulations) by extension 'ignore'
[1.973s] Level 1:colcon.colcon_core.package_identification:_identify(turtlebot3_simulations/turtlebot3_simulations) by extension 'ignore_ament_install'
[1.973s] Level 1:colcon.colcon_core.package_identification:_identify(turtlebot3_simulations/turtlebot3_simulations) by extensions ['colcon_pkg']
[1.973s] Level 1:colcon.colcon_core.package_identification:_identify(turtlebot3_simulations/turtlebot3_simulations) by extension 'colcon_pkg'
[1.973s] Level 1:colcon.colcon_core.package_identification:_identify(turtlebot3_simulations/turtlebot3_simulations) by extensions ['colcon_meta']
[1.973s] Level 1:colcon.colcon_core.package_identification:_identify(turtlebot3_simulations/turtlebot3_simulations) by extension 'colcon_meta'
[1.973s] Level 1:colcon.colcon_core.package_identification:_identify(turtlebot3_simulations/turtlebot3_simulations) by extensions ['ros']
[1.973s] Level 1:colcon.colcon_core.package_identification:_identify(turtlebot3_simulations/turtlebot3_simulations) by extension 'ros'
[1.975s] DEBUG:colcon.colcon_core.package_identification:Package 'turtlebot3_simulations/turtlebot3_simulations' with type 'ros.ament_cmake' and name 'turtlebot3_simulations'
[1.975s] Level 1:colcon.colcon_core.package_discovery:discover_packages(recursive) using defaults
[1.976s] Level 1:colcon.colcon_core.package_discovery:discover_packages(ignore) discover
[1.976s] Level 1:colcon.colcon_core.package_discovery:discover_packages(ignore) using defaults
[1.976s] Level 1:colcon.colcon_core.package_discovery:discover_packages(path) discover
[1.976s] Level 1:colcon.colcon_core.package_discovery:discover_packages(path) using defaults
[2.079s] Level 1:colcon.colcon_core.package_discovery:discover_packages(prefix_path) check parameters
[2.079s] Level 1:colcon.colcon_core.package_discovery:discover_packages(prefix_path) discover
[2.117s] DEBUG:colcon.colcon_installed_package_information.package_discovery:Found 383 installed packages in /opt/ros/humble
[2.118s] Level 1:colcon.colcon_core.package_discovery:discover_packages(prefix_path) using defaults
[2.235s] Level 5:colcon.colcon_core.verb:set package 'lab1' build argument 'cmake_args' from command line to 'None'
[2.235s] Level 5:colcon.colcon_core.verb:set package 'lab1' build argument 'cmake_target' from command line to 'None'
[2.235s] Level 5:colcon.colcon_core.verb:set package 'lab1' build argument 'cmake_target_skip_unavailable' from command line to 'False'
[2.235s] Level 5:colcon.colcon_core.verb:set package 'lab1' build argument 'cmake_clean_cache' from command line to 'False'
[2.236s] Level 5:colcon.colcon_core.verb:set package 'lab1' build argument 'cmake_clean_first' from command line to 'False'
[2.236s] Level 5:colcon.colcon_core.verb:set package 'lab1' build argument 'cmake_force_configure' from command line to 'False'
[2.236s] Level 5:colcon.colcon_core.verb:set package 'lab1' build argument 'ament_cmake_args' from command line to 'None'
[2.236s] Level 5:colcon.colcon_core.verb:set package 'lab1' build argument 'catkin_cmake_args' from command line to 'None'
[2.236s] Level 5:colcon.colcon_core.verb:set package 'lab1' build argument 'catkin_skip_building_tests' from command line to 'False'
[2.236s] DEBUG:colcon.colcon_core.verb:Building package 'lab1' with the following arguments: {'ament_cmake_args': None, 'build_base': '/uolstore/home/users/fy22ayyy/ros2_ws/src/build/lab1', 'catkin_cmake_args': None, 'catkin_skip_building_tests': False, 'cmake_args': None, 'cmake_clean_cache': False, 'cmake_clean_first': False, 'cmake_force_configure': False, 'cmake_target': None, 'cmake_target_skip_unavailable': False, 'install_base': '/uolstore/home/users/fy22ayyy/ros2_ws/src/install/lab1', 'merge_install': False, 'path': '/uolstore/home/users/fy22ayyy/ros2_ws/src/lab1', 'symlink_install': False, 'test_result_base': None}
[2.252s] Level 5:colcon.colcon_core.verb:set package 'lab2' build argument 'cmake_args' from command line to 'None'
[2.252s] Level 5:colcon.colcon_core.verb:set package 'lab2' build argument 'cmake_target' from command line to 'None'
[2.252s] Level 5:colcon.colcon_core.verb:set package 'lab2' build argument 'cmake_target_skip_unavailable' from command line to 'False'
[2.252s] Level 5:colcon.colcon_core.verb:set package 'lab2' build argument 'cmake_clean_cache' from command line to 'False'
[2.253s] Level 5:colcon.colcon_core.verb:set package 'lab2' build argument 'cmake_clean_first' from command line to 'False'
[2.253s] Level 5:colcon.colcon_core.verb:set package 'lab2' build argument 'cmake_force_configure' from command line to 'False'
[2.253s] Level 5:colcon.colcon_core.verb:set package 'lab2' build argument 'ament_cmake_args' from command line to 'None'
[2.253s] Level 5:colcon.colcon_core.verb:set package 'lab2' build argument 'catkin_cmake_args' from command line to 'None'
[2.253s] Level 5:colcon.colcon_core.verb:set package 'lab2' build argument 'catkin_skip_building_tests' from command line to 'False'
[2.253s] DEBUG:colcon.colcon_core.verb:Building package 'lab2' with the following arguments: {'ament_cmake_args': None, 'build_base': '/uolstore/home/users/fy22ayyy/ros2_ws/src/build/lab2', 'catkin_cmake_args': None, 'catkin_skip_building_tests': False, 'cmake_args': None, 'cmake_clean_cache': False, 'cmake_clean_first': False, 'cmake_force_configure': False, 'cmake_target': None, 'cmake_target_skip_unavailable': False, 'install_base': '/uolstore/home/users/fy22ayyy/ros2_ws/src/install/lab2', 'merge_install': False, 'path': '/uolstore/home/users/fy22ayyy/ros2_ws/src/lab2', 'symlink_install': False, 'test_result_base': None}
[2.269s] Level 5:colcon.colcon_core.verb:set package 'lab3' build argument 'cmake_args' from command line to 'None'
[2.269s] Level 5:colcon.colcon_core.verb:set package 'lab3' build argument 'cmake_target' from command line to 'None'
[2.269s] Level 5:colcon.colcon_core.verb:set package 'lab3' build argument 'cmake_target_skip_unavailable' from command line to 'False'
[2.270s] Level 5:colcon.colcon_core.verb:set package 'lab3' build argument 'cmake_clean_cache' from command line to 'False'
[2.270s] Level 5:colcon.colcon_core.verb:set package 'lab3' build argument 'cmake_clean_first' from command line to 'False'
[2.270s] Level 5:colcon.colcon_core.verb:set package 'lab3' build argument 'cmake_force_configure' from command line to 'False'
[2.270s] Level 5:colcon.colcon_core.verb:set package 'lab3' build argument 'ament_cmake_args' from command line to 'None'
[2.270s] Level 5:colcon.colcon_core.verb:set package 'lab3' build argument 'catkin_cmake_args' from command line to 'None'
[2.270s] Level 5:colcon.colcon_core.verb:set package 'lab3' build argument 'catkin_skip_building_tests' from command line to 'False'
[2.270s] DEBUG:colcon.colcon_core.verb:Building package 'lab3' with the following arguments: {'ament_cmake_args': None, 'build_base': '/uolstore/home/users/fy22ayyy/ros2_ws/src/build/lab3', 'catkin_cmake_args': None, 'catkin_skip_building_tests': False, 'cmake_args': None, 'cmake_clean_cache': False, 'cmake_clean_first': False, 'cmake_force_configure': False, 'cmake_target': None, 'cmake_target_skip_unavailable': False, 'install_base': '/uolstore/home/users/fy22ayyy/ros2_ws/src/install/lab3', 'merge_install': False, 'path': '/uolstore/home/users/fy22ayyy/ros2_ws/src/lab3', 'symlink_install': False, 'test_result_base': None}
[2.287s] Level 5:colcon.colcon_core.verb:set package 'turtlebot3_fake_node' build argument 'cmake_args' from command line to 'None'
[2.287s] Level 5:colcon.colcon_core.verb:set package 'turtlebot3_fake_node' build argument 'cmake_target' from command line to 'None'
[2.287s] Level 5:colcon.colcon_core.verb:set package 'turtlebot3_fake_node' build argument 'cmake_target_skip_unavailable' from command line to 'False'
[2.287s] Level 5:colcon.colcon_core.verb:set package 'turtlebot3_fake_node' build argument 'cmake_clean_cache' from command line to 'False'
[2.287s] Level 5:colcon.colcon_core.verb:set package 'turtlebot3_fake_node' build argument 'cmake_clean_first' from command line to 'False'
[2.287s] Level 5:colcon.colcon_core.verb:set package 'turtlebot3_fake_node' build argument 'cmake_force_configure' from command line to 'False'
[2.287s] Level 5:colcon.colcon_core.verb:set package 'turtlebot3_fake_node' build argument 'ament_cmake_args' from command line to 'None'
[2.287s] Level 5:colcon.colcon_core.verb:set package 'turtlebot3_fake_node' build argument 'catkin_cmake_args' from command line to 'None'
[2.287s] Level 5:colcon.colcon_core.verb:set package 'turtlebot3_fake_node' build argument 'catkin_skip_building_tests' from command line to 'False'
[2.287s] DEBUG:colcon.colcon_core.verb:Building package 'turtlebot3_fake_node' with the following arguments: {'ament_cmake_args': None, 'build_base': '/uolstore/home/users/fy22ayyy/ros2_ws/src/build/turtlebot3_fake_node', 'catkin_cmake_args': None, 'catkin_skip_building_tests': False, 'cmake_args': None, 'cmake_clean_cache': False, 'cmake_clean_first': False, 'cmake_force_configure': False, 'cmake_target': None, 'cmake_target_skip_unavailable': False, 'install_base': '/uolstore/home/users/fy22ayyy/ros2_ws/src/install/turtlebot3_fake_node', 'merge_install': False, 'path': '/uolstore/home/users/fy22ayyy/ros2_ws/src/turtlebot3_simulations/turtlebot3_fake_node', 'symlink_install': False, 'test_result_base': None}
[2.304s] Level 5:colcon.colcon_core.verb:set package 'turtlebot3_gazebo' build argument 'cmake_args' from command line to 'None'
[2.304s] Level 5:colcon.colcon_core.verb:set package 'turtlebot3_gazebo' build argument 'cmake_target' from command line to 'None'
[2.304s] Level 5:colcon.colcon_core.verb:set package 'turtlebot3_gazebo' build argument 'cmake_target_skip_unavailable' from command line to 'False'
[2.304s] Level 5:colcon.colcon_core.verb:set package 'turtlebot3_gazebo' build argument 'cmake_clean_cache' from command line to 'False'
[2.304s] Level 5:colcon.colcon_core.verb:set package 'turtlebot3_gazebo' build argument 'cmake_clean_first' from command line to 'False'
[2.304s] Level 5:colcon.colcon_core.verb:set package 'turtlebot3_gazebo' build argument 'cmake_force_configure' from command line to 'False'
[2.304s] Level 5:colcon.colcon_core.verb:set package 'turtlebot3_gazebo' build argument 'ament_cmake_args' from command line to 'None'
[2.305s] Level 5:colcon.colcon_core.verb:set package 'turtlebot3_gazebo' build argument 'catkin_cmake_args' from command line to 'None'
[2.305s] Level 5:colcon.colcon_core.verb:set package 'turtlebot3_gazebo' build argument 'catkin_skip_building_tests' from command line to 'False'
[2.305s] DEBUG:colcon.colcon_core.verb:Building package 'turtlebot3_gazebo' with the following arguments: {'ament_cmake_args': None, 'build_base': '/uolstore/home/users/fy22ayyy/ros2_ws/src/build/turtlebot3_gazebo', 'catkin_cmake_args': None, 'catkin_skip_building_tests': False, 'cmake_args': None, 'cmake_clean_cache': False, 'cmake_clean_first': False, 'cmake_force_configure': False, 'cmake_target': None, 'cmake_target_skip_unavailable': False, 'install_base': '/uolstore/home/users/fy22ayyy/ros2_ws/src/install/turtlebot3_gazebo', 'merge_install': False, 'path': '/uolstore/home/users/fy22ayyy/ros2_ws/src/turtlebot3_simulations/turtlebot3_gazebo', 'symlink_install': False, 'test_result_base': None}
[2.321s] Level 5:colcon.colcon_core.verb:set package 'turtlebot3_simulations' build argument 'cmake_args' from command line to 'None'
[2.321s] Level 5:colcon.colcon_core.verb:set package 'turtlebot3_simulations' build argument 'cmake_target' from command line to 'None'
[2.321s] Level 5:colcon.colcon_core.verb:set package 'turtlebot3_simulations' build argument 'cmake_target_skip_unavailable' from command line to 'False'
[2.322s] Level 5:colcon.colcon_core.verb:set package 'turtlebot3_simulations' build argument 'cmake_clean_cache' from command line to 'False'
[2.322s] Level 5:colcon.colcon_core.verb:set package 'turtlebot3_simulations' build argument 'cmake_clean_first' from command line to 'False'
[2.322s] Level 5:colcon.colcon_core.verb:set package 'turtlebot3_simulations' build argument 'cmake_force_configure' from command line to 'False'
[2.322s] Level 5:colcon.colcon_core.verb:set package 'turtlebot3_simulations' build argument 'ament_cmake_args' from command line to 'None'
[2.322s] Level 5:colcon.colcon_core.verb:set package 'turtlebot3_simulations' build argument 'catkin_cmake_args' from command line to 'None'
[2.322s] Level 5:colcon.colcon_core.verb:set package 'turtlebot3_simulations' build argument 'catkin_skip_building_tests' from command line to 'False'
[2.322s] DEBUG:colcon.colcon_core.verb:Building package 'turtlebot3_simulations' with the following arguments: {'ament_cmake_args': None, 'build_base': '/uolstore/home/users/fy22ayyy/ros2_ws/src/build/turtlebot3_simulations', 'catkin_cmake_args': None, 'catkin_skip_building_tests': False, 'cmake_args': None, 'cmake_clean_cache': False, 'cmake_clean_first': False, 'cmake_force_configure': False, 'cmake_target': None, 'cmake_target_skip_unavailable': False, 'install_base': '/uolstore/home/users/fy22ayyy/ros2_ws/src/install/turtlebot3_simulations', 'merge_install': False, 'path': '/uolstore/home/users/fy22ayyy/ros2_ws/src/turtlebot3_simulations/turtlebot3_simulations', 'symlink_install': False, 'test_result_base': None}
[2.338s] INFO:colcon.colcon_core.executor:Executing jobs using 'parallel' executor
[2.354s] DEBUG:colcon.colcon_parallel_executor.executor.parallel:run_until_complete
[2.354s] INFO:colcon.colcon_ros.task.ament_cmake.build:Building ROS package in '/uolstore/home/users/fy22ayyy/ros2_ws/src/turtlebot3_simulations/turtlebot3_fake_node' with build type 'ament_cmake'
[2.355s] INFO:colcon.colcon_cmake.task.cmake.build:Building CMake package in '/uolstore/home/users/fy22ayyy/ros2_ws/src/turtlebot3_simulations/turtlebot3_fake_node'
[2.373s] INFO:colcon.colcon_core.plugin_system:Skipping extension 'colcon_core.shell.bat': Not used on non-Windows systems
[2.373s] INFO:colcon.colcon_core.shell:Skip shell extension 'powershell' for command environment: Not usable outside of PowerShell
[2.374s] DEBUG:colcon.colcon_core.shell:Skip shell extension 'dsv' for command environment
[2.415s] INFO:colcon.colcon_ros.task.ament_cmake.build:Building ROS package in '/uolstore/home/users/fy22ayyy/ros2_ws/src/turtlebot3_simulations/turtlebot3_gazebo' with build type 'ament_cmake'
[2.415s] INFO:colcon.colcon_cmake.task.cmake.build:Building CMake package in '/uolstore/home/users/fy22ayyy/ros2_ws/src/turtlebot3_simulations/turtlebot3_gazebo'
[2.434s] INFO:colcon.colcon_core.shell:Skip shell extension 'powershell' for command environment: Not usable outside of PowerShell
[2.434s] DEBUG:colcon.colcon_core.shell:Skip shell extension 'dsv' for command environment
[2.485s] INFO:colcon.colcon_ros.task.ament_python.build:Building ROS package in '/uolstore/home/users/fy22ayyy/ros2_ws/src/lab1' with build type 'ament_python'
[2.486s] Level 1:colcon.colcon_core.shell:create_environment_hook('lab1', 'ament_prefix_path')
[2.509s] INFO:colcon.colcon_core.shell:Creating environment hook '/uolstore/home/users/fy22ayyy/ros2_ws/src/install/lab1/share/lab1/hook/ament_prefix_path.ps1'
[2.537s] INFO:colcon.colcon_core.shell:Creating environment descriptor '/uolstore/home/users/fy22ayyy/ros2_ws/src/install/lab1/share/lab1/hook/ament_prefix_path.dsv'
[2.542s] INFO:colcon.colcon_core.shell:Creating environment hook '/uolstore/home/users/fy22ayyy/ros2_ws/src/install/lab1/share/lab1/hook/ament_prefix_path.sh'
[2.563s] INFO:colcon.colcon_core.shell:Skip shell extension 'powershell' for command environment: Not usable outside of PowerShell
[2.563s] DEBUG:colcon.colcon_core.shell:Skip shell extension 'dsv' for command environment
[2.607s] INFO:colcon.colcon_ros.task.ament_python.build:Building ROS package in '/uolstore/home/users/fy22ayyy/ros2_ws/src/lab2' with build type 'ament_python'
[2.607s] Level 1:colcon.colcon_core.shell:create_environment_hook('lab2', 'ament_prefix_path')
[2.626s] INFO:colcon.colcon_core.shell:Creating environment hook '/uolstore/home/users/fy22ayyy/ros2_ws/src/install/lab2/share/lab2/hook/ament_prefix_path.ps1'
[2.637s] INFO:colcon.colcon_core.shell:Creating environment descriptor '/uolstore/home/users/fy22ayyy/ros2_ws/src/install/lab2/share/lab2/hook/ament_prefix_path.dsv'
[2.642s] INFO:colcon.colcon_core.shell:Creating environment hook '/uolstore/home/users/fy22ayyy/ros2_ws/src/install/lab2/share/lab2/hook/ament_prefix_path.sh'
[2.663s] INFO:colcon.colcon_core.shell:Skip shell extension 'powershell' for command environment: Not usable outside of PowerShell
[2.663s] DEBUG:colcon.colcon_core.shell:Skip shell extension 'dsv' for command environment
[2.708s] INFO:colcon.colcon_ros.task.ament_python.build:Building ROS package in '/uolstore/home/users/fy22ayyy/ros2_ws/src/lab3' with build type 'ament_python'
[2.708s] Level 1:colcon.colcon_core.shell:create_environment_hook('lab3', 'ament_prefix_path')
[2.727s] INFO:colcon.colcon_core.shell:Creating environment hook '/uolstore/home/users/fy22ayyy/ros2_ws/src/install/lab3/share/lab3/hook/ament_prefix_path.ps1'
[2.737s] INFO:colcon.colcon_core.shell:Creating environment descriptor '/uolstore/home/users/fy22ayyy/ros2_ws/src/install/lab3/share/lab3/hook/ament_prefix_path.dsv'
[2.743s] INFO:colcon.colcon_core.shell:Creating environment hook '/uolstore/home/users/fy22ayyy/ros2_ws/src/install/lab3/share/lab3/hook/ament_prefix_path.sh'
[2.762s] INFO:colcon.colcon_core.shell:Skip shell extension 'powershell' for command environment: Not usable outside of PowerShell
[2.762s] DEBUG:colcon.colcon_core.shell:Skip shell extension 'dsv' for command environment
[2.835s] DEBUG:colcon.colcon_core.event_handler.log_command:Invoking command in '/uolstore/home/users/fy22ayyy/ros2_ws/src/build/turtlebot3_fake_node': CMAKE_PREFIX_PATH=/opt/ros/humble PS1=[COMP3631] Singularity> \w $ /usr/bin/cmake /uolstore/home/users/fy22ayyy/ros2_ws/src/turtlebot3_simulations/turtlebot3_fake_node -DCMAKE_INSTALL_PREFIX=/uolstore/home/users/fy22ayyy/ros2_ws/src/install/turtlebot3_fake_node
[2.845s] DEBUG:colcon.colcon_core.event_handler.log_command:Invoking command in '/uolstore/home/users/fy22ayyy/ros2_ws/src/build/turtlebot3_gazebo': CMAKE_PREFIX_PATH=/opt/ros/humble PS1=[COMP3631] Singularity> \w $ /usr/bin/cmake /uolstore/home/users/fy22ayyy/ros2_ws/src/turtlebot3_simulations/turtlebot3_gazebo -DCMAKE_INSTALL_PREFIX=/uolstore/home/users/fy22ayyy/ros2_ws/src/install/turtlebot3_gazebo
[3.149s] INFO:colcon.colcon_core.task.python.build:Building Python package in '/uolstore/home/users/fy22ayyy/ros2_ws/src/lab1'
[3.167s] INFO:colcon.colcon_core.shell:Skip shell extension 'powershell' for command environment: Not usable outside of PowerShell
[3.167s] DEBUG:colcon.colcon_core.shell:Skip shell extension 'dsv' for command environment
[3.535s] INFO:colcon.colcon_core.task.python.build:Building Python package in '/uolstore/home/users/fy22ayyy/ros2_ws/src/lab2'
[3.553s] INFO:colcon.colcon_core.shell:Skip shell extension 'powershell' for command environment: Not usable outside of PowerShell
[3.553s] DEBUG:colcon.colcon_core.shell:Skip shell extension 'dsv' for command environment
[3.916s] INFO:colcon.colcon_core.task.python.build:Building Python package in '/uolstore/home/users/fy22ayyy/ros2_ws/src/lab3'
[3.935s] INFO:colcon.colcon_core.shell:Skip shell extension 'powershell' for command environment: Not usable outside of PowerShell
[3.935s] DEBUG:colcon.colcon_core.shell:Skip shell extension 'dsv' for command environment
[4.499s] DEBUG:colcon.colcon_core.event_handler.log_command:Invoking command in '/uolstore/home/users/fy22ayyy/ros2_ws/src/lab3': PS1=[COMP3631] Singularity> \w $ PYTHONPATH=/uolstore/home/users/fy22ayyy/ros2_ws/src/build/lab3/prefix_override:/uolstore/home/users/fy22ayyy/ros2_ws/src/install/lab3/lib/python3.10/site-packages:${PYTHONPATH} /usr/bin/python3 setup.py egg_info --egg-base ../build/lab3 build --build-base /uolstore/home/users/fy22ayyy/ros2_ws/src/build/lab3/build install --record /uolstore/home/users/fy22ayyy/ros2_ws/src/build/lab3/install.log --single-version-externally-managed
[4.510s] DEBUG:colcon.colcon_core.event_handler.log_command:Invoking command in '/uolstore/home/users/fy22ayyy/ros2_ws/src/lab1': PS1=[COMP3631] Singularity> \w $ PYTHONPATH=/uolstore/home/users/fy22ayyy/ros2_ws/src/build/lab1/prefix_override:/uolstore/home/users/fy22ayyy/ros2_ws/src/install/lab1/lib/python3.10/site-packages:${PYTHONPATH} /usr/bin/python3 setup.py egg_info --egg-base ../build/lab1 build --build-base /uolstore/home/users/fy22ayyy/ros2_ws/src/build/lab1/build install --record /uolstore/home/users/fy22ayyy/ros2_ws/src/build/lab1/install.log --single-version-externally-managed
[4.528s] DEBUG:colcon.colcon_core.event_handler.log_command:Invoking command in '/uolstore/home/users/fy22ayyy/ros2_ws/src/lab2': PS1=[COMP3631] Singularity> \w $ PYTHONPATH=/uolstore/home/users/fy22ayyy/ros2_ws/src/build/lab2/prefix_override:/uolstore/home/users/fy22ayyy/ros2_ws/src/install/lab2/lib/python3.10/site-packages:${PYTHONPATH} /usr/bin/python3 setup.py egg_info --egg-base ../build/lab2 build --build-base /uolstore/home/users/fy22ayyy/ros2_ws/src/build/lab2/build install --record /uolstore/home/users/fy22ayyy/ros2_ws/src/build/lab2/install.log --single-version-externally-managed
[5.064s] DEBUG:colcon.colcon_core.event_handler.log_command:Invoked command in '/uolstore/home/users/fy22ayyy/ros2_ws/src/lab3' returned '0': PS1=[COMP3631] Singularity> \w $ PYTHONPATH=/uolstore/home/users/fy22ayyy/ros2_ws/src/build/lab3/prefix_override:/uolstore/home/users/fy22ayyy/ros2_ws/src/install/lab3/lib/python3.10/site-packages:${PYTHONPATH} /usr/bin/python3 setup.py egg_info --egg-base ../build/lab3 build --build-base /uolstore/home/users/fy22ayyy/ros2_ws/src/build/lab3/build install --record /uolstore/home/users/fy22ayyy/ros2_ws/src/build/lab3/install.log --single-version-externally-managed
[5.086s] Level 1:colcon.colcon_core.environment:checking '/uolstore/home/users/fy22ayyy/ros2_ws/src/install/lab3' for CMake module files
[5.093s] Level 1:colcon.colcon_core.environment:checking '/uolstore/home/users/fy22ayyy/ros2_ws/src/install/lab3' for CMake config files
[5.106s] Level 1:colcon.colcon_core.environment:checking '/uolstore/home/users/fy22ayyy/ros2_ws/src/install/lab3/lib'
[5.107s] Level 1:colcon.colcon_core.environment:checking '/uolstore/home/users/fy22ayyy/ros2_ws/src/install/lab3/bin'
[5.107s] Level 1:colcon.colcon_core.environment:checking '/uolstore/home/users/fy22ayyy/ros2_ws/src/install/lab3/lib/pkgconfig/lab3.pc'
[5.109s] Level 1:colcon.colcon_core.environment:checking '/uolstore/home/users/fy22ayyy/ros2_ws/src/install/lab3/lib/python3.10/site-packages'
[5.109s] Level 1:colcon.colcon_core.shell:create_environment_hook('lab3', 'pythonpath')
[5.129s] INFO:colcon.colcon_core.shell:Creating environment hook '/uolstore/home/users/fy22ayyy/ros2_ws/src/install/lab3/share/lab3/hook/pythonpath.ps1'
[5.132s] INFO:colcon.colcon_core.shell:Creating environment descriptor '/uolstore/home/users/fy22ayyy/ros2_ws/src/install/lab3/share/lab3/hook/pythonpath.dsv'
[5.138s] INFO:colcon.colcon_core.shell:Creating environment hook '/uolstore/home/users/fy22ayyy/ros2_ws/src/install/lab3/share/lab3/hook/pythonpath.sh'
[5.142s] Level 1:colcon.colcon_core.environment:checking '/uolstore/home/users/fy22ayyy/ros2_ws/src/install/lab3/bin'
[5.142s] Level 1:colcon.colcon_core.environment:create_environment_scripts_only(lab3)
[5.162s] INFO:colcon.colcon_core.shell:Creating package script '/uolstore/home/users/fy22ayyy/ros2_ws/src/install/lab3/share/lab3/package.ps1'
[5.168s] INFO:colcon.colcon_core.shell:Creating package descriptor '/uolstore/home/users/fy22ayyy/ros2_ws/src/install/lab3/share/lab3/package.dsv'
[5.173s] INFO:colcon.colcon_core.shell:Creating package script '/uolstore/home/users/fy22ayyy/ros2_ws/src/install/lab3/share/lab3/package.sh'
[5.176s] INFO:colcon.colcon_core.shell:Creating package script '/uolstore/home/users/fy22ayyy/ros2_ws/src/install/lab3/share/lab3/package.bash'
[5.182s] INFO:colcon.colcon_core.shell:Creating package script '/uolstore/home/users/fy22ayyy/ros2_ws/src/install/lab3/share/lab3/package.zsh'
[5.186s] Level 1:colcon.colcon_core.environment:create_file_with_runtime_dependencies(/uolstore/home/users/fy22ayyy/ros2_ws/src/install/lab3/share/colcon-core/packages/lab3)
[5.201s] DEBUG:colcon.colcon_core.event_handler.log_command:Invoked command in '/uolstore/home/users/fy22ayyy/ros2_ws/src/lab2' returned '0': PS1=[COMP3631] Singularity> \w $ PYTHONPATH=/uolstore/home/users/fy22ayyy/ros2_ws/src/build/lab2/prefix_override:/uolstore/home/users/fy22ayyy/ros2_ws/src/install/lab2/lib/python3.10/site-packages:${PYTHONPATH} /usr/bin/python3 setup.py egg_info --egg-base ../build/lab2 build --build-base /uolstore/home/users/fy22ayyy/ros2_ws/src/build/lab2/build install --record /uolstore/home/users/fy22ayyy/ros2_ws/src/build/lab2/install.log --single-version-externally-managed
[5.214s] Level 1:colcon.colcon_core.environment:checking '/uolstore/home/users/fy22ayyy/ros2_ws/src/install/lab2' for CMake module files
[5.221s] Level 1:colcon.colcon_core.environment:checking '/uolstore/home/users/fy22ayyy/ros2_ws/src/install/lab2' for CMake config files
[5.234s] Level 1:colcon.colcon_core.environment:checking '/uolstore/home/users/fy22ayyy/ros2_ws/src/install/lab2/lib'
[5.235s] Level 1:colcon.colcon_core.environment:checking '/uolstore/home/users/fy22ayyy/ros2_ws/src/install/lab2/bin'
[5.235s] Level 1:colcon.colcon_core.environment:checking '/uolstore/home/users/fy22ayyy/ros2_ws/src/install/lab2/lib/pkgconfig/lab2.pc'
[5.236s] Level 1:colcon.colcon_core.environment:checking '/uolstore/home/users/fy22ayyy/ros2_ws/src/install/lab2/lib/python3.10/site-packages'
[5.237s] Level 1:colcon.colcon_core.shell:create_environment_hook('lab2', 'pythonpath')
[5.256s] INFO:colcon.colcon_core.shell:Creating environment hook '/uolstore/home/users/fy22ayyy/ros2_ws/src/install/lab2/share/lab2/hook/pythonpath.ps1'
[5.260s] INFO:colcon.colcon_core.shell:Creating environment descriptor '/uolstore/home/users/fy22ayyy/ros2_ws/src/install/lab2/share/lab2/hook/pythonpath.dsv'
[5.266s] INFO:colcon.colcon_core.shell:Creating environment hook '/uolstore/home/users/fy22ayyy/ros2_ws/src/install/lab2/share/lab2/hook/pythonpath.sh'
[5.270s] Level 1:colcon.colcon_core.environment:checking '/uolstore/home/users/fy22ayyy/ros2_ws/src/install/lab2/bin'
[5.270s] Level 1:colcon.colcon_core.environment:create_environment_scripts_only(lab2)
[5.290s] INFO:colcon.colcon_core.shell:Creating package script '/uolstore/home/users/fy22ayyy/ros2_ws/src/install/lab2/share/lab2/package.ps1'
[5.294s] INFO:colcon.colcon_core.shell:Creating package descriptor '/uolstore/home/users/fy22ayyy/ros2_ws/src/install/lab2/share/lab2/package.dsv'
[5.297s] INFO:colcon.colcon_core.shell:Creating package script '/uolstore/home/users/fy22ayyy/ros2_ws/src/install/lab2/share/lab2/package.sh'
[5.301s] INFO:colcon.colcon_core.shell:Creating package script '/uolstore/home/users/fy22ayyy/ros2_ws/src/install/lab2/share/lab2/package.bash'
[5.304s] INFO:colcon.colcon_core.shell:Creating package script '/uolstore/home/users/fy22ayyy/ros2_ws/src/install/lab2/share/lab2/package.zsh'
[5.308s] Level 1:colcon.colcon_core.environment:create_file_with_runtime_dependencies(/uolstore/home/users/fy22ayyy/ros2_ws/src/install/lab2/share/colcon-core/packages/lab2)
[5.322s] DEBUG:colcon.colcon_core.event_handler.log_command:Invoked command in '/uolstore/home/users/fy22ayyy/ros2_ws/src/lab1' returned '0': PS1=[COMP3631] Singularity> \w $ PYTHONPATH=/uolstore/home/users/fy22ayyy/ros2_ws/src/build/lab1/prefix_override:/uolstore/home/users/fy22ayyy/ros2_ws/src/install/lab1/lib/python3.10/site-packages:${PYTHONPATH} /usr/bin/python3 setup.py egg_info --egg-base ../build/lab1 build --build-base /uolstore/home/users/fy22ayyy/ros2_ws/src/build/lab1/build install --record /uolstore/home/users/fy22ayyy/ros2_ws/src/build/lab1/install.log --single-version-externally-managed
[5.333s] Level 1:colcon.colcon_core.environment:checking '/uolstore/home/users/fy22ayyy/ros2_ws/src/install/lab1' for CMake module files
[5.339s] Level 1:colcon.colcon_core.environment:checking '/uolstore/home/users/fy22ayyy/ros2_ws/src/install/lab1' for CMake config files
[5.350s] Level 1:colcon.colcon_core.environment:checking '/uolstore/home/users/fy22ayyy/ros2_ws/src/install/lab1/lib'
[5.351s] Level 1:colcon.colcon_core.environment:checking '/uolstore/home/users/fy22ayyy/ros2_ws/src/install/lab1/bin'
[5.352s] Level 1:colcon.colcon_core.environment:checking '/uolstore/home/users/fy22ayyy/ros2_ws/src/install/lab1/lib/pkgconfig/lab1.pc'
[5.352s] Level 1:colcon.colcon_core.environment:checking '/uolstore/home/users/fy22ayyy/ros2_ws/src/install/lab1/lib/python3.10/site-packages'
[5.352s] Level 1:colcon.colcon_core.shell:create_environment_hook('lab1', 'pythonpath')
[5.370s] INFO:colcon.colcon_core.shell:Creating environment hook '/uolstore/home/users/fy22ayyy/ros2_ws/src/install/lab1/share/lab1/hook/pythonpath.ps1'
[5.372s] INFO:colcon.colcon_core.shell:Creating environment descriptor '/uolstore/home/users/fy22ayyy/ros2_ws/src/install/lab1/share/lab1/hook/pythonpath.dsv'
[5.375s] INFO:colcon.colcon_core.shell:Creating environment hook '/uolstore/home/users/fy22ayyy/ros2_ws/src/install/lab1/share/lab1/hook/pythonpath.sh'
[5.379s] Level 1:colcon.colcon_core.environment:checking '/uolstore/home/users/fy22ayyy/ros2_ws/src/install/lab1/bin'
[5.379s] Level 1:colcon.colcon_core.environment:create_environment_scripts_only(lab1)
[5.396s] INFO:colcon.colcon_core.shell:Creating package script '/uolstore/home/users/fy22ayyy/ros2_ws/src/install/lab1/share/lab1/package.ps1'
[5.400s] INFO:colcon.colcon_core.shell:Creating package descriptor '/uolstore/home/users/fy22ayyy/ros2_ws/src/install/lab1/share/lab1/package.dsv'
[5.403s] INFO:colcon.colcon_core.shell:Creating package script '/uolstore/home/users/fy22ayyy/ros2_ws/src/install/lab1/share/lab1/package.sh'
[5.406s] INFO:colcon.colcon_core.shell:Creating package script '/uolstore/home/users/fy22ayyy/ros2_ws/src/install/lab1/share/lab1/package.bash'
[5.409s] INFO:colcon.colcon_core.shell:Creating package script '/uolstore/home/users/fy22ayyy/ros2_ws/src/install/lab1/share/lab1/package.zsh'
[5.413s] Level 1:colcon.colcon_core.environment:create_file_with_runtime_dependencies(/uolstore/home/users/fy22ayyy/ros2_ws/src/install/lab1/share/colcon-core/packages/lab1)
[6.499s] DEBUG:colcon.colcon_core.event_handler.log_command:Invoked command in '/uolstore/home/users/fy22ayyy/ros2_ws/src/build/turtlebot3_fake_node' returned '0': CMAKE_PREFIX_PATH=/opt/ros/humble PS1=[COMP3631] Singularity> \w $ /usr/bin/cmake /uolstore/home/users/fy22ayyy/ros2_ws/src/turtlebot3_simulations/turtlebot3_fake_node -DCMAKE_INSTALL_PREFIX=/uolstore/home/users/fy22ayyy/ros2_ws/src/install/turtlebot3_fake_node
[6.503s] DEBUG:colcon.colcon_core.event_handler.log_command:Invoking command in '/uolstore/home/users/fy22ayyy/ros2_ws/src/build/turtlebot3_fake_node': CMAKE_PREFIX_PATH=/opt/ros/humble PS1=[COMP3631] Singularity> \w $ /usr/bin/cmake --build /uolstore/home/users/fy22ayyy/ros2_ws/src/build/turtlebot3_fake_node -- -j16 -l16
[8.499s] DEBUG:colcon.colcon_core.event_handler.log_command:Invoked command in '/uolstore/home/users/fy22ayyy/ros2_ws/src/build/turtlebot3_gazebo' returned '0': CMAKE_PREFIX_PATH=/opt/ros/humble PS1=[COMP3631] Singularity> \w $ /usr/bin/cmake /uolstore/home/users/fy22ayyy/ros2_ws/src/turtlebot3_simulations/turtlebot3_gazebo -DCMAKE_INSTALL_PREFIX=/uolstore/home/users/fy22ayyy/ros2_ws/src/install/turtlebot3_gazebo
[8.503s] DEBUG:colcon.colcon_core.event_handler.log_command:Invoking command in '/uolstore/home/users/fy22ayyy/ros2_ws/src/build/turtlebot3_gazebo': CMAKE_PREFIX_PATH=/opt/ros/humble PS1=[COMP3631] Singularity> \w $ /usr/bin/cmake --build /uolstore/home/users/fy22ayyy/ros2_ws/src/build/turtlebot3_gazebo -- -j16 -l16
[17.014s] DEBUG:colcon.colcon_core.event_handler.log_command:Invoked command in '/uolstore/home/users/fy22ayyy/ros2_ws/src/build/turtlebot3_fake_node' returned '0': CMAKE_PREFIX_PATH=/opt/ros/humble PS1=[COMP3631] Singularity> \w $ /usr/bin/cmake --build /uolstore/home/users/fy22ayyy/ros2_ws/src/build/turtlebot3_fake_node -- -j16 -l16
[17.062s] DEBUG:colcon.colcon_core.event_handler.log_command:Invoking command in '/uolstore/home/users/fy22ayyy/ros2_ws/src/build/turtlebot3_fake_node': CMAKE_PREFIX_PATH=/opt/ros/humble PS1=[COMP3631] Singularity> \w $ /usr/bin/cmake --install /uolstore/home/users/fy22ayyy/ros2_ws/src/build/turtlebot3_fake_node
[17.720s] Level 1:colcon.colcon_core.environment:create_environment_scripts_only(turtlebot3_fake_node)
[17.720s] DEBUG:colcon.colcon_core.event_handler.log_command:Invoked command in '/uolstore/home/users/fy22ayyy/ros2_ws/src/build/turtlebot3_fake_node' returned '0': CMAKE_PREFIX_PATH=/opt/ros/humble PS1=[COMP3631] Singularity> \w $ /usr/bin/cmake --install /uolstore/home/users/fy22ayyy/ros2_ws/src/build/turtlebot3_fake_node
[17.741s] Level 1:colcon.colcon_core.environment:checking '/uolstore/home/users/fy22ayyy/ros2_ws/src/install/turtlebot3_fake_node' for CMake module files
[17.751s] Level 1:colcon.colcon_core.environment:checking '/uolstore/home/users/fy22ayyy/ros2_ws/src/install/turtlebot3_fake_node' for CMake config files
[17.759s] Level 1:colcon.colcon_core.shell:create_environment_hook('turtlebot3_fake_node', 'cmake_prefix_path')
[17.778s] INFO:colcon.colcon_core.shell:Creating environment hook '/uolstore/home/users/fy22ayyy/ros2_ws/src/install/turtlebot3_fake_node/share/turtlebot3_fake_node/hook/cmake_prefix_path.ps1'
[17.783s] INFO:colcon.colcon_core.shell:Creating environment descriptor '/uolstore/home/users/fy22ayyy/ros2_ws/src/install/turtlebot3_fake_node/share/turtlebot3_fake_node/hook/cmake_prefix_path.dsv'
[17.788s] INFO:colcon.colcon_core.shell:Creating environment hook '/uolstore/home/users/fy22ayyy/ros2_ws/src/install/turtlebot3_fake_node/share/turtlebot3_fake_node/hook/cmake_prefix_path.sh'
[17.794s] Level 1:colcon.colcon_core.environment:checking '/uolstore/home/users/fy22ayyy/ros2_ws/src/install/turtlebot3_fake_node/lib'
[17.795s] Level 1:colcon.colcon_core.environment:checking '/uolstore/home/users/fy22ayyy/ros2_ws/src/install/turtlebot3_fake_node/bin'
[17.796s] Level 1:colcon.colcon_core.environment:checking '/uolstore/home/users/fy22ayyy/ros2_ws/src/install/turtlebot3_fake_node/lib/pkgconfig/turtlebot3_fake_node.pc'
[17.797s] Level 1:colcon.colcon_core.environment:checking '/uolstore/home/users/fy22ayyy/ros2_ws/src/install/turtlebot3_fake_node/lib/python3.10/site-packages'
[17.798s] Level 1:colcon.colcon_core.environment:checking '/uolstore/home/users/fy22ayyy/ros2_ws/src/install/turtlebot3_fake_node/bin'
[17.817s] INFO:colcon.colcon_core.shell:Creating package script '/uolstore/home/users/fy22ayyy/ros2_ws/src/install/turtlebot3_fake_node/share/turtlebot3_fake_node/package.ps1'
[17.821s] INFO:colcon.colcon_core.shell:Creating package descriptor '/uolstore/home/users/fy22ayyy/ros2_ws/src/install/turtlebot3_fake_node/share/turtlebot3_fake_node/package.dsv'
[17.824s] INFO:colcon.colcon_core.shell:Creating package script '/uolstore/home/users/fy22ayyy/ros2_ws/src/install/turtlebot3_fake_node/share/turtlebot3_fake_node/package.sh'
[17.829s] INFO:colcon.colcon_core.shell:Creating package script '/uolstore/home/users/fy22ayyy/ros2_ws/src/install/turtlebot3_fake_node/share/turtlebot3_fake_node/package.bash'
[17.834s] INFO:colcon.colcon_core.shell:Creating package script '/uolstore/home/users/fy22ayyy/ros2_ws/src/install/turtlebot3_fake_node/share/turtlebot3_fake_node/package.zsh'
[17.837s] Level 1:colcon.colcon_core.environment:create_file_with_runtime_dependencies(/uolstore/home/users/fy22ayyy/ros2_ws/src/install/turtlebot3_fake_node/share/colcon-core/packages/turtlebot3_fake_node)
[17.893s] Level 1:colcon.colcon_core.environment:create_environment_scripts_only(turtlebot3_fake_node)
[17.911s] Level 1:colcon.colcon_core.environment:checking '/uolstore/home/users/fy22ayyy/ros2_ws/src/install/turtlebot3_fake_node' for CMake module files
[17.915s] Level 1:colcon.colcon_core.environment:checking '/uolstore/home/users/fy22ayyy/ros2_ws/src/install/turtlebot3_fake_node' for CMake config files
[17.921s] Level 1:colcon.colcon_core.shell:create_environment_hook('turtlebot3_fake_node', 'cmake_prefix_path')
[17.939s] INFO:colcon.colcon_core.shell:Creating environment hook '/uolstore/home/users/fy22ayyy/ros2_ws/src/install/turtlebot3_fake_node/share/turtlebot3_fake_node/hook/cmake_prefix_path.ps1'
[17.953s] INFO:colcon.colcon_core.shell:Creating environment descriptor '/uolstore/home/users/fy22ayyy/ros2_ws/src/install/turtlebot3_fake_node/share/turtlebot3_fake_node/hook/cmake_prefix_path.dsv'
[17.962s] INFO:colcon.colcon_core.shell:Creating environment hook '/uolstore/home/users/fy22ayyy/ros2_ws/src/install/turtlebot3_fake_node/share/turtlebot3_fake_node/hook/cmake_prefix_path.sh'
[17.967s] Level 1:colcon.colcon_core.environment:checking '/uolstore/home/users/fy22ayyy/ros2_ws/src/install/turtlebot3_fake_node/lib'
[17.968s] Level 1:colcon.colcon_core.environment:checking '/uolstore/home/users/fy22ayyy/ros2_ws/src/install/turtlebot3_fake_node/bin'
[17.968s] Level 1:colcon.colcon_core.environment:checking '/uolstore/home/users/fy22ayyy/ros2_ws/src/install/turtlebot3_fake_node/lib/pkgconfig/turtlebot3_fake_node.pc'
[17.968s] Level 1:colcon.colcon_core.environment:checking '/uolstore/home/users/fy22ayyy/ros2_ws/src/install/turtlebot3_fake_node/lib/python3.10/site-packages'
[17.969s] Level 1:colcon.colcon_core.environment:checking '/uolstore/home/users/fy22ayyy/ros2_ws/src/install/turtlebot3_fake_node/bin'
[17.996s] INFO:colcon.colcon_core.shell:Creating package script '/uolstore/home/users/fy22ayyy/ros2_ws/src/install/turtlebot3_fake_node/share/turtlebot3_fake_node/package.ps1'
[18.002s] INFO:colcon.colcon_core.shell:Creating package descriptor '/uolstore/home/users/fy22ayyy/ros2_ws/src/install/turtlebot3_fake_node/share/turtlebot3_fake_node/package.dsv'
[18.008s] INFO:colcon.colcon_core.shell:Creating package script '/uolstore/home/users/fy22ayyy/ros2_ws/src/install/turtlebot3_fake_node/share/turtlebot3_fake_node/package.sh'
[18.015s] INFO:colcon.colcon_core.shell:Creating package script '/uolstore/home/users/fy22ayyy/ros2_ws/src/install/turtlebot3_fake_node/share/turtlebot3_fake_node/package.bash'
[18.019s] INFO:colcon.colcon_core.shell:Creating package script '/uolstore/home/users/fy22ayyy/ros2_ws/src/install/turtlebot3_fake_node/share/turtlebot3_fake_node/package.zsh'
[18.027s] Level 1:colcon.colcon_core.environment:create_file_with_runtime_dependencies(/uolstore/home/users/fy22ayyy/ros2_ws/src/install/turtlebot3_fake_node/share/colcon-core/packages/turtlebot3_fake_node)
[20.210s] DEBUG:colcon.colcon_core.event_handler.log_command:Invoked command in '/uolstore/home/users/fy22ayyy/ros2_ws/src/build/turtlebot3_gazebo' returned '0': CMAKE_PREFIX_PATH=/opt/ros/humble PS1=[COMP3631] Singularity> \w $ /usr/bin/cmake --build /uolstore/home/users/fy22ayyy/ros2_ws/src/build/turtlebot3_gazebo -- -j16 -l16
[20.251s] DEBUG:colcon.colcon_core.event_handler.log_command:Invoking command in '/uolstore/home/users/fy22ayyy/ros2_ws/src/build/turtlebot3_gazebo': CMAKE_PREFIX_PATH=/opt/ros/humble PS1=[COMP3631] Singularity> \w $ /usr/bin/cmake --install /uolstore/home/users/fy22ayyy/ros2_ws/src/build/turtlebot3_gazebo
[24.434s] Level 1:colcon.colcon_core.environment:create_environment_scripts_only(turtlebot3_gazebo)
[24.435s] DEBUG:colcon.colcon_core.event_handler.log_command:Invoked command in '/uolstore/home/users/fy22ayyy/ros2_ws/src/build/turtlebot3_gazebo' returned '0': CMAKE_PREFIX_PATH=/opt/ros/humble PS1=[COMP3631] Singularity> \w $ /usr/bin/cmake --install /uolstore/home/users/fy22ayyy/ros2_ws/src/build/turtlebot3_gazebo
[24.451s] Level 1:colcon.colcon_core.environment:checking '/uolstore/home/users/fy22ayyy/ros2_ws/src/install/turtlebot3_gazebo' for CMake module files
[24.457s] Level 1:colcon.colcon_core.environment:checking '/uolstore/home/users/fy22ayyy/ros2_ws/src/install/turtlebot3_gazebo' for CMake config files
[24.537s] Level 1:colcon.colcon_core.shell:create_environment_hook('turtlebot3_gazebo', 'cmake_prefix_path')
[24.554s] INFO:colcon.colcon_core.shell:Creating environment hook '/uolstore/home/users/fy22ayyy/ros2_ws/src/install/turtlebot3_gazebo/share/turtlebot3_gazebo/hook/cmake_prefix_path.ps1'
[24.559s] INFO:colcon.colcon_core.shell:Creating environment descriptor '/uolstore/home/users/fy22ayyy/ros2_ws/src/install/turtlebot3_gazebo/share/turtlebot3_gazebo/hook/cmake_prefix_path.dsv'
[24.563s] INFO:colcon.colcon_core.shell:Creating environment hook '/uolstore/home/users/fy22ayyy/ros2_ws/src/install/turtlebot3_gazebo/share/turtlebot3_gazebo/hook/cmake_prefix_path.sh'
[24.566s] Level 1:colcon.colcon_core.environment:checking '/uolstore/home/users/fy22ayyy/ros2_ws/src/install/turtlebot3_gazebo/lib'
[24.567s] Level 1:colcon.colcon_core.environment:checking '/uolstore/home/users/fy22ayyy/ros2_ws/src/install/turtlebot3_gazebo/bin'
[24.567s] Level 1:colcon.colcon_core.environment:checking '/uolstore/home/users/fy22ayyy/ros2_ws/src/install/turtlebot3_gazebo/lib/pkgconfig/turtlebot3_gazebo.pc'
[24.568s] Level 1:colcon.colcon_core.environment:checking '/uolstore/home/users/fy22ayyy/ros2_ws/src/install/turtlebot3_gazebo/lib/python3.10/site-packages'
[24.569s] Level 1:colcon.colcon_core.environment:checking '/uolstore/home/users/fy22ayyy/ros2_ws/src/install/turtlebot3_gazebo/bin'
[24.588s] INFO:colcon.colcon_core.shell:Creating package script '/uolstore/home/users/fy22ayyy/ros2_ws/src/install/turtlebot3_gazebo/share/turtlebot3_gazebo/package.ps1'
[24.592s] INFO:colcon.colcon_core.shell:Creating package descriptor '/uolstore/home/users/fy22ayyy/ros2_ws/src/install/turtlebot3_gazebo/share/turtlebot3_gazebo/package.dsv'
[24.595s] INFO:colcon.colcon_core.shell:Creating package script '/uolstore/home/users/fy22ayyy/ros2_ws/src/install/turtlebot3_gazebo/share/turtlebot3_gazebo/package.sh'
[24.598s] INFO:colcon.colcon_core.shell:Creating package script '/uolstore/home/users/fy22ayyy/ros2_ws/src/install/turtlebot3_gazebo/share/turtlebot3_gazebo/package.bash'
[24.602s] INFO:colcon.colcon_core.shell:Creating package script '/uolstore/home/users/fy22ayyy/ros2_ws/src/install/turtlebot3_gazebo/share/turtlebot3_gazebo/package.zsh'
[24.605s] Level 1:colcon.colcon_core.environment:create_file_with_runtime_dependencies(/uolstore/home/users/fy22ayyy/ros2_ws/src/install/turtlebot3_gazebo/share/colcon-core/packages/turtlebot3_gazebo)
[24.663s] Level 1:colcon.colcon_core.environment:create_environment_scripts_only(turtlebot3_gazebo)
[24.679s] Level 1:colcon.colcon_core.environment:checking '/uolstore/home/users/fy22ayyy/ros2_ws/src/install/turtlebot3_gazebo' for CMake module files
[24.682s] Level 1:colcon.colcon_core.environment:checking '/uolstore/home/users/fy22ayyy/ros2_ws/src/install/turtlebot3_gazebo' for CMake config files
[24.748s] Level 1:colcon.colcon_core.shell:create_environment_hook('turtlebot3_gazebo', 'cmake_prefix_path')
[24.766s] INFO:colcon.colcon_core.shell:Creating environment hook '/uolstore/home/users/fy22ayyy/ros2_ws/src/install/turtlebot3_gazebo/share/turtlebot3_gazebo/hook/cmake_prefix_path.ps1'
[24.769s] INFO:colcon.colcon_core.shell:Creating environment descriptor '/uolstore/home/users/fy22ayyy/ros2_ws/src/install/turtlebot3_gazebo/share/turtlebot3_gazebo/hook/cmake_prefix_path.dsv'
[24.773s] INFO:colcon.colcon_core.shell:Creating environment hook '/uolstore/home/users/fy22ayyy/ros2_ws/src/install/turtlebot3_gazebo/share/turtlebot3_gazebo/hook/cmake_prefix_path.sh'
[24.776s] Level 1:colcon.colcon_core.environment:checking '/uolstore/home/users/fy22ayyy/ros2_ws/src/install/turtlebot3_gazebo/lib'
[24.777s] Level 1:colcon.colcon_core.environment:checking '/uolstore/home/users/fy22ayyy/ros2_ws/src/install/turtlebot3_gazebo/bin'
[24.777s] Level 1:colcon.colcon_core.environment:checking '/uolstore/home/users/fy22ayyy/ros2_ws/src/install/turtlebot3_gazebo/lib/pkgconfig/turtlebot3_gazebo.pc'
[24.777s] Level 1:colcon.colcon_core.environment:checking '/uolstore/home/users/fy22ayyy/ros2_ws/src/install/turtlebot3_gazebo/lib/python3.10/site-packages'
[24.777s] Level 1:colcon.colcon_core.environment:checking '/uolstore/home/users/fy22ayyy/ros2_ws/src/install/turtlebot3_gazebo/bin'
[24.796s] INFO:colcon.colcon_core.shell:Creating package script '/uolstore/home/users/fy22ayyy/ros2_ws/src/install/turtlebot3_gazebo/share/turtlebot3_gazebo/package.ps1'
[24.800s] INFO:colcon.colcon_core.shell:Creating package descriptor '/uolstore/home/users/fy22ayyy/ros2_ws/src/install/turtlebot3_gazebo/share/turtlebot3_gazebo/package.dsv'
[24.803s] INFO:colcon.colcon_core.shell:Creating package script '/uolstore/home/users/fy22ayyy/ros2_ws/src/install/turtlebot3_gazebo/share/turtlebot3_gazebo/package.sh'
[24.806s] INFO:colcon.colcon_core.shell:Creating package script '/uolstore/home/users/fy22ayyy/ros2_ws/src/install/turtlebot3_gazebo/share/turtlebot3_gazebo/package.bash'
[24.809s] INFO:colcon.colcon_core.shell:Creating package script '/uolstore/home/users/fy22ayyy/ros2_ws/src/install/turtlebot3_gazebo/share/turtlebot3_gazebo/package.zsh'
[24.811s] Level 1:colcon.colcon_core.environment:create_file_with_runtime_dependencies(/uolstore/home/users/fy22ayyy/ros2_ws/src/install/turtlebot3_gazebo/share/colcon-core/packages/turtlebot3_gazebo)
[24.814s] INFO:colcon.colcon_ros.task.ament_cmake.build:Building ROS package in '/uolstore/home/users/fy22ayyy/ros2_ws/src/turtlebot3_simulations/turtlebot3_simulations' with build type 'ament_cmake'
[24.814s] INFO:colcon.colcon_cmake.task.cmake.build:Building CMake package in '/uolstore/home/users/fy22ayyy/ros2_ws/src/turtlebot3_simulations/turtlebot3_simulations'
[24.832s] INFO:colcon.colcon_core.shell:Skip shell extension 'powershell' for command environment: Not usable outside of PowerShell
[24.832s] DEBUG:colcon.colcon_core.shell:Skip shell extension 'dsv' for command environment
[24.907s] DEBUG:colcon.colcon_core.event_handler.log_command:Invoking command in '/uolstore/home/users/fy22ayyy/ros2_ws/src/build/turtlebot3_simulations': AMENT_PREFIX_PATH=/uolstore/home/users/fy22ayyy/ros2_ws/src/install/turtlebot3_gazebo:/uolstore/home/users/fy22ayyy/ros2_ws/src/install/turtlebot3_fake_node:${AMENT_PREFIX_PATH} CMAKE_PREFIX_PATH=/uolstore/home/users/fy22ayyy/ros2_ws/src/install/turtlebot3_gazebo:/uolstore/home/users/fy22ayyy/ros2_ws/src/install/turtlebot3_fake_node:/opt/ros/humble PS1=[COMP3631] Singularity> \w $ /usr/bin/cmake /uolstore/home/users/fy22ayyy/ros2_ws/src/turtlebot3_simulations/turtlebot3_simulations -DCMAKE_INSTALL_PREFIX=/uolstore/home/users/fy22ayyy/ros2_ws/src/install/turtlebot3_simulations
[26.317s] DEBUG:colcon.colcon_core.event_handler.log_command:Invoked command in '/uolstore/home/users/fy22ayyy/ros2_ws/src/build/turtlebot3_simulations' returned '0': AMENT_PREFIX_PATH=/uolstore/home/users/fy22ayyy/ros2_ws/src/install/turtlebot3_gazebo:/uolstore/home/users/fy22ayyy/ros2_ws/src/install/turtlebot3_fake_node:${AMENT_PREFIX_PATH} CMAKE_PREFIX_PATH=/uolstore/home/users/fy22ayyy/ros2_ws/src/install/turtlebot3_gazebo:/uolstore/home/users/fy22ayyy/ros2_ws/src/install/turtlebot3_fake_node:/opt/ros/humble PS1=[COMP3631] Singularity> \w $ /usr/bin/cmake /uolstore/home/users/fy22ayyy/ros2_ws/src/turtlebot3_simulations/turtlebot3_simulations -DCMAKE_INSTALL_PREFIX=/uolstore/home/users/fy22ayyy/ros2_ws/src/install/turtlebot3_simulations
[26.321s] DEBUG:colcon.colcon_core.event_handler.log_command:Invoking command in '/uolstore/home/users/fy22ayyy/ros2_ws/src/build/turtlebot3_simulations': AMENT_PREFIX_PATH=/uolstore/home/users/fy22ayyy/ros2_ws/src/install/turtlebot3_gazebo:/uolstore/home/users/fy22ayyy/ros2_ws/src/install/turtlebot3_fake_node:${AMENT_PREFIX_PATH} CMAKE_PREFIX_PATH=/uolstore/home/users/fy22ayyy/ros2_ws/src/install/turtlebot3_gazebo:/uolstore/home/users/fy22ayyy/ros2_ws/src/install/turtlebot3_fake_node:/opt/ros/humble PS1=[COMP3631] Singularity> \w $ /usr/bin/cmake --build /uolstore/home/users/fy22ayyy/ros2_ws/src/build/turtlebot3_simulations -- -j16 -l16
[26.367s] DEBUG:colcon.colcon_core.event_handler.log_command:Invoked command in '/uolstore/home/users/fy22ayyy/ros2_ws/src/build/turtlebot3_simulations' returned '0': AMENT_PREFIX_PATH=/uolstore/home/users/fy22ayyy/ros2_ws/src/install/turtlebot3_gazebo:/uolstore/home/users/fy22ayyy/ros2_ws/src/install/turtlebot3_fake_node:${AMENT_PREFIX_PATH} CMAKE_PREFIX_PATH=/uolstore/home/users/fy22ayyy/ros2_ws/src/install/turtlebot3_gazebo:/uolstore/home/users/fy22ayyy/ros2_ws/src/install/turtlebot3_fake_node:/opt/ros/humble PS1=[COMP3631] Singularity> \w $ /usr/bin/cmake --build /uolstore/home/users/fy22ayyy/ros2_ws/src/build/turtlebot3_simulations -- -j16 -l16
[26.393s] DEBUG:colcon.colcon_core.event_handler.log_command:Invoking command in '/uolstore/home/users/fy22ayyy/ros2_ws/src/build/turtlebot3_simulations': AMENT_PREFIX_PATH=/uolstore/home/users/fy22ayyy/ros2_ws/src/install/turtlebot3_gazebo:/uolstore/home/users/fy22ayyy/ros2_ws/src/install/turtlebot3_fake_node:${AMENT_PREFIX_PATH} CMAKE_PREFIX_PATH=/uolstore/home/users/fy22ayyy/ros2_ws/src/install/turtlebot3_gazebo:/uolstore/home/users/fy22ayyy/ros2_ws/src/install/turtlebot3_fake_node:/opt/ros/humble PS1=[COMP3631] Singularity> \w $ /usr/bin/cmake --install /uolstore/home/users/fy22ayyy/ros2_ws/src/build/turtlebot3_simulations
[26.599s] Level 1:colcon.colcon_core.environment:create_environment_scripts_only(turtlebot3_simulations)
[26.600s] DEBUG:colcon.colcon_core.event_handler.log_command:Invoked command in '/uolstore/home/users/fy22ayyy/ros2_ws/src/build/turtlebot3_simulations' returned '0': AMENT_PREFIX_PATH=/uolstore/home/users/fy22ayyy/ros2_ws/src/install/turtlebot3_gazebo:/uolstore/home/users/fy22ayyy/ros2_ws/src/install/turtlebot3_fake_node:${AMENT_PREFIX_PATH} CMAKE_PREFIX_PATH=/uolstore/home/users/fy22ayyy/ros2_ws/src/install/turtlebot3_gazebo:/uolstore/home/users/fy22ayyy/ros2_ws/src/install/turtlebot3_fake_node:/opt/ros/humble PS1=[COMP3631] Singularity> \w $ /usr/bin/cmake --install /uolstore/home/users/fy22ayyy/ros2_ws/src/build/turtlebot3_simulations
[26.618s] Level 1:colcon.colcon_core.environment:checking '/uolstore/home/users/fy22ayyy/ros2_ws/src/install/turtlebot3_simulations' for CMake module files
[26.622s] Level 1:colcon.colcon_core.environment:checking '/uolstore/home/users/fy22ayyy/ros2_ws/src/install/turtlebot3_simulations' for CMake config files
[26.629s] Level 1:colcon.colcon_core.shell:create_environment_hook('turtlebot3_simulations', 'cmake_prefix_path')
[26.646s] INFO:colcon.colcon_core.shell:Creating environment hook '/uolstore/home/users/fy22ayyy/ros2_ws/src/install/turtlebot3_simulations/share/turtlebot3_simulations/hook/cmake_prefix_path.ps1'
[26.649s] INFO:colcon.colcon_core.shell:Creating environment descriptor '/uolstore/home/users/fy22ayyy/ros2_ws/src/install/turtlebot3_simulations/share/turtlebot3_simulations/hook/cmake_prefix_path.dsv'
[26.653s] INFO:colcon.colcon_core.shell:Creating environment hook '/uolstore/home/users/fy22ayyy/ros2_ws/src/install/turtlebot3_simulations/share/turtlebot3_simulations/hook/cmake_prefix_path.sh'
[26.657s] Level 1:colcon.colcon_core.environment:checking '/uolstore/home/users/fy22ayyy/ros2_ws/src/install/turtlebot3_simulations/bin'
[26.657s] Level 1:colcon.colcon_core.environment:checking '/uolstore/home/users/fy22ayyy/ros2_ws/src/install/turtlebot3_simulations/lib/pkgconfig/turtlebot3_simulations.pc'
[26.658s] Level 1:colcon.colcon_core.environment:checking '/uolstore/home/users/fy22ayyy/ros2_ws/src/install/turtlebot3_simulations/lib/python3.10/site-packages'
[26.658s] Level 1:colcon.colcon_core.environment:checking '/uolstore/home/users/fy22ayyy/ros2_ws/src/install/turtlebot3_simulations/bin'
[26.675s] INFO:colcon.colcon_core.shell:Creating package script '/uolstore/home/users/fy22ayyy/ros2_ws/src/install/turtlebot3_simulations/share/turtlebot3_simulations/package.ps1'
[26.679s] INFO:colcon.colcon_core.shell:Creating package descriptor '/uolstore/home/users/fy22ayyy/ros2_ws/src/install/turtlebot3_simulations/share/turtlebot3_simulations/package.dsv'
[26.682s] INFO:colcon.colcon_core.shell:Creating package script '/uolstore/home/users/fy22ayyy/ros2_ws/src/install/turtlebot3_simulations/share/turtlebot3_simulations/package.sh'
[26.685s] INFO:colcon.colcon_core.shell:Creating package script '/uolstore/home/users/fy22ayyy/ros2_ws/src/install/turtlebot3_simulations/share/turtlebot3_simulations/package.bash'
[26.688s] INFO:colcon.colcon_core.shell:Creating package script '/uolstore/home/users/fy22ayyy/ros2_ws/src/install/turtlebot3_simulations/share/turtlebot3_simulations/package.zsh'
[26.692s] Level 1:colcon.colcon_core.environment:create_file_with_runtime_dependencies(/uolstore/home/users/fy22ayyy/ros2_ws/src/install/turtlebot3_simulations/share/colcon-core/packages/turtlebot3_simulations)
[26.738s] Level 1:colcon.colcon_core.environment:create_environment_scripts_only(turtlebot3_simulations)
[26.754s] Level 1:colcon.colcon_core.environment:checking '/uolstore/home/users/fy22ayyy/ros2_ws/src/install/turtlebot3_simulations' for CMake module files
[26.756s] Level 1:colcon.colcon_core.environment:checking '/uolstore/home/users/fy22ayyy/ros2_ws/src/install/turtlebot3_simulations' for CMake config files
[26.762s] Level 1:colcon.colcon_core.shell:create_environment_hook('turtlebot3_simulations', 'cmake_prefix_path')
[26.778s] INFO:colcon.colcon_core.shell:Creating environment hook '/uolstore/home/users/fy22ayyy/ros2_ws/src/install/turtlebot3_simulations/share/turtlebot3_simulations/hook/cmake_prefix_path.ps1'
[26.781s] INFO:colcon.colcon_core.shell:Creating environment descriptor '/uolstore/home/users/fy22ayyy/ros2_ws/src/install/turtlebot3_simulations/share/turtlebot3_simulations/hook/cmake_prefix_path.dsv'
[26.784s] INFO:colcon.colcon_core.shell:Creating environment hook '/uolstore/home/users/fy22ayyy/ros2_ws/src/install/turtlebot3_simulations/share/turtlebot3_simulations/hook/cmake_prefix_path.sh'
[26.787s] Level 1:colcon.colcon_core.environment:checking '/uolstore/home/users/fy22ayyy/ros2_ws/src/install/turtlebot3_simulations/bin'
[26.787s] Level 1:colcon.colcon_core.environment:checking '/uolstore/home/users/fy22ayyy/ros2_ws/src/install/turtlebot3_simulations/lib/pkgconfig/turtlebot3_simulations.pc'
[26.788s] Level 1:colcon.colcon_core.environment:checking '/uolstore/home/users/fy22ayyy/ros2_ws/src/install/turtlebot3_simulations/lib/python3.10/site-packages'
[26.788s] Level 1:colcon.colcon_core.environment:checking '/uolstore/home/users/fy22ayyy/ros2_ws/src/install/turtlebot3_simulations/bin'
[26.804s] INFO:colcon.colcon_core.shell:Creating package script '/uolstore/home/users/fy22ayyy/ros2_ws/src/install/turtlebot3_simulations/share/turtlebot3_simulations/package.ps1'
[26.808s] INFO:colcon.colcon_core.shell:Creating package descriptor '/uolstore/home/users/fy22ayyy/ros2_ws/src/install/turtlebot3_simulations/share/turtlebot3_simulations/package.dsv'
[26.811s] INFO:colcon.colcon_core.shell:Creating package script '/uolstore/home/users/fy22ayyy/ros2_ws/src/install/turtlebot3_simulations/share/turtlebot3_simulations/package.sh'
[26.813s] INFO:colcon.colcon_core.shell:Creating package script '/uolstore/home/users/fy22ayyy/ros2_ws/src/install/turtlebot3_simulations/share/turtlebot3_simulations/package.bash'
[26.817s] INFO:colcon.colcon_core.shell:Creating package script '/uolstore/home/users/fy22ayyy/ros2_ws/src/install/turtlebot3_simulations/share/turtlebot3_simulations/package.zsh'
[26.820s] Level 1:colcon.colcon_core.environment:create_file_with_runtime_dependencies(/uolstore/home/users/fy22ayyy/ros2_ws/src/install/turtlebot3_simulations/share/colcon-core/packages/turtlebot3_simulations)
[26.823s] DEBUG:colcon.colcon_parallel_executor.executor.parallel:closing loop
[26.823s] DEBUG:colcon.colcon_parallel_executor.executor.parallel:loop closed
[26.824s] DEBUG:colcon.colcon_parallel_executor.executor.parallel:run_until_complete finished with '0'
[26.824s] DEBUG:colcon.colcon_core.event_reactor:joining thread
[26.854s] INFO:colcon.colcon_core.plugin_system:Skipping extension 'colcon_notification.desktop_notification.notify_send': Could not find 'notify-send'
[26.854s] INFO:colcon.colcon_core.plugin_system:Skipping extension 'colcon_notification.desktop_notification.terminal_notifier': Not used on non-Darwin systems
[26.854s] INFO:colcon.colcon_core.plugin_system:Skipping extension 'colcon_notification.desktop_notification.win32': Not used on non-Windows systems
[26.854s] INFO:colcon.colcon_notification.desktop_notification:Sending desktop notification using 'notify2'
[26.862s] DEBUG:colcon.colcon_core.event_reactor:joined thread
[26.879s] INFO:colcon.colcon_core.shell:Creating prefix script '/uolstore/home/users/fy22ayyy/ros2_ws/src/install/local_setup.ps1'
[26.882s] INFO:colcon.colcon_core.shell:Creating prefix util module '/uolstore/home/users/fy22ayyy/ros2_ws/src/install/_local_setup_util_ps1.py'
[26.886s] INFO:colcon.colcon_core.shell:Creating prefix chain script '/uolstore/home/users/fy22ayyy/ros2_ws/src/install/setup.ps1'
[26.906s] INFO:colcon.colcon_core.shell:Creating prefix script '/uolstore/home/users/fy22ayyy/ros2_ws/src/install/local_setup.sh'
[26.909s] INFO:colcon.colcon_core.shell:Creating prefix util module '/uolstore/home/users/fy22ayyy/ros2_ws/src/install/_local_setup_util_sh.py'
[26.912s] INFO:colcon.colcon_core.shell:Creating prefix chain script '/uolstore/home/users/fy22ayyy/ros2_ws/src/install/setup.sh'
[26.933s] INFO:colcon.colcon_core.shell:Creating prefix script '/uolstore/home/users/fy22ayyy/ros2_ws/src/install/local_setup.bash'
[26.936s] INFO:colcon.colcon_core.shell:Creating prefix chain script '/uolstore/home/users/fy22ayyy/ros2_ws/src/install/setup.bash'
[26.956s] INFO:colcon.colcon_core.shell:Creating prefix script '/uolstore/home/users/fy22ayyy/ros2_ws/src/install/local_setup.zsh'
[26.959s] INFO:colcon.colcon_core.shell:Creating prefix chain script '/uolstore/home/users/fy22ayyy/ros2_ws/src/install/setup.zsh'
