[1.178s] Invoking command in '/uolstore/home/users/fy22ayyy/ros2_ws/src/lab3': PS1=[COMP3631] Singularity> \w $ PYTHONPATH=/uolstore/home/users/fy22ayyy/ros2_ws/build/lab3/prefix_override:/uolstore/home/users/fy22ayyy/ros2_ws/install/lab3/lib/python3.10/site-packages: /usr/bin/python3 setup.py egg_info --egg-base ../../build/lab3 build --build-base /uolstore/home/users/fy22ayyy/ros2_ws/build/lab3/build install --record /uolstore/home/users/fy22ayyy/ros2_ws/build/lab3/install.log --single-version-externally-managed
[1.397s] running egg_info
[1.397s] creating ../../build/lab3/lab3.egg-info
[1.399s] writing ../../build/lab3/lab3.egg-info/PKG-INFO
[1.405s] writing dependency_links to ../../build/lab3/lab3.egg-info/dependency_links.txt
[1.407s] writing entry points to ../../build/lab3/lab3.egg-info/entry_points.txt
[1.409s] writing requirements to ../../build/lab3/lab3.egg-info/requires.txt
[1.410s] writing top-level names to ../../build/lab3/lab3.egg-info/top_level.txt
[1.413s] writing manifest file '../../build/lab3/lab3.egg-info/SOURCES.txt'
[1.420s] reading manifest file '../../build/lab3/lab3.egg-info/SOURCES.txt'
[1.423s] writing manifest file '../../build/lab3/lab3.egg-info/SOURCES.txt'
[1.425s] running build
[1.425s] running build_py
[1.426s] creating /uolstore/home/users/fy22ayyy/ros2_ws/build/lab3/build
[1.427s] creating /uolstore/home/users/fy22ayyy/ros2_ws/build/lab3/build/lib
[1.429s] creating /uolstore/home/users/fy22ayyy/ros2_ws/build/lab3/build/lib/lab3
[1.432s] copying lab3/__init__.py -> /uolstore/home/users/fy22ayyy/ros2_ws/build/lab3/build/lib/lab3
[1.436s] copying lab3/firstwalk.py -> /uolstore/home/users/fy22ayyy/ros2_ws/build/lab3/build/lib/lab3
[1.442s] running install
[1.442s] running install_lib
[1.446s] creating /uolstore/home/users/fy22ayyy/ros2_ws/install/lab3/lib/python3.10/site-packages/lab3
[1.448s] copying /uolstore/home/users/fy22ayyy/ros2_ws/build/lab3/build/lib/lab3/__init__.py -> /uolstore/home/users/fy22ayyy/ros2_ws/install/lab3/lib/python3.10/site-packages/lab3
[1.453s] copying /uolstore/home/users/fy22ayyy/ros2_ws/build/lab3/build/lib/lab3/firstwalk.py -> /uolstore/home/users/fy22ayyy/ros2_ws/install/lab3/lib/python3.10/site-packages/lab3
[1.460s] byte-compiling /uolstore/home/users/fy22ayyy/ros2_ws/install/lab3/lib/python3.10/site-packages/lab3/__init__.py to __init__.cpython-310.pyc
[1.467s] byte-compiling /uolstore/home/users/fy22ayyy/ros2_ws/install/lab3/lib/python3.10/site-packages/lab3/firstwalk.py to firstwalk.cpython-310.pyc
[1.472s] running install_data
[1.473s] creating /uolstore/home/users/fy22ayyy/ros2_ws/install/lab3/share/ament_index
[1.474s] creating /uolstore/home/users/fy22ayyy/ros2_ws/install/lab3/share/ament_index/resource_index
[1.476s] creating /uolstore/home/users/fy22ayyy/ros2_ws/install/lab3/share/ament_index/resource_index/packages
[1.479s] copying resource/lab3 -> /uolstore/home/users/fy22ayyy/ros2_ws/install/lab3/share/ament_index/resource_index/packages
[1.485s] copying package.xml -> /uolstore/home/users/fy22ayyy/ros2_ws/install/lab3/share/lab3
[1.489s] running install_egg_info
[1.492s] Copying ../../build/lab3/lab3.egg-info to /uolstore/home/users/fy22ayyy/ros2_ws/install/lab3/lib/python3.10/site-packages/lab3-0.0.0-py3.10.egg-info
[1.552s] running install_scripts
[1.570s] Installing firstwalk script to /uolstore/home/users/fy22ayyy/ros2_ws/install/lab3/lib/lab3
[1.575s] writing list of installed files to '/uolstore/home/users/fy22ayyy/ros2_ws/build/lab3/install.log'
[1.742s] Invoked command in '/uolstore/home/users/fy22ayyy/ros2_ws/src/lab3' returned '0': PS1=[COMP3631] Singularity> \w $ PYTHONPATH=/uolstore/home/users/fy22ayyy/ros2_ws/build/lab3/prefix_override:/uolstore/home/users/fy22ayyy/ros2_ws/install/lab3/lib/python3.10/site-packages: /usr/bin/python3 setup.py egg_info --egg-base ../../build/lab3 build --build-base /uolstore/home/users/fy22ayyy/ros2_ws/build/lab3/build install --record /uolstore/home/users/fy22ayyy/ros2_ws/build/lab3/install.log --single-version-externally-managed
