[2.463s] Invoking command in '/uolstore/home/users/fy22ayyy/ros2_ws/src/lab3': PS1=[COMP3631] Singularity> \w $ PYTHONPATH=/uolstore/home/users/fy22ayyy/ros2_ws/build/lab3/prefix_override:/uolstore/home/users/fy22ayyy/ros2_ws/install/lab3/lib/python3.10/site-packages:${PYTHONPATH} /usr/bin/python3 setup.py egg_info --egg-base ../../build/lab3 build --build-base /uolstore/home/users/fy22ayyy/ros2_ws/build/lab3/build install --record /uolstore/home/users/fy22ayyy/ros2_ws/build/lab3/install.log --single-version-externally-managed
[2.944s] running egg_info
[2.945s] writing ../../build/lab3/lab3.egg-info/PKG-INFO
[2.949s] writing dependency_links to ../../build/lab3/lab3.egg-info/dependency_links.txt
[2.955s] writing entry points to ../../build/lab3/lab3.egg-info/entry_points.txt
[2.957s] writing requirements to ../../build/lab3/lab3.egg-info/requires.txt
[2.960s] writing top-level names to ../../build/lab3/lab3.egg-info/top_level.txt
[2.973s] reading manifest file '../../build/lab3/lab3.egg-info/SOURCES.txt'
[2.976s] writing manifest file '../../build/lab3/lab3.egg-info/SOURCES.txt'
[2.978s] running build
[2.978s] running build_py
[2.980s] copying lab3/exercise1.py -> /uolstore/home/users/fy22ayyy/ros2_ws/build/lab3/build/lib/lab3
[2.987s] running install
[2.988s] running install_lib
[2.992s] copying /uolstore/home/users/fy22ayyy/ros2_ws/build/lab3/build/lib/lab3/exercise1.py -> /uolstore/home/users/fy22ayyy/ros2_ws/install/lab3/lib/python3.10/site-packages/lab3
[3.000s] byte-compiling /uolstore/home/users/fy22ayyy/ros2_ws/install/lab3/lib/python3.10/site-packages/lab3/exercise1.py to exercise1.cpython-310.pyc
[3.008s] running install_data
[3.009s] running install_egg_info
[3.011s] removing '/uolstore/home/users/fy22ayyy/ros2_ws/install/lab3/lib/python3.10/site-packages/lab3-0.0.0-py3.10.egg-info' (and everything under it)
[3.023s] Copying ../../build/lab3/lab3.egg-info to /uolstore/home/users/fy22ayyy/ros2_ws/install/lab3/lib/python3.10/site-packages/lab3-0.0.0-py3.10.egg-info
[3.075s] running install_scripts
[3.107s] Installing exercise1 script to /uolstore/home/users/fy22ayyy/ros2_ws/install/lab3/lib/lab3
[3.111s] Installing firstwalk script to /uolstore/home/users/fy22ayyy/ros2_ws/install/lab3/lib/lab3
[3.153s] writing list of installed files to '/uolstore/home/users/fy22ayyy/ros2_ws/build/lab3/install.log'
[3.498s] Invoked command in '/uolstore/home/users/fy22ayyy/ros2_ws/src/lab3' returned '0': PS1=[COMP3631] Singularity> \w $ PYTHONPATH=/uolstore/home/users/fy22ayyy/ros2_ws/build/lab3/prefix_override:/uolstore/home/users/fy22ayyy/ros2_ws/install/lab3/lib/python3.10/site-packages:${PYTHONPATH} /usr/bin/python3 setup.py egg_info --egg-base ../../build/lab3 build --build-base /uolstore/home/users/fy22ayyy/ros2_ws/build/lab3/build install --record /uolstore/home/users/fy22ayyy/ros2_ws/build/lab3/install.log --single-version-externally-managed
