running egg_info
creating ../../build/lab4/lab4.egg-info
writing ../../build/lab4/lab4.egg-info/PKG-INFO
writing dependency_links to ../../build/lab4/lab4.egg-info/dependency_links.txt
writing entry points to ../../build/lab4/lab4.egg-info/entry_points.txt
writing requirements to ../../build/lab4/lab4.egg-info/requires.txt
writing top-level names to ../../build/lab4/lab4.egg-info/top_level.txt
writing manifest file '../../build/lab4/lab4.egg-info/SOURCES.txt'
reading manifest file '../../build/lab4/lab4.egg-info/SOURCES.txt'
writing manifest file '../../build/lab4/lab4.egg-info/SOURCES.txt'
running build
running build_py
creating /uolstore/home/users/fy22ayyy/ros2_ws/build/lab4/build
creating /uolstore/home/users/fy22ayyy/ros2_ws/build/lab4/build/lib
creating /uolstore/home/users/fy22ayyy/ros2_ws/build/lab4/build/lib/lab4
copying lab4/__init__.py -> /uolstore/home/users/fy22ayyy/ros2_ws/build/lab4/build/lib/lab4
copying lab4/go_to_specific_point_on_map.py -> /uolstore/home/users/fy22ayyy/ros2_ws/build/lab4/build/lib/lab4
running install
running install_lib
creating /uolstore/home/users/fy22ayyy/ros2_ws/install/lab4/lib/python3.10/site-packages/lab4
copying /uolstore/home/users/fy22ayyy/ros2_ws/build/lab4/build/lib/lab4/__init__.py -> /uolstore/home/users/fy22ayyy/ros2_ws/install/lab4/lib/python3.10/site-packages/lab4
copying /uolstore/home/users/fy22ayyy/ros2_ws/build/lab4/build/lib/lab4/go_to_specific_point_on_map.py -> /uolstore/home/users/fy22ayyy/ros2_ws/install/lab4/lib/python3.10/site-packages/lab4
byte-compiling /uolstore/home/users/fy22ayyy/ros2_ws/install/lab4/lib/python3.10/site-packages/lab4/__init__.py to __init__.cpython-310.pyc
byte-compiling /uolstore/home/users/fy22ayyy/ros2_ws/install/lab4/lib/python3.10/site-packages/lab4/go_to_specific_point_on_map.py to go_to_specific_point_on_map.cpython-310.pyc
running install_data
creating /uolstore/home/users/fy22ayyy/ros2_ws/install/lab4/share/ament_index
creating /uolstore/home/users/fy22ayyy/ros2_ws/install/lab4/share/ament_index/resource_index
creating /uolstore/home/users/fy22ayyy/ros2_ws/install/lab4/share/ament_index/resource_index/packages
copying resource/lab4 -> /uolstore/home/users/fy22ayyy/ros2_ws/install/lab4/share/ament_index/resource_index/packages
copying package.xml -> /uolstore/home/users/fy22ayyy/ros2_ws/install/lab4/share/lab4
running install_egg_info
Copying ../../build/lab4/lab4.egg-info to /uolstore/home/users/fy22ayyy/ros2_ws/install/lab4/lib/python3.10/site-packages/lab4-0.0.0-py3.10.egg-info
running install_scripts
Installing go_to_pose script to /uolstore/home/users/fy22ayyy/ros2_ws/install/lab4/lib/lab4
writing list of installed files to '/uolstore/home/users/fy22ayyy/ros2_ws/build/lab4/install.log'
