[0.056s] Invoking command in '/uolstore/home/users/fy22ayyy/ros2_ws/build/turtlebot3_simulations': AMENT_PREFIX_PATH=/uolstore/home/users/fy22ayyy/ros2_ws/install/turtlebot3_gazebo:/uolstore/home/users/fy22ayyy/ros2_ws/install/turtlebot3_fake_node CMAKE_PREFIX_PATH=/uolstore/home/users/fy22ayyy/ros2_ws/install/turtlebot3_gazebo:/uolstore/home/users/fy22ayyy/ros2_ws/install/turtlebot3_fake_node PS1=[COMP3631] Singularity> \w $ /usr/bin/cmake --build /uolstore/home/users/fy22ayyy/ros2_ws/build/turtlebot3_simulations -- -j16 -l16
[0.113s] Invoked command in '/uolstore/home/users/fy22ayyy/ros2_ws/build/turtlebot3_simulations' returned '0': AMENT_PREFIX_PATH=/uolstore/home/users/fy22ayyy/ros2_ws/install/turtlebot3_gazebo:/uolstore/home/users/fy22ayyy/ros2_ws/install/turtlebot3_fake_node CMAKE_PREFIX_PATH=/uolstore/home/users/fy22ayyy/ros2_ws/install/turtlebot3_gazebo:/uolstore/home/users/fy22ayyy/ros2_ws/install/turtlebot3_fake_node PS1=[COMP3631] Singularity> \w $ /usr/bin/cmake --build /uolstore/home/users/fy22ayyy/ros2_ws/build/turtlebot3_simulations -- -j16 -l16
[0.138s] Invoking command in '/uolstore/home/users/fy22ayyy/ros2_ws/build/turtlebot3_simulations': AMENT_PREFIX_PATH=/uolstore/home/users/fy22ayyy/ros2_ws/install/turtlebot3_gazebo:/uolstore/home/users/fy22ayyy/ros2_ws/install/turtlebot3_fake_node CMAKE_PREFIX_PATH=/uolstore/home/users/fy22ayyy/ros2_ws/install/turtlebot3_gazebo:/uolstore/home/users/fy22ayyy/ros2_ws/install/turtlebot3_fake_node PS1=[COMP3631] Singularity> \w $ /usr/bin/cmake --install /uolstore/home/users/fy22ayyy/ros2_ws/build/turtlebot3_simulations
[0.147s] -- Install configuration: ""
[0.147s] -- Up-to-date: /uolstore/home/users/fy22ayyy/ros2_ws/install/turtlebot3_simulations/share/ament_index/resource_index/package_run_dependencies/turtlebot3_simulations
[0.148s] -- Up-to-date: /uolstore/home/users/fy22ayyy/ros2_ws/install/turtlebot3_simulations/share/ament_index/resource_index/parent_prefix_path/turtlebot3_simulations
[0.149s] -- Up-to-date: /uolstore/home/users/fy22ayyy/ros2_ws/install/turtlebot3_simulations/share/turtlebot3_simulations/environment/ament_prefix_path.sh
[0.151s] -- Up-to-date: /uolstore/home/users/fy22ayyy/ros2_ws/install/turtlebot3_simulations/share/turtlebot3_simulations/environment/ament_prefix_path.dsv
[0.152s] -- Up-to-date: /uolstore/home/users/fy22ayyy/ros2_ws/install/turtlebot3_simulations/share/turtlebot3_simulations/environment/path.sh
[0.154s] -- Up-to-date: /uolstore/home/users/fy22ayyy/ros2_ws/install/turtlebot3_simulations/share/turtlebot3_simulations/environment/path.dsv
[0.155s] -- Up-to-date: /uolstore/home/users/fy22ayyy/ros2_ws/install/turtlebot3_simulations/share/turtlebot3_simulations/local_setup.bash
[0.157s] -- Up-to-date: /uolstore/home/users/fy22ayyy/ros2_ws/install/turtlebot3_simulations/share/turtlebot3_simulations/local_setup.sh
[0.158s] -- Up-to-date: /uolstore/home/users/fy22ayyy/ros2_ws/install/turtlebot3_simulations/share/turtlebot3_simulations/local_setup.zsh
[0.159s] -- Up-to-date: /uolstore/home/users/fy22ayyy/ros2_ws/install/turtlebot3_simulations/share/turtlebot3_simulations/local_setup.dsv
[0.161s] -- Installing: /uolstore/home/users/fy22ayyy/ros2_ws/install/turtlebot3_simulations/share/turtlebot3_simulations/package.dsv
[0.173s] -- Up-to-date: /uolstore/home/users/fy22ayyy/ros2_ws/install/turtlebot3_simulations/share/ament_index/resource_index/packages/turtlebot3_simulations
[0.174s] -- Up-to-date: /uolstore/home/users/fy22ayyy/ros2_ws/install/turtlebot3_simulations/share/turtlebot3_simulations/cmake/turtlebot3_simulationsConfig.cmake
[0.175s] -- Up-to-date: /uolstore/home/users/fy22ayyy/ros2_ws/install/turtlebot3_simulations/share/turtlebot3_simulations/cmake/turtlebot3_simulationsConfig-version.cmake
[0.176s] -- Up-to-date: /uolstore/home/users/fy22ayyy/ros2_ws/install/turtlebot3_simulations/share/turtlebot3_simulations/package.xml
[0.181s] Invoked command in '/uolstore/home/users/fy22ayyy/ros2_ws/build/turtlebot3_simulations' returned '0': AMENT_PREFIX_PATH=/uolstore/home/users/fy22ayyy/ros2_ws/install/turtlebot3_gazebo:/uolstore/home/users/fy22ayyy/ros2_ws/install/turtlebot3_fake_node CMAKE_PREFIX_PATH=/uolstore/home/users/fy22ayyy/ros2_ws/install/turtlebot3_gazebo:/uolstore/home/users/fy22ayyy/ros2_ws/install/turtlebot3_fake_node PS1=[COMP3631] Singularity> \w $ /usr/bin/cmake --install /uolstore/home/users/fy22ayyy/ros2_ws/build/turtlebot3_simulations
